
  ___  ____  ____  ____  ____ ®
 /__    /   ____/   /   ____/      17.0
___/   /   /___/   /   /___/       MP—Parallel Edition

 Statistics and Data Science       Copyright 1985-2021 StataCorp LLC
                                   StataCorp
                                   4905 Lakeway Drive
                                   College Station, Texas 77845 USA
                                   800-STATA-PC        https://www.stata.com
                                   979-696-4600        stata@stata.com

Stata license: Unlimited-user 4-core network, expiring 17 Nov 2024
Serial number: 501809301897
  Licensed to: Harvard Business School
               Research Computing

Notes:
      1. Stata is running in batch mode.
      2. Unicode is supported; see help unicode_advice.
      3. More than 2 billion observations are allowed; see help obs_advice.
      4. Maximum number of variables is set to 120,000; see help set_maxvar.

. do "/export/home/dor/cxu/innovation_projs/derived/science_geo/openalex/append
> _all_pprs/code/build.do" 

. set more off

. clear all

. capture log close

. program drop _all

. set scheme modern

. pause on

. set seed 8975

. set maxvar 120000


. global temp "/export/scratch/cxu_sci_geo/append_all_pprs"

. global output "/export/scratch/cxu_sci_geo/append_all_pprs/output"

. 
. program main
  1.     append
  2. end

. 
. program append
  1.         forval i = 1/10966 {
  2.             di "`i'"
  3.             qui {
  4.                 import delimited ../external/pprs/openalex_authors`i', str
> ingcols(_all) clear varn(1) bindquotes(strict) maxquotedrows(unlimited)
  5.                 fmerge m:1 athr_id using ../external/athrs/list_of_athrs, 
> assert(1 2 3) keep(3) nogen
  6.                 gen dissertation_tag = pub_type == "dissertation" | pub_ty
> pe_crossref == "dissertation"
  7.                 if _N > 0 {
  8.                     gen date = date(pub_date, "YMD")
  9.                     format date %td
 10.                     gen year = yofd(date)
 11.                     gcontract athr_id  id lwr_title year inst_id pub_date 
> dissertation_tag
 12.                     drop _freq
 13.                     save ${temp}/ppr`i', replace
 14.                 }
 15.             }
 16.         }
 17.     stop 
 18.     clear
 19.     forval i = 1/10966 {
 20.         di "`i'"
 21.         cap append using ${temp}/ppr`i'
 22.     }
 23.     drop if athr_id == "A9999999999"
 24.     gduplicates tag athr_id, gen(dup)
 25.     bys athr_id: egen has_dissertation = max(dissertation_tag)
 26.     drop if dup > 0 & has_dissertation == 1 & dissertation_tag == 0
 27.     drop dup
 28.     gduplicates tag athr_id, gen(dup)
 29.     hashsort athr_id year -inst_id
 30.     gduplicates drop athr_id  , force
 31.     rename (inst_id year) (phd_inst_id phd_year)
 32.     gisid athr_id
 33.     drop dup
 34.     save ${output}/appended_pprs, replace
 35. end

. 
. main
1
