--------------------------------------------------------------------------------
Makelog started: 2025-08-12 13:24:46
Working directory: /export/projects4/achandra_basicscience/analysis/science_geo/inst_fes/code
--------------------------------------------------------------------------------
External links successfully created!

  ___  ____  ____  ____  ____ ®
 /__    /   ____/   /   ____/      18.0
___/   /   /___/   /   /___/       MP—Parallel Edition

 Statistics and Data Science       Copyright 1985-2023 StataCorp LLC
                                   StataCorp
                                   4905 Lakeway Drive
                                   College Station, Texas 77845 USA
                                   800-STATA-PC        https://www.stata.com
                                   979-696-4600        stata@stata.com

Stata license: Unlimited-user 4-core network, expiring 17 Nov 2025
Serial number: 501809301897
  Licensed to: Harvard Business School
               Research Computing

Notes:
      1. Stata is running in batch mode.
      2. Unicode is supported; see help unicode_advice.
      3. More than 2 billion observations are allowed; see help obs_advice.
      4. Maximum number of variables is set to 5,000 but can be increased;
          see help set_maxvar.

. do "/export/projects4/achandra_basicscience/analysis/science_geo/inst_fes/cod
> e/analysis.do" 

. set more off

. clear all

. capture log close

. program drop _all

. set scheme modern

. graph set window fontface "Arial Narrow"
not available in non-GUI version

. pause on

. set seed 8975

. global y_name "Productivity"

. global pat_adj_wt_name "Patent-to-Paper Citations"

. global ln_patent_name "Log Patent-to-Paper Citations"

. global ln_y_name "Log Productivity"

. global x_name "Cluster Size"

. global ln_x_name "Log Cluster Size"

. global time year 

. program main
  1.     use ../external/samp/athr_panel_full_comb_year_second, clear
  2.     contract inst inst_id 
  3.     drop _freq
  4.     save ../temp/inst_xw, replace
  5.     get_inst_fes
  6. end

. 
. program get_inst_fes
  1.     foreach y in impact_cite_affl_wt impact_affl_wt {
  2.         di "`y'"
  3.         use ../external/movers/mover_temp_year_second, clear
  4.         merge m:1 athr_id using ../external/movers/mover_xw_year_second, k
> eep(1 3) nogen
  5.         cap mat drop _all
  6.         gen ln_y = ln(`y')
  7.         bys inst_id athr_id: gen athr_tag = _n == 1 & analysis_cond == 1
  8.         bys inst_id: egen num_athrs = total(athr_tag)
  9.         bys inst_id athr_id : gen athr_cnter = _n == 1
 10.         bys inst_id  : egen athr_cnt= total(athr_cnter)
 11.         bys inst_id: egen tot_movers = total(athr_cnter &  mover == 1)
 12.         *keep if num_athrs >= 25
.         drop if athr_cnt <100 & tot_movers < 10 
 13.         bys inst_id:  gen first_inst = _n ==1
 14.         hashsort num_athrs inst_id
 15.         gegen inst_rank = group(inst_id)
 16.         replace inst_rank = inst_rank + 1 
 17.         replace inst_rank = 1 if inst_id == "I100538780" 
 18.         // weslyn university
.         preserve
 19.         gcontract inst_rank inst_id
 20.         drop _freq
 21.         save ../temp/rank_xw_`y', replace
 22.         restore
 23.         glevelsof inst_rank, local(insts)
 24.         di "running reg"
 25.         reghdfe ln_y i.inst_rank, absorb(athr_fes = athr_id year_fes = yea
> r) residual vce(cluster inst_rank)
 26.         foreach i in `insts' {
 27.             mat inst_fes = nullmat(inst_fes) \ (`i',_b[`i'.inst_rank] , _s
> e[`i'.inst_rank])
 28.         }
 29.         svmat inst_fes
 30.         keep inst_fes*
 31.         drop if mi(inst_fes1)
 32.         rename (inst_fes1 inst_fes2 inst_fes3) (inst_rank b se)
 33.         gen lb = b -1.96*se
 34.         gen ub = b +1.96*se
 35.         drop if se == 0
 36.         merge 1:1 inst_rank using ../temp/rank_xw_`y', keep(3) assert(2 3)
>  nogen
 37.         merge 1:1 inst_id using ../temp/inst_xw, keep(3) assert(2 3) nogen
 38.         hashsort -b
 39.         gen new_rank = _n
 40.         gen inst_lab = ""
 41.         replace inst_lab = inst if new_rank ==1 | inlist(inst, "Stanford U
> niversity", "Harvard University", "Scripps Research Institute")
 42.         save ../output/reg_fes_`y', replace
 43.     *    keep if b >=0 
.         gen zero = 0
 44.         keep if new_rank <=50
 45.         tw bar b new_rank if mi(inst_lab) , color(gs10%60) || bar b new_ra
> nk if new_rank == 1, color(ebblue%70) || bar b new_rank if inst == "Stanford 
> University", color(dkorange%70) || bar b new_rank if inst == "Scripps Researc
> h Institute", color(dkgreen%50) || bar b new_rank if inst == "Harvard Univers
> ity" , color(lavender) || rcap lb ub new_rank, msize(vsmall) lcolor(gs8%70) l
> width(thin) legend(order(2 "Gladstone Institutes" 3 "Stanford University" 4  
> "Scripps Research Institute" 5 "Harvard University") pos(1) ring(0) size(vsma
> ll)) xsca(noline)  xlabel(, nolabels) xtitle("") ytitle("Institution Fixed Ef
> fects", size(small)) ylab(, labsize(small)) note("Median institution based on
>  number of movers is omitted (Merck). Plot only shows top 50 insitutions.", s
> ize(vsmall))
 46.         graph export ../output/figures/inst_fes_`y'.pdf, replace
 47.     }
 48.     clear
 49.     use ../temp/reg_fes_impact_cite_affl_wt , clear
 50.     gen cat = "og"
 51.     append using ../temp/reg_fes_impact_affl_wt
 52.     replace cat = "new" if mi(cat)
 53.     keep new_rank inst_id inst b  cat
 54.     greshape wide new_rank inst b, i(inst_id) j(cat) string
 55.     tw scatter  new_rankog new_ranknew
 56.     graph export ../output/figures/corr_rank.pdf, replace
 57.     tw scatter bog bnew 
 58.     graph export ../output/figures/corr_fes.pdf, replace
 59. end

. ** 
. main
(file ../temp/inst_xw.dta not found)
file ../temp/inst_xw.dta saved
impact_cite_affl_wt

    Result                      Number of obs
    -----------------------------------------
    Not matched                       425,521
        from master                   425,521  
        from using                          0  

    Matched                           106,490  
    -----------------------------------------
(27,766 observations deleted)
(504,245 real changes made)
(168 real changes made)
(file ../temp/rank_xw_impact_cite_affl_wt.dta not found)
file ../temp/rank_xw_impact_cite_affl_wt.dta saved
1 2 3 5 6 7 8 9 10 11 12 13 14 15 16 17 18 19 20 21 22 23 24 25 26 27 28 29 30 
> 31 32 33 34 35 36 37 38 39 40 41 42 43 44 45 46 47 48 49 50 51 52 53 54 55 56
>  57 58 59 60 61 62 63 64 65 66 67 68 69 70 71 72 73 74 75 76 77 78 79 80 81 8
> 2 83 84 85 86 87 88 89 90 91 92 93 94 95 96 97 98 99 100 101 102 103 104 105 
> 106 107 108 109 110 111 112 113 114 115 116 117 118 119 120 121 122 123 124 1
> 25 126 127 128 129 130 131 132 133 134 135 136 137 138 139 140 141 142 143 14
> 4 145 146 147 148 149 150 151 152 153 154 155 156 157 158 159 160 161 162 163
>  164 165 166 167 168 169 170 171 172 173 174 175 176 177 178 179 180 181 182 
> 183 184 185 186 187 188 189 190 191 192 193 194 195 196 197 198 199 200 201 2
> 02 203 204 205 206 207 208 209 210 211 212 213 214 215 216 217 218 219 220 22
> 1 222 223 224 225 226 227 228 229 230 231 232 233 234 235 236 237 238 239 240
>  241 242 243 244 245 246 247 248 249 250 251 252 253 254 255 256 257 258 259 
> 260 261 262 263 264 265 266 267 268 269 270 271 272 273 274 275 276 277 278 2
> 79 280 281 282 283 284 285 286 287 288 289 290 291 292 293 294 295 296 297 29
> 8 299 300 301 302 303 304 305 306 307 308 309 310 311 312 313 314 315 316 317
>  318 319 320 321 322 323 324 325 326 327 328 329 330 331 332 333 334 335 336 
> 337 338 339 340 341 342 343 344 345 346 347 348 349 350 351 352 353 354 355 3
> 56 357 358 359 360 361 362 363 364 365 366 367 368 369 370 371 372 373 374 37
> 5 376 377 378 379 380 381 382 383 384 385 386 387 388 389 390 391 392 393 394
>  395 396 397 398 399 400 401 402 403 404 405 406 407 408 409 410 411 412 413 
> 414 415 416 417 418 419 420 421 422 423 424 425 426 427 428 429 430 431 432 4
> 33 434 435 436 437 438 439 440 441 442 443 444 445 446 447 448 449 450 451 45
> 2 453 454 455 456 457 458 459 460 461 462 463 464 465 466 467 468 469 470 471
>  472 473 474 475 476 477 478 479 480 481 482 483 484 485 486 487 488 489 490 
> 491 492 493 494 495 496 497 498 499 500 501 502 503 504 505 506 507
running reg
(dropped 185121 singleton observations)
(MWFE estimator converged in 14 iterations)

HDFE Linear regression                            Number of obs   =    319,124
Absorbing 2 HDFE groups                           F( 505,    505) =   46471.40
Statistics robust to heteroskedasticity           Prob > F        =     0.0000
                                                  R-squared       =     0.6288
                                                  Adj R-squared   =     0.4755
                                                  Within R-sq.    =     0.0127
Number of clusters (inst_rank) =        506       Root MSE        =     1.7167

                            (Std. err. adjusted for 506 clusters in inst_rank)
------------------------------------------------------------------------------
             |               Robust
        ln_y | Coefficient  std. err.      t    P>|t|     [95% conf. interval]
-------------+----------------------------------------------------------------
   inst_rank |
          2  |   1.079121   .4066927     2.65   0.008     .2801029    1.878139
          3  |   .9426672    .475972     1.98   0.048     .0075381    1.877796
          5  |  -.0445383   .4232606    -0.11   0.916    -.8761068    .7870303
          6  |   1.854245   .3778345     4.91   0.000     1.111924    2.596567
          7  |   1.268248   .3169993     4.00   0.000     .6454481    1.891048
          8  |   1.814896   .4346579     4.18   0.000     .9609351    2.668856
          9  |   1.254959   .5009319     2.51   0.013     .2707922    2.239127
         10  |   2.313008   .4733197     4.89   0.000      1.38309    3.242926
         11  |   .7965278   .4627556     1.72   0.086    -.1126355    1.705691
         12  |   .9646727   .3636389     2.65   0.008     .2502413    1.679104
         13  |   1.678982   .4104919     4.09   0.000     .8724995    2.485464
         14  |   1.172098   .4044324     2.90   0.004     .3775203    1.966675
         15  |   1.254527   .3493764     3.59   0.000     .5681164    1.940937
         16  |   2.191064   .4174229     5.25   0.000     1.370964    3.011163
         17  |   1.551968   .3630217     4.28   0.000     .8387488    2.265187
         18  |   2.032464   .4187894     4.85   0.000      1.20968    2.855248
         19  |   .7547597   .5481783     1.38   0.169    -.3222312    1.831751
         20  |    1.37122   .3443949     3.98   0.000      .694597    2.047843
         21  |   3.053593   .4350074     7.02   0.000     2.198946     3.90824
         22  |   2.314167   .5697549     4.06   0.000     1.194786    3.433549
         23  |  -.3039467     .47189    -0.64   0.520    -1.231056    .6231626
         24  |  -.0677277   .4882476    -0.14   0.890    -1.026974    .8915189
         25  |   1.263963   .4703657     2.69   0.007     .3398481    2.188077
         26  |   1.574102   .3250856     4.84   0.000     .9354152    2.212789
         27  |    1.42144   .3516006     4.04   0.000     .7306599     2.11222
         28  |   .8279481   .4945721     1.67   0.095    -.1437242     1.79962
         29  |   1.804346   .3252829     5.55   0.000     1.165272    2.443421
         30  |   1.744471   .3159883     5.52   0.000     1.123657    2.365284
         31  |   2.275147    .464224     4.90   0.000     1.363099    3.187195
         32  |   1.025356   .3394349     3.02   0.003     .3584778    1.692235
         33  |   1.351111   .3406074     3.97   0.000     .6819284    2.020293
         34  |   .7766389   .4430536     1.75   0.080    -.0938164    1.647094
         35  |   1.658461   .3199027     5.18   0.000     1.029957    2.286965
         36  |   1.480343   .3784936     3.91   0.000     .7367272    2.223959
         37  |   1.136002    .363451     3.13   0.002     .4219398    1.850064
         38  |    2.35112   .5283202     4.45   0.000     1.313144    3.389096
         39  |   1.029639   .4292511     2.40   0.017     .1863015    1.872977
         40  |   1.089252   .3376378     3.23   0.001     .4259045      1.7526
         41  |   .7908477   .4179885     1.89   0.059    -.0303629    1.612058
         42  |   1.618701   .3339934     4.85   0.000     .9625133    2.274889
         43  |   1.278465   .3905328     3.27   0.001     .5111955    2.045734
         44  |   2.359307   .3260462     7.24   0.000     1.718733    2.999881
         45  |   1.584176   .3794533     4.17   0.000     .8386745    2.329678
         46  |   .8024315   .3794878     2.11   0.035     .0568622    1.548001
         47  |   2.374406   .3127421     7.59   0.000      1.75997    2.988842
         48  |   .8593822   .3708998     2.32   0.021     .1306855    1.588079
         49  |   1.614316   .4794539     3.37   0.001     .6723459    2.556286
         50  |   1.193539   .4349748     2.74   0.006     .3389558    2.048122
         51  |   .1729322   .4775467     0.36   0.717    -.7652907    1.111155
         52  |   .4594232   .3688051     1.25   0.213     -.265158    1.184004
         53  |   1.576094   .3201637     4.92   0.000      .947077    2.205111
         54  |   1.476718     .40557     3.64   0.000     .6799057     2.27353
         55  |   1.584808    .323455     4.90   0.000     .9493246    2.220291
         56  |   1.767368   .8354327     2.12   0.035     .1260166     3.40872
         57  |    2.55549   .7103594     3.60   0.000     1.159866    3.951113
         58  |   1.301463   .3850606     3.38   0.001     .5449452    2.057981
         59  |   2.183536   .4201383     5.20   0.000     1.358101     3.00897
         60  |   2.195285   .3901041     5.63   0.000     1.428859    2.961712
         61  |   2.279115   .6393963     3.56   0.000     1.022911    3.535319
         62  |   2.451541   .3257865     7.52   0.000     1.811477    3.091605
         63  |   1.458431   .6553218     2.23   0.026     .1709379    2.745924
         64  |     2.0568   .6425862     3.20   0.001     .7943281    3.319271
         65  |   1.492279   .3361488     4.44   0.000     .8318565    2.152701
         66  |   1.710066   .3384591     5.05   0.000     1.045105    2.375028
         67  |   1.426145   .4185068     3.41   0.001     .6039166    2.248374
         68  |   1.407018   .3732298     3.77   0.000     .6737436    2.140293
         69  |   .7955689   .5494003     1.45   0.148    -.2838228    1.874961
         70  |   1.717887   .4907228     3.50   0.001     .7537776    2.681997
         71  |    1.71423   .6506665     2.63   0.009     .4358833    2.992577
         72  |   2.549832   .3347268     7.62   0.000     1.892204    3.207461
         73  |   .7301662   .4845335     1.51   0.132    -.2217834    1.682116
         74  |   1.623337   .3457387     4.70   0.000     .9440733      2.3026
         75  |   1.709982   .3059231     5.59   0.000     1.108943    2.311021
         76  |   1.220784   .3014977     4.05   0.000     .6284393    1.813128
         77  |   1.268682   .4783845     2.65   0.008     .3288126    2.208551
         78  |   1.728435   .3512892     4.92   0.000     1.038267    2.418604
         79  |   1.753447   .3639528     4.82   0.000     1.038399    2.468496
         80  |   1.511081   .3514082     4.30   0.000     .8206787    2.201483
         81  |   3.284841   .4699808     6.99   0.000     2.361483      4.2082
         82  |   2.794559   .4612488     6.06   0.000     1.888356    3.700762
         83  |    1.61683    .427611     3.78   0.000     .7767143    2.456945
         84  |   1.399392   .7454022     1.88   0.061     -.065079    2.863864
         85  |   1.843015    .494477     3.73   0.000     .8715296      2.8145
         86  |   1.907761   .3715712     5.13   0.000     1.177745    2.637777
         87  |   2.061556   .6408545     3.22   0.001     .8024872    3.320626
         88  |   1.466961   .4169003     3.52   0.000     .6478882    2.286034
         89  |   1.433303   .3762099     3.81   0.000     .6941739    2.172432
         90  |   1.586908   .4597385     3.45   0.001     .6836727    2.490144
         91  |   1.882159   .3238002     5.81   0.000     1.245998    2.518321
         92  |   1.798487   .3364922     5.34   0.000      1.13739    2.459584
         93  |   1.492479   .3805958     3.92   0.000      .744733    2.240225
         94  |   2.001002   .5926946     3.38   0.001     .8365513    3.165453
         95  |   1.301948    .448244     2.90   0.004     .4212955    2.182601
         96  |   1.569842   .3202944     4.90   0.000     .9405689    2.199116
         97  |   2.156416   .4427959     4.87   0.000     1.286468    3.026365
         98  |   1.351522   .5550483     2.43   0.015     .2610342     2.44201
         99  |   .8241244   .3733084     2.21   0.028     .0906957    1.557553
        100  |   2.946721    .353296     8.34   0.000      2.25261    3.640832
        101  |   1.502886   .3239406     4.64   0.000     .8664484    2.139323
        102  |   2.059159   .4136815     4.98   0.000     1.246411    2.871908
        103  |   1.761619   .3429352     5.14   0.000     1.087864    2.435375
        104  |   1.358889   .3663373     3.71   0.000     .6391565    2.078622
        105  |    2.49104   .3774815     6.60   0.000     1.749413    3.232668
        106  |   2.311605   .3415278     6.77   0.000     1.640615    2.982596
        107  |   1.990175   .3838276     5.19   0.000      1.23608    2.744271
        108  |   1.655306   .3547117     4.67   0.000      .958414    2.352199
        109  |   1.411383   .3576344     3.95   0.000     .7087483    2.114017
        110  |   1.747285   .4102661     4.26   0.000     .9412465    2.553324
        111  |   2.581794   .3305226     7.81   0.000     1.932425    3.231162
        112  |   2.406506   .3917406     6.14   0.000     1.636863    3.176148
        113  |   .4877615   .5039168     0.97   0.334    -.5022699    1.477793
        114  |    2.31016   .3453704     6.69   0.000      1.63162      2.9887
        115  |   1.577092   .3254447     4.85   0.000     .9377001    2.216485
        116  |   1.877924   .3885719     4.83   0.000     1.114507     2.64134
        117  |   1.422597   .5134915     2.77   0.006     .4137545     2.43144
        118  |   1.796516   .7346279     2.45   0.015     .3532127    3.239819
        119  |   1.596968   .5655143     2.82   0.005     .4859179    2.708019
        120  |   1.247124   .3269464     3.81   0.000      .604781    1.889466
        121  |    3.92533   .5035083     7.80   0.000     2.936101     4.91456
        122  |   1.233443   .3520756     3.50   0.001     .5417301    1.925157
        123  |   .8469356   .3376378     2.51   0.012     .1835879    1.510283
        124  |   2.488612     .36415     6.83   0.000     1.773177    3.204048
        125  |   1.613419    .349224     4.62   0.000      .927308     2.29953
        126  |   1.866834   .3599729     5.19   0.000     1.159605    2.574063
        127  |   1.612076   .4693082     3.44   0.001     .6900388    2.534113
        128  |   .9788789   .4729558     2.07   0.039     .0496756    1.908082
        129  |   1.136447    .335885     3.38   0.001     .4765426    1.796351
        130  |   .9158518   .4213087     2.17   0.030     .0881182    1.743585
        131  |   2.043642   .4014376     5.09   0.000     1.254948    2.832335
        132  |   1.903814   .3590941     5.30   0.000     1.198312    2.609317
        133  |   .5885618    .352443     1.67   0.096    -.1038733    1.280997
        134  |   2.058141   .3480212     5.91   0.000     1.374393    2.741889
        135  |   1.511163   .3842167     3.93   0.000     .7563026    2.266023
        136  |   2.353326   .3264971     7.21   0.000     1.711866    2.994786
        137  |   1.535653    .517814     2.97   0.003     .5183181    2.552988
        138  |   1.325102   .3837359     3.45   0.001     .5711865    2.079017
        139  |    1.73833   .3381238     5.14   0.000     1.074027    2.402632
        140  |     2.1202   .4479946     4.73   0.000     1.240037    3.000363
        141  |   1.394551   .3466309     4.02   0.000      .713535    2.075567
        142  |   1.054244   .4475658     2.36   0.019     .1749236    1.933564
        143  |   1.854495   .5515261     3.36   0.001     .7709266    2.938063
        144  |   1.460439   .4679492     3.12   0.002     .5410716    2.379806
        145  |   1.637191   .3767623     4.35   0.000     .8969759    2.377405
        146  |   1.811004   .3663354     4.94   0.000     1.091275    2.530733
        147  |   1.154248   .5993376     1.93   0.055    -.0232544     2.33175
        148  |   .7821324   .4538204     1.72   0.085    -.1094761    1.673741
        149  |   2.993414   .4865577     6.15   0.000     2.037488    3.949341
        150  |   1.593166    .380107     4.19   0.000     .8463799    2.339951
        151  |   2.461402   .5695943     4.32   0.000     1.342336    3.580468
        152  |   .8708101   .3738538     2.33   0.020     .1363099     1.60531
        153  |   2.228585   .8202133     2.72   0.007     .6171342    3.840036
        154  |   1.872559   .3269203     5.73   0.000     1.230268    2.514851
        155  |   2.316407   .4739609     4.89   0.000     1.385229    3.247585
        156  |   1.306319   .3529653     3.70   0.000     .6128573     1.99978
        157  |   1.476118   .3740784     3.95   0.000     .7411759    2.211059
        158  |  -.1855416   .4421169    -0.42   0.675    -1.054157    .6830734
        159  |   1.647903   .3220263     5.12   0.000     1.015227    2.280579
        160  |   2.326771   .3284409     7.08   0.000     1.681492     2.97205
        161  |   1.993094   .4979796     4.00   0.000     1.014727    2.971461
        162  |   1.238248   .3334005     3.71   0.000     .5832252    1.893271
        163  |   1.496513   .3136282     4.77   0.000      .880336    2.112689
        164  |   1.026155   .3510309     2.92   0.004     .3364936    1.715815
        165  |   1.183315   .4337046     2.73   0.007     .3312272    2.035402
        166  |   1.367706   .3574193     3.83   0.000     .6654941    2.069918
        167  |   1.336581   .3379047     3.96   0.000      .672709    2.000453
        168  |   .0221821   .7620189     0.03   0.977    -1.474936      1.5193
        169  |   1.723739   .4409677     3.91   0.000     .8573821    2.590096
        170  |   1.325611   .3417619     3.88   0.000      .654161    1.997061
        171  |   1.931004   .3999995     4.83   0.000     1.145136    2.716872
        172  |   2.014221    .317236     6.35   0.000     1.390957    2.637486
        173  |   1.434812   .3522644     4.07   0.000     .7427282    2.126897
        174  |   1.072378   .3262207     3.29   0.001     .4314615    1.713295
        175  |   2.056287   .3720048     5.53   0.000      1.32542    2.787155
        176  |   2.339057   .3330732     7.02   0.000     1.684677    2.993437
        177  |   1.528859   .3249186     4.71   0.000     .8905003    2.167218
        178  |   1.822725   .3412209     5.34   0.000     1.152338    2.493112
        179  |   1.494133   .3817518     3.91   0.000     .7441153     2.24415
        180  |   1.671639   .5161409     3.24   0.001     .6575913    2.685687
        181  |   1.358785   .3184464     4.27   0.000     .7331425    1.984428
        182  |   1.021115   .4557404     2.24   0.025     .1257338    1.916495
        183  |   1.489445   .3249256     4.58   0.000     .8510724    2.127817
        184  |   1.081998   .4623484     2.34   0.020     .1736343    1.990361
        185  |   1.351141   .3485595     3.88   0.000     .6663356    2.035946
        186  |   1.518988   .3469687     4.38   0.000     .8373083    2.200668
        187  |   .6222039   .5878361     1.06   0.290    -.5327016    1.777109
        188  |   1.705304   .3849559     4.43   0.000     .9489912    2.461616
        189  |    1.10461   .4923528     2.24   0.025     .1372975    2.071922
        190  |   .8743053   .3732138     2.34   0.020     .1410623    1.607548
        191  |   1.068025   .3462415     3.08   0.002      .387774    1.748276
        192  |   1.427259   .3479576     4.10   0.000     .7436362    2.110882
        193  |   1.533857   .3073083     4.99   0.000     .9300964    2.137617
        194  |   .7051478   .4326541     1.63   0.104    -.1448758    1.555172
        195  |   1.742546   .3127663     5.57   0.000     1.128062    2.357029
        196  |   .9433237   .3766691     2.50   0.013     .2032922    1.683355
        197  |  -.1230432    .554559    -0.22   0.825     -1.21257    .9664837
        198  |   2.812326   .5527306     5.09   0.000     1.726391    3.898261
        199  |   1.340606   .4352968     3.08   0.002     .4853898    2.195821
        200  |   .9205793   .4304455     2.14   0.033     .0748948    1.766264
        201  |   .1876418   .6414298     0.29   0.770    -1.072558    1.447841
        202  |  -.6019673   .5418106    -1.11   0.267    -1.666448    .4625132
        203  |   1.627889   .4087703     3.98   0.000     .8247894    2.430989
        204  |   1.462871   .3592884     4.07   0.000     .7569867    2.168755
        205  |   1.700259   .3402933     5.00   0.000     1.031694    2.368824
        206  |    2.07091   .3841631     5.39   0.000     1.316155    2.825665
        207  |   1.559106   .3183844     4.90   0.000     .9335847    2.184627
        208  |   2.076428   .3209429     6.47   0.000     1.445881    2.706976
        209  |   1.477177   .4106008     3.60   0.000     .6704808    2.283873
        210  |   1.375973   .3386819     4.06   0.000     .7105736    2.041372
        211  |   1.752693   .3364975     5.21   0.000     1.091586    2.413801
        212  |   2.301229   .6223343     3.70   0.000     1.078546    3.523912
        213  |   1.783077   .3256978     5.47   0.000     1.143187    2.422967
        214  |   1.896431   .4038043     4.70   0.000     1.103088    2.689774
        215  |   1.495623   .3568335     4.19   0.000     .7945617    2.196684
        216  |   1.128798      .3415     3.31   0.001     .4578628    1.799734
        217  |   1.106513   .3848991     2.87   0.004      .350312    1.862713
        218  |   .1504658   .5615827     0.27   0.789    -.9528604    1.253792
        219  |   2.196265   .4639167     4.73   0.000      1.28482    3.107709
        220  |   .2247303   .4204455     0.53   0.593    -.6013075    1.050768
        221  |   1.783673   .4191342     4.26   0.000     .9602111    2.607134
        222  |   2.391166   .3144894     7.60   0.000     1.773298    3.009035
        223  |   2.027518    .350403     5.79   0.000      1.33909    2.715945
        224  |   1.670824   .4669296     3.58   0.000     .7534607    2.588188
        225  |   1.592225   .3600717     4.42   0.000      .884802    2.299648
        226  |   1.921937   .3259053     5.90   0.000      1.28164    2.562234
        227  |   1.701095   .3137386     5.42   0.000     1.084702    2.317489
        228  |   1.105649   .3495681     3.16   0.002     .4188625    1.792436
        229  |   2.322958   .5477182     4.24   0.000     1.246871    3.399045
        230  |   1.641154   .3082703     5.32   0.000     1.035504    2.246804
        231  |    1.32353   .3322445     3.98   0.000     .6707786    1.976282
        232  |   2.141829   .3256939     6.58   0.000     1.501947    2.781711
        233  |   1.029756   .3428014     3.00   0.003     .3562636    1.703249
        234  |   .5814451   .4642202     1.25   0.211    -.3305957    1.493486
        235  |   1.213919    .360582     3.37   0.001      .505493    1.922344
        236  |   2.584595    .508105     5.09   0.000     1.586335    3.582855
        237  |   2.212681   .4652878     4.76   0.000     1.298543     3.12682
        238  |     1.7838   .3198962     5.58   0.000     1.155309    2.412291
        239  |   2.125875   .3451221     6.16   0.000     1.447823    2.803927
        240  |   1.317599   .4424839     2.98   0.003     .4482632    2.186935
        241  |   1.056207   .3974183     2.66   0.008     .2754102    1.837004
        242  |    1.05018   .3245679     3.24   0.001     .4125105     1.68785
        243  |   1.043415   .4476739     2.33   0.020      .163882    1.922947
        244  |   1.119559   .6923182     1.62   0.106    -.2406196    2.479738
        245  |   1.874073   .3653276     5.13   0.000     1.156324    2.591822
        246  |   1.345778     .31189     4.31   0.000     .7330165     1.95854
        247  |   1.330003    .313708     4.24   0.000     .7136697    1.946337
        248  |   1.935458   .3603243     5.37   0.000     1.227538    2.643377
        249  |   1.443925    .394692     3.66   0.000      .668485    2.219366
        250  |   4.467134   .5212856     8.57   0.000     3.442979     5.49129
        251  |   .9705785   .4352085     2.23   0.026     .1155363    1.825621
        252  |   2.672416   .3338321     8.01   0.000     2.016545    3.328287
        253  |   1.102747   .4335524     2.54   0.011      .250958    1.954535
        254  |   1.033683   .3510856     2.94   0.003     .3439143    1.723451
        255  |    1.51264   .3095781     4.89   0.000     .9044205     2.12086
        256  |    1.72658   .3568069     4.84   0.000     1.025571    2.427589
        257  |   2.455052   .3173392     7.74   0.000     1.831585     3.07852
        258  |   1.964454   .3136199     6.26   0.000     1.348293    2.580614
        259  |   1.543955   .6445247     2.40   0.017     .2776752    2.810235
        260  |    .849252   .4571683     1.86   0.064    -.0489341    1.747438
        261  |   .8602728   .3864922     2.23   0.026     .1009422    1.619603
        262  |   1.449939   .3345198     4.33   0.000     .7927166     2.10716
        263  |   1.405805   .3224794     4.36   0.000     .7722384    2.039371
        264  |    1.81971   .3244525     5.61   0.000     1.182267    2.457153
        265  |   2.669925   .3524129     7.58   0.000     1.977549    3.362301
        266  |   1.831472   .3176384     5.77   0.000     1.207417    2.455528
        267  |   1.833129   .4532397     4.04   0.000     .9426614    2.723597
        268  |    2.41572   .5358482     4.51   0.000     1.362953    3.468486
        269  |   1.787187   .3157942     5.66   0.000     1.166754    2.407619
        270  |   1.846501   .3757228     4.91   0.000     1.108329    2.584673
        271  |   1.753739   .4214751     4.16   0.000     .9256783    2.581799
        272  |   1.258275   .3659099     3.44   0.001     .5393815    1.977168
        273  |   1.214318   .3592619     3.38   0.001     .5084857     1.92015
        274  |   1.425715   .3293366     4.33   0.000     .7786763    2.072753
        275  |   1.253108   .3764621     3.33   0.001     .5134833    1.992733
        276  |   1.751691   .4784495     3.66   0.000      .811694    2.691687
        277  |   1.503867   .4113522     3.66   0.000     .6956948    2.312039
        278  |   2.903155   .3359853     8.64   0.000     2.243054    3.563257
        279  |   1.818017   .3483023     5.22   0.000     1.133717    2.502317
        280  |   1.577954   .3260334     4.84   0.000     .9374054    2.218503
        281  |   3.425061   .3334783    10.27   0.000     2.769885    4.080236
        282  |   .7652834   1.089857     0.70   0.483    -1.375929    2.906495
        283  |   .1452717   .4488072     0.32   0.746    -.7364875    1.027031
        284  |    2.12169   .3608572     5.88   0.000     1.412724    2.830656
        285  |   .8139267   .6015788     1.35   0.177    -.3679786    1.995832
        286  |   1.603077   .4132021     3.88   0.000     .7912701    2.414884
        287  |   2.466358   .4000912     6.16   0.000     1.680309    3.252406
        288  |   1.429112   .4299191     3.32   0.001      .584462    2.273763
        289  |    .924563   .3610314     2.56   0.011     .2152544    1.633871
        290  |   1.946684   .3633252     5.36   0.000     1.232868    2.660499
        291  |    1.88931   .3686576     5.12   0.000     1.165019    2.613602
        292  |   2.593122   .4504044     5.76   0.000     1.708225     3.47802
        293  |   1.550722   .5154241     3.01   0.003      .538082    2.563361
        294  |   1.944415   .4214541     4.61   0.000     1.116396    2.772435
        295  |   2.006073   .3878326     5.17   0.000     1.244109    2.768038
        296  |    .785442   .5352328     1.47   0.143    -.2661152    1.836999
        297  |   .9366161   .4538734     2.06   0.040     .0449034    1.828329
        298  |   .8193574   .4636756     1.77   0.078    -.0916133    1.730328
        299  |   2.050737     .57774     3.55   0.000     .9156669    3.185807
        300  |    1.42108   .5220452     2.72   0.007     .3954318    2.446728
        301  |   .4848685   .3940177     1.23   0.219    -.2892473    1.258984
        302  |   2.063871   .6842075     3.02   0.003     .7196272    3.408115
        303  |   .9805911   .3440854     2.85   0.005      .304576    1.656606
        304  |   1.685258   .3645577     4.62   0.000     .9690215    2.401495
        305  |   3.022259   .3809391     7.93   0.000     2.273839     3.77068
        306  |   .0847069   .4754419     0.18   0.859    -.8493808    1.018795
        307  |   1.097236   .4519613     2.43   0.016     .2092799    1.985192
        308  |   1.656024   .4234181     3.91   0.000     .8241462    2.487902
        309  |   1.753249    .517338     3.39   0.001     .7368489    2.769648
        310  |   1.374198   .4621448     2.97   0.003      .466235    2.282162
        311  |   1.302722   .3814429     3.42   0.001     .5533119    2.052133
        312  |    1.59291   .3667839     4.34   0.000     .8722993     2.31352
        313  |   1.298679   .3521038     3.69   0.000     .6069107    1.990448
        314  |   2.374574   .4187195     5.67   0.000     1.551927     3.19722
        315  |   1.199587   .3786341     3.17   0.002     .4556946    1.943479
        316  |   2.150287    .372631     5.77   0.000      1.41819    2.882385
        317  |   3.313446   .4835286     6.85   0.000     2.363471    4.263422
        318  |   1.184381   .3248476     3.65   0.000     .5461622      1.8226
        319  |   2.179064   .3306409     6.59   0.000     1.529463    2.828665
        320  |     1.3491   .3129529     4.31   0.000     .7342504     1.96395
        321  |   1.801759   .5930266     3.04   0.003     .6366559    2.966862
        322  |    1.73225   .4888375     3.54   0.000     .7718439    2.692655
        323  |   2.143797   .3235778     6.63   0.000     1.508072    2.779521
        324  |   1.662011   .3555632     4.67   0.000     .9634461    2.360577
        325  |    1.86305   .3852708     4.84   0.000     1.106119    2.619981
        326  |     1.3233   .3585233     3.69   0.000     .6189186     2.02768
        327  |   1.509265   .3121917     4.83   0.000     .8959101    2.122619
        328  |   1.330731   .3801285     3.50   0.001     .5839031    2.077559
        329  |   1.848619   .3148236     5.87   0.000     1.230093    2.467144
        330  |   1.743336   .3579064     4.87   0.000     1.040168    2.446505
        331  |    1.80894   .3187445     5.68   0.000     1.182711    2.435168
        332  |   1.830013   .3192793     5.73   0.000     1.202734    2.457293
        333  |   1.349507   .3446365     3.92   0.000     .6724094    2.026605
        334  |   2.819281   .4179681     6.75   0.000      1.99811    3.640451
        335  |   1.258912   .6781243     1.86   0.064    -.0733801    2.591204
        336  |   2.581245   .3415219     7.56   0.000     1.910266    3.252224
        337  |   1.351191   .4113297     3.28   0.001     .5430627    2.159319
        338  |    1.01613   .4779621     2.13   0.034     .0770911    1.955169
        339  |   1.429844   .3657232     3.91   0.000     .7113175     2.14837
        340  |   2.806977    .363643     7.72   0.000     2.092537    3.521416
        341  |   1.954572   .4054082     4.82   0.000     1.158078    2.751066
        342  |   1.602255   .3630603     4.41   0.000       .88896    2.315549
        343  |   2.413137   .3427525     7.04   0.000     1.739741    3.086534
        344  |   1.557642   .4341271     3.59   0.000      .704724    2.410559
        345  |   1.017552   .3850879     2.64   0.008     .2609803    1.774124
        346  |    2.02194   .7649889     2.64   0.008     .5189868    3.524892
        347  |   2.396159   .6440753     3.72   0.000     1.130762    3.661556
        348  |   1.261147   .4303742     2.93   0.004     .4156025    2.106691
        349  |    1.52002   .5062591     3.00   0.003     .5253861    2.514653
        350  |   1.510536   .4276077     3.53   0.000     .6704273    2.350646
        351  |   1.134193   .3578765     3.17   0.002     .4310826    1.837303
        352  |   1.121611   .4469492     2.51   0.012     .2435025     1.99972
        353  |    2.18554     .64613     3.38   0.001     .9161063    3.454974
        354  |   2.103422   .3779391     5.57   0.000     1.360896    2.845949
        355  |   3.017721   .6733702     4.48   0.000     1.694769    4.340674
        356  |    3.25873   .4075337     8.00   0.000      2.45806      4.0594
        357  |   1.596508   .3861593     4.13   0.000     .8378312    2.355184
        358  |   1.476617   .4231574     3.49   0.001      .645251    2.307983
        359  |   2.709394   .5815383     4.66   0.000     1.566862    3.851927
        360  |   2.216049   .3486348     6.36   0.000     1.531096    2.901003
        361  |    1.07103   .3686168     2.91   0.004     .3468182    1.795241
        362  |   1.716211    .529322     3.24   0.001     .6762668    2.756156
        363  |    2.69235   .3139145     8.58   0.000      2.07561    3.309089
        364  |   2.250164   .3954518     5.69   0.000     1.473231    3.027098
        365  |   1.608419   .4845733     3.32   0.001     .6563915    2.560447
        366  |   1.534947   .3622475     4.24   0.000     .8232492    2.246645
        367  |   1.584364   .4321681     3.67   0.000     .7352948    2.433433
        368  |    1.75509   .6210777     2.83   0.005      .534876    2.975305
        369  |   2.210554   .3903777     5.66   0.000     1.443589    2.977518
        370  |   1.960381   .3552585     5.52   0.000     1.262415    2.658348
        371  |   2.105287   .3759577     5.60   0.000     1.366653     2.84392
        372  |   1.145169   .7870017     1.46   0.146    -.4010321    2.691369
        373  |   1.290132   .3525012     3.66   0.000     .5975825    1.982681
        374  |   1.667584    .357206     4.67   0.000     .9657913    2.369377
        375  |    1.46512   .4211174     3.48   0.001     .6377622    2.292478
        376  |   .3675308   .6116028     0.60   0.548    -.8340685     1.56913
        377  |   2.600551    .471871     5.51   0.000     1.673479    3.527623
        378  |    1.18077   .3844186     3.07   0.002      .425513    1.936027
        379  |   1.206533   .3887406     3.10   0.002     .4427855    1.970281
        380  |   2.708988   .4983332     5.44   0.000     1.729926     3.68805
        381  |   1.669556   .5822895     2.87   0.004      .525548    2.813564
        382  |    3.34152   .3828328     8.73   0.000     2.589379    4.093661
        383  |   1.224949   .4314413     2.84   0.005     .3773083     2.07259
        384  |    2.23576   .4047231     5.52   0.000     1.440611    3.030908
        385  |   2.681638   .7030084     3.81   0.000     1.300456    4.062819
        386  |   1.960453   .3657943     5.36   0.000     1.241787    2.679119
        387  |   1.633372   .3699215     4.42   0.000     .9065969    2.360146
        388  |   .2236039    .431673     0.52   0.605    -.6244923      1.0717
        389  |   2.300898   .4750315     4.84   0.000     1.367617     3.23418
        390  |   .6066678   .4043187     1.50   0.134     -.187686    1.401022
        391  |   2.323961    .334904     6.94   0.000     1.665984    2.981937
        392  |   1.726233   .4537334     3.80   0.000     .8347956    2.617671
        393  |   1.997323   .4395012     4.54   0.000     1.133847    2.860799
        394  |   2.451483   .3687599     6.65   0.000      1.72699    3.175975
        395  |   1.093808   .4778239     2.29   0.022     .1550405    2.032576
        396  |   1.968446   .4446493     4.43   0.000     1.094856    2.842036
        397  |   1.746504   .4782755     3.65   0.000     .8068492    2.686159
        398  |   3.694817   .4533678     8.15   0.000     2.804098    4.585536
        399  |   3.566502   .6500197     5.49   0.000     2.289426    4.843578
        400  |   2.520613   .3760001     6.70   0.000     1.781896     3.25933
        401  |   .7697315   .5573358     1.38   0.168    -.3252509    1.864714
        402  |   1.994807   .3714643     5.37   0.000     1.265001    2.724613
        403  |   1.299124   .3917127     3.32   0.001     .5295372    2.068712
        404  |   1.955265   .4602756     4.25   0.000     1.050974    2.859556
        405  |   3.659508   .7142854     5.12   0.000     2.256171    5.062845
        406  |   1.107136   .3731787     2.97   0.003     .3739616     1.84031
        407  |   2.283806   .3776514     6.05   0.000     1.541844    3.025767
        408  |   3.235655   .5067467     6.39   0.000     2.240063    4.231246
        409  |   2.240413   .4992168     4.49   0.000     1.259615     3.22121
        410  |   2.602994   .4091977     6.36   0.000     1.799055    3.406934
        411  |   2.281775   .3871249     5.89   0.000     1.521201    3.042349
        412  |   .6778325   .5550814     1.22   0.223    -.4127208    1.768386
        413  |   1.597773   .5835854     2.74   0.006     .4512184    2.744327
        414  |   1.402719   .3929604     3.57   0.000     .6306803    2.174757
        415  |   .4582956   .7785699     0.59   0.556    -1.071339    1.987931
        416  |   1.490904   .4269289     3.49   0.001     .6521287     2.32968
        417  |   1.160583   .3402132     3.41   0.001     .4921756    1.828991
        418  |   1.309647   .3330833     3.93   0.000     .6552477    1.964047
        419  |   1.607241   .3783118     4.25   0.000     .8639826      2.3505
        420  |    1.94884   .6842597     2.85   0.005     .6044935    3.293186
        421  |   1.557349   .3194434     4.88   0.000     .9297469     2.18495
        422  |   1.899823   .3280348     5.79   0.000     1.255342    2.544304
        423  |   1.354997   .3340488     4.06   0.000     .6987005    2.011294
        424  |   .8495663   .5753853     1.48   0.140    -.2808774     1.98001
        425  |   2.346972   .4052295     5.79   0.000     1.550828    3.143115
        426  |   1.601767   .3392043     4.72   0.000     .9353421    2.268193
        427  |   1.324177   .3272276     4.05   0.000     .6812816    1.967072
        428  |   .9498817   .3357079     2.83   0.005     .2903256    1.609438
        429  |   1.601384   .3228309     4.96   0.000     .9671265    2.235641
        430  |   1.045961   .5012893     2.09   0.037      .061092    2.030831
        431  |   2.705098   .5518278     4.90   0.000     1.620937    3.789259
        432  |   1.588149    .325278     4.88   0.000     .9490838    2.227213
        433  |    1.60095    .349757     4.58   0.000     .9137921    2.288108
        434  |   1.422574   .3627042     3.92   0.000     .7099792    2.135169
        435  |   1.482386   .4293933     3.45   0.001     .6387683    2.326003
        436  |   1.069891    .328985     3.25   0.001     .4235427    1.716238
        437  |   2.411235   .4036227     5.97   0.000     1.618248    3.204221
        438  |   .9555558   .5179602     1.84   0.066    -.0620665    1.973178
        439  |   1.379689   .3223006     4.28   0.000     .7464742    2.012904
        440  |   1.118128   .3199546     3.49   0.001     .4895223    1.746734
        441  |   1.593237   .5070775     3.14   0.002     .5969956    2.589478
        442  |   .8012686   .4801859     1.67   0.096    -.1421396    1.744677
        443  |    2.54812   .3388821     7.52   0.000     1.882327    3.213912
        444  |   1.590028   .3271697     4.86   0.000      .947247     2.23281
        445  |   1.932788   .4632193     4.17   0.000     1.022713    2.842862
        446  |   1.291765   .3592359     3.60   0.000     .5859835    1.997546
        447  |   2.208209   .3205469     6.89   0.000     1.578439    2.837979
        448  |   .9596495   .3970698     2.42   0.016     .1795374    1.739762
        449  |   .8944975   .4212623     2.12   0.034      .066855     1.72214
        450  |   1.152831   .3699672     3.12   0.002     .4259666    1.879695
        451  |   1.667229   .4614768     3.61   0.000     .7605778    2.573879
        452  |   1.819875   .4468718     4.07   0.000     .9419183    2.697832
        453  |   2.218936   .5482616     4.05   0.000     1.141782    3.296091
        454  |   1.273497   .3586226     3.55   0.000     .5689213    1.978074
        455  |   1.389409   .3974634     3.50   0.001     .6085234    2.170294
        456  |   1.308799   .3222093     4.06   0.000     .6757632    1.941835
        457  |   1.078117   .3787203     2.85   0.005     .3340552    1.822178
        458  |   1.274219   .3802358     3.35   0.001     .5271803    2.021258
        459  |   1.548362   .3107665     4.98   0.000     .9378076    2.158916
        460  |   1.143132   .3248564     3.52   0.000     .5048958    1.781369
        461  |   1.927184   .3369975     5.72   0.000     1.265094    2.589274
        462  |   2.159989   .3023874     7.14   0.000     1.565897    2.754081
        463  |   1.045767   .4688513     2.23   0.026     .1246276    1.966906
        464  |   1.185568   .4120901     2.88   0.004      .375946     1.99519
        465  |    1.20599   .7339512     1.64   0.101    -.2359837    2.647964
        466  |   1.822285   .3234738     5.63   0.000     1.186765    2.457805
        467  |   .9913344   .3366633     2.94   0.003     .3299013    1.652768
        468  |   1.181423   .3639777     3.25   0.001     .4663259     1.89652
        469  |    2.15908   .3938264     5.48   0.000      1.38534     2.93282
        470  |   1.901964   .3385291     5.62   0.000     1.236865    2.567063
        471  |   1.571542   .3457741     4.54   0.000     .8922094    2.250875
        472  |   1.008272   .4078304     2.47   0.014     .2070183    1.809525
        473  |   1.174529   .3977517     2.95   0.003     .3930775    1.955981
        474  |   2.558351    .328813     7.78   0.000     1.912341    3.204361
        475  |   1.203664   .3473577     3.47   0.001     .5212199    1.886108
        476  |   1.391662   .3720521     3.74   0.000     .6607016    2.122623
        477  |   1.694177    .321311     5.27   0.000     1.062906    2.325448
        478  |   1.404987   .3383428     4.15   0.000     .7402544     2.06972
        479  |   1.582794   .3277184     4.83   0.000     .9389351    2.226654
        480  |   1.839169   .3657692     5.03   0.000     1.120552    2.557785
        481  |    1.23004   .3585292     3.43   0.001     .5256473    1.934433
        482  |   .8277339   .3864614     2.14   0.033     .0684637    1.587004
        483  |   1.520958   .3336312     4.56   0.000     .8654821    2.176434
        484  |    2.21508   .3443653     6.43   0.000     1.538515    2.891645
        485  |   1.069851   .3718413     2.88   0.004     .3393047    1.800398
        486  |   1.286028   .3218438     4.00   0.000     .6537103    1.918346
        487  |   2.038181   .3650773     5.58   0.000     1.320924    2.755439
        488  |   .4464496   .3915083     1.14   0.255     -.322736    1.215635
        489  |   1.852642   .4007076     4.62   0.000     1.065383    2.639902
        490  |   1.137304   .3489281     3.26   0.001     .4517748    1.822834
        491  |    1.11527   .3291516     3.39   0.001     .4685949    1.761945
        492  |  -.1083066   .4985637    -0.22   0.828    -1.087821    .8712078
        493  |    1.45661   .3367094     4.33   0.000     .7950866    2.118134
        494  |   1.776025   .3324689     5.34   0.000     1.122833    2.429218
        495  |   2.549042   .5783485     4.41   0.000     1.412776    3.685307
        496  |    1.39016    .496817     2.80   0.005     .4140768    2.366242
        497  |   1.413379   .3365785     4.20   0.000     .7521124    2.074645
        498  |   1.211596   .4111677     2.95   0.003     .4037863    2.019406
        499  |   1.937037   .3857799     5.02   0.000     1.179106    2.694968
        500  |   1.597813   .4539811     3.52   0.000     .7058883    2.489737
        501  |   1.866843   .5209749     3.58   0.000     .8432977    2.890388
        502  |   1.312608   .4597216     2.86   0.004     .4094056     2.21581
        503  |   1.822737   .3753228     4.86   0.000      1.08535    2.560123
        504  |   1.312668   .3656576     3.59   0.000     .5942702    2.031065
        505  |   2.164486   .3321167     6.52   0.000     1.511985    2.816986
        506  |   2.478241   .3170882     7.82   0.000     1.855267    3.101216
        507  |   2.100917   .3037749     6.92   0.000     1.504098    2.697735
             |
       _cons |   -5.32514   .3163092   -16.84   0.000    -5.946584   -4.703696
------------------------------------------------------------------------------

Absorbed degrees of freedom:
-----------------------------------------------------+
 Absorbed FE | Categories  - Redundant  = Num. Coefs |
-------------+---------------------------------------|
     athr_id |     92704           0       92704     |
        year |        79           1          78     |
-----------------------------------------------------+
(503,739 observations deleted)
(1 observation deleted)

    Result                      Number of obs
    -----------------------------------------
    Not matched                             0
    Matched                               505  
    -----------------------------------------

    Result                      Number of obs
    -----------------------------------------
    Not matched                             0
    Matched                               505  
    -----------------------------------------
(note: missing values will be sorted first)
(505 missing values generated)
variable inst_lab was str1 now str26
(4 real changes made)
(file ../output/reg_fes_impact_cite_affl_wt.dta not found)
file ../output/reg_fes_impact_cite_affl_wt.dta saved
(455 observations deleted)
file ../output/figures/inst_fes_impact_cite_affl_wt.pdf saved as PDF format
impact_affl_wt

    Result                      Number of obs
    -----------------------------------------
    Not matched                       425,521
        from master                   425,521  
        from using                          0  

    Matched                           106,490  
    -----------------------------------------
(27,766 observations deleted)
(504,245 real changes made)
(168 real changes made)
(file ../temp/rank_xw_impact_affl_wt.dta not found)
file ../temp/rank_xw_impact_affl_wt.dta saved
1 2 3 5 6 7 8 9 10 11 12 13 14 15 16 17 18 19 20 21 22 23 24 25 26 27 28 29 30 
> 31 32 33 34 35 36 37 38 39 40 41 42 43 44 45 46 47 48 49 50 51 52 53 54 55 56
>  57 58 59 60 61 62 63 64 65 66 67 68 69 70 71 72 73 74 75 76 77 78 79 80 81 8
> 2 83 84 85 86 87 88 89 90 91 92 93 94 95 96 97 98 99 100 101 102 103 104 105 
> 106 107 108 109 110 111 112 113 114 115 116 117 118 119 120 121 122 123 124 1
> 25 126 127 128 129 130 131 132 133 134 135 136 137 138 139 140 141 142 143 14
> 4 145 146 147 148 149 150 151 152 153 154 155 156 157 158 159 160 161 162 163
>  164 165 166 167 168 169 170 171 172 173 174 175 176 177 178 179 180 181 182 
> 183 184 185 186 187 188 189 190 191 192 193 194 195 196 197 198 199 200 201 2
> 02 203 204 205 206 207 208 209 210 211 212 213 214 215 216 217 218 219 220 22
> 1 222 223 224 225 226 227 228 229 230 231 232 233 234 235 236 237 238 239 240
>  241 242 243 244 245 246 247 248 249 250 251 252 253 254 255 256 257 258 259 
> 260 261 262 263 264 265 266 267 268 269 270 271 272 273 274 275 276 277 278 2
> 79 280 281 282 283 284 285 286 287 288 289 290 291 292 293 294 295 296 297 29
> 8 299 300 301 302 303 304 305 306 307 308 309 310 311 312 313 314 315 316 317
>  318 319 320 321 322 323 324 325 326 327 328 329 330 331 332 333 334 335 336 
> 337 338 339 340 341 342 343 344 345 346 347 348 349 350 351 352 353 354 355 3
> 56 357 358 359 360 361 362 363 364 365 366 367 368 369 370 371 372 373 374 37
> 5 376 377 378 379 380 381 382 383 384 385 386 387 388 389 390 391 392 393 394
>  395 396 397 398 399 400 401 402 403 404 405 406 407 408 409 410 411 412 413 
> 414 415 416 417 418 419 420 421 422 423 424 425 426 427 428 429 430 431 432 4
> 33 434 435 436 437 438 439 440 441 442 443 444 445 446 447 448 449 450 451 45
> 2 453 454 455 456 457 458 459 460 461 462 463 464 465 466 467 468 469 470 471
>  472 473 474 475 476 477 478 479 480 481 482 483 484 485 486 487 488 489 490 
> 491 492 493 494 495 496 497 498 499 500 501 502 503 504 505 506 507
running reg
(dropped 185121 singleton observations)
(MWFE estimator converged in 14 iterations)

HDFE Linear regression                            Number of obs   =    319,124
Absorbing 2 HDFE groups                           F( 505,    505) =   39599.46
Statistics robust to heteroskedasticity           Prob > F        =     0.0000
                                                  R-squared       =     0.6405
                                                  Adj R-squared   =     0.4919
                                                  Within R-sq.    =     0.0105
Number of clusters (inst_rank) =        506       Root MSE        =     1.5961

                            (Std. err. adjusted for 506 clusters in inst_rank)
------------------------------------------------------------------------------
             |               Robust
        ln_y | Coefficient  std. err.      t    P>|t|     [95% conf. interval]
-------------+----------------------------------------------------------------
   inst_rank |
          2  |    .812733   .3916546     2.08   0.038     .0432598    1.582206
          3  |   .6829107    .412695     1.65   0.099    -.1278999    1.493721
          5  |   -.184515   .4059343    -0.45   0.650     -.982043     .613013
          6  |   1.377167   .3235439     4.26   0.000     .7415091    2.012825
          7  |   .6222531   .2925323     2.13   0.034      .047523    1.196983
          8  |   1.350281   .3661676     3.69   0.000     .6308816    2.069681
          9  |   .5292764   .4676786     1.13   0.258    -.3895591    1.448112
         10  |   1.529152   .4331666     3.53   0.000     .6781215    2.380182
         11  |    .591749   .4000049     1.48   0.140    -.1941297    1.377628
         12  |   .3729546   .3182974     1.17   0.242    -.2523956    .9983049
         13  |    .924292   .4001569     2.31   0.021     .1381147    1.710469
         14  |   .7571724   .3275454     2.31   0.021     .1136529    1.400692
         15  |   .6023823   .3124891     1.93   0.054    -.0115566    1.216321
         16  |   1.236373   .3375207     3.66   0.000     .5732556    1.899491
         17  |   .9669186   .3388058     2.85   0.004     .3012761    1.632561
         18  |   1.381571   .3570577     3.87   0.000     .6800694    2.083072
         19  |  -.0861585   .4632992    -0.19   0.853    -.9963898    .8240728
         20  |   .7227588   .3538984     2.04   0.042     .0274642    1.418053
         21  |   1.817106   .3988582     4.56   0.000      1.03348    2.600732
         22  |   1.383125   .4960286     2.79   0.005     .4085912    2.357659
         23  |    -.76157   .4898753    -1.55   0.121    -1.724015    .2008746
         24  |  -.6506914   .4961656    -1.31   0.190    -1.625494    .3241115
         25  |   .8529589   .4289129     1.99   0.047     .0102855    1.695632
         26  |   .8669382   .3022872     2.87   0.004     .2730427    1.460834
         27  |   .8389382   .3340341     2.51   0.012     .1826706    1.495206
         28  |  -.0038613   .4799646    -0.01   0.994    -.9468347    .9391121
         29  |   1.027238   .3037891     3.38   0.001     .4303914    1.624084
         30  |   1.032613   .2923384     3.53   0.000     .4582643    1.606963
         31  |   1.793043   .3926637     4.57   0.000     1.021588    2.564499
         32  |   .3906737   .3108337     1.26   0.209    -.2200127     1.00136
         33  |   .8708825   .3217254     2.71   0.007     .2387974    1.502968
         34  |   .3556802   .4724143     0.75   0.452    -.5724592     1.28382
         35  |   .9764903   .2961645     3.30   0.001     .3946239    1.558357
         36  |    .665652   .3617322     1.84   0.066    -.0450334    1.376337
         37  |   .7581797   .3212673     2.36   0.019     .1269946    1.389365
         38  |   1.782309   .4970715     3.59   0.000      .805726    2.758892
         39  |   .5886447   .3654757     1.61   0.108    -.1293955    1.306685
         40  |   .6197665    .312148     1.99   0.048     .0064978    1.233035
         41  |   .2147079   .3516257     0.61   0.542    -.4761215    .9055373
         42  |   .8419668   .3097306     2.72   0.007     .2334476    1.450486
         43  |   .7781245   .3468954     2.24   0.025     .0965885    1.459661
         44  |     1.5972   .3040828     5.25   0.000     .9997764    2.194623
         45  |   .5001771   .4234637     1.18   0.238    -.3317905    1.332145
         46  |    .437223   .3348478     1.31   0.192    -.2206433    1.095089
         47  |   1.651607   .2854713     5.79   0.000      1.09075    2.212465
         48  |   .1699013   .3301186     0.51   0.607    -.4786736    .8184762
         49  |   .8030865   .4530537     1.77   0.077    -.0870157    1.693189
         50  |    .484178   .3849352     1.26   0.209    -.2720937     1.24045
         51  |  -.2634044   .4970369    -0.53   0.596    -1.239919    .7131104
         52  |   .0586469   .3813639     0.15   0.878    -.6906083    .8079021
         53  |   .7780442   .2879852     2.70   0.007     .2122476    1.343841
         54  |   .8964622     .33761     2.66   0.008     .2331691    1.559755
         55  |   .9862144   .3004883     3.28   0.001     .3958533    1.576576
         56  |   .7981368   .6260208     1.27   0.203    -.4317891    2.028063
         57  |   1.014292   .6932274     1.46   0.144    -.3476727    2.376257
         58  |   1.102001    .285294     3.86   0.000     .5414911     1.66251
         59  |   1.550049   .3811479     4.07   0.000     .8012178    2.298879
         60  |   1.603292   .4036963     3.97   0.000     .8101613    2.396423
         61  |   1.482795   .6348469     2.34   0.020      .235529    2.730062
         62  |   1.504111   .2919957     5.15   0.000     .9304354    2.077788
         63  |   .3281466    .560582     0.59   0.559    -.7732135    1.429507
         64  |   1.694259   .5683288     2.98   0.003     .5776792    2.810839
         65  |   .7973772   .3072714     2.60   0.010     .1936895    1.401065
         66  |   .7164212    .311295     2.30   0.022     .1048284    1.328014
         67  |    .592766   .3637266     1.63   0.104    -.1218377     1.30737
         68  |   .8561624   .3665984     2.34   0.020     .1359166    1.576408
         69  |   .1251356   .5653234     0.22   0.825    -.9855398    1.235811
         70  |     .91583   .4400354     2.08   0.038     .0513044    1.780356
         71  |   1.118438   .5989814     1.87   0.062    -.0583642     2.29524
         72  |   1.745039   .3188481     5.47   0.000     1.118607    2.371471
         73  |   .5085723   .5275357     0.96   0.335    -.5278626    1.545007
         74  |   1.101137   .3327835     3.31   0.001     .4473267    1.754948
         75  |     1.1001   .2885738     3.81   0.000      .533147    1.667053
         76  |   .4734838   .2809386     1.69   0.093    -.0784686    1.025436
         77  |    .437433   .4348453     1.01   0.315    -.4168957    1.291762
         78  |   .8465244   .3321187     2.55   0.011     .1940199    1.499029
         79  |    .968494   .3406996     2.84   0.005     .2991308    1.637857
         80  |   .9518703   .3203748     2.97   0.003     .3224386    1.581302
         81  |   2.455548    .368574     6.66   0.000     1.731421    3.179676
         82  |   1.760928   .4098732     4.30   0.000     .9556613    2.566194
         83  |   .9131609   .3873934     2.36   0.019     .1520598    1.674262
         84  |   .6767761   .5505148     1.23   0.220    -.4048053    1.758357
         85  |   1.359214   .4765819     2.85   0.005     .4228864    2.295541
         86  |   .8749579   .3380317     2.59   0.010     .2108363    1.539079
         87  |   1.396239   .6110701     2.28   0.023     .1956863    2.596792
         88  |   .8456616   .3728851     2.27   0.024     .1130645    1.578259
         89  |   1.139566   .3342892     3.41   0.001     .4827967    1.796334
         90  |   .9554735   .3945481     2.42   0.016     .1803157    1.730631
         91  |     1.1126   .2941526     3.78   0.000     .5346863    1.690513
         92  |   1.089229   .3079589     3.54   0.000     .4841902    1.694267
         93  |   .7096416   .3659228     1.94   0.053    -.0092768     1.42856
         94  |    1.05058   .5208246     2.02   0.044     .0273298    2.073829
         95  |   .6263471   .4114643     1.52   0.129    -.1820456     1.43474
         96  |   .9590939     .29333     3.27   0.001     .3827965    1.535391
         97  |   1.535915   .4003813     3.84   0.000     .7492972    2.322534
         98  |   .6299797   .5856864     1.08   0.283    -.5207024    1.780662
         99  |   .3136096   .3433217     0.91   0.361    -.3609052    .9881244
        100  |   2.139404   .3263597     6.56   0.000     1.498214    2.780594
        101  |   .8933644   .2886722     3.09   0.002     .3262179    1.460511
        102  |   1.795768   .5129001     3.50   0.001      .788087    2.803449
        103  |   1.543906   .3087313     5.00   0.000     .9373497    2.150462
        104  |    .780161   .3736762     2.09   0.037     .0460096    1.514312
        105  |   1.363863   .3435328     3.97   0.000     .6889335    2.038793
        106  |   1.573446    .306286     5.14   0.000     .9716941    2.175198
        107  |   1.481591   .3666768     4.04   0.000     .7611908    2.201991
        108  |   .8576894   .3289778     2.61   0.009     .2113558    1.504023
        109  |   .8009704    .329094     2.43   0.015     .1544085    1.447532
        110  |   .8908051   .4027386     2.21   0.027     .0995556    1.682055
        111  |   1.621719   .3166916     5.12   0.000      .999524    2.243915
        112  |   1.605286   .3691763     4.35   0.000     .8799758    2.330597
        113  |   .1978746   .5353772     0.37   0.712    -.8539663    1.249715
        114  |   1.480002   .3233397     4.58   0.000     .8447454    2.115259
        115  |   .8399348   .3133737     2.68   0.008      .224258    1.455611
        116  |   1.230461   .3572219     3.44   0.001     .5286366    1.932285
        117  |   .7877616   .4325204     1.82   0.069    -.0619995    1.637523
        118  |   1.453269     .64739     2.24   0.025     .1813591    2.725178
        119  |   1.148463   .6753874     1.70   0.090    -.1784525    2.475378
        120  |   .7279095   .3014077     2.42   0.016      .135742    1.320077
        121  |   2.468145     .40337     6.12   0.000     1.675655    3.260635
        122  |   .3506615   .3050587     1.15   0.251    -.2486791     .950002
        123  |    .023891   .3091348     0.08   0.938    -.5834577    .6312397
        124  |    1.50362   .3247037     4.63   0.000     .8656834    2.141556
        125  |   .9505895   .3061332     3.11   0.002     .3491381    1.552041
        126  |   .9542498   .3371375     2.83   0.005      .291885    1.616615
        127  |   .8736511   .4710942     1.85   0.064    -.0518949    1.799197
        128  |   .6173253   .4689725     1.32   0.189    -.3040521    1.538703
        129  |   .5282072   .3111905     1.70   0.090    -.0831802    1.139595
        130  |   .2697936   .3634399     0.74   0.458    -.4442467     .983834
        131  |   1.288426   .3799967     3.39   0.001     .5418569    2.034995
        132  |   1.035699   .3363473     3.08   0.002     .3748864    1.696511
        133  |  -.0601913   .3684403    -0.16   0.870    -.7840559    .6636732
        134  |   1.297847   .3083918     4.21   0.000     .6919582    1.903736
        135  |    1.33292   .3695729     3.61   0.000     .6068306     2.05901
        136  |   1.566822   .2904931     5.39   0.000     .9960981    2.137546
        137  |    1.08723   .6934647     1.57   0.118    -.2752012    2.449661
        138  |   .7559864   .3890425     1.94   0.053    -.0083548    1.520328
        139  |   .7847447   .3169976     2.48   0.014     .1619483    1.407541
        140  |   1.452223   .3841853     3.78   0.000      .697425    2.207022
        141  |   .8067046   .3034327     2.66   0.008     .2105587     1.40285
        142  |   .0985036   .3855867     0.26   0.798    -.6590482    .8560553
        143  |   1.015003   .4446185     2.28   0.023     .1414736    1.888533
        144  |   .7398756   .4387016     1.69   0.092    -.1220294    1.601781
        145  |   1.093314   .3443923     3.17   0.002     .4166961    1.769933
        146  |    1.60614   .3447834     4.66   0.000      .928754    2.283527
        147  |   .6151831   .5660182     1.09   0.278    -.4968575    1.727224
        148  |  -.1462372   .4959124    -0.29   0.768    -1.120543    .8280683
        149  |   2.349023   .4332814     5.42   0.000     1.497767    3.200279
        150  |   .9174223   .3752097     2.45   0.015     .1802581    1.654586
        151  |   1.679733   .5686175     2.95   0.003     .5625854     2.79688
        152  |   .0400234   .3960999     0.10   0.920    -.7381834    .8182301
        153  |   .9830062   .6306756     1.56   0.120    -.2560648    2.222077
        154  |   1.215929   .3066452     3.97   0.000     .6134719    1.818387
        155  |   1.672545   .3703622     4.52   0.000     .9449046    2.400186
        156  |    .493623   .3214804     1.54   0.125    -.1379806    1.125227
        157  |   .7273677   .3386253     2.15   0.032     .0620799    1.392656
        158  |  -.4854375   .3998641    -1.21   0.225     -1.27104    .3001645
        159  |   .8885187    .300575     2.96   0.003     .2979873     1.47905
        160  |   1.470722   .3017817     4.87   0.000     .8778197    2.063624
        161  |   1.174132   .4394055     2.67   0.008     .3108441     2.03742
        162  |   .7133025   .3228504     2.21   0.028     .0790072    1.347598
        163  |   .8321309    .299864     2.78   0.006     .2429962    1.421266
        164  |   .6485309   .3166466     2.05   0.041     .0264241    1.270638
        165  |   .8754358   .3834888     2.28   0.023     .1220058    1.628866
        166  |    .838826   .3418753     2.45   0.014      .167153    1.510499
        167  |   .7856589   .2992669     2.63   0.009     .1976973     1.37362
        168  |  -.0950085    .740687    -0.13   0.898    -1.550216    1.360199
        169  |   .6958787   .3902909     1.78   0.075     -.070915    1.462673
        170  |   .7802448   .3032261     2.57   0.010     .1845047    1.375985
        171  |   1.612255   .3224466     5.00   0.000     .9787534    2.245757
        172  |   1.226061   .2992017     4.10   0.000     .6382274    1.813894
        173  |   .7202709   .3125972     2.30   0.022     .1061198    1.334422
        174  |   .5283077   .2985628     1.77   0.077    -.0582704    1.114886
        175  |    1.37884   .3907932     3.53   0.000      .611059     2.14662
        176  |   1.298517     .29224     4.44   0.000     .7243614    1.872673
        177  |    1.02161   .3169015     3.22   0.001      .399002    1.644218
        178  |   1.182348    .324855     3.64   0.000     .5441142    1.820582
        179  |   .7632365   .3614017     2.11   0.035     .0532004    1.473273
        180  |   .9495866   .3963738     2.40   0.017     .1708418    1.728331
        181  |   .6256048   .2969668     2.11   0.036     .0421622    1.209047
        182  |  -.0463726   .4059079    -0.11   0.909    -.8438487    .7511035
        183  |    .880221   .2960667     2.97   0.003     .2985468    1.461895
        184  |   .2135392   .4958424     0.43   0.667    -.7606288    1.187707
        185  |   .6757688   .3341066     2.02   0.044     .0193588    1.332179
        186  |   .8052466   .3286422     2.45   0.015     .1595722    1.450921
        187  |  -.0580447   .5528528    -0.10   0.916     -1.14422     1.02813
        188  |   1.063976   .3547215     3.00   0.003      .367064    1.760887
        189  |   .4637251   .5266335     0.88   0.379    -.5709373    1.498387
        190  |   .3856008   .2963302     1.30   0.194     -.196591    .9677926
        191  |   .5614835   .3250141     1.73   0.085    -.0770629     1.20003
        192  |    .676748   .3208017     2.11   0.035     .0464776    1.307018
        193  |    .838327   .2815834     2.98   0.003     .2851078    1.391546
        194  |   .3324936   .4557165     0.73   0.466    -.5628402    1.227827
        195  |    .993871   .2852702     3.48   0.001     .4334084    1.554334
        196  |   .3321171   .3377426     0.98   0.326    -.3314365    .9956708
        197  |  -1.081573   .5109163    -2.12   0.035    -2.085357   -.0777898
        198  |   1.470027   .4783748     3.07   0.002     .5301773    2.409877
        199  |   1.310856   .4099691     3.20   0.001     .5054011    2.116311
        200  |   .6854747   .3750733     1.83   0.068    -.0514216    1.422371
        201  |  -.7304418   .5895183    -1.24   0.216    -1.888652    .4277685
        202  |  -.6356947   .5825001    -1.09   0.276    -1.780117    .5087273
        203  |    .983719   .3434477     2.86   0.004     .3089567    1.658481
        204  |   .8101605   .3259711     2.49   0.013      .169734    1.450587
        205  |   1.006193   .3190551     3.15   0.002     .3793547    1.633032
        206  |   1.295616   .3514577     3.69   0.000     .6051166    1.986115
        207  |   .7309851   .2914042     2.51   0.012     .1584712    1.303499
        208  |   1.370355   .2918098     4.70   0.000     .7970441    1.943666
        209  |   .5707613   .3866857     1.48   0.141    -.1889495    1.330472
        210  |   .6103062   .3142203     1.94   0.053    -.0070338    1.227646
        211  |    1.01228    .315031     3.21   0.001     .3933469    1.631212
        212  |   1.594873   .5183753     3.08   0.002     .5764354    2.613311
        213  |   .9393931   .2987195     3.14   0.002     .3525071    1.526279
        214  |   1.215762   .3771771     3.22   0.001     .4747321    1.956791
        215  |   .6649287   .3189952     2.08   0.038     .0382077     1.29165
        216  |   .5321898   .3043545     1.75   0.081    -.0657671    1.130147
        217  |   .9164662   .3649724     2.51   0.012     .1994149    1.633518
        218  |   .1584329   .5622292     0.28   0.778    -.9461634    1.263029
        219  |    1.17191   .4714818     2.49   0.013     .2456025    2.098217
        220  |    .178299   .3761417     0.47   0.636    -.5606962    .9172942
        221  |   1.027604   .3790216     2.71   0.007     .2829503    1.772257
        222  |   1.620672   .2860771     5.67   0.000     1.058625     2.18272
        223  |   1.043744   .3219112     3.24   0.001     .4112941    1.676194
        224  |   1.123646    .399538     2.81   0.005      .338685    1.908608
        225  |   .9810458   .3208108     3.06   0.002     .3507576    1.611334
        226  |   1.372932    .302593     4.54   0.000     .7784354    1.967428
        227  |   .9607272   .2938878     3.27   0.001      .383334     1.53812
        228  |   .4714018    .321156     1.47   0.143    -.1595647    1.102368
        229  |   1.866025   .5046411     3.70   0.000     .8745704     2.85748
        230  |   .8993221   .2827794     3.18   0.002     .3437531    1.454891
        231  |    .705741   .3032461     2.33   0.020     .1099616     1.30152
        232  |   1.306937   .2898929     4.51   0.000     .7373922    1.876481
        233  |   .5195072   .3270892     1.59   0.113    -.1231159     1.16213
        234  |   .2501196   .5539985     0.45   0.652    -.8383061    1.338545
        235  |   .6514555   .3190134     2.04   0.042     .0246986    1.278212
        236  |   1.515449   .5016257     3.02   0.003     .5299189    2.500979
        237  |   1.311976   .5554426     2.36   0.019     .2207127    2.403239
        238  |   1.181669    .313436     3.77   0.000     .5658697    1.797468
        239  |   1.399303     .31756     4.41   0.000     .7754019    2.023205
        240  |   1.091965   .3847705     2.84   0.005     .3360172    1.847913
        241  |   .2642926   .3595499     0.74   0.463    -.4421051    .9706904
        242  |   .4072812   .2894337     1.41   0.160    -.1613612    .9759237
        243  |   .2136616   .4839554     0.44   0.659    -.7371523    1.164476
        244  |   .2819524   .4979609     0.57   0.571    -.6963778    1.260283
        245  |   .6623613   .3592246     1.84   0.066    -.0433974     1.36812
        246  |   .6883572   .2883398     2.39   0.017     .1218639     1.25485
        247  |   .6873196   .3015517     2.28   0.023     .0948693     1.27977
        248  |   1.266452   .3326454     3.81   0.000     .6129125    1.919991
        249  |   .9869147   .3684121     2.68   0.008     .2631056    1.710724
        250  |   3.079358   .4533074     6.79   0.000     2.188758    3.969959
        251  |   .2749481   .4099811     0.67   0.503    -.5305305    1.080427
        252  |   1.876884   .3155679     5.95   0.000     1.256896    2.496871
        253  |   .2194257   .3754714     0.58   0.559    -.5182527    .9571041
        254  |    .226797   .3348217     0.68   0.498    -.4310182    .8846121
        255  |   .7572265   .2861281     2.65   0.008     .1950785    1.319374
        256  |   1.028737   .3332284     3.09   0.002     .3740521    1.683422
        257  |   1.603951    .290437     5.52   0.000     1.033337    2.174564
        258  |   1.222008   .2847034     4.29   0.000      .662659    1.781357
        259  |   .4395398   .5443561     0.81   0.420    -.6299417    1.509021
        260  |   .1566657   .3637126     0.43   0.667    -.5579104    .8712418
        261  |   .4032818   .3401814     1.19   0.236    -.2650633    1.071627
        262  |   .8059313   .3006351     2.68   0.008     .2152818    1.396581
        263  |   .9285957   .2888756     3.21   0.001     .3610498    1.496142
        264  |   1.074963   .2998449     3.59   0.000     .4858657     1.66406
        265  |   2.242174   .3517079     6.38   0.000     1.551183    2.933165
        266  |   1.116806   .2889666     3.86   0.000     .5490811    1.684531
        267  |   .6982384   .4004049     1.74   0.082    -.0884262    1.484903
        268  |   1.288818   .3973343     3.24   0.001     .5081862     2.06945
        269  |    .995016   .2914191     3.41   0.001     .4224728    1.567559
        270  |   1.228009   .3226469     3.81   0.000      .594113    1.861904
        271  |   1.485881   .4225829     3.52   0.000     .6556435    2.316118
        272  |   .5624399   .3251783     1.73   0.084    -.0764291    1.201309
        273  |   .8151551    .334816     2.43   0.015     .1573512    1.472959
        274  |   .5838721    .299393     1.95   0.052    -.0043373    1.172081
        275  |   .7732878   .3533984     2.19   0.029     .0789757      1.4676
        276  |     1.0921   .4099103     2.66   0.008     .2867604    1.897439
        277  |   .8313857   .3920216     2.12   0.034     .0611916     1.60158
        278  |   1.985616    .308442     6.44   0.000     1.379628    2.591603
        279  |   1.057149   .3247763     3.26   0.001     .4190701    1.695228
        280  |   .8116758    .298592     2.72   0.007     .2250403    1.398311
        281  |   2.697942   .4047896     6.67   0.000     1.902662    3.493221
        282  |   .2571815   .9564067     0.27   0.788    -1.621845    2.136208
        283  |  -.2953743   .4956301    -0.60   0.551    -1.269125    .6783767
        284  |   1.208625   .3078643     3.93   0.000     .6037725    1.813478
        285  |  -.2234835   .5198126    -0.43   0.667    -1.244745    .7977781
        286  |     .81081   .3662236     2.21   0.027     .0913006    1.530319
        287  |   1.586077   .3608532     4.40   0.000     .8771186    2.295035
        288  |   .8747007   .4221386     2.07   0.039     .0453366    1.704065
        289  |   .4844991   .3167102     1.53   0.127    -.1377328    1.106731
        290  |   1.105705   .3336346     3.31   0.001     .4502223    1.761188
        291  |   1.530186   .4212754     3.63   0.000     .7025183    2.357855
        292  |   1.865827   .4416509     4.22   0.000     .9981277    2.733527
        293  |   .9922023   .4619839     2.15   0.032     .0845552     1.89985
        294  |   1.430818   .3787747     3.78   0.000     .6866494    2.174986
        295  |    1.23741   .3747585     3.30   0.001      .501132    1.973687
        296  |   .2578016   .5013993     0.51   0.607    -.7272838    1.242887
        297  |   -.152938   .4762689    -0.32   0.748     -1.08865    .7827744
        298  |   .1644222   .4442007     0.37   0.711    -.7082868    1.037131
        299  |   1.241637    .463229     2.68   0.008     .3315442    2.151731
        300  |   .7022513   .6350484     1.11   0.269     -.545411    1.949914
        301  |  -.1153022   .3958252    -0.29   0.771    -.8929691    .6623647
        302  |    1.42102   .5994618     2.37   0.018     .2432741    2.598766
        303  |   1.097156   .3657722     3.00   0.003     .3785334    1.815779
        304  |   1.023516    .363103     2.82   0.005     .3101379    1.736895
        305  |   2.023219   .3955889     5.11   0.000     1.246016    2.800422
        306  |  -.3781475   .3421374    -1.11   0.270    -1.050336    .2940405
        307  |   .2239167   .4155718     0.54   0.590    -.5925459    1.040379
        308  |   1.056407   .3710934     2.85   0.005     .3273298    1.785484
        309  |    1.58675   .4492055     3.53   0.000     .7042079    2.469292
        310  |   .3715469   .4761858     0.78   0.436    -.5640022    1.307096
        311  |   .6193567   .3747137     1.65   0.099    -.1168331    1.355546
        312  |   .6213081   .3181631     1.95   0.051    -.0037783    1.246394
        313  |   .6506939   .3619308     1.80   0.073    -.0603817    1.361769
        314  |   1.433022   .4053158     3.54   0.000     .6367091    2.229335
        315  |   .5327052   .3785924     1.41   0.160     -.211105    1.276515
        316  |   1.396437   .3465665     4.03   0.000     .7155471    2.077326
        317  |   2.783865   .4145884     6.71   0.000     1.969334    3.598395
        318  |    .550252   .3043787     1.81   0.071    -.0477524    1.148257
        319  |   1.438328   .2996281     4.80   0.000     .8496564    2.026999
        320  |   .7800889   .2920679     2.67   0.008     .2062711    1.353907
        321  |   1.484624   .5554528     2.67   0.008     .3933409    2.575907
        322  |   1.653542   .3884982     4.26   0.000     .8902699    2.416814
        323  |   1.367175   .3003554     4.55   0.000     .7770753    1.957275
        324  |   .8848714   .3390668     2.61   0.009      .218716    1.551027
        325  |   1.289098   .3472982     3.71   0.000     .6067706    1.971425
        326  |   .5581859   .3610126     1.55   0.123    -.1510857    1.267458
        327  |   .8356184   .2818355     2.96   0.003     .2819039    1.389333
        328  |   .8966254   .3118376     2.88   0.004     .2839666    1.509284
        329  |   1.071916   .2867598     3.74   0.000     .5085266    1.635305
        330  |   1.073357    .336051     3.19   0.001     .4131271    1.733588
        331  |   1.050235   .2950127     3.56   0.000     .4706311    1.629838
        332  |   1.030142   .2984734     3.45   0.001     .4437397    1.616545
        333  |   .6560763   .3159622     2.08   0.038     .0353139    1.276839
        334  |   1.839178   .3960135     4.64   0.000     1.061141    2.617215
        335  |   1.700404   .6237043     2.73   0.007     .4750289    2.925778
        336  |   1.731234   .3209733     5.39   0.000     1.100627    2.361842
        337  |   1.042884   .3828169     2.72   0.007     .2907745    1.794994
        338  |   .8573898   .3677481     2.33   0.020     .1348852    1.579894
        339  |   .5469064   .3231507     1.69   0.091     -.087979    1.181792
        340  |   1.173969   .4107967     2.86   0.004      .366888     1.98105
        341  |   1.138544    .386549     2.95   0.003     .3791014    1.897986
        342  |   .5354878   .3725473     1.44   0.151    -.1964456    1.267421
        343  |   1.695105   .3464454     4.89   0.000     1.014453    2.375756
        344  |    .265461   .4428093     0.60   0.549    -.6045144    1.135436
        345  |  -.0563251   .3627097    -0.16   0.877     -.768931    .6562808
        346  |   1.166991   .6856526     1.70   0.089    -.1800915    2.514074
        347  |   1.134447   .7121848     1.59   0.112    -.2647635    2.533656
        348  |   .5981955    .459952     1.30   0.194    -.3054596    1.501851
        349  |   .7766251   .4997721     1.55   0.121    -.2052634    1.758514
        350  |   1.703854   .3119804     5.46   0.000     1.090915    2.316794
        351  |   .6307988   .3382996     1.86   0.063    -.0338492    1.295447
        352  |   .4121199   .3886085     1.06   0.289    -.3513686    1.175608
        353  |   1.157162   .5759036     2.01   0.045     .0257001    2.288624
        354  |    1.53055   .3505299     4.37   0.000     .8418732    2.219226
        355  |    2.01365     .54599     3.69   0.000     .9409581    3.086341
        356  |   1.865094   .4163948     4.48   0.000     1.047014    2.683173
        357  |   1.024498   .3842781     2.67   0.008     .2695172    1.779478
        358  |   .2408334   .6264314     0.38   0.701    -.9898992    1.471566
        359  |   2.371229   .6239985     3.80   0.000     1.145276    3.597182
        360  |   1.048203   .3417999     3.07   0.002     .3766785    1.719728
        361  |   .1079558   .3753786     0.29   0.774    -.6295402    .8454519
        362  |   .9601167   .4374513     2.19   0.029     .1006681    1.819565
        363  |   1.655488   .2861555     5.79   0.000     1.093286     2.21769
        364  |    1.37244   .3543608     3.87   0.000     .6762373    2.068643
        365  |   .7488774    .417658     1.79   0.074    -.0716837    1.569439
        366  |   .9327845   .3255173     2.87   0.004     .2932496    1.572319
        367  |   .7509813   .4052151     1.85   0.064    -.0451338    1.547096
        368  |   .6618042   .5962507     1.11   0.268    -.5096332    1.833242
        369  |   1.191139   .3596682     3.31   0.001     .4845084    1.897769
        370  |   1.467905   .3108746     4.72   0.000     .8571379    2.078671
        371  |    1.30152   .3521777     3.70   0.000     .6096058    1.993433
        372  |   .8200794   .7838984     1.05   0.296    -.7200243    2.360183
        373  |   .7361361   .3278439     2.25   0.025     .0920301    1.380242
        374  |   .8846753   .3175421     2.79   0.006     .2608091    1.508542
        375  |   .2712521   .3293699     0.82   0.411     -.375852    .9183562
        376  |  -.5669669   .5771774    -0.98   0.326    -1.700932    .5669979
        377  |    1.54348   .4448221     3.47   0.001     .6695497    2.417409
        378  |   .3198334   .3436477     0.93   0.352    -.3553218    .9949886
        379  |   .5397161   .3927324     1.37   0.170    -.2318744    1.311307
        380  |   1.192264   .4106983     2.90   0.004     .3853765    1.999152
        381  |   .7175487   .5283757     1.36   0.175    -.3205366    1.755634
        382  |   1.699213   .3884266     4.37   0.000     .9360815    2.462344
        383  |   .7309477   .3984147     1.83   0.067    -.0518068    1.513702
        384  |   1.115987   .4031497     2.77   0.006       .32393    1.908044
        385  |   1.665414    .589507     2.83   0.005     .5072256    2.823602
        386  |   1.361795   .3293778     4.13   0.000     .7146754    2.008914
        387  |   .7014115   .3494745     2.01   0.045     .0148085    1.388014
        388  |   .3002019   .4409889     0.68   0.496    -.5661969    1.166601
        389  |   1.370015   .4146125     3.30   0.001     .5554373    2.184593
        390  |  -.1244665   .3485494    -0.36   0.721     -.809252    .5603191
        391  |   1.457456   .3467613     4.20   0.000     .7761836    2.138729
        392  |   .7591995   .3803245     2.00   0.046     .0119864    1.506413
        393  |   .7470648   .5884074     1.27   0.205    -.4089631    1.903093
        394  |   1.383181   .3284897     4.21   0.000     .7378063    2.028556
        395  |   .4612218     .42071     1.10   0.273    -.3653355    1.287779
        396  |   1.076083   .3847517     2.80   0.005     .3201721    1.831995
        397  |   .6451877   .4146437     1.56   0.120    -.1694514    1.459827
        398  |   2.792332   .3858025     7.24   0.000     2.034357    3.550308
        399  |    2.70477   .7061131     3.83   0.000     1.317489    4.092051
        400  |   1.678422   .3643373     4.61   0.000     .9626184    2.394226
        401  |    .047038   .5843766     0.08   0.936    -1.101071    1.195147
        402  |   1.155264   .3572541     3.23   0.001     .4533768    1.857152
        403  |   .6842011   .3671429     1.86   0.063    -.0371146    1.405517
        404  |   .9155968    .409945     2.23   0.026     .1101891    1.721004
        405  |   2.629326   .7728111     3.40   0.001     1.111005    4.147647
        406  |   .2556884   .4257129     0.60   0.548    -.5806982    1.092075
        407  |    1.81847   .4945794     3.68   0.000     .8467831    2.790156
        408  |   2.072087     .56378     3.68   0.000     .9644443    3.179731
        409  |   1.102326   .4464633     2.47   0.014     .2251722    1.979481
        410  |   2.177457   .4023081     5.41   0.000     1.387053     2.96786
        411  |   1.580906   .3940755     4.01   0.000      .806677    2.355136
        412  |    .191965   .4892101     0.39   0.695    -.7691726    1.153103
        413  |   1.047545   .5119426     2.05   0.041     .0417449    2.053344
        414  |   .7430075   .3520418     2.11   0.035     .0513607    1.434654
        415  |    .010185   .6303075     0.02   0.987    -1.228163    1.248533
        416  |   1.041749   .4177807     2.49   0.013     .2209467    1.862551
        417  |   .5458828   .3070096     1.78   0.076    -.0572906    1.149056
        418  |   .7358439   .3024618     2.43   0.015     .1416055    1.330082
        419  |    .775436   .3391831     2.29   0.023     .1090522     1.44182
        420  |   1.683669   .5547707     3.03   0.003     .5937261    2.773612
        421  |    .910417   .2871507     3.17   0.002     .3462598    1.474574
        422  |   .9621129   .3040053     3.16   0.002      .364842    1.559384
        423  |    .748216   .3101451     2.41   0.016     .1388823     1.35755
        424  |   .4196806   .5357096     0.78   0.434    -.6328135    1.472175
        425  |   1.427605   .3409445     4.19   0.000     .7577603    2.097449
        426  |   .9095036   .3145755     2.89   0.004     .2914657    1.527541
        427  |   .6979819   .3076013     2.27   0.024     .0936461    1.302318
        428  |   .3353598   .3290339     1.02   0.309    -.3110841    .9818038
        429  |   .8920327   .2989777     2.98   0.003     .3046393    1.479426
        430  |   .5126801   .4508719     1.14   0.256    -.3731357    1.398496
        431  |   1.450631   .5108422     2.84   0.005     .4469929    2.454268
        432  |   .8836554   .2987023     2.96   0.003     .2968031    1.470508
        433  |   .8615499   .3280278     2.63   0.009     .2170827    1.506017
        434  |   .9086295   .3134681     2.90   0.004     .2927672    1.524492
        435  |    .910119   .3769446     2.41   0.016     .1695464    1.650692
        436  |   .5054633   .3013543     1.68   0.094    -.0865992    1.097526
        437  |   1.699734   .3417638     4.97   0.000      1.02828    2.371188
        438  |   .3533756   .4095969     0.86   0.389    -.4513483    1.158099
        439  |   .7541939   .3001066     2.51   0.012     .1645827    1.343805
        440  |   .5300526   .2968749     1.79   0.075    -.0532093    1.113315
        441  |   .6513259   .4055133     1.61   0.109     -.145375    1.448027
        442  |   .3075185   .4254666     0.72   0.470    -.5283841    1.143421
        443  |   1.679603   .3115007     5.39   0.000     1.067607      2.2916
        444  |   .8958692   .3102336     2.89   0.004     .2863619    1.505377
        445  |   .9141136   .3667974     2.49   0.013     .1934767     1.63475
        446  |    .664405   .3445505     1.93   0.054     -.012524    1.341334
        447  |   1.363364   .3001325     4.54   0.000     .7737023    1.953027
        448  |   .5598451   .3555489     1.57   0.116    -.1386921    1.258382
        449  |   .5789472   .4219878     1.37   0.171    -.2501207    1.408015
        450  |   .7226041   .3396613     2.13   0.034     .0552808    1.389927
        451  |   1.057294   .4233037     2.50   0.013     .2256403    1.888947
        452  |   1.308304   .3536688     3.70   0.000     .6134605    2.003147
        453  |   1.542164   .3031321     5.09   0.000     .9466085    2.137719
        454  |   .6750286   .3166844     2.13   0.034     .0528474     1.29721
        455  |   .9431626   .3770839     2.50   0.013     .2023161    1.684009
        456  |   1.043268   .2856832     3.65   0.000     .4819943    1.604542
        457  |    .251541   .3691686     0.68   0.496    -.4737543    .9768364
        458  |   .6667664   .3640932     1.83   0.068    -.0485575     1.38209
        459  |   .7632281   .2849849     2.68   0.008      .203326     1.32313
        460  |   .5912373   .2983714     1.98   0.048     .0050353    1.177439
        461  |   1.279428   .3029256     4.22   0.000     .6842779    1.874577
        462  |   1.474247   .2846808     5.18   0.000     .9149426    2.033552
        463  |   .1774862   .4081398     0.43   0.664     -.624375    .9793474
        464  |   .7219185   .3922669     1.84   0.066    -.0487575    1.492595
        465  |   .4054743   .5284064     0.77   0.443    -.6326712     1.44362
        466  |   1.101388   .3027755     3.64   0.000     .5065334    1.696243
        467  |   .4019169   .3118099     1.29   0.198    -.2106875    1.014521
        468  |   .5876991   .3263508     1.80   0.072    -.0534734    1.228872
        469  |   1.461608   .3780912     3.87   0.000     .7187828    2.204434
        470  |   1.152333   .3101118     3.72   0.000     .5430652    1.761602
        471  |   1.050276   .3161096     3.32   0.001     .4292243    1.671328
        472  |   .4509741   .3541459     1.27   0.203    -.2448067    1.146755
        473  |   .2952549   .3548069     0.83   0.406    -.4018244    .9923343
        474  |   1.648979   .3052625     5.40   0.000     1.049239     2.24872
        475  |   .3984945   .3360349     1.19   0.236    -.2617041    1.058693
        476  |   1.256899   .3486656     3.60   0.000     .5718853    1.941913
        477  |   1.011821   .2975047     3.40   0.001     .4273216     1.59632
        478  |   .8087003    .317193     2.55   0.011     .1855198    1.431881
        479  |   1.036686   .4119019     2.52   0.012     .2274331    1.845938
        480  |   1.639286   .3452226     4.75   0.000     .9610369    2.317536
        481  |   .6667405   .3319596     2.01   0.045     .0145486    1.318932
        482  |   .3038243   .3661088     0.83   0.407    -.4154596    1.023108
        483  |   .9399876   .3044353     3.09   0.002     .3418719    1.538103
        484  |   1.362177   .3102292     4.39   0.000     .7526785    1.971676
        485  |   .4415455   .3439287     1.28   0.200    -.2341618    1.117253
        486  |   .6119632   .2895943     2.11   0.035     .0430052    1.180921
        487  |   1.198685   .3619202     3.31   0.001     .4876306     1.90974
        488  |   .6722996    .303199     2.22   0.027     .0766128    1.267986
        489  |   1.209813   .3322759     3.64   0.000         .557    1.862627
        490  |   .6497923   .3052168     2.13   0.034     .0501413    1.249443
        491  |   .4221703   .2978263     1.42   0.157     -.162961    1.007302
        492  |  -.5633339   .4637451    -1.21   0.225    -1.474441    .3477734
        493  |   .7796712   .3038067     2.57   0.011     .1827906    1.376552
        494  |   .9654397    .305634     3.16   0.002      .364969     1.56591
        495  |   1.419874    .471898     3.01   0.003     .4927486    2.346999
        496  |   .7625062   .3917563     1.95   0.052    -.0071668    1.532179
        497  |   .8449521   .3085163     2.74   0.006     .2388186    1.451086
        498  |   .6920408   .3633324     1.90   0.057    -.0217884     1.40587
        499  |   1.418558   .3756245     3.78   0.000     .6805783    2.156537
        500  |   .9365476   .3957304     2.37   0.018     .1590669    1.714028
        501  |    1.52494    .513524     2.97   0.003      .516033    2.533846
        502  |   .6560772   .3711266     1.77   0.078     -.073065    1.385219
        503  |   1.006091   .3630876     2.77   0.006     .2927431     1.71944
        504  |   .4641177   .4319989     1.07   0.283    -.3846187    1.312854
        505  |   1.428558   .2948534     4.84   0.000     .8492677    2.007849
        506  |   1.582648   .3000992     5.27   0.000     .9930515    2.172245
        507  |   1.388426   .2855411     4.86   0.000     .8274313    1.949421
             |
       _cons |  -4.116555   .2910458   -14.14   0.000    -4.688365   -3.544746
------------------------------------------------------------------------------

Absorbed degrees of freedom:
-----------------------------------------------------+
 Absorbed FE | Categories  - Redundant  = Num. Coefs |
-------------+---------------------------------------|
     athr_id |     92704           0       92704     |
        year |        79           1          78     |
-----------------------------------------------------+
(503,739 observations deleted)
(1 observation deleted)

    Result                      Number of obs
    -----------------------------------------
    Not matched                             0
    Matched                               505  
    -----------------------------------------

    Result                      Number of obs
    -----------------------------------------
    Not matched                             0
    Matched                               505  
    -----------------------------------------
(note: missing values will be sorted first)
(505 missing values generated)
variable inst_lab was str1 now str26
(4 real changes made)
(file ../output/reg_fes_impact_affl_wt.dta not found)
file ../output/reg_fes_impact_affl_wt.dta saved
(455 observations deleted)
file ../output/figures/inst_fes_impact_affl_wt.pdf saved as PDF format
file ../temp/reg_fes_impact_cite_affl_wt.dta not found
r(601);

end of do-file
r(601);

