--------------------------------------------------------------------------------
Makelog started: 2024-03-06 01:51:59
Working directory: /export/home/dor/cxu/innovation_projs/derived/science_geo/pubmed/append_full_pmids/code
--------------------------------------------------------------------------------
External links successfully created!

  ___  ____  ____  ____  ____ ®
 /__    /   ____/   /   ____/      17.0
___/   /   /___/   /   /___/       MP—Parallel Edition

 Statistics and Data Science       Copyright 1985-2021 StataCorp LLC
                                   StataCorp
                                   4905 Lakeway Drive
                                   College Station, Texas 77845 USA
                                   800-STATA-PC        https://www.stata.com
                                   979-696-4600        stata@stata.com

Stata license: Unlimited-user 4-core network, expiring 17 Nov 2024
Serial number: 501809301897
  Licensed to: Harvard Business School
               Research Computing

Notes:
      1. Stata is running in batch mode.
      2. Unicode is supported; see help unicode_advice.
      3. More than 2 billion observations are allowed; see help obs_advice.
      4. Maximum number of variables is set to 120,000; see help set_maxvar.

. do "/export/home/dor/cxu/innovation_projs/derived/science_geo/pubmed/append_f
> ull_pmids/code/build.do" 

. set more off

. clear all

. capture log close

. program drop _all

. set scheme modern

. preliminaries

. version 17

. set maxvar 120000, perm
(set maxvar preference recorded)


. 
. program main   
  1.     append_indicies
  2.     append_jrnls
  3. end

. 
. program append_indicies
  1.     foreach samp in fundamental therapeutics diseases {
  2.         forval y = 1945/2022 {
  3.             import delimited using "../external/samp/`samp'_`y'", clear varn(1)
  4.             tostring pmid, replace
  5.             tostring query_name, replace
  6.             drop if pmid == "NA"
  7.             destring pmid, replace
  8.             save ../temp/`samp'_`y', replace
  9.         }
 10.     }
 11.     local filelist: dir "../temp/" files "*.dta"
 12.     clear
 13.     foreach file in `filelist' {
 14.         append using ../temp/`file'
 15.     }
 16.     save ../temp/all_newfund_pmids, replace
 17. 
.     split query_name, p("_")
 18.     ren query_name1 cat 
 19.     ren query_name2 year
 20.     destring year, replace
 21.     drop query_name 
 22.     replace pmid = pmid*10000 
 23.     duplicates tag pmid cat, gen(dup)
 24.         bys pmid cat: egen minyr = min(year)
 25.     drop if year > minyr & dup > 0
 26.     drop dup minyr
 27.         duplicates tag pmid, gen(dup)
 28.     gen fund = cat == "fundamental"
 29.     bys pmid: egen tot_fund = max(fund)
 30.     drop if dup > 0 & tot_fund == 1 & fund != 1
 31.     
.     drop dup fund tot_fund
 32.     gduplicates drop 
 33.     duplicates tag pmid, gen(dup)
 34.     gen dis = cat == "diseases"
 35.     bys pmid: egen tot_dis = max(dis)
 36.     drop if dup > 0 & tot_dis == 1 &  dis != 1
 37.         gisid pmid
 38.         replace pmid = pmid/10000 if inlist(cat, "fundamental", "diseases", "therapeutics")
 39.     drop dup dis tot_dis 
 40.         save "../output/all_newfund_pmids.dta", replace
 41. end

. 
. main
(encoding automatically selected: ISO-8859-1)
(2 vars, 4,969 obs)
pmid was long now str8
query_name already string; no replace
(0 observations deleted)
pmid: all characters numeric; replaced as long
(file ../temp/fundamental_1945.dta not found)
file ../temp/fundamental_1945.dta saved
(encoding automatically selected: ISO-8859-1)
(2 vars, 10,001 obs)
pmid already string; no replace
query_name already string; no replace
(2 observations deleted)
pmid: all characters numeric; replaced as long
(file ../temp/fundamental_1946.dta not found)
file ../temp/fundamental_1946.dta saved
(encoding automatically selected: ISO-8859-1)
(2 vars, 10,002 obs)
pmid already string; no replace
query_name already string; no replace
(3 observations deleted)
pmid: all characters numeric; replaced as long
(file ../temp/fundamental_1947.dta not found)
file ../temp/fundamental_1947.dta saved
(encoding automatically selected: ISO-8859-1)
(2 vars, 10,002 obs)
pmid already string; no replace
query_name already string; no replace
(3 observations deleted)
pmid: all characters numeric; replaced as long
(file ../temp/fundamental_1948.dta not found)
file ../temp/fundamental_1948.dta saved
(encoding automatically selected: ISO-8859-1)
(2 vars, 10,002 obs)
pmid already string; no replace
query_name already string; no replace
(3 observations deleted)
pmid: all characters numeric; replaced as long
(file ../temp/fundamental_1949.dta not found)
file ../temp/fundamental_1949.dta saved
(encoding automatically selected: ISO-8859-1)
(2 vars, 10,003 obs)
pmid already string; no replace
query_name already string; no replace
(4 observations deleted)
pmid: all characters numeric; replaced as long
(file ../temp/fundamental_1950.dta not found)
file ../temp/fundamental_1950.dta saved
(encoding automatically selected: ISO-8859-1)
(2 vars, 1 obs)
pmid was long now str8
query_name already string; no replace
(0 observations deleted)
pmid: all characters numeric; replaced as long
(file ../temp/fundamental_1951.dta not found)
file ../temp/fundamental_1951.dta saved
(encoding automatically selected: ISO-8859-1)
(2 vars, 1 obs)
pmid was long now str8
query_name already string; no replace
(0 observations deleted)
pmid: all characters numeric; replaced as long
(file ../temp/fundamental_1952.dta not found)
file ../temp/fundamental_1952.dta saved
(encoding automatically selected: ISO-8859-1)
(2 vars, 1 obs)
pmid was long now str8
query_name already string; no replace
(0 observations deleted)
pmid: all characters numeric; replaced as long
(file ../temp/fundamental_1953.dta not found)
file ../temp/fundamental_1953.dta saved
(encoding automatically selected: ISO-8859-1)
(2 vars, 1 obs)
pmid was long now str8
query_name already string; no replace
(0 observations deleted)
pmid: all characters numeric; replaced as long
(file ../temp/fundamental_1954.dta not found)
file ../temp/fundamental_1954.dta saved
(encoding automatically selected: ISO-8859-1)
(2 vars, 1 obs)
pmid was long now str8
query_name already string; no replace
(0 observations deleted)
pmid: all characters numeric; replaced as long
(file ../temp/fundamental_1955.dta not found)
file ../temp/fundamental_1955.dta saved
(encoding automatically selected: ISO-8859-1)
(2 vars, 1 obs)
pmid was long now str8
query_name already string; no replace
(0 observations deleted)
pmid: all characters numeric; replaced as long
(file ../temp/fundamental_1956.dta not found)
file ../temp/fundamental_1956.dta saved
(encoding automatically selected: ISO-8859-1)
(2 vars, 10,004 obs)
pmid already string; no replace
query_name already string; no replace
(5 observations deleted)
pmid: all characters numeric; replaced as long
(file ../temp/fundamental_1957.dta not found)
file ../temp/fundamental_1957.dta saved
(encoding automatically selected: ISO-8859-1)
(2 vars, 10,004 obs)
pmid already string; no replace
query_name already string; no replace
(5 observations deleted)
pmid: all characters numeric; replaced as long
(file ../temp/fundamental_1958.dta not found)
file ../temp/fundamental_1958.dta saved
(encoding automatically selected: ISO-8859-1)
(2 vars, 10,005 obs)
pmid already string; no replace
query_name already string; no replace
(6 observations deleted)
pmid: all characters numeric; replaced as long
(file ../temp/fundamental_1959.dta not found)
file ../temp/fundamental_1959.dta saved
(encoding automatically selected: ISO-8859-1)
(2 vars, 10,005 obs)
pmid already string; no replace
query_name already string; no replace
(6 observations deleted)
pmid: all characters numeric; replaced as long
(file ../temp/fundamental_1960.dta not found)
file ../temp/fundamental_1960.dta saved
(encoding automatically selected: ISO-8859-1)
(2 vars, 10,006 obs)
pmid already string; no replace
query_name already string; no replace
(7 observations deleted)
pmid: all characters numeric; replaced as long
(file ../temp/fundamental_1961.dta not found)
file ../temp/fundamental_1961.dta saved
(encoding automatically selected: ISO-8859-1)
(2 vars, 10,006 obs)
pmid already string; no replace
query_name already string; no replace
(7 observations deleted)
pmid: all characters numeric; replaced as long
(file ../temp/fundamental_1962.dta not found)
file ../temp/fundamental_1962.dta saved
(encoding automatically selected: ISO-8859-1)
(2 vars, 10,006 obs)
pmid already string; no replace
query_name already string; no replace
(7 observations deleted)
pmid: all characters numeric; replaced as long
(file ../temp/fundamental_1963.dta not found)
file ../temp/fundamental_1963.dta saved
(encoding automatically selected: ISO-8859-1)
(2 vars, 10,007 obs)
pmid already string; no replace
query_name already string; no replace
(8 observations deleted)
pmid: all characters numeric; replaced as long
(file ../temp/fundamental_1964.dta not found)
file ../temp/fundamental_1964.dta saved
(encoding automatically selected: ISO-8859-1)
(2 vars, 10,009 obs)
pmid already string; no replace
query_name already string; no replace
(10 observations deleted)
pmid: all characters numeric; replaced as long
(file ../temp/fundamental_1965.dta not found)
file ../temp/fundamental_1965.dta saved
(encoding automatically selected: ISO-8859-1)
(2 vars, 10,009 obs)
pmid already string; no replace
query_name already string; no replace
(10 observations deleted)
pmid: all characters numeric; replaced as long
(file ../temp/fundamental_1966.dta not found)
file ../temp/fundamental_1966.dta saved
(encoding automatically selected: ISO-8859-1)
(2 vars, 10,011 obs)
pmid already string; no replace
query_name already string; no replace
(12 observations deleted)
pmid: all characters numeric; replaced as long
(file ../temp/fundamental_1967.dta not found)
file ../temp/fundamental_1967.dta saved
(encoding automatically selected: ISO-8859-1)
(2 vars, 10,012 obs)
pmid already string; no replace
query_name already string; no replace
(13 observations deleted)
pmid: all characters numeric; replaced as long
(file ../temp/fundamental_1968.dta not found)
file ../temp/fundamental_1968.dta saved
(encoding automatically selected: ISO-8859-1)
(2 vars, 10,013 obs)
pmid already string; no replace
query_name already string; no replace
(14 observations deleted)
pmid: all characters numeric; replaced as long
(file ../temp/fundamental_1969.dta not found)
file ../temp/fundamental_1969.dta saved
(encoding automatically selected: ISO-8859-1)
(2 vars, 10,013 obs)
pmid already string; no replace
query_name already string; no replace
(14 observations deleted)
pmid: all characters numeric; replaced as long
(file ../temp/fundamental_1970.dta not found)
file ../temp/fundamental_1970.dta saved
(encoding automatically selected: ISO-8859-1)
(2 vars, 10,014 obs)
pmid already string; no replace
query_name already string; no replace
(15 observations deleted)
pmid: all characters numeric; replaced as long
(file ../temp/fundamental_1971.dta not found)
file ../temp/fundamental_1971.dta saved
(encoding automatically selected: ISO-8859-1)
(2 vars, 10,015 obs)
pmid already string; no replace
query_name already string; no replace
(16 observations deleted)
pmid: all characters numeric; replaced as long
(file ../temp/fundamental_1972.dta not found)
file ../temp/fundamental_1972.dta saved
(encoding automatically selected: ISO-8859-1)
(2 vars, 10,015 obs)
pmid already string; no replace
query_name already string; no replace
(16 observations deleted)
pmid: all characters numeric; replaced as long
(file ../temp/fundamental_1973.dta not found)
file ../temp/fundamental_1973.dta saved
(encoding automatically selected: ISO-8859-1)
(2 vars, 10,016 obs)
pmid already string; no replace
query_name already string; no replace
(17 observations deleted)
pmid: all characters numeric; replaced as long
(file ../temp/fundamental_1974.dta not found)
file ../temp/fundamental_1974.dta saved
(encoding automatically selected: ISO-8859-1)
(2 vars, 10,017 obs)
pmid already string; no replace
query_name already string; no replace
(18 observations deleted)
pmid: all characters numeric; replaced as long
(file ../temp/fundamental_1975.dta not found)
file ../temp/fundamental_1975.dta saved
(encoding automatically selected: ISO-8859-1)
(2 vars, 10,017 obs)
pmid already string; no replace
query_name already string; no replace
(18 observations deleted)
pmid: all characters numeric; replaced as long
(file ../temp/fundamental_1976.dta not found)
file ../temp/fundamental_1976.dta saved
(encoding automatically selected: ISO-8859-1)
(2 vars, 10,017 obs)
pmid already string; no replace
query_name already string; no replace
(18 observations deleted)
pmid: all characters numeric; replaced as long
(file ../temp/fundamental_1977.dta not found)
file ../temp/fundamental_1977.dta saved
(encoding automatically selected: ISO-8859-1)
(2 vars, 10,017 obs)
pmid already string; no replace
query_name already string; no replace
(18 observations deleted)
pmid: all characters numeric; replaced as long
(file ../temp/fundamental_1978.dta not found)
file ../temp/fundamental_1978.dta saved
(encoding automatically selected: ISO-8859-1)
(2 vars, 10,018 obs)
pmid already string; no replace
query_name already string; no replace
(19 observations deleted)
pmid: all characters numeric; replaced as long
(file ../temp/fundamental_1979.dta not found)
file ../temp/fundamental_1979.dta saved
(encoding automatically selected: ISO-8859-1)
(2 vars, 10,018 obs)
pmid already string; no replace
query_name already string; no replace
(19 observations deleted)
pmid: all characters numeric; replaced as long
(file ../temp/fundamental_1980.dta not found)
file ../temp/fundamental_1980.dta saved
(encoding automatically selected: ISO-8859-1)
(2 vars, 10,018 obs)
pmid already string; no replace
query_name already string; no replace
(19 observations deleted)
pmid: all characters numeric; replaced as long
(file ../temp/fundamental_1981.dta not found)
file ../temp/fundamental_1981.dta saved
(encoding automatically selected: ISO-8859-1)
(2 vars, 10,019 obs)
pmid already string; no replace
query_name already string; no replace
(20 observations deleted)
pmid: all characters numeric; replaced as long
(file ../temp/fundamental_1982.dta not found)
file ../temp/fundamental_1982.dta saved
(encoding automatically selected: ISO-8859-1)
(2 vars, 10,020 obs)
pmid already string; no replace
query_name already string; no replace
(21 observations deleted)
pmid: all characters numeric; replaced as long
(file ../temp/fundamental_1983.dta not found)
file ../temp/fundamental_1983.dta saved
(encoding automatically selected: ISO-8859-1)
(2 vars, 7,862 obs)
pmid was long now str8
query_name already string; no replace
(0 observations deleted)
pmid: all characters numeric; replaced as long
(file ../temp/fundamental_1984.dta not found)
file ../temp/fundamental_1984.dta saved
(encoding automatically selected: ISO-8859-1)
(2 vars, 10,021 obs)
pmid already string; no replace
query_name already string; no replace
(22 observations deleted)
pmid: all characters numeric; replaced as long
(file ../temp/fundamental_1985.dta not found)
file ../temp/fundamental_1985.dta saved
(encoding automatically selected: ISO-8859-1)
(2 vars, 10,022 obs)
pmid already string; no replace
query_name already string; no replace
(23 observations deleted)
pmid: all characters numeric; replaced as long
(file ../temp/fundamental_1986.dta not found)
file ../temp/fundamental_1986.dta saved
(encoding automatically selected: ISO-8859-1)
(2 vars, 10,023 obs)
pmid already string; no replace
query_name already string; no replace
(24 observations deleted)
pmid: all characters numeric; replaced as long
(file ../temp/fundamental_1987.dta not found)
file ../temp/fundamental_1987.dta saved
(encoding automatically selected: ISO-8859-1)
(2 vars, 10,024 obs)
pmid already string; no replace
query_name already string; no replace
(25 observations deleted)
pmid: all characters numeric; replaced as long
(file ../temp/fundamental_1988.dta not found)
file ../temp/fundamental_1988.dta saved
(encoding automatically selected: ISO-8859-1)
(2 vars, 10,025 obs)
pmid already string; no replace
query_name already string; no replace
(26 observations deleted)
pmid: all characters numeric; replaced as long
(file ../temp/fundamental_1989.dta not found)
file ../temp/fundamental_1989.dta saved
(encoding automatically selected: ISO-8859-1)
(2 vars, 10,026 obs)
pmid already string; no replace
query_name already string; no replace
(27 observations deleted)
pmid: all characters numeric; replaced as long
(file ../temp/fundamental_1990.dta not found)
file ../temp/fundamental_1990.dta saved
(encoding automatically selected: ISO-8859-1)
(2 vars, 10,026 obs)
pmid already string; no replace
query_name already string; no replace
(27 observations deleted)
pmid: all characters numeric; replaced as long
(file ../temp/fundamental_1991.dta not found)
file ../temp/fundamental_1991.dta saved
(encoding automatically selected: ISO-8859-1)
(2 vars, 10,026 obs)
pmid already string; no replace
query_name already string; no replace
(27 observations deleted)
pmid: all characters numeric; replaced as long
(file ../temp/fundamental_1992.dta not found)
file ../temp/fundamental_1992.dta saved
(encoding automatically selected: ISO-8859-1)
(2 vars, 10,026 obs)
pmid already string; no replace
query_name already string; no replace
(27 observations deleted)
pmid: all characters numeric; replaced as long
(file ../temp/fundamental_1993.dta not found)
file ../temp/fundamental_1993.dta saved
(encoding automatically selected: ISO-8859-1)
(2 vars, 10,027 obs)
pmid already string; no replace
query_name already string; no replace
(28 observations deleted)
pmid: all characters numeric; replaced as long
(file ../temp/fundamental_1994.dta not found)
file ../temp/fundamental_1994.dta saved
(encoding automatically selected: ISO-8859-1)
(2 vars, 10,027 obs)
pmid already string; no replace
query_name already string; no replace
(28 observations deleted)
pmid: all characters numeric; replaced as long
(file ../temp/fundamental_1995.dta not found)
file ../temp/fundamental_1995.dta saved
(encoding automatically selected: ISO-8859-1)
(2 vars, 10,027 obs)
pmid already string; no replace
query_name already string; no replace
(28 observations deleted)
pmid: all characters numeric; replaced as long
(file ../temp/fundamental_1996.dta not found)
file ../temp/fundamental_1996.dta saved
(encoding automatically selected: ISO-8859-1)
(2 vars, 10,028 obs)
pmid already string; no replace
query_name already string; no replace
(29 observations deleted)
pmid: all characters numeric; replaced as long
(file ../temp/fundamental_1997.dta not found)
file ../temp/fundamental_1997.dta saved
(encoding automatically selected: ISO-8859-1)
(2 vars, 10,029 obs)
pmid already string; no replace
query_name already string; no replace
(30 observations deleted)
pmid: all characters numeric; replaced as long
(file ../temp/fundamental_1998.dta not found)
file ../temp/fundamental_1998.dta saved
(encoding automatically selected: ISO-8859-1)
(2 vars, 10,030 obs)
pmid already string; no replace
query_name already string; no replace
(31 observations deleted)
pmid: all characters numeric; replaced as long
(file ../temp/fundamental_1999.dta not found)
file ../temp/fundamental_1999.dta saved
(encoding automatically selected: ISO-8859-1)
(2 vars, 10,033 obs)
pmid already string; no replace
query_name already string; no replace
(34 observations deleted)
pmid: all characters numeric; replaced as long
(file ../temp/fundamental_2000.dta not found)
file ../temp/fundamental_2000.dta saved
(encoding automatically selected: ISO-8859-1)
(2 vars, 10,035 obs)
pmid already string; no replace
query_name already string; no replace
(36 observations deleted)
pmid: all characters numeric; replaced as long
(file ../temp/fundamental_2001.dta not found)
file ../temp/fundamental_2001.dta saved
(encoding automatically selected: ISO-8859-1)
(2 vars, 10,036 obs)
pmid already string; no replace
query_name already string; no replace
(37 observations deleted)
pmid: all characters numeric; replaced as long
(file ../temp/fundamental_2002.dta not found)
file ../temp/fundamental_2002.dta saved
(encoding automatically selected: ISO-8859-1)
(2 vars, 10,038 obs)
pmid already string; no replace
query_name already string; no replace
(39 observations deleted)
pmid: all characters numeric; replaced as long
(file ../temp/fundamental_2003.dta not found)
file ../temp/fundamental_2003.dta saved
(encoding automatically selected: ISO-8859-1)
(2 vars, 10,041 obs)
pmid already string; no replace
query_name already string; no replace
(42 observations deleted)
pmid: all characters numeric; replaced as long
(file ../temp/fundamental_2004.dta not found)
file ../temp/fundamental_2004.dta saved
(encoding automatically selected: ISO-8859-1)
(2 vars, 10,045 obs)
pmid already string; no replace
query_name already string; no replace
(46 observations deleted)
pmid: all characters numeric; replaced as long
(file ../temp/fundamental_2005.dta not found)
file ../temp/fundamental_2005.dta saved
(encoding automatically selected: ISO-8859-1)
(2 vars, 10,049 obs)
pmid already string; no replace
query_name already string; no replace
(50 observations deleted)
pmid: all characters numeric; replaced as long
(file ../temp/fundamental_2006.dta not found)
file ../temp/fundamental_2006.dta saved
(encoding automatically selected: ISO-8859-1)
(2 vars, 10,052 obs)
pmid already string; no replace
query_name already string; no replace
(53 observations deleted)
pmid: all characters numeric; replaced as long
(file ../temp/fundamental_2007.dta not found)
file ../temp/fundamental_2007.dta saved
(encoding automatically selected: ISO-8859-1)
(2 vars, 10,053 obs)
pmid already string; no replace
query_name already string; no replace
(54 observations deleted)
pmid: all characters numeric; replaced as long
(file ../temp/fundamental_2008.dta not found)
file ../temp/fundamental_2008.dta saved
(encoding automatically selected: ISO-8859-1)
(2 vars, 10,056 obs)
pmid already string; no replace
query_name already string; no replace
(57 observations deleted)
pmid: all characters numeric; replaced as long
(file ../temp/fundamental_2009.dta not found)
file ../temp/fundamental_2009.dta saved
(encoding automatically selected: ISO-8859-1)
(2 vars, 10,059 obs)
pmid already string; no replace
query_name already string; no replace
(60 observations deleted)
pmid: all characters numeric; replaced as long
(file ../temp/fundamental_2010.dta not found)
file ../temp/fundamental_2010.dta saved
(encoding automatically selected: ISO-8859-1)
(2 vars, 10,062 obs)
pmid already string; no replace
query_name already string; no replace
(63 observations deleted)
pmid: all characters numeric; replaced as long
(file ../temp/fundamental_2011.dta not found)
file ../temp/fundamental_2011.dta saved
(encoding automatically selected: ISO-8859-1)
(2 vars, 10,065 obs)
pmid already string; no replace
query_name already string; no replace
(66 observations deleted)
pmid: all characters numeric; replaced as long
(file ../temp/fundamental_2012.dta not found)
file ../temp/fundamental_2012.dta saved
(encoding automatically selected: ISO-8859-1)
(2 vars, 10,067 obs)
pmid already string; no replace
query_name already string; no replace
(68 observations deleted)
pmid: all characters numeric; replaced as long
(file ../temp/fundamental_2013.dta not found)
file ../temp/fundamental_2013.dta saved
(encoding automatically selected: ISO-8859-1)
(2 vars, 10,067 obs)
pmid already string; no replace
query_name already string; no replace
(68 observations deleted)
pmid: all characters numeric; replaced as long
(file ../temp/fundamental_2014.dta not found)
file ../temp/fundamental_2014.dta saved
(encoding automatically selected: ISO-8859-1)
(2 vars, 10,066 obs)
pmid already string; no replace
query_name already string; no replace
(67 observations deleted)
pmid: all characters numeric; replaced as long
(file ../temp/fundamental_2015.dta not found)
file ../temp/fundamental_2015.dta saved
(encoding automatically selected: ISO-8859-1)
(2 vars, 10,064 obs)
pmid already string; no replace
query_name already string; no replace
(65 observations deleted)
pmid: all characters numeric; replaced as long
(file ../temp/fundamental_2016.dta not found)
file ../temp/fundamental_2016.dta saved
(encoding automatically selected: ISO-8859-1)
(2 vars, 10,063 obs)
pmid already string; no replace
query_name already string; no replace
(64 observations deleted)
pmid: all characters numeric; replaced as long
(file ../temp/fundamental_2017.dta not found)
file ../temp/fundamental_2017.dta saved
(encoding automatically selected: ISO-8859-1)
(2 vars, 10,063 obs)
pmid already string; no replace
query_name already string; no replace
(64 observations deleted)
pmid: all characters numeric; replaced as long
(file ../temp/fundamental_2018.dta not found)
file ../temp/fundamental_2018.dta saved
(encoding automatically selected: ISO-8859-1)
(2 vars, 10,065 obs)
pmid already string; no replace
query_name already string; no replace
(66 observations deleted)
pmid: all characters numeric; replaced as long
(file ../temp/fundamental_2019.dta not found)
file ../temp/fundamental_2019.dta saved
(encoding automatically selected: ISO-8859-1)
(2 vars, 10,068 obs)
pmid already string; no replace
query_name already string; no replace
(69 observations deleted)
pmid: all characters numeric; replaced as long
(file ../temp/fundamental_2020.dta not found)
file ../temp/fundamental_2020.dta saved
(encoding automatically selected: ISO-8859-1)
(2 vars, 10,069 obs)
pmid already string; no replace
query_name already string; no replace
(70 observations deleted)
pmid: all characters numeric; replaced as long
(file ../temp/fundamental_2021.dta not found)
file ../temp/fundamental_2021.dta saved
(encoding automatically selected: ISO-8859-1)
(2 vars, 10,068 obs)
pmid already string; no replace
query_name already string; no replace
(69 observations deleted)
pmid: all characters numeric; replaced as long
(file ../temp/fundamental_2022.dta not found)
file ../temp/fundamental_2022.dta saved
(encoding automatically selected: ISO-8859-1)
(2 vars, 794 obs)
pmid was long now str8
query_name already string; no replace
(0 observations deleted)
pmid: all characters numeric; replaced as long
(file ../temp/therapeutics_1945.dta not found)
file ../temp/therapeutics_1945.dta saved
(encoding automatically selected: ISO-8859-1)
(2 vars, 2,992 obs)
pmid was long now str8
query_name already string; no replace
(0 observations deleted)
pmid: all characters numeric; replaced as long
(file ../temp/therapeutics_1946.dta not found)
file ../temp/therapeutics_1946.dta saved
(encoding automatically selected: ISO-8859-1)
(2 vars, 3,195 obs)
pmid was long now str8
query_name already string; no replace
(0 observations deleted)
pmid: all characters numeric; replaced as long
(file ../temp/therapeutics_1947.dta not found)
file ../temp/therapeutics_1947.dta saved
(encoding automatically selected: ISO-8859-1)
(2 vars, 3,134 obs)
pmid was long now str8
query_name already string; no replace
(0 observations deleted)
pmid: all characters numeric; replaced as long
(file ../temp/therapeutics_1948.dta not found)
file ../temp/therapeutics_1948.dta saved
(encoding automatically selected: ISO-8859-1)
(2 vars, 2,838 obs)
pmid was long now str8
query_name already string; no replace
(0 observations deleted)
pmid: all characters numeric; replaced as long
(file ../temp/therapeutics_1949.dta not found)
file ../temp/therapeutics_1949.dta saved
(encoding automatically selected: ISO-8859-1)
(2 vars, 4,200 obs)
pmid was long now str8
query_name already string; no replace
(0 observations deleted)
pmid: all characters numeric; replaced as long
(file ../temp/therapeutics_1950.dta not found)
file ../temp/therapeutics_1950.dta saved
(encoding automatically selected: ISO-8859-1)
(2 vars, 5,173 obs)
pmid was long now str8
query_name already string; no replace
(0 observations deleted)
pmid: all characters numeric; replaced as long
(file ../temp/therapeutics_1951.dta not found)
file ../temp/therapeutics_1951.dta saved
(encoding automatically selected: ISO-8859-1)
(2 vars, 5,554 obs)
pmid was long now str8
query_name already string; no replace
(0 observations deleted)
pmid: all characters numeric; replaced as long
(file ../temp/therapeutics_1952.dta not found)
file ../temp/therapeutics_1952.dta saved
(encoding automatically selected: ISO-8859-1)
(2 vars, 6,062 obs)
pmid was long now str8
query_name already string; no replace
(0 observations deleted)
pmid: all characters numeric; replaced as long
(file ../temp/therapeutics_1953.dta not found)
file ../temp/therapeutics_1953.dta saved
(encoding automatically selected: ISO-8859-1)
(2 vars, 6,229 obs)
pmid was long now str8
query_name already string; no replace
(0 observations deleted)
pmid: all characters numeric; replaced as long
(file ../temp/therapeutics_1954.dta not found)
file ../temp/therapeutics_1954.dta saved
(encoding automatically selected: ISO-8859-1)
(2 vars, 6,244 obs)
pmid was long now str8
query_name already string; no replace
(0 observations deleted)
pmid: all characters numeric; replaced as long
(file ../temp/therapeutics_1955.dta not found)
file ../temp/therapeutics_1955.dta saved
(encoding automatically selected: ISO-8859-1)
(2 vars, 5,759 obs)
pmid was long now str8
query_name already string; no replace
(0 observations deleted)
pmid: all characters numeric; replaced as long
(file ../temp/therapeutics_1956.dta not found)
file ../temp/therapeutics_1956.dta saved
(encoding automatically selected: ISO-8859-1)
(2 vars, 5,450 obs)
pmid was long now str8
query_name already string; no replace
(0 observations deleted)
pmid: all characters numeric; replaced as long
(file ../temp/therapeutics_1957.dta not found)
file ../temp/therapeutics_1957.dta saved
(encoding automatically selected: ISO-8859-1)
(2 vars, 5,126 obs)
pmid was long now str8
query_name already string; no replace
(0 observations deleted)
pmid: all characters numeric; replaced as long
(file ../temp/therapeutics_1958.dta not found)
file ../temp/therapeutics_1958.dta saved
(encoding automatically selected: ISO-8859-1)
(2 vars, 5,001 obs)
pmid was long now str8
query_name already string; no replace
(0 observations deleted)
pmid: all characters numeric; replaced as long
(file ../temp/therapeutics_1959.dta not found)
file ../temp/therapeutics_1959.dta saved
(encoding automatically selected: ISO-8859-1)
(2 vars, 4,801 obs)
pmid was long now str8
query_name already string; no replace
(0 observations deleted)
pmid: all characters numeric; replaced as long
(file ../temp/therapeutics_1960.dta not found)
file ../temp/therapeutics_1960.dta saved
(encoding automatically selected: ISO-8859-1)
(2 vars, 5,193 obs)
pmid was long now str8
query_name already string; no replace
(0 observations deleted)
pmid: all characters numeric; replaced as long
(file ../temp/therapeutics_1961.dta not found)
file ../temp/therapeutics_1961.dta saved
(encoding automatically selected: ISO-8859-1)
(2 vars, 5,658 obs)
pmid was long now str8
query_name already string; no replace
(0 observations deleted)
pmid: all characters numeric; replaced as long
(file ../temp/therapeutics_1962.dta not found)
file ../temp/therapeutics_1962.dta saved
(encoding automatically selected: ISO-8859-1)
(2 vars, 6,557 obs)
pmid was long now str8
query_name already string; no replace
(0 observations deleted)
pmid: all characters numeric; replaced as long
(file ../temp/therapeutics_1963.dta not found)
file ../temp/therapeutics_1963.dta saved
(encoding automatically selected: ISO-8859-1)
(2 vars, 10,000 obs)
pmid already string; no replace
query_name already string; no replace
(1 observation deleted)
pmid: all characters numeric; replaced as long
(file ../temp/therapeutics_1964.dta not found)
file ../temp/therapeutics_1964.dta saved
(encoding automatically selected: ISO-8859-1)
(2 vars, 9,276 obs)
pmid was long now str8
query_name already string; no replace
(0 observations deleted)
pmid: all characters numeric; replaced as long
(file ../temp/therapeutics_1965.dta not found)
file ../temp/therapeutics_1965.dta saved
(encoding automatically selected: ISO-8859-1)
(2 vars, 5,743 obs)
pmid was long now str8
query_name already string; no replace
(0 observations deleted)
pmid: all characters numeric; replaced as long
(file ../temp/therapeutics_1966.dta not found)
file ../temp/therapeutics_1966.dta saved
(encoding automatically selected: ISO-8859-1)
(2 vars, 5,812 obs)
pmid was long now str8
query_name already string; no replace
(0 observations deleted)
pmid: all characters numeric; replaced as long
(file ../temp/therapeutics_1967.dta not found)
file ../temp/therapeutics_1967.dta saved
(encoding automatically selected: ISO-8859-1)
(2 vars, 6,116 obs)
pmid was long now str8
query_name already string; no replace
(0 observations deleted)
pmid: all characters numeric; replaced as long
(file ../temp/therapeutics_1968.dta not found)
file ../temp/therapeutics_1968.dta saved
(encoding automatically selected: ISO-8859-1)
(2 vars, 6,428 obs)
pmid was long now str8
query_name already string; no replace
(0 observations deleted)
pmid: all characters numeric; replaced as long
(file ../temp/therapeutics_1969.dta not found)
file ../temp/therapeutics_1969.dta saved
(encoding automatically selected: ISO-8859-1)
(2 vars, 6,085 obs)
pmid was long now str8
query_name already string; no replace
(0 observations deleted)
pmid: all characters numeric; replaced as long
(file ../temp/therapeutics_1970.dta not found)
file ../temp/therapeutics_1970.dta saved
(encoding automatically selected: ISO-8859-1)
(2 vars, 6,064 obs)
pmid was long now str8
query_name already string; no replace
(0 observations deleted)
pmid: all characters numeric; replaced as long
(file ../temp/therapeutics_1971.dta not found)
file ../temp/therapeutics_1971.dta saved
(encoding automatically selected: ISO-8859-1)
(2 vars, 6,595 obs)
pmid was long now str8
query_name already string; no replace
(0 observations deleted)
pmid: all characters numeric; replaced as long
(file ../temp/therapeutics_1972.dta not found)
file ../temp/therapeutics_1972.dta saved
(encoding automatically selected: ISO-8859-1)
(2 vars, 6,758 obs)
pmid was long now str8
query_name already string; no replace
(0 observations deleted)
pmid: all characters numeric; replaced as long
(file ../temp/therapeutics_1973.dta not found)
file ../temp/therapeutics_1973.dta saved
(encoding automatically selected: ISO-8859-1)
(2 vars, 7,585 obs)
pmid was long now str8
query_name already string; no replace
(0 observations deleted)
pmid: all characters numeric; replaced as long
(file ../temp/therapeutics_1974.dta not found)
file ../temp/therapeutics_1974.dta saved
(encoding automatically selected: ISO-8859-1)
(2 vars, 8,482 obs)
pmid was long now str8
query_name already string; no replace
(0 observations deleted)
pmid: all characters numeric; replaced as long
(file ../temp/therapeutics_1975.dta not found)
file ../temp/therapeutics_1975.dta saved
(encoding automatically selected: ISO-8859-1)
(2 vars, 8,658 obs)
pmid was long now str8
query_name already string; no replace
(0 observations deleted)
pmid: all characters numeric; replaced as long
(file ../temp/therapeutics_1976.dta not found)
file ../temp/therapeutics_1976.dta saved
(encoding automatically selected: ISO-8859-1)
(2 vars, 8,573 obs)
pmid was long now str8
query_name already string; no replace
(0 observations deleted)
pmid: all characters numeric; replaced as long
(file ../temp/therapeutics_1977.dta not found)
file ../temp/therapeutics_1977.dta saved
(encoding automatically selected: ISO-8859-1)
(2 vars, 9,453 obs)
pmid was long now str8
query_name already string; no replace
(0 observations deleted)
pmid: all characters numeric; replaced as long
(file ../temp/therapeutics_1978.dta not found)
file ../temp/therapeutics_1978.dta saved
(encoding automatically selected: ISO-8859-1)
(2 vars, 9,977 obs)
pmid was long now str8
query_name already string; no replace
(0 observations deleted)
pmid: all characters numeric; replaced as long
(file ../temp/therapeutics_1979.dta not found)
file ../temp/therapeutics_1979.dta saved
(encoding automatically selected: ISO-8859-1)
(2 vars, 9,978 obs)
pmid was long now str8
query_name already string; no replace
(0 observations deleted)
pmid: all characters numeric; replaced as long
(file ../temp/therapeutics_1980.dta not found)
file ../temp/therapeutics_1980.dta saved
(encoding automatically selected: ISO-8859-1)
(2 vars, 10,000 obs)
pmid already string; no replace
query_name already string; no replace
(1 observation deleted)
pmid: all characters numeric; replaced as long
(file ../temp/therapeutics_1981.dta not found)
file ../temp/therapeutics_1981.dta saved
(encoding automatically selected: ISO-8859-1)
(2 vars, 10,000 obs)
pmid already string; no replace
query_name already string; no replace
(1 observation deleted)
pmid: all characters numeric; replaced as long
(file ../temp/therapeutics_1982.dta not found)
file ../temp/therapeutics_1982.dta saved
(encoding automatically selected: ISO-8859-1)
(2 vars, 10,000 obs)
pmid already string; no replace
query_name already string; no replace
(1 observation deleted)
pmid: all characters numeric; replaced as long
(file ../temp/therapeutics_1983.dta not found)
file ../temp/therapeutics_1983.dta saved
(encoding automatically selected: ISO-8859-1)
(2 vars, 10,000 obs)
pmid already string; no replace
query_name already string; no replace
(1 observation deleted)
pmid: all characters numeric; replaced as long
(file ../temp/therapeutics_1984.dta not found)
file ../temp/therapeutics_1984.dta saved
(encoding automatically selected: ISO-8859-1)
(2 vars, 10,000 obs)
pmid already string; no replace
query_name already string; no replace
(1 observation deleted)
pmid: all characters numeric; replaced as long
(file ../temp/therapeutics_1985.dta not found)
file ../temp/therapeutics_1985.dta saved
(encoding automatically selected: ISO-8859-1)
(2 vars, 10,000 obs)
pmid already string; no replace
query_name already string; no replace
(1 observation deleted)
pmid: all characters numeric; replaced as long
(file ../temp/therapeutics_1986.dta not found)
file ../temp/therapeutics_1986.dta saved
(encoding automatically selected: ISO-8859-1)
(2 vars, 10,000 obs)
pmid already string; no replace
query_name already string; no replace
(1 observation deleted)
pmid: all characters numeric; replaced as long
(file ../temp/therapeutics_1987.dta not found)
file ../temp/therapeutics_1987.dta saved
(encoding automatically selected: ISO-8859-1)
(2 vars, 10,001 obs)
pmid already string; no replace
query_name already string; no replace
(2 observations deleted)
pmid: all characters numeric; replaced as long
(file ../temp/therapeutics_1988.dta not found)
file ../temp/therapeutics_1988.dta saved
(encoding automatically selected: ISO-8859-1)
(2 vars, 10,001 obs)
pmid already string; no replace
query_name already string; no replace
(2 observations deleted)
pmid: all characters numeric; replaced as long
(file ../temp/therapeutics_1989.dta not found)
file ../temp/therapeutics_1989.dta saved
(encoding automatically selected: ISO-8859-1)
(2 vars, 10,001 obs)
pmid already string; no replace
query_name already string; no replace
(2 observations deleted)
pmid: all characters numeric; replaced as long
(file ../temp/therapeutics_1990.dta not found)
file ../temp/therapeutics_1990.dta saved
(encoding automatically selected: ISO-8859-1)
(2 vars, 10,001 obs)
pmid already string; no replace
query_name already string; no replace
(2 observations deleted)
pmid: all characters numeric; replaced as long
(file ../temp/therapeutics_1991.dta not found)
file ../temp/therapeutics_1991.dta saved
(encoding automatically selected: ISO-8859-1)
(2 vars, 10,001 obs)
pmid already string; no replace
query_name already string; no replace
(2 observations deleted)
pmid: all characters numeric; replaced as long
(file ../temp/therapeutics_1992.dta not found)
file ../temp/therapeutics_1992.dta saved
(encoding automatically selected: ISO-8859-1)
(2 vars, 10,001 obs)
pmid already string; no replace
query_name already string; no replace
(2 observations deleted)
pmid: all characters numeric; replaced as long
(file ../temp/therapeutics_1993.dta not found)
file ../temp/therapeutics_1993.dta saved
(encoding automatically selected: ISO-8859-1)
(2 vars, 10,001 obs)
pmid already string; no replace
query_name already string; no replace
(2 observations deleted)
pmid: all characters numeric; replaced as long
(file ../temp/therapeutics_1994.dta not found)
file ../temp/therapeutics_1994.dta saved
(encoding automatically selected: ISO-8859-1)
(2 vars, 10,001 obs)
pmid already string; no replace
query_name already string; no replace
(2 observations deleted)
pmid: all characters numeric; replaced as long
(file ../temp/therapeutics_1995.dta not found)
file ../temp/therapeutics_1995.dta saved
(encoding automatically selected: ISO-8859-1)
(2 vars, 10,001 obs)
pmid already string; no replace
query_name already string; no replace
(2 observations deleted)
pmid: all characters numeric; replaced as long
(file ../temp/therapeutics_1996.dta not found)
file ../temp/therapeutics_1996.dta saved
(encoding automatically selected: ISO-8859-1)
(2 vars, 10,001 obs)
pmid already string; no replace
query_name already string; no replace
(2 observations deleted)
pmid: all characters numeric; replaced as long
(file ../temp/therapeutics_1997.dta not found)
file ../temp/therapeutics_1997.dta saved
(encoding automatically selected: ISO-8859-1)
(2 vars, 10,002 obs)
pmid already string; no replace
query_name already string; no replace
(3 observations deleted)
pmid: all characters numeric; replaced as long
(file ../temp/therapeutics_1998.dta not found)
file ../temp/therapeutics_1998.dta saved
(encoding automatically selected: ISO-8859-1)
(2 vars, 10,002 obs)
pmid already string; no replace
query_name already string; no replace
(3 observations deleted)
pmid: all characters numeric; replaced as long
(file ../temp/therapeutics_1999.dta not found)
file ../temp/therapeutics_1999.dta saved
(encoding automatically selected: ISO-8859-1)
(2 vars, 10,002 obs)
pmid already string; no replace
query_name already string; no replace
(3 observations deleted)
pmid: all characters numeric; replaced as long
(file ../temp/therapeutics_2000.dta not found)
file ../temp/therapeutics_2000.dta saved
(encoding automatically selected: ISO-8859-1)
(2 vars, 10,002 obs)
pmid already string; no replace
query_name already string; no replace
(3 observations deleted)
pmid: all characters numeric; replaced as long
(file ../temp/therapeutics_2001.dta not found)
file ../temp/therapeutics_2001.dta saved
(encoding automatically selected: ISO-8859-1)
(2 vars, 10,003 obs)
pmid already string; no replace
query_name already string; no replace
(4 observations deleted)
pmid: all characters numeric; replaced as long
(file ../temp/therapeutics_2002.dta not found)
file ../temp/therapeutics_2002.dta saved
(encoding automatically selected: ISO-8859-1)
(2 vars, 10,003 obs)
pmid already string; no replace
query_name already string; no replace
(4 observations deleted)
pmid: all characters numeric; replaced as long
(file ../temp/therapeutics_2003.dta not found)
file ../temp/therapeutics_2003.dta saved
(encoding automatically selected: ISO-8859-1)
(2 vars, 10,003 obs)
pmid already string; no replace
query_name already string; no replace
(4 observations deleted)
pmid: all characters numeric; replaced as long
(file ../temp/therapeutics_2004.dta not found)
file ../temp/therapeutics_2004.dta saved
(encoding automatically selected: ISO-8859-1)
(2 vars, 10,004 obs)
pmid already string; no replace
query_name already string; no replace
(5 observations deleted)
pmid: all characters numeric; replaced as long
(file ../temp/therapeutics_2005.dta not found)
file ../temp/therapeutics_2005.dta saved
(encoding automatically selected: ISO-8859-1)
(2 vars, 10,004 obs)
pmid already string; no replace
query_name already string; no replace
(5 observations deleted)
pmid: all characters numeric; replaced as long
(file ../temp/therapeutics_2006.dta not found)
file ../temp/therapeutics_2006.dta saved
(encoding automatically selected: ISO-8859-1)
(2 vars, 10,005 obs)
pmid already string; no replace
query_name already string; no replace
(6 observations deleted)
pmid: all characters numeric; replaced as long
(file ../temp/therapeutics_2007.dta not found)
file ../temp/therapeutics_2007.dta saved
(encoding automatically selected: ISO-8859-1)
(2 vars, 10,005 obs)
pmid already string; no replace
query_name already string; no replace
(6 observations deleted)
pmid: all characters numeric; replaced as long
(file ../temp/therapeutics_2008.dta not found)
file ../temp/therapeutics_2008.dta saved
(encoding automatically selected: ISO-8859-1)
(2 vars, 10,006 obs)
pmid already string; no replace
query_name already string; no replace
(7 observations deleted)
pmid: all characters numeric; replaced as long
(file ../temp/therapeutics_2009.dta not found)
file ../temp/therapeutics_2009.dta saved
(encoding automatically selected: ISO-8859-1)
(2 vars, 10,007 obs)
pmid already string; no replace
query_name already string; no replace
(8 observations deleted)
pmid: all characters numeric; replaced as long
(file ../temp/therapeutics_2010.dta not found)
file ../temp/therapeutics_2010.dta saved
(encoding automatically selected: ISO-8859-1)
(2 vars, 10,008 obs)
pmid already string; no replace
query_name already string; no replace
(9 observations deleted)
pmid: all characters numeric; replaced as long
(file ../temp/therapeutics_2011.dta not found)
file ../temp/therapeutics_2011.dta saved
(encoding automatically selected: ISO-8859-1)
(2 vars, 10,009 obs)
pmid already string; no replace
query_name already string; no replace
(10 observations deleted)
pmid: all characters numeric; replaced as long
(file ../temp/therapeutics_2012.dta not found)
file ../temp/therapeutics_2012.dta saved
(encoding automatically selected: ISO-8859-1)
(2 vars, 10,009 obs)
pmid already string; no replace
query_name already string; no replace
(10 observations deleted)
pmid: all characters numeric; replaced as long
(file ../temp/therapeutics_2013.dta not found)
file ../temp/therapeutics_2013.dta saved
(encoding automatically selected: ISO-8859-1)
(2 vars, 10,010 obs)
pmid already string; no replace
query_name already string; no replace
(11 observations deleted)
pmid: all characters numeric; replaced as long
(file ../temp/therapeutics_2014.dta not found)
file ../temp/therapeutics_2014.dta saved
(encoding automatically selected: ISO-8859-1)
(2 vars, 10,011 obs)
pmid already string; no replace
query_name already string; no replace
(12 observations deleted)
pmid: all characters numeric; replaced as long
(file ../temp/therapeutics_2015.dta not found)
file ../temp/therapeutics_2015.dta saved
(encoding automatically selected: ISO-8859-1)
(2 vars, 10,011 obs)
pmid already string; no replace
query_name already string; no replace
(12 observations deleted)
pmid: all characters numeric; replaced as long
(file ../temp/therapeutics_2016.dta not found)
file ../temp/therapeutics_2016.dta saved
(encoding automatically selected: ISO-8859-1)
(2 vars, 10,011 obs)
pmid already string; no replace
query_name already string; no replace
(12 observations deleted)
pmid: all characters numeric; replaced as long
(file ../temp/therapeutics_2017.dta not found)
file ../temp/therapeutics_2017.dta saved
(encoding automatically selected: ISO-8859-1)
(2 vars, 10,011 obs)
pmid already string; no replace
query_name already string; no replace
(12 observations deleted)
pmid: all characters numeric; replaced as long
(file ../temp/therapeutics_2018.dta not found)
file ../temp/therapeutics_2018.dta saved
(encoding automatically selected: ISO-8859-1)
(2 vars, 10,012 obs)
pmid already string; no replace
query_name already string; no replace
(13 observations deleted)
pmid: all characters numeric; replaced as long
(file ../temp/therapeutics_2019.dta not found)
file ../temp/therapeutics_2019.dta saved
(encoding automatically selected: ISO-8859-1)
(2 vars, 10,013 obs)
pmid already string; no replace
query_name already string; no replace
(14 observations deleted)
pmid: all characters numeric; replaced as long
(file ../temp/therapeutics_2020.dta not found)
file ../temp/therapeutics_2020.dta saved
(encoding automatically selected: ISO-8859-1)
(2 vars, 10,012 obs)
pmid already string; no replace
query_name already string; no replace
(13 observations deleted)
pmid: all characters numeric; replaced as long
(file ../temp/therapeutics_2021.dta not found)
file ../temp/therapeutics_2021.dta saved
(encoding automatically selected: ISO-8859-1)
(2 vars, 10,008 obs)
pmid already string; no replace
query_name already string; no replace
(9 observations deleted)
pmid: all characters numeric; replaced as long
(file ../temp/therapeutics_2022.dta not found)
file ../temp/therapeutics_2022.dta saved
(encoding automatically selected: ISO-8859-1)
(2 vars, 8,796 obs)
pmid was long now str8
query_name already string; no replace
(0 observations deleted)
pmid: all characters numeric; replaced as long
(file ../temp/diseases_1945.dta not found)
file ../temp/diseases_1945.dta saved
(encoding automatically selected: ISO-8859-1)
(2 vars, 10,003 obs)
pmid already string; no replace
query_name already string; no replace
(4 observations deleted)
pmid: all characters numeric; replaced as long
(file ../temp/diseases_1946.dta not found)
file ../temp/diseases_1946.dta saved
(encoding automatically selected: ISO-8859-1)
(2 vars, 10,004 obs)
pmid already string; no replace
query_name already string; no replace
(5 observations deleted)
pmid: all characters numeric; replaced as long
(file ../temp/diseases_1947.dta not found)
file ../temp/diseases_1947.dta saved
(encoding automatically selected: ISO-8859-1)
(2 vars, 10,004 obs)
pmid already string; no replace
query_name already string; no replace
(5 observations deleted)
pmid: all characters numeric; replaced as long
(file ../temp/diseases_1948.dta not found)
file ../temp/diseases_1948.dta saved
(encoding automatically selected: ISO-8859-1)
(2 vars, 10,004 obs)
pmid already string; no replace
query_name already string; no replace
(5 observations deleted)
pmid: all characters numeric; replaced as long
(file ../temp/diseases_1949.dta not found)
file ../temp/diseases_1949.dta saved
(encoding automatically selected: ISO-8859-1)
(2 vars, 10,006 obs)
pmid already string; no replace
query_name already string; no replace
(7 observations deleted)
pmid: all characters numeric; replaced as long
(file ../temp/diseases_1950.dta not found)
file ../temp/diseases_1950.dta saved
(encoding automatically selected: ISO-8859-1)
(2 vars, 10,008 obs)
pmid already string; no replace
query_name already string; no replace
(9 observations deleted)
pmid: all characters numeric; replaced as long
(file ../temp/diseases_1951.dta not found)
file ../temp/diseases_1951.dta saved
(encoding automatically selected: ISO-8859-1)
(2 vars, 10,009 obs)
pmid already string; no replace
query_name already string; no replace
(10 observations deleted)
pmid: all characters numeric; replaced as long
(file ../temp/diseases_1952.dta not found)
file ../temp/diseases_1952.dta saved
(encoding automatically selected: ISO-8859-1)
(2 vars, 10,009 obs)
pmid already string; no replace
query_name already string; no replace
(10 observations deleted)
pmid: all characters numeric; replaced as long
(file ../temp/diseases_1953.dta not found)
file ../temp/diseases_1953.dta saved
(encoding automatically selected: ISO-8859-1)
(2 vars, 10,009 obs)
pmid already string; no replace
query_name already string; no replace
(10 observations deleted)
pmid: all characters numeric; replaced as long
(file ../temp/diseases_1954.dta not found)
file ../temp/diseases_1954.dta saved
(encoding automatically selected: ISO-8859-1)
(2 vars, 10,010 obs)
pmid already string; no replace
query_name already string; no replace
(11 observations deleted)
pmid: all characters numeric; replaced as long
(file ../temp/diseases_1955.dta not found)
file ../temp/diseases_1955.dta saved
(encoding automatically selected: ISO-8859-1)
(2 vars, 10,010 obs)
pmid already string; no replace
query_name already string; no replace
(11 observations deleted)
pmid: all characters numeric; replaced as long
(file ../temp/diseases_1956.dta not found)
file ../temp/diseases_1956.dta saved
(encoding automatically selected: ISO-8859-1)
(2 vars, 10,010 obs)
pmid already string; no replace
query_name already string; no replace
(11 observations deleted)
pmid: all characters numeric; replaced as long
(file ../temp/diseases_1957.dta not found)
file ../temp/diseases_1957.dta saved
(encoding automatically selected: ISO-8859-1)
(2 vars, 10,009 obs)
pmid already string; no replace
query_name already string; no replace
(10 observations deleted)
pmid: all characters numeric; replaced as long
(file ../temp/diseases_1958.dta not found)
file ../temp/diseases_1958.dta saved
(encoding automatically selected: ISO-8859-1)
(2 vars, 10,009 obs)
pmid already string; no replace
query_name already string; no replace
(10 observations deleted)
pmid: all characters numeric; replaced as long
(file ../temp/diseases_1959.dta not found)
file ../temp/diseases_1959.dta saved
(encoding automatically selected: ISO-8859-1)
(2 vars, 10,009 obs)
pmid already string; no replace
query_name already string; no replace
(10 observations deleted)
pmid: all characters numeric; replaced as long
(file ../temp/diseases_1960.dta not found)
file ../temp/diseases_1960.dta saved
(encoding automatically selected: ISO-8859-1)
(2 vars, 10,010 obs)
pmid already string; no replace
query_name already string; no replace
(11 observations deleted)
pmid: all characters numeric; replaced as long
(file ../temp/diseases_1961.dta not found)
file ../temp/diseases_1961.dta saved
(encoding automatically selected: ISO-8859-1)
(2 vars, 10,011 obs)
pmid already string; no replace
query_name already string; no replace
(12 observations deleted)
pmid: all characters numeric; replaced as long
(file ../temp/diseases_1962.dta not found)
file ../temp/diseases_1962.dta saved
(encoding automatically selected: ISO-8859-1)
(2 vars, 10,013 obs)
pmid already string; no replace
query_name already string; no replace
(14 observations deleted)
pmid: all characters numeric; replaced as long
(file ../temp/diseases_1963.dta not found)
file ../temp/diseases_1963.dta saved
(encoding automatically selected: ISO-8859-1)
(2 vars, 10,016 obs)
pmid already string; no replace
query_name already string; no replace
(17 observations deleted)
pmid: all characters numeric; replaced as long
(file ../temp/diseases_1964.dta not found)
file ../temp/diseases_1964.dta saved
(encoding automatically selected: ISO-8859-1)
(2 vars, 10,015 obs)
pmid already string; no replace
query_name already string; no replace
(16 observations deleted)
pmid: all characters numeric; replaced as long
(file ../temp/diseases_1965.dta not found)
file ../temp/diseases_1965.dta saved
(encoding automatically selected: ISO-8859-1)
(2 vars, 10,014 obs)
pmid already string; no replace
query_name already string; no replace
(15 observations deleted)
pmid: all characters numeric; replaced as long
(file ../temp/diseases_1966.dta not found)
file ../temp/diseases_1966.dta saved
(encoding automatically selected: ISO-8859-1)
(2 vars, 10,015 obs)
pmid already string; no replace
query_name already string; no replace
(16 observations deleted)
pmid: all characters numeric; replaced as long
(file ../temp/diseases_1967.dta not found)
file ../temp/diseases_1967.dta saved
(encoding automatically selected: ISO-8859-1)
(2 vars, 10,016 obs)
pmid already string; no replace
query_name already string; no replace
(17 observations deleted)
pmid: all characters numeric; replaced as long
(file ../temp/diseases_1968.dta not found)
file ../temp/diseases_1968.dta saved
(encoding automatically selected: ISO-8859-1)
(2 vars, 10,016 obs)
pmid already string; no replace
query_name already string; no replace
(17 observations deleted)
pmid: all characters numeric; replaced as long
(file ../temp/diseases_1969.dta not found)
file ../temp/diseases_1969.dta saved
(encoding automatically selected: ISO-8859-1)
(2 vars, 10,016 obs)
pmid already string; no replace
query_name already string; no replace
(17 observations deleted)
pmid: all characters numeric; replaced as long
(file ../temp/diseases_1970.dta not found)
file ../temp/diseases_1970.dta saved
(encoding automatically selected: ISO-8859-1)
(2 vars, 10,016 obs)
pmid already string; no replace
query_name already string; no replace
(17 observations deleted)
pmid: all characters numeric; replaced as long
(file ../temp/diseases_1971.dta not found)
file ../temp/diseases_1971.dta saved
(encoding automatically selected: ISO-8859-1)
(2 vars, 10,016 obs)
pmid already string; no replace
query_name already string; no replace
(17 observations deleted)
pmid: all characters numeric; replaced as long
(file ../temp/diseases_1972.dta not found)
file ../temp/diseases_1972.dta saved
(encoding automatically selected: ISO-8859-1)
(2 vars, 10,016 obs)
pmid already string; no replace
query_name already string; no replace
(17 observations deleted)
pmid: all characters numeric; replaced as long
(file ../temp/diseases_1973.dta not found)
file ../temp/diseases_1973.dta saved
(encoding automatically selected: ISO-8859-1)
(2 vars, 10,017 obs)
pmid already string; no replace
query_name already string; no replace
(18 observations deleted)
pmid: all characters numeric; replaced as long
(file ../temp/diseases_1974.dta not found)
file ../temp/diseases_1974.dta saved
(encoding automatically selected: ISO-8859-1)
(2 vars, 10,018 obs)
pmid already string; no replace
query_name already string; no replace
(19 observations deleted)
pmid: all characters numeric; replaced as long
(file ../temp/diseases_1975.dta not found)
file ../temp/diseases_1975.dta saved
(encoding automatically selected: ISO-8859-1)
(2 vars, 10,018 obs)
pmid already string; no replace
query_name already string; no replace
(19 observations deleted)
pmid: all characters numeric; replaced as long
(file ../temp/diseases_1976.dta not found)
file ../temp/diseases_1976.dta saved
(encoding automatically selected: ISO-8859-1)
(2 vars, 10,018 obs)
pmid already string; no replace
query_name already string; no replace
(19 observations deleted)
pmid: all characters numeric; replaced as long
(file ../temp/diseases_1977.dta not found)
file ../temp/diseases_1977.dta saved
(encoding automatically selected: ISO-8859-1)
(2 vars, 10,019 obs)
pmid already string; no replace
query_name already string; no replace
(20 observations deleted)
pmid: all characters numeric; replaced as long
(file ../temp/diseases_1978.dta not found)
file ../temp/diseases_1978.dta saved
(encoding automatically selected: ISO-8859-1)
(2 vars, 10,019 obs)
pmid already string; no replace
query_name already string; no replace
(20 observations deleted)
pmid: all characters numeric; replaced as long
(file ../temp/diseases_1979.dta not found)
file ../temp/diseases_1979.dta saved
(encoding automatically selected: ISO-8859-1)
(2 vars, 10,020 obs)
pmid already string; no replace
query_name already string; no replace
(21 observations deleted)
pmid: all characters numeric; replaced as long
(file ../temp/diseases_1980.dta not found)
file ../temp/diseases_1980.dta saved
(encoding automatically selected: ISO-8859-1)
(2 vars, 10,020 obs)
pmid already string; no replace
query_name already string; no replace
(21 observations deleted)
pmid: all characters numeric; replaced as long
(file ../temp/diseases_1981.dta not found)
file ../temp/diseases_1981.dta saved
(encoding automatically selected: ISO-8859-1)
(2 vars, 10,022 obs)
pmid already string; no replace
query_name already string; no replace
(23 observations deleted)
pmid: all characters numeric; replaced as long
(file ../temp/diseases_1982.dta not found)
file ../temp/diseases_1982.dta saved
(encoding automatically selected: ISO-8859-1)
(2 vars, 10,023 obs)
pmid already string; no replace
query_name already string; no replace
(24 observations deleted)
pmid: all characters numeric; replaced as long
(file ../temp/diseases_1983.dta not found)
file ../temp/diseases_1983.dta saved
(encoding automatically selected: ISO-8859-1)
(2 vars, 10,024 obs)
pmid already string; no replace
query_name already string; no replace
(25 observations deleted)
pmid: all characters numeric; replaced as long
(file ../temp/diseases_1984.dta not found)
file ../temp/diseases_1984.dta saved
(encoding automatically selected: ISO-8859-1)
(2 vars, 10,025 obs)
pmid already string; no replace
query_name already string; no replace
(26 observations deleted)
pmid: all characters numeric; replaced as long
(file ../temp/diseases_1985.dta not found)
file ../temp/diseases_1985.dta saved
(encoding automatically selected: ISO-8859-1)
(2 vars, 10,026 obs)
pmid already string; no replace
query_name already string; no replace
(27 observations deleted)
pmid: all characters numeric; replaced as long
(file ../temp/diseases_1986.dta not found)
file ../temp/diseases_1986.dta saved
(encoding automatically selected: ISO-8859-1)
(2 vars, 10,027 obs)
pmid already string; no replace
query_name already string; no replace
(28 observations deleted)
pmid: all characters numeric; replaced as long
(file ../temp/diseases_1987.dta not found)
file ../temp/diseases_1987.dta saved
(encoding automatically selected: ISO-8859-1)
(2 vars, 10,029 obs)
pmid already string; no replace
query_name already string; no replace
(30 observations deleted)
pmid: all characters numeric; replaced as long
(file ../temp/diseases_1988.dta not found)
file ../temp/diseases_1988.dta saved
(encoding automatically selected: ISO-8859-1)
(2 vars, 10,030 obs)
pmid already string; no replace
query_name already string; no replace
(31 observations deleted)
pmid: all characters numeric; replaced as long
(file ../temp/diseases_1989.dta not found)
file ../temp/diseases_1989.dta saved
(encoding automatically selected: ISO-8859-1)
(2 vars, 10,030 obs)
pmid already string; no replace
query_name already string; no replace
(31 observations deleted)
pmid: all characters numeric; replaced as long
(file ../temp/diseases_1990.dta not found)
file ../temp/diseases_1990.dta saved
(encoding automatically selected: ISO-8859-1)
(2 vars, 10,029 obs)
pmid already string; no replace
query_name already string; no replace
(30 observations deleted)
pmid: all characters numeric; replaced as long
(file ../temp/diseases_1991.dta not found)
file ../temp/diseases_1991.dta saved
(encoding automatically selected: ISO-8859-1)
(2 vars, 10,029 obs)
pmid already string; no replace
query_name already string; no replace
(30 observations deleted)
pmid: all characters numeric; replaced as long
(file ../temp/diseases_1992.dta not found)
file ../temp/diseases_1992.dta saved
(encoding automatically selected: ISO-8859-1)
(2 vars, 10,029 obs)
pmid already string; no replace
query_name already string; no replace
(30 observations deleted)
pmid: all characters numeric; replaced as long
(file ../temp/diseases_1993.dta not found)
file ../temp/diseases_1993.dta saved
(encoding automatically selected: ISO-8859-1)
(2 vars, 10,029 obs)
pmid already string; no replace
query_name already string; no replace
(30 observations deleted)
pmid: all characters numeric; replaced as long
(file ../temp/diseases_1994.dta not found)
file ../temp/diseases_1994.dta saved
(encoding automatically selected: ISO-8859-1)
(2 vars, 10,029 obs)
pmid already string; no replace
query_name already string; no replace
(30 observations deleted)
pmid: all characters numeric; replaced as long
(file ../temp/diseases_1995.dta not found)
file ../temp/diseases_1995.dta saved
(encoding automatically selected: ISO-8859-1)
(2 vars, 10,031 obs)
pmid already string; no replace
query_name already string; no replace
(32 observations deleted)
pmid: all characters numeric; replaced as long
(file ../temp/diseases_1996.dta not found)
file ../temp/diseases_1996.dta saved
(encoding automatically selected: ISO-8859-1)
(2 vars, 10,031 obs)
pmid already string; no replace
query_name already string; no replace
(32 observations deleted)
pmid: all characters numeric; replaced as long
(file ../temp/diseases_1997.dta not found)
file ../temp/diseases_1997.dta saved
(encoding automatically selected: ISO-8859-1)
(2 vars, 10,033 obs)
pmid already string; no replace
query_name already string; no replace
(34 observations deleted)
pmid: all characters numeric; replaced as long
(file ../temp/diseases_1998.dta not found)
file ../temp/diseases_1998.dta saved
(encoding automatically selected: ISO-8859-1)
(2 vars, 10,034 obs)
pmid already string; no replace
query_name already string; no replace
(35 observations deleted)
pmid: all characters numeric; replaced as long
(file ../temp/diseases_1999.dta not found)
file ../temp/diseases_1999.dta saved
(encoding automatically selected: ISO-8859-1)
(2 vars, 10,036 obs)
pmid already string; no replace
query_name already string; no replace
(37 observations deleted)
pmid: all characters numeric; replaced as long
(file ../temp/diseases_2000.dta not found)
file ../temp/diseases_2000.dta saved
(encoding automatically selected: ISO-8859-1)
(2 vars, 10,038 obs)
pmid already string; no replace
query_name already string; no replace
(39 observations deleted)
pmid: all characters numeric; replaced as long
(file ../temp/diseases_2001.dta not found)
file ../temp/diseases_2001.dta saved
(encoding automatically selected: ISO-8859-1)
(2 vars, 10,040 obs)
pmid already string; no replace
query_name already string; no replace
(41 observations deleted)
pmid: all characters numeric; replaced as long
(file ../temp/diseases_2002.dta not found)
file ../temp/diseases_2002.dta saved
(encoding automatically selected: ISO-8859-1)
(2 vars, 10,042 obs)
pmid already string; no replace
query_name already string; no replace
(43 observations deleted)
pmid: all characters numeric; replaced as long
(file ../temp/diseases_2003.dta not found)
file ../temp/diseases_2003.dta saved
(encoding automatically selected: ISO-8859-1)
(2 vars, 10,045 obs)
pmid already string; no replace
query_name already string; no replace
(46 observations deleted)
pmid: all characters numeric; replaced as long
(file ../temp/diseases_2004.dta not found)
file ../temp/diseases_2004.dta saved
(encoding automatically selected: ISO-8859-1)
(2 vars, 10,050 obs)
pmid already string; no replace
query_name already string; no replace
(51 observations deleted)
pmid: all characters numeric; replaced as long
(file ../temp/diseases_2005.dta not found)
file ../temp/diseases_2005.dta saved
(encoding automatically selected: ISO-8859-1)
(2 vars, 10,054 obs)
pmid already string; no replace
query_name already string; no replace
(55 observations deleted)
pmid: all characters numeric; replaced as long
(file ../temp/diseases_2006.dta not found)
file ../temp/diseases_2006.dta saved
(encoding automatically selected: ISO-8859-1)
(2 vars, 10,057 obs)
pmid already string; no replace
query_name already string; no replace
(58 observations deleted)
pmid: all characters numeric; replaced as long
(file ../temp/diseases_2007.dta not found)
file ../temp/diseases_2007.dta saved
(encoding automatically selected: ISO-8859-1)
(2 vars, 10,061 obs)
pmid already string; no replace
query_name already string; no replace
(62 observations deleted)
pmid: all characters numeric; replaced as long
(file ../temp/diseases_2008.dta not found)
file ../temp/diseases_2008.dta saved
(encoding automatically selected: ISO-8859-1)
(2 vars, 10,064 obs)
pmid already string; no replace
query_name already string; no replace
(65 observations deleted)
pmid: all characters numeric; replaced as long
(file ../temp/diseases_2009.dta not found)
file ../temp/diseases_2009.dta saved
(encoding automatically selected: ISO-8859-1)
(2 vars, 10,069 obs)
pmid already string; no replace
query_name already string; no replace
(70 observations deleted)
pmid: all characters numeric; replaced as long
(file ../temp/diseases_2010.dta not found)
file ../temp/diseases_2010.dta saved
(encoding automatically selected: ISO-8859-1)
(2 vars, 10,074 obs)
pmid already string; no replace
query_name already string; no replace
(75 observations deleted)
pmid: all characters numeric; replaced as long
(file ../temp/diseases_2011.dta not found)
file ../temp/diseases_2011.dta saved
(encoding automatically selected: ISO-8859-1)
(2 vars, 10,079 obs)
pmid already string; no replace
query_name already string; no replace
(80 observations deleted)
pmid: all characters numeric; replaced as long
(file ../temp/diseases_2012.dta not found)
file ../temp/diseases_2012.dta saved
(encoding automatically selected: ISO-8859-1)
(2 vars, 10,082 obs)
pmid already string; no replace
query_name already string; no replace
(83 observations deleted)
pmid: all characters numeric; replaced as long
(file ../temp/diseases_2013.dta not found)
file ../temp/diseases_2013.dta saved
(encoding automatically selected: ISO-8859-1)
(2 vars, 10,084 obs)
pmid already string; no replace
query_name already string; no replace
(85 observations deleted)
pmid: all characters numeric; replaced as long
(file ../temp/diseases_2014.dta not found)
file ../temp/diseases_2014.dta saved
(encoding automatically selected: ISO-8859-1)
(2 vars, 10,086 obs)
pmid already string; no replace
query_name already string; no replace
(87 observations deleted)
pmid: all characters numeric; replaced as long
(file ../temp/diseases_2015.dta not found)
file ../temp/diseases_2015.dta saved
(encoding automatically selected: ISO-8859-1)
(2 vars, 10,087 obs)
pmid already string; no replace
query_name already string; no replace
(88 observations deleted)
pmid: all characters numeric; replaced as long
(file ../temp/diseases_2016.dta not found)
file ../temp/diseases_2016.dta saved
(encoding automatically selected: ISO-8859-1)
(2 vars, 10,087 obs)
pmid already string; no replace
query_name already string; no replace
(88 observations deleted)
pmid: all characters numeric; replaced as long
(file ../temp/diseases_2017.dta not found)
file ../temp/diseases_2017.dta saved
(encoding automatically selected: ISO-8859-1)
(2 vars, 10,088 obs)
pmid already string; no replace
query_name already string; no replace
(89 observations deleted)
pmid: all characters numeric; replaced as long
(file ../temp/diseases_2018.dta not found)
file ../temp/diseases_2018.dta saved
(encoding automatically selected: ISO-8859-1)
(2 vars, 10,092 obs)
pmid already string; no replace
query_name already string; no replace
(93 observations deleted)
pmid: all characters numeric; replaced as long
(file ../temp/diseases_2019.dta not found)
file ../temp/diseases_2019.dta saved
(encoding automatically selected: ISO-8859-1)
(2 vars, 10,107 obs)
pmid already string; no replace
query_name already string; no replace
(108 observations deleted)
pmid: all characters numeric; replaced as long
(file ../temp/diseases_2020.dta not found)
file ../temp/diseases_2020.dta saved
(encoding automatically selected: ISO-8859-1)
(2 vars, 10,113 obs)
pmid already string; no replace
query_name already string; no replace
(114 observations deleted)
pmid: all characters numeric; replaced as long
(file ../temp/diseases_2021.dta not found)
file ../temp/diseases_2021.dta saved
(encoding automatically selected: ISO-8859-1)
(2 vars, 10,110 obs)
pmid already string; no replace
query_name already string; no replace
(111 observations deleted)
pmid: all characters numeric; replaced as long
(file ../temp/diseases_2022.dta not found)
file ../temp/diseases_2022.dta saved
(variable query_name was str16, now str17 to accommodate using data's values)
(file ../temp/all_newfund_pmids.dta not found)
file ../temp/all_newfund_pmids.dta saved
variables created as string: 
query_name1  query_name2
year: all characters numeric; replaced as int
(1 missing value generated)
variable pmid was long now double
(2,132,986 real changes made)

Duplicates in terms of pmid cat
(1 missing value generated)
(1,059 observations deleted)

Duplicates in terms of pmid
(21,976 observations deleted)

Duplicates in terms of all variables

(0 observations are duplicates)

Duplicates in terms of pmid
(39,430 observations deleted)
(2,070,520 real changes made)
(file ../output/all_newfund_pmids.dta not found)
file ../output/all_newfund_pmids.dta saved
command append_jrnls is unrecognized
r(199);

end of do-file
r(199);

