--------------------------------------------------------------------------------
Makelog started: 2023-03-23 00:09:59
Working directory: /export/home/dor/cxu/innovation_projs/analysis/science_geo/comp_samps/code
--------------------------------------------------------------------------------
External links successfully created!

  ___  ____  ____  ____  ____ ®
 /__    /   ____/   /   ____/      17.0
___/   /   /___/   /   /___/       MP—Parallel Edition

 Statistics and Data Science       Copyright 1985-2021 StataCorp LLC
                                   StataCorp
                                   4905 Lakeway Drive
                                   College Station, Texas 77845 USA
                                   800-STATA-PC        https://www.stata.com
                                   979-696-4600        stata@stata.com

Stata license: Unlimited-user 4-core , expiring 17 Nov 2023
Serial number: 501709306977
  Licensed to: Harvard Business School
               Research Computing

Notes:
      1. Stata is running in batch mode.
      2. Unicode is supported; see help unicode_advice.
      3. More than 2 billion observations are allowed; see help obs_advice.
      4. Maximum number of variables is set to 120,000; see help set_maxvar.

. do "/export/home/dor/cxu/innovation_projs/analysis/science_geo/comp_samps/cod
> e/analysis.do" 

. set more off

. clear all

. capture log close

. program drop _all

. set scheme modern

. pause on

. set seed 8975

. here, set
/export/home/dor/cxu/innovation_projs/analysis/science_geo/comp_samps/code/

. 
. program main
  1.     global country_name "countries"
  2.     global us_state_name "US states"
  3.     global area_name "US cities"
  4.     global city_full_name "world cities"
  5.     global inst_name "institutions"
  6.     foreach samp in cns scisub demsci { 
  7.         local samp_type = cond(strpos("`samp'", "cns")>0 | strpos("`samp'"
> ,"med")>0, "main", "robust")
  8.         foreach data in newfund {
  9.         di "SAMPLE IS : `samp' `data'"
 10.             foreach var in affl_wt cite_affl_wt {
 11.                 athr_loc, data(`data') samp(`samp') wt_var(`var')
 12.             }
 13.             qui output_tables, data(`data') samp(`samp') 
 14.         }
 15.     }
 16.     foreach var in affl_wt cite_affl_wt {
 17.          comp_samps, samp1(cns) samp2(scisub) wt_var(`var')
 18.          comp_samps, samp1(cns) samp2(demsci) wt_var(`var')
 19.     }
 20.     mat corr_across_samp = corr_scisub \ corr_scisub_wt \ corr_demsci \ co
> rr_demsci_wt
 21.     matrix_to_txt, saving("../output/tables/corr_across_samp.txt") matrix(
> corr_across_samp) ///
>        title(<tab:corr_across_samp>) format(%20.4f) replace
 22. end

. 
. 
. program athr_loc
  1.     syntax, data(str) samp(str)  wt_var(str)
  2.     local suf = cond("`wt_var'" == "cite_affl_wt", "_wt", "") 
  3.     use ../external/cleaned_samps/cleaned_last5yrs_`data'_`samp', clear
  4.     drop if journal_abbr == "PLoS One"
  5.     foreach loc in country city_full inst {
  6.         qui gunique pmid //which_athr //if !mi(affiliation)
  7.         local articles = r(unique)
  8.         qui sum `wt_var'
  9.         local total = round(r(sum))
 10.         assert `total' == `articles'
 11.         qui sum `wt_var' if !mi(`loc') 
 12.         local denom = r(sum) 
 13.         preserve
 14.         if inlist("`loc'", "us_state", "area") {
 15.             qui keep if country == "United States"
 16.         }
 17.         gcollapse (sum) `wt_var', by(`loc')
 18.         qui hashsort -`wt_var' 
 19.         qui gen perc = `wt_var' / `total' * 100
 20.         li if mi(`loc')
 21.         qui drop if mi(`loc')
 22.         qui gen cum_perc = sum(perc) 
 23.         qui count
 24.         local rank_end = min(r(N),20) 
 25.         li `loc' perc in 1/`rank_end'
 26.         di "Total articles: `total'"
 27.         mkmat `wt_var' perc cum_perc in 1/`rank_end', mat(top_`loc'_`samp'
> `suf')
 28.         mat top_`loc'_`data'_`samp' = nullmat(top_`loc'_`data'_`samp') , (
> top_`loc'_`samp'`suf')
 29.         qui levelsof `loc' in 1/2
 30.         global top2_`loc'_`data'_`samp' "`r(levels)'"
 31.         if inlist("`loc'", "country", "inst", "city_full") {
 32.             qui levelsof `loc' in 1/`rank_end'
 33.             global `loc'_`data'_`samp' "`r(levels)'"
 34.         }
 35.         qui gen rank_grp = "first" if _n == 1
 36.         qui levelsof `loc' if _n == 1
 37.         global `loc'_first "`r(levels)'"
 38.         qui levelsof `loc' if _n == 2
 39.         global `loc'_second "`r(levels)'"
 40.         gen rank = _n 
 41.         keep `loc'  rank perc
 42.         rename perc share
 43.         qui save ../temp/`loc'_rank_`data'_`samp'`suf', replace
 44.         restore
 45.     }
 46. end

. 
. program comp_samps
  1.     syntax, samp1(str) samp2(str) wt_var(str)
  2.     local suf = cond("`wt_var'" == "cite_affl_wt", "_wt", "") 
  3.      if "`samp1'" == "cns_med"  local `samp1'_name "CNS + Med"
  4.      if "`samp2'" == "cns_med"  local `samp2'_name "CNS + Med"
  5.      if "`samp1'" == "cns"  local `samp1'_name "CNS"
  6.      if "`samp2'" == "cns"  local `samp2'_name "CNS"
  7.      if "`samp1'" == "scisub"  local `samp1'_name "Scientific Sub Journals
> "
  8.      if "`samp2'" == "scisub"  local `samp2'_name "Scientific Sub Journals
> "
  9.      if "`samp1'" == "demsci"  local `samp1'_name "Democratic Science Jour
> nals"
 10.      if "`samp2'" == "demsci"  local `samp2'_name "Democratic Science Jour
> nals"
 11.     foreach cat in newfund {
 12.          if "`cat'" == "fund"  local `cat'_name "Fundamental"
 13.          if "`cat'" == "newfund"  local `cat'_name "Fundamental"
 14.          if "`cat'" == "dis"  local `cat'_name "Disease"
 15.          if "`cat'" == "thera"  local `cat'_name "Therapeutics"
 16.          if "`cat'" == "nofund"  local `cat'_name "Disease + Therapeutics"
 17.          foreach loc in country city_full inst {
 18.              use ../temp/`loc'_rank_`cat'_`samp1'`suf', clear
 19.              gen samp = "`samp1'"
 20.              append using ../temp/`loc'_rank_`cat'_`samp2'`suf'
 21.              replace samp = "`samp2'" if mi(samp)
 22.              greshape wide rank share, i(`loc') j(samp)
 23.              gen onefund = _n
 24.              gen onetrans = _n 
 25.              gen zerofund = onefund-1
 26.              gen zerotrans = onetrans-1
 27.                 // inst labels
.                 cap replace inst = "Caltech" if inst == "California Institute
>  of Technology"
 28.                 cap replace inst = "CDC" if inst == "Centers for Disease C
> ontrol and Prevention"
 29.                 cap replace inst = "Columbia" if inst == "Columbia Univers
> ity"
 30.                 cap replace inst = "Cornell" if inst == "Cornell Universit
> y"
 31.                 cap replace inst = "Duke" if inst == "Duke University"
 32.                 cap replace inst = "Harvard" if inst == "Harvard Universit
> y"
 33.                 cap replace inst = "JHU" if inst == "Johns Hopkins Univers
> ity"
 34.                 cap replace inst = "Rockefeller Univ." if inst == "The Roc
> kefeller University"
 35.                 cap replace inst = "MIT" if inst == "Massachusetts Institu
> te of Technology"
 36.                 cap replace inst = "Memorial Sloan" if inst == "Memorial S
> loan-Kettering Cancer Center"
 37.                 cap replace inst = "MGH" if inst == "Massachusetts General
>  Hospital"
 38.                 cap replace inst = "NYU" if inst == "New York University"
 39.                 cap replace inst = "Stanford" if inst == "Stanford Univers
> ity"
 40.                 cap replace inst = "UCL" if inst == "University College Lo
> ndon"
 41.                 cap replace inst = "UC Berkeley" if inst == "University of
>  California, Berkeley"
 42.                 cap replace inst = "UCLA" if inst == "University of Califo
> rnia, Los Angeles"
 43.                 cap replace inst = "UCSD" if inst == "University of Califo
> rnia, San Diego"
 44.                 cap replace inst = "UCSF" if inst == "University of Califo
> rnia, San Francisco"
 45.                 cap replace inst = "UChicago" if inst == "University of Ch
> icago"
 46.                 cap replace inst = "UMich" if inst == "University of Michi
> gan"
 47.                 cap replace inst = "UPenn" if inst == "University of Penns
> ylvania"
 48.                 cap replace inst = "Yale" if inst == "Yale University"
 49.                 cap replace inst = "Wash U" if inst == "Washington Univers
> ity in St. Louis"
 50.                 cap replace inst = "CAS" if inst == "Chinese Academy of Sc
> iences"
 51.                 cap replace inst = "Oxford" if inst == "University of Oxfo
> rd"
 52.                 cap replace inst = "Cambridge" if inst == "University of C
> ambridge"
 53.                 cap replace inst = "UT Dallas" if inst == "University of T
> exas, Dallas"
 54.                 cap replace inst = "UMich" if inst == "University of Michi
> gan, Ann Arbor"
 55.                 cap replace inst = "Dana Farber" if inst == "Dana Farber C
> ancer Institute"
 56. 
.                 // cities
.                 cap replace city_full = subinstr(city_full, "United States", 
> "US",.)
 57.                 cap replace city_full = subinstr(city_full, "United Kingdo
> m", "UK",.)
 58.                 local lmt = 20
 59.                 gen lab_share = `loc' 
 60.                 cap replace lab_share = "" if !(inlist(rank`samp1', 1, 2, 
> 3, 5, 8) | inlist(rank`samp2', 1, 2, 3))
 61.                 cap replace lab_share = `loc' if inlist(`loc', "Memorial S
> loan", "MIT", "Stanford", "Berlin, Germany", "Daejeon, South Korea", "Baltimo
> re, US", "New York, US") & "`cat'" == "thera"
 62.                 cap replace lab_share = "" if inlist(`loc', "Netherlands",
>  "Switzerland") & "`cat'" == "thera"
 63.                
.                 cap replace lab_share = `loc' if inlist(`loc', "UCSF", "JHU",
>  "UCSD", "MIT", "China","London, UK", "Houston, US", "Japan") & "`cat'" == "n
> ewfund" & "`samp2'" == "scisub"
 64.                 cap replace lab_share = "" if inlist(`loc', "Switzerland",
>  "Canada", "Germany", "Beijing, China", "France") & "`cat'" == "newfund" & "`
> samp2'" == "scisub"
 65.                 
.                 cap replace lab_share = `loc' if inlist(`loc', "Germany", "Lo
> ndon, UK", "Houston, US", "Tokyo, Japan", "UCLA") & "`cat'" == "dis"
 66.                 cap replace lab_share = "" if inlist(`loc', "Sweden", "Can
> ada", "Cambridge, UK") & "`cat'" == "dis"
 67. 
.                 cap replace lab_share = "" if inlist(`loc',"Wash U", "UCSD", 
> "Germany", "Japan", "Canada", "Cambridge, UK") & "`cat'" == "nofund" & "`samp
> 2'" == "scisub"
 68.                 cap replace lab_share = `loc' if inlist(`loc', "Columbia")
>  & "`cat'" == "nofund" & "`suf'" == "" & "`samp2'" == "scisub"
 69.                 cap replace lab_share = `loc' if inlist(`loc', "Columbia")
>  & "`cat'" == "nofund" & "`suf'" == "" & "`samp2'" == "scisub"
 70.                 cap replace lab_share = `loc' if inlist(`loc', "MGH", "Cho
> ngqing, China") & "`cat'" == "nofund" & "`suf'" == "_wt" & "`samp2'" == "scis
> ub"
 71. 
.                 cap replace lab_share = "" if inlist(`loc', "Memorial Sloan",
>  "Seoul National University", "Canada", "Japan", "Shanghai, China", "Bethesda
> -DC, US" , "Wash U" , "UCSD", "Cambridge, UK") & "`cat'" == "nofund" &  "`sam
> p2'" == "demsci" 
 72.                 cap replace lab_share = "" if inlist(`loc', "France", "Fud
> an University"") & "`cat'" == "nofund" &  "`samp2'" == "demsci" 
 73.                 cap replace lab_share = "" if inlist(`loc', "Rockefeller U
> niv.", "United Kingdom", "Canada" , "Switzerland", "Seattle, US", "Cambridge,
>  UK", "Japan", "Univeresity of Washington") & "`cat'" == "newfund" & "`samp2'
> " == "demsci"
 74.                 *cap replace lab_share = "" if inlist(`loc', "Research Tri
> angle, US", "Israel")
.                 egen clock = mlabvpos(rank`samp1' rank`samp2')
 75.                 replace clock = 3 if inlist(lab_share, "Spain", "China", "
> San Diego-La Jolla, US", "Baltimore, US", "Berlin, Germany", "New York, US") 
> & "`cat'"== "thera"
 76.                 replace clock = 12 if inlist(lab_share, "Switzerland") & "
> `cat'"== "thera"
 77.                 replace clock = 6 if inlist(lab_share, "Bay Area, US", "St
> anford") & "`cat'"== "thera"
 78.                
.                 replace clock = 12 if inlist(lab_share, "United Kingdom") & "
> `cat'"== "newfund" & "`samp2'" == "scisub"
 79.                 replace clock = 3 if inlist(lab_share, "Germany", "Houston
> , US", "New York, US", "London, UK" , "UCSF", "UCSD", "San Diego-La Jolla, US
> ") & "`cat'"== "newfund" & "`samp2'" == "scisub"
 80.                 replace clock = 3 if inlist(lab_share, "MIT", "JHU", "Japa
> n", "China", "Stanford") & "`cat'" == "newfund" & "`samp2'" == "scisub"
 81.                 replace clock = 6 if inlist(lab_share, "Boston-Cambridge, 
> US") & "`cat'" == "newfund" & "`samp2'" == "scisub" & "`suf'" == ""
 82.                 replace clock = 11 if inlist(lab_share, "Bay Area, US") & 
> "`cat'" == "newfund"  & "`suf'" == ""
 83.                 replace clock = 6 if inlist(lab_share, "University of Wash
> ington") & "`cat'" == "newfund" & "`samp2'" == "scisub"
 84.                
.                replace clock = 3 if inlist(lab_share, "China", "United Kingdo
> m", "Boston-Cambridge, US", "New York, US" , "Bay Area, US", "London, UK", "S
> eoul, South Korea", "Beijing, China") & "`samp2'" == "demsci" & "`cat'" == "n
> ofund"
 85.                replace clock = 3  if inlist(lab_share, "Boston-Cambridge, 
> US", "New York, US", "San Diego-La Jolla, US", "Tokyo, Japan", "UC Berkeley",
>  "Stanford", "Max Planck") & "`samp2'" == "demsci" & "`cat'" == "newfund"
 86.                replace clock = 3 if inlist(lab_share, "Harvard", "CAS", "C
> NRS") & "`samp2'" == "demsci" & "`cat'" == "newfund"
 87.                 replace clock = 3 if inlist(lab_share, "Tokyo, Japan","Hou
> ston, US", "China", "UCLA") & "`cat'"== "dis"
 88.                 replace clock = 6 if inlist(lab_share, "Germany") & "`cat'
> "== "dis"
 89.                 
.                 replace clock = 3 if inlist(lab_share, "Harvard", "Memorial S
> loan", "Columbia", "MGH", "China", "Bethesda-DC, US", "Bay Area, US") & "`cat
> '" == "nofund" & "`samp2'" == "scisub"
 90.                 replace clock = 9 if inlist(lab_share, "United Kingdom", "
> London, UK") & "`cat'" == "nofund" & "`samp2'" == "scisub"
 91.                 local rank_lmt = 20
 92.                 qui sum rank`samp2' if inrange(rank`samp1' , 1,`rank_lmt')
 93.                 local max = r(max) 
 94.                 qui sum rank`samp1' if inrange(rank`samp2' , 1,`rank_lmt')
 95.                 local max= max(`max', r(max))
 96.                 corr rank`samp1' rank`samp2' if inrange(rank`samp1' , 1,`r
> ank_lmt') & inrange(rank`samp2' ,1,`rank_lmt')
 97.                 local corr :  di %3.2f r(rho)
 98.                 tw scatter rank`samp1' rank`samp2' if inrange(rank`samp1' 
> , 1,`rank_lmt') & inrange(rank`samp2' ,1,`rank_lmt') , ///
>                   mlabel(lab_share) mlabsize(vsmall) mlabcolor(black) mlabvp(
> clock) || ///
>                   (function y=x ,range(0 `max') lpattern(dash) lcolor(lavende
> r)), ///
>                   xtitle("``cat'_name' Research Rank - ``samp2'_name'", size(
> small)) ytitle("`cat_name' Research Rank - ``samp1'_name' ", size(small)) ///
>                   xlabel(1(1)`rank_lmt', labsize(vsmall)) ylabel(1(1)`rank_lm
> t', labsize(vsmall)) xsc(reverse) ysc(reverse) legend(on order(- "Correlation
>  = `corr'") size(vsmall) pos(5) ring(0) region(lwidth(none)))
 99.                 *graph export ../output/figures/`samp1'_`samp2'_`cat'_`loc
> '_rank`suf'.pdf, replace
.                 local skip = 5 
100.                 *if "`type'" == "inst" local lim = 5
.                 if "`loc'" == "inst" local skip = 0.5 
101.                 if "`loc'" == "city_full" local skip = 1 
102.                 qui sum share`samp1' if  !mi(share`samp1') & !mi(share`sam
> p2') //(inrange(rank`samp1' , 1,`rank_lmt') |  inrange(rank`samp2' , 1,`rank_
> lmt')) & !mi(share`samp1') & !mi(share`samp2')
103.                 local max = r(max)
104.                 qui sum share`samp2' if  !mi(share`samp1') & !mi(share`sam
> p2') //inrange(rank`samp1' , 1,`rank_lmt') |  inrange(rank`samp2' , 1,`rank_l
> mt') & !mi(share`samp1') & !mi(share`samp2')
105.                 local max = max(r(max), `max')
106.                 local max = floor(`max') +1 
107.                 di `max'
108.                 corr share`samp1' share`samp2'  if  (share`samp1'<=`max') 
> & (share`samp2'<=`max')
109.                 local corr :  di %3.2f r(rho)
110.                 if "`cat'" == "newfund" {
111.                     mat corr_`samp2'`suf' = nullmat(corr_`samp2'`suf') , r
> (rho)
112.                 }
113.                 tw scatter share`samp1' share`samp2' if (share`samp1'<=`ma
> x') & (share`samp2'<=`max'), ///  //if  (inrange(rank`samp1' , 1,`rank_lmt') 
> |  inrange(rank`samp2' , 1,`rank_lmt')) & (share`samp1'<=`max') & (share`samp
> 2'<=`max'), ///
>                   mlabel(lab_share) mlabsize(vsmall) mlabcolor(black) mlabvp(
> clock) || ///
>                   (function y=x ,range(0 `max') lpattern(dash) lcolor(lavende
> r)), ///
>                   xtitle("``cat'_name' Research Share (%) - ``samp2'_name'", 
> size(small)) ytitle("``cat'_name' Research Share (%) - ``samp1'_name'", size(
> small)) ///
>                   xlabel(0(`skip')`max', labsize(vsmall)) ylabel(0(`skip')`ma
> x', labsize(vsmall)) legend(on order(- "Correlation = `corr'") size(vsmall) p
> os(5) ring(0) region(lwidth(none))) 
114.                 graph export ../output/figures/`samp1'_`samp2'_`cat'_`loc'
> _share`suf'.pdf, replace
115.         }
116.         }
117. end

.     
. program output_tables
  1.     syntax, data(str) samp(str)
  2.     foreach file in {
  3.         qui matrix_to_txt, saving("../output/tables/`file'_`data'_`samp'.t
> xt") matrix(`file'_`data'_`samp') ///
>            title(<tab:`file'_`data'>) format(%20.4f) replace
  4.          }
  5.  end

. ** 
. main
SAMPLE IS : cns newfund
(0 observations deleted)

     +-------------------------------+
     | country    affl_wt       perc |
     |-------------------------------|
 27. |           11.32921   .1239927 |
     +-------------------------------+

     +---------------------------+
     |        country       perc |
     |---------------------------|
  1. |  United States   55.69514 |
  2. | United Kingdom   8.232946 |
  3. |        Germany   6.947575 |
  4. |          China   5.881845 |
  5. |    Switzerland    2.90845 |
     |---------------------------|
  6. |         France   2.478124 |
  7. |          Japan   2.326732 |
  8. |         Canada   2.211867 |
  9. |      Australia   1.630787 |
 10. |    Netherlands   1.495427 |
     |---------------------------|
 11. |         Israel   1.156745 |
 12. |         Sweden   .9943489 |
 13. |        Austria   .9226682 |
 14. |          Spain   .8912545 |
 15. |        Belgium   .8017946 |
     |---------------------------|
 16. |          Italy   .6776815 |
 17. |        Denmark   .6153982 |
 18. |    South Korea   .4950237 |
 19. |      Singapore   .4708357 |
 20. |         Brazil   .2666272 |
     +---------------------------+
Total articles: 9137

      +--------------------------------+
      | city_f~l    affl_wt       perc |
      |--------------------------------|
 123. |            11.32921   .1239927 |
      +--------------------------------+

     +----------------------------------------------+
     |                         city_full       perc |
     |----------------------------------------------|
  1. |   Boston-Cambridge, United States   9.865611 |
  2. |           Bay Area, United States   8.203003 |
  3. |           New York, United States   6.087481 |
  4. | San Diego-La Jolla, United States   2.833407 |
  5. |                    Beijing, China   2.809561 |
     |----------------------------------------------|
  6. |         Cambridge, United Kingdom   2.300956 |
  7. |            London, United Kingdom   2.059819 |
  8. |        Bethesda-DC, United States   1.503167 |
  9. |            Seattle, United States   1.493041 |
 10. |          New Haven, United States   1.404232 |
     |----------------------------------------------|
 11. |  Research Triangle, United States     1.2747 |
 12. |             Dallas, United States   1.210665 |
 13. |       Philadelphia, United States   1.188104 |
 14. |        Los Angeles, United States   1.181168 |
 15. |            Oxford, United Kingdom   1.131376 |
     |----------------------------------------------|
 16. |                   Shanghai, China   1.066857 |
 17. |          Baltimore, United States   1.024253 |
 18. |                     Paris, France   1.017631 |
 19. |        Saint Louis, United States   1.011592 |
 20. |            Houston, United States   1.007942 |
     +----------------------------------------------+
Total articles: 9137

       +----------------------------+
       | inst    affl_wt       perc |
       |----------------------------|
    3. |        200.2745   2.191906 |
       +----------------------------+

     +----------------------------------------------------+
     |                                    inst       perc |
     |----------------------------------------------------|
  1. |                      Harvard University   4.505673 |
  2. |                     Stanford University   3.672624 |
  3. |                              Max Planck   1.831337 |
  4. | University of California, San Francisco   1.716066 |
  5. |                                     NIH   1.481651 |
     |----------------------------------------------------|
  6. |              The Rockefeller University   1.438038 |
  7. |   Massachusetts Institute of Technology   1.423416 |
  8. |                         Yale University   1.374588 |
  9. |                     Columbia University   1.294676 |
 10. |             Chinese Academy of Sciences    1.28281 |
     |----------------------------------------------------|
 11. |      University of California, Berkeley   1.268383 |
 12. |     University of California, San Diego   1.063781 |
 13. |                University of Washington   1.061945 |
 14. |  Memorial Sloan-Kettering Cancer Center   1.030704 |
 15. |             University of Texas, Dallas   1.017005 |
     |----------------------------------------------------|
 16. |      Washington University in St. Louis   .9153131 |
 17. |                    University of Oxford   .9124413 |
 18. |              University of Pennsylvania   .9122183 |
 19. |                Johns Hopkins University   .8692806 |
 20. |                      Cornell University   .8486159 |
     +----------------------------------------------------+
Total articles: 9137
(0 observations deleted)

     +-------------------------------+
     | country   cite_a~t       perc |
     |-------------------------------|
 27. |           10.76031   .1177663 |
     +-------------------------------+

     +---------------------------+
     |        country       perc |
     |---------------------------|
  1. |  United States   53.82826 |
  2. | United Kingdom   9.293667 |
  3. |        Germany   7.295752 |
  4. |          China   7.175461 |
  5. |    Switzerland   2.474261 |
     |---------------------------|
  6. |         France   2.246117 |
  7. |         Canada   1.930254 |
  8. |          Japan   1.835269 |
  9. |      Australia   1.806091 |
 10. |    Netherlands   1.674564 |
     |---------------------------|
 11. |         Sweden   1.641221 |
 12. |         Israel   1.186855 |
 13. |        Belgium   .8305876 |
 14. |          Spain   .7377422 |
 15. |        Austria   .7226067 |
     |---------------------------|
 16. |          Italy   .6859131 |
 17. |    South Korea   .5822558 |
 18. |        Denmark   .4907554 |
 19. |   South Africa     .43027 |
 20. |      Singapore   .4267896 |
     +---------------------------+
Total articles: 9137

      +--------------------------------+
      | city_f~l   cite_a~t       perc |
      |--------------------------------|
 119. |            10.76031   .1177663 |
      +--------------------------------+

     +----------------------------------------------+
     |                         city_full       perc |
     |----------------------------------------------|
  1. |   Boston-Cambridge, United States   11.42609 |
  2. |           Bay Area, United States   7.733003 |
  3. |           New York, United States   5.732671 |
  4. |            London, United Kingdom   3.419688 |
  5. |                    Beijing, China    3.33933 |
     |----------------------------------------------|
  6. | San Diego-La Jolla, United States   2.736091 |
  7. |            Seattle, United States   2.024023 |
  8. |         Cambridge, United Kingdom   2.004086 |
  9. |            Oxford, United Kingdom   1.390591 |
 10. |        Bethesda-DC, United States   1.345198 |
     |----------------------------------------------|
 11. |                   Shanghai, China   1.253192 |
 12. |             Dallas, United States   1.116104 |
 13. |       Philadelphia, United States   1.115601 |
 14. |          New Haven, United States   1.097001 |
 15. |  Research Triangle, United States   1.088645 |
     |----------------------------------------------|
 16. |                     Paris, France   .9986544 |
 17. |        Saint Louis, United States   .9959596 |
 18. |            Houston, United States   .9613067 |
 19. |                 Stockholm, Sweden   .9554303 |
 20. |          Baltimore, United States   .9181511 |
     +----------------------------------------------+
Total articles: 9137

       +----------------------------+
       | inst   cite_a~t       perc |
       |----------------------------|
    3. |        224.2924   2.454771 |
       +----------------------------+

     +----------------------------------------------------+
     |                                    inst       perc |
     |----------------------------------------------------|
  1. |                      Harvard University   4.816823 |
  2. |                     Stanford University   3.276664 |
  3. |   Massachusetts Institute of Technology   1.673184 |
  4. |                University of Washington   1.587984 |
  5. | University of California, San Francisco   1.577833 |
     |----------------------------------------------------|
  6. |                              Max Planck   1.502337 |
  7. |             Chinese Academy of Sciences   1.347796 |
  8. |                                     NIH   1.276081 |
  9. |                                DeepMind   1.248418 |
 10. |      University of California, Berkeley    1.13126 |
     |----------------------------------------------------|
 11. |                     Columbia University   1.129166 |
 12. |              The Rockefeller University    1.09463 |
 13. |                         Yale University   1.075538 |
 14. |                    University of Oxford   1.033862 |
 15. |  Memorial Sloan-Kettering Cancer Center   .9907259 |
     |----------------------------------------------------|
 16. |                                   Broad   .9625707 |
 17. |             University of Texas, Dallas   .9348987 |
 18. |                      Cornell University   .8853604 |
 19. |     University of California, San Diego   .8764126 |
 20. |              University of Pennsylvania   .8662395 |
     +----------------------------------------------------+
Total articles: 9137
SAMPLE IS : scisub newfund
(0 observations deleted)

     +-------------------------------+
     | country    affl_wt       perc |
     |-------------------------------|
 23. |           14.84717   .1979887 |
     +-------------------------------+

     +---------------------------+
     |        country       perc |
     |---------------------------|
  1. |  United States   55.45018 |
  2. | United Kingdom   7.507812 |
  3. |          China    6.07332 |
  4. |        Germany   6.012832 |
  5. |          Japan   3.110402 |
     |---------------------------|
  6. |         Canada   2.953856 |
  7. |         France   2.577641 |
  8. |    Switzerland   2.471193 |
  9. |    Netherlands   1.791377 |
 10. |      Australia   1.223742 |
     |---------------------------|
 11. |         Israel   1.163055 |
 12. |          Spain   1.068718 |
 13. |          Italy   1.060989 |
 14. |         Sweden    1.03836 |
 15. |    South Korea    1.01255 |
     |---------------------------|
 16. |        Belgium    .824667 |
 17. |        Austria   .6986513 |
 18. |      Singapore   .5504804 |
 19. |        Denmark   .5247671 |
 20. |        Iceland   .2779323 |
     +---------------------------+
Total articles: 7499

      +--------------------------------+
      | city_f~l    affl_wt       perc |
      |--------------------------------|
  95. |            14.84717   .1979887 |
      +--------------------------------+

     +----------------------------------------------+
     |                         city_full       perc |
     |----------------------------------------------|
  1. |   Boston-Cambridge, United States    9.51903 |
  2. |           Bay Area, United States   7.275008 |
  3. |           New York, United States   6.367117 |
  4. | San Diego-La Jolla, United States   2.761931 |
  5. |            London, United Kingdom   2.145511 |
     |----------------------------------------------|
  6. |                    Beijing, China   1.885478 |
  7. |        Los Angeles, United States   1.784256 |
  8. |         Cambridge, United Kingdom    1.71772 |
  9. |          Baltimore, United States   1.634195 |
 10. |  Research Triangle, United States    1.52754 |
     |----------------------------------------------|
 11. |            Houston, United States   1.522966 |
 12. |       Philadelphia, United States   1.451431 |
 13. |                   Shanghai, China   1.375309 |
 14. |        Bethesda-DC, United States   1.346996 |
 15. |            Seattle, United States   1.312937 |
     |----------------------------------------------|
 16. |            Oxford, United Kingdom   1.190631 |
 17. |                     Paris, France   1.184132 |
 18. |          New Haven, United States   1.162841 |
 19. |                   Toronto, Canada   1.088149 |
 20. |            Chicago, United States   1.075543 |
     +----------------------------------------------+
Total articles: 7499

      +----------------------------+
      | inst    affl_wt       perc |
      |----------------------------|
   3. |        176.4361   2.352795 |
      +----------------------------+

     +----------------------------------------------------+
     |                                    inst       perc |
     |----------------------------------------------------|
  1. |                      Harvard University   4.000288 |
  2. |                     Stanford University   3.082704 |
  3. | University of California, San Francisco   2.021696 |
  4. |                     Columbia University   1.694741 |
  5. |                                     NIH   1.497115 |
     |----------------------------------------------------|
  6. |     University of California, San Diego   1.462152 |
  7. |   Massachusetts Institute of Technology   1.412568 |
  8. |                              Max Planck   1.402378 |
  9. |                     New York University   1.236037 |
 10. |                Johns Hopkins University   1.223137 |
     |----------------------------------------------------|
 11. |             Chinese Academy of Sciences   1.156325 |
 12. |   University of California, Los Angeles   1.142622 |
 13. |                         Yale University   1.140894 |
 14. |              University of Pennsylvania   1.094288 |
 15. |                    University of Oxford   .9620356 |
     |----------------------------------------------------|
 16. |                 University of Cambridge   .9467381 |
 17. |  Memorial Sloan-Kettering Cancer Center   .9325682 |
 18. |      University of California, Berkeley   .9323258 |
 19. |                University of Washington   .9315552 |
 20. |                      Cornell University   .8977408 |
     +----------------------------------------------------+
Total articles: 7499
(0 observations deleted)

     +-------------------------------+
     | country   cite_a~t       perc |
     |-------------------------------|
 26. |           7.887277   .1051777 |
     +-------------------------------+

     +---------------------------+
     |        country       perc |
     |---------------------------|
  1. |  United States   55.56533 |
  2. |          China   7.825223 |
  3. | United Kingdom   7.497159 |
  4. |        Germany   5.659098 |
  5. |          Japan   2.564675 |
     |---------------------------|
  6. |         Canada   2.386879 |
  7. |         France    2.16148 |
  8. |    Switzerland   2.006312 |
  9. |      Australia   1.913351 |
 10. |    Netherlands   1.888813 |
     |---------------------------|
 11. |         Sweden   1.158946 |
 12. |          Italy   1.151949 |
 13. |          Spain   1.017426 |
 14. |         Israel   1.006331 |
 15. |    South Korea   .8690235 |
     |---------------------------|
 16. |        Belgium   .7722709 |
 17. |        Denmark   .7702312 |
 18. |        Austria   .5634638 |
 19. |      Singapore   .5622683 |
 20. |         Norway   .3064161 |
     +---------------------------+
Total articles: 7499

      +--------------------------------+
      | city_f~l   cite_a~t       perc |
      |--------------------------------|
 138. |            7.887277   .1051777 |
      +--------------------------------+

     +----------------------------------------------+
     |                         city_full       perc |
     |----------------------------------------------|
  1. |   Boston-Cambridge, United States   10.39072 |
  2. |           Bay Area, United States   8.106122 |
  3. |           New York, United States    6.87009 |
  4. | San Diego-La Jolla, United States   2.708143 |
  5. |            London, United Kingdom   2.312408 |
     |----------------------------------------------|
  6. |                    Beijing, China   2.063714 |
  7. |          Baltimore, United States   1.733462 |
  8. |         Cambridge, United Kingdom   1.705595 |
  9. |        Los Angeles, United States   1.601958 |
 10. |            Houston, United States   1.531903 |
     |----------------------------------------------|
 11. |  Research Triangle, United States   1.366145 |
 12. |       Philadelphia, United States   1.321471 |
 13. |            Seattle, United States   1.319579 |
 14. |                   Shanghai, China   1.216578 |
 15. |          New Haven, United States     1.2046 |
     |----------------------------------------------|
 16. |                  Chongqing, China   1.201386 |
 17. |        Bethesda-DC, United States   1.181662 |
 18. |        Saint Louis, United States   1.165391 |
 19. |                   Toronto, Canada   1.053904 |
 20. |            Oxford, United Kingdom   1.049235 |
     +----------------------------------------------+
Total articles: 7499

      +----------------------------+
      | inst   cite_a~t       perc |
      |----------------------------|
   3. |        187.2484   2.496979 |
      +----------------------------+

     +----------------------------------------------------+
     |                                    inst       perc |
     |----------------------------------------------------|
  1. |                      Harvard University   4.052549 |
  2. |                     Stanford University   3.514374 |
  3. | University of California, San Francisco   1.978009 |
  4. |     University of California, San Diego   1.506572 |
  5. |   Massachusetts Institute of Technology   1.503931 |
     |----------------------------------------------------|
  6. |                     Columbia University   1.386264 |
  7. |                Johns Hopkins University   1.350647 |
  8. |                                     NIH   1.305313 |
  9. |  Memorial Sloan-Kettering Cancer Center   1.284944 |
 10. |             Chinese Academy of Sciences   1.240973 |
     |----------------------------------------------------|
 11. |                         Yale University   1.181453 |
 12. |                     New York University   1.174125 |
 13. |      University of California, Berkeley   1.001346 |
 14. |              University of Pennsylvania   .9981107 |
 15. |      Washington University in St. Louis   .9508007 |
     |----------------------------------------------------|
 16. |                              Max Planck   .9429784 |
 17. |                      Cornell University   .8816484 |
 18. |   University of California, Los Angeles   .8328024 |
 19. |                 University of Cambridge   .8272721 |
 20. |             University of Texas, Dallas     .81508 |
     +----------------------------------------------------+
Total articles: 7499
SAMPLE IS : demsci newfund
(0 observations deleted)

     +-------------------------------+
     | country    affl_wt       perc |
     |-------------------------------|
 27. |           614.2143   .5255759 |
     +-------------------------------+

     +---------------------------+
     |        country       perc |
     |---------------------------|
  1. |  United States   24.63668 |
  2. |          China   12.82999 |
  3. |          Japan    6.02317 |
  4. |        Germany   5.463487 |
  5. | United Kingdom   4.557902 |
     |---------------------------|
  6. |    South Korea    3.47348 |
  7. |         Canada   3.383715 |
  8. |         France   2.813754 |
  9. |      Australia   2.781127 |
 10. |         Brazil   2.756836 |
     |---------------------------|
 11. |          Spain   2.556148 |
 12. |          Italy   2.424161 |
 13. |         Taiwan    2.14437 |
 14. |    Netherlands   2.072287 |
 15. |          India   1.811922 |
     |---------------------------|
 16. |         Sweden   1.476268 |
 17. |    Switzerland   1.186458 |
 18. |         Poland   1.091777 |
 19. |        Denmark   .9634793 |
 20. |        Belgium   .8116975 |
     +---------------------------+
Total articles: 116865

      +--------------------------------+
      | city_f~l    affl_wt       perc |
      |--------------------------------|
  23. |            614.2143   .5255759 |
      +--------------------------------+

     +----------------------------------------------+
     |                         city_full       perc |
     |----------------------------------------------|
  1. |                    Beijing, China   2.154097 |
  2. |                Seoul, South Korea   1.833427 |
  3. |   Boston-Cambridge, United States   1.284046 |
  4. |                      Tokyo, Japan   1.216534 |
  5. |                   Shanghai, China   1.194787 |
     |----------------------------------------------|
  6. |            London, United Kingdom   1.098817 |
  7. |           Bay Area, United States   .9744984 |
  8. |                    Taipei, Taiwan   .9279429 |
  9. |           New York, United States   .8407218 |
 10. |  Research Triangle, United States   .7662511 |
     |----------------------------------------------|
 11. |                     Paris, France   .7050772 |
 12. |                    Nanjing, China   .6763394 |
 13. |                      Wuhan, China   .6746992 |
 14. |                       Indi, India   .6176332 |
 15. |          Baltimore, United States    .609536 |
     |----------------------------------------------|
 16. |        Bethesda-DC, United States   .6047267 |
 17. |            Houston, United States   .5682166 |
 18. |                     Madrid, Spain   .5655645 |
 19. |                 Sydney, Australia    .536999 |
 20. | San Diego-La Jolla, United States   .5353919 |
     +----------------------------------------------+
Total articles: 116865

       +---------------------------+
       | inst    affl_wt      perc |
       |---------------------------|
    1. |        6127.454   5.24319 |
       +---------------------------+

     +-----------------------------------------------------+
     |                                     inst       perc |
     |-----------------------------------------------------|
  1. |              Chinese Academy of Sciences   .6104547 |
  2. |                Seoul National University   .5226428 |
  3. |                                      NIH   .4976053 |
  4. |                                     CNRS   .4551845 |
  5. |                       Harvard University   .4405422 |
     |-----------------------------------------------------|
  6. |                 Johns Hopkins University   .4093786 |
  7. |                        Yonsei University   .3261571 |
  8. |                      University of Tokyo   .3147927 |
  9. |                      National University   .2979769 |
 10. |                        Peking University   .2945389 |
     |-----------------------------------------------------|
 11. |                                   INSERM   .2918364 |
 12. |                      Stanford University   .2829749 |
 13. |                         Kyoto University   .2829601 |
 14. |        University of Michigan, Ann Arbor   .2811268 |
 15. |               National Taiwan University    .273418 |
     |-----------------------------------------------------|
 16. |                     Karolinska Institute   .2668947 |
 17. |                         Fudan University   .2652519 |
 18. |                 University of Washington   .2604109 |
 19. | Chinese Academy of Agricultural Sciences   .2596204 |
 20. |                    Vanderbilt University   .2590951 |
     +-----------------------------------------------------+
Total articles: 116865
(0 observations deleted)

     +-------------------------------+
     | country   cite_a~t       perc |
     |-------------------------------|
 23. |            742.904   .6356941 |
     +-------------------------------+

     +---------------------------+
     |        country       perc |
     |---------------------------|
  1. |  United States   26.44121 |
  2. |          China   13.49926 |
  3. |        Germany   5.368004 |
  4. |          Japan   5.005507 |
  5. | United Kingdom   4.925869 |
     |---------------------------|
  6. |         Canada   3.499449 |
  7. |      Australia    2.96982 |
  8. |    South Korea   2.899762 |
  9. |          Italy   2.746511 |
 10. |         France   2.692333 |
     |---------------------------|
 11. |         Brazil   2.517009 |
 12. |          Spain   2.498978 |
 13. |    Netherlands   2.113964 |
 14. |          India   1.818531 |
 15. |         Taiwan   1.693676 |
     |---------------------------|
 16. |         Sweden    1.40556 |
 17. |    Switzerland   1.231087 |
 18. |        Denmark   .9825438 |
 19. |         Poland   .9095876 |
 20. |        Belgium   .7862863 |
     +---------------------------+
Total articles: 116865

      +--------------------------------+
      | city_f~l   cite_a~t       perc |
      |--------------------------------|
  18. |             742.904   .6356941 |
      +--------------------------------+

     +----------------------------------------------+
     |                         city_full       perc |
     |----------------------------------------------|
  1. |                    Beijing, China   2.019569 |
  2. |                   Shanghai, China   1.505982 |
  3. |   Boston-Cambridge, United States   1.505274 |
  4. |                Seoul, South Korea   1.477521 |
  5. |           Bay Area, United States   1.211252 |
     |----------------------------------------------|
  6. |            London, United Kingdom   1.195387 |
  7. |                      Tokyo, Japan   1.025547 |
  8. |           New York, United States   .9235836 |
  9. |  Research Triangle, United States   .8098911 |
 10. |                      Wuhan, China   .7699644 |
     |----------------------------------------------|
 11. |                    Taipei, Taiwan   .7416623 |
 12. |                    Nanjing, China   .7397585 |
 13. |                     Paris, France   .6820134 |
 14. |          Baltimore, United States   .6781855 |
 15. |            Houston, United States   .6747161 |
     |----------------------------------------------|
 16. |        Bethesda-DC, United States   .6654801 |
 17. | San Diego-La Jolla, United States    .642074 |
 18. |                 Sydney, Australia   .6162511 |
 19. |                       Indi, India   .5913044 |
 20. |                  Guangzhou, China   .5661182 |
     +----------------------------------------------+
Total articles: 116865

       +----------------------------+
       | inst   cite_a~t       perc |
       |----------------------------|
    1. |        6183.097   5.290803 |
       +----------------------------+

     +-----------------------------------------------------+
     |                                     inst       perc |
     |-----------------------------------------------------|
  1. |              Chinese Academy of Sciences   .6174266 |
  2. |                                      NIH    .530876 |
  3. |                       Harvard University   .5211912 |
  4. |                 Johns Hopkins University   .4691252 |
  5. |                                     CNRS    .430086 |
     |-----------------------------------------------------|
  6. |                Seoul National University   .4073502 |
  7. |                         Fudan University   .3770185 |
  8. |                      Stanford University   .3351045 |
  9. |      University of California, San Diego   .3049212 |
 10. |                      Zhejiang University   .2971011 |
     |-----------------------------------------------------|
 11. |                 University of Washington   .2965945 |
 12. |                    Vanderbilt University   .2960004 |
 13. |                          Yale University   .2946048 |
 14. |        University of Michigan, Ann Arbor   .2901199 |
 15. | Chinese Academy of Agricultural Sciences   .2894056 |
     |-----------------------------------------------------|
 16. |                        Peking University   .2868893 |
 17. |                                   INSERM   .2867463 |
 18. |                    Ohio State University   .2778491 |
 19. |                    University of Alberta   .2758374 |
 20. |                  University of Minnesota   .2696379 |
     +-----------------------------------------------------+
Total articles: 116865
variable samp was str3 now str6
(133 real changes made)
(note: j = cns scisub)

Data                               long   ->   wide
-----------------------------------------------------------------------------
Number of obs.                      302   ->   178                  
Number of variables                    4  ->   5                    
j (2 values)                       samp   ->   (dropped)
xij variables:
                                   rank   ->   rankcns rankscisub
                                  share   ->   sharecns sharescisub
-----------------------------------------------------------------------------
(54 missing values generated)
(0 real changes made)
(0 real changes made)
(0 real changes made)
(1 real change made)
(0 real changes made)
(2 real changes made)
(0 real changes made)
(0 real changes made)
(0 real changes made)
(0 real changes made)
(0 real changes made)
(0 real changes made)
(0 real changes made)
(0 real changes made)
(0 real changes made)
(0 real changes made)
(obs=19)

             |  rankcns ranksc~b
-------------+------------------
     rankcns |   1.0000
  rankscisub |   0.9386   1.0000

56
(obs=124)

             | sharecns shares~b
-------------+------------------
    sharecns |   1.0000
 sharescisub |   0.9994   1.0000

file ../output/figures/cns_scisub_newfund_country_share.pdf saved as PDF
    format
variable samp was str3 now str6
(1,834 real changes made)
(note: j = cns scisub)

Data                               long   ->   wide
-----------------------------------------------------------------------------
Number of obs.                    4,369   ->   3,044                
Number of variables                    4  ->   5                    
j (2 values)                       samp   ->   (dropped)
xij variables:
                                   rank   ->   rankcns rankscisub
                                  share   ->   sharecns sharescisub
-----------------------------------------------------------------------------
(1,719 missing values generated)
(0 real changes made)
(0 real changes made)
(0 real changes made)
(0 real changes made)
(3 real changes made)
(0 real changes made)
(1 real change made)
(1 real change made)
(0 real changes made)
(0 real changes made)
(0 real changes made)
(0 real changes made)
(0 real changes made)
(0 real changes made)
(0 real changes made)
(0 real changes made)
(obs=18)

             |  rankcns ranksc~b
-------------+------------------
     rankcns |   1.0000
  rankscisub |   0.6772   1.0000

10
(obs=1,325)

             | sharecns shares~b
-------------+------------------
    sharecns |   1.0000
 sharescisub |   0.9884   1.0000

file ../output/figures/cns_scisub_newfund_city_full_share.pdf saved as PDF
    format
variable samp was str3 now str6
(9,626 real changes made)
(note: j = cns scisub)

Data                               long   ->   wide
-----------------------------------------------------------------------------
Number of obs.                   21,058   ->   17,020               
Number of variables                    4  ->   5                    
j (2 values)                       samp   ->   (dropped)
xij variables:
                                   rank   ->   rankcns rankscisub
                                  share   ->   sharecns sharescisub
-----------------------------------------------------------------------------
(12,982 missing values generated)
(0 real changes made)
(0 real changes made)
(0 real changes made)
(0 real changes made)
(4 real changes made)
(4 real changes made)
(0 real changes made)
(0 real changes made)
(0 real changes made)
(0 real changes made)
(0 real changes made)
(0 real changes made)
(0 real changes made)
(0 real changes made)
(0 real changes made)
(0 real changes made)
(obs=17)

             |  rankcns ranksc~b
-------------+------------------
     rankcns |   1.0000
  rankscisub |   0.7481   1.0000

5
(obs=4,038)

             | sharecns shares~b
-------------+------------------
    sharecns |   1.0000
 sharescisub |   0.9662   1.0000

file ../output/figures/cns_scisub_newfund_inst_share.pdf saved as PDF format
variable samp was str3 now str6
(220 real changes made)
(note: j = cns demsci)

Data                               long   ->   wide
-----------------------------------------------------------------------------
Number of obs.                      389   ->   225                  
Number of variables                    4  ->   5                    
j (2 values)                       samp   ->   (dropped)
xij variables:
                                   rank   ->   rankcns rankdemsci
                                  share   ->   sharecns sharedemsci
-----------------------------------------------------------------------------
(61 missing values generated)
(0 real changes made)
(0 real changes made)
(0 real changes made)
(0 real changes made)
(0 real changes made)
(0 real changes made)
(0 real changes made)
(0 real changes made)
(0 real changes made)
(0 real changes made)
(0 real changes made)
(0 real changes made)
(0 real changes made)
(0 real changes made)
(0 real changes made)
(0 real changes made)
(obs=17)

             |  rankcns rankde~i
-------------+------------------
     rankcns |   1.0000
  rankdemsci |   0.5572   1.0000

56
(obs=164)

             | sharecns shared~i
-------------+------------------
    sharecns |   1.0000
 sharedemsci |   0.8976   1.0000

file ../output/figures/cns_demsci_newfund_country_share.pdf saved as PDF
    format
(variable city_full was str43, now str50 to accommodate using data's values)
variable samp was str3 now str6
(7,354 real changes made)
(note: j = cns demsci)

Data                               long   ->   wide
-----------------------------------------------------------------------------
Number of obs.                    9,889   ->   7,698                
Number of variables                    4  ->   5                    
j (2 values)                       samp   ->   (dropped)
xij variables:
                                   rank   ->   rankcns rankdemsci
                                  share   ->   sharecns sharedemsci
-----------------------------------------------------------------------------
(5,507 missing values generated)
(0 real changes made)
(0 real changes made)
(0 real changes made)
(0 real changes made)
(0 real changes made)
(0 real changes made)
(0 real changes made)
(1 real change made)
(0 real changes made)
(0 real changes made)
(2 real changes made)
(0 real changes made)
(0 real changes made)
(0 real changes made)
(0 real changes made)
(0 real changes made)
(obs=12)

             |  rankcns rankde~i
-------------+------------------
     rankcns |   1.0000
  rankdemsci |   0.3614   1.0000

10
(obs=2,191)

             | sharecns shared~i
-------------+------------------
    sharecns |   1.0000
 sharedemsci |   0.5709   1.0000

file ../output/figures/cns_demsci_newfund_city_full_share.pdf saved as PDF
    format
(variable inst was str224, now str292 to accommodate using data's values)
variable samp was str3 now str6
(61,151 real changes made)
(note: j = cns demsci)

Data                               long   ->   wide
-----------------------------------------------------------------------------
Number of obs.                   72,583   ->   65,919               
Number of variables                    4  ->   5                    
j (2 values)                       samp   ->   (dropped)
xij variables:
                                   rank   ->   rankcns rankdemsci
                                  share   ->   sharecns sharedemsci
-----------------------------------------------------------------------------
(59,255 missing values generated)
(0 real changes made)
(0 real changes made)
(0 real changes made)
(0 real changes made)
(0 real changes made)
(0 real changes made)
(0 real changes made)
(0 real changes made)
(0 real changes made)
(0 real changes made)
(2 real changes made)
(2 real changes made)
(0 real changes made)
(0 real changes made)
(0 real changes made)
(0 real changes made)
(obs=6)

             |  rankcns rankde~i
-------------+------------------
     rankcns |   1.0000
  rankdemsci |   0.1219   1.0000

5
(obs=6,664)

             | sharecns shared~i
-------------+------------------
    sharecns |   1.0000
 sharedemsci |   0.5340   1.0000

file ../output/figures/cns_demsci_newfund_inst_share.pdf saved as PDF format
variable samp was str3 now str6
(133 real changes made)
(note: j = cns scisub)

Data                               long   ->   wide
-----------------------------------------------------------------------------
Number of obs.                      302   ->   178                  
Number of variables                    4  ->   5                    
j (2 values)                       samp   ->   (dropped)
xij variables:
                                   rank   ->   rankcns rankscisub
                                  share   ->   sharecns sharescisub
-----------------------------------------------------------------------------
(54 missing values generated)
(0 real changes made)
(0 real changes made)
(0 real changes made)
(1 real change made)
(0 real changes made)
(2 real changes made)
(0 real changes made)
(0 real changes made)
(0 real changes made)
(0 real changes made)
(0 real changes made)
(0 real changes made)
(0 real changes made)
(0 real changes made)
(0 real changes made)
(0 real changes made)
(obs=19)

             |  rankcns ranksc~b
-------------+------------------
     rankcns |   1.0000
  rankscisub |   0.9389   1.0000

56
(obs=124)

             | sharecns shares~b
-------------+------------------
    sharecns |   1.0000
 sharescisub |   0.9985   1.0000

file ../output/figures/cns_scisub_newfund_country_share_wt.pdf saved as PDF
    format
variable samp was str3 now str6
(1,834 real changes made)
(note: j = cns scisub)

Data                               long   ->   wide
-----------------------------------------------------------------------------
Number of obs.                    4,369   ->   3,044                
Number of variables                    4  ->   5                    
j (2 values)                       samp   ->   (dropped)
xij variables:
                                   rank   ->   rankcns rankscisub
                                  share   ->   sharecns sharescisub
-----------------------------------------------------------------------------
(1,719 missing values generated)
(0 real changes made)
(0 real changes made)
(0 real changes made)
(0 real changes made)
(3 real changes made)
(0 real changes made)
(0 real changes made)
(0 real changes made)
(0 real changes made)
(0 real changes made)
(0 real changes made)
(0 real changes made)
(0 real changes made)
(0 real changes made)
(0 real changes made)
(0 real changes made)
(obs=17)

             |  rankcns ranksc~b
-------------+------------------
     rankcns |   1.0000
  rankscisub |   0.5694   1.0000

12
(obs=1,325)

             | sharecns shares~b
-------------+------------------
    sharecns |   1.0000
 sharescisub |   0.9784   1.0000

file ../output/figures/cns_scisub_newfund_city_full_share_wt.pdf saved as PDF
    format
variable samp was str3 now str6
(9,626 real changes made)
(note: j = cns scisub)

Data                               long   ->   wide
-----------------------------------------------------------------------------
Number of obs.                   21,058   ->   17,020               
Number of variables                    4  ->   5                    
j (2 values)                       samp   ->   (dropped)
xij variables:
                                   rank   ->   rankcns rankscisub
                                  share   ->   sharecns sharescisub
-----------------------------------------------------------------------------
(12,982 missing values generated)
(0 real changes made)
(0 real changes made)
(0 real changes made)
(0 real changes made)
(4 real changes made)
(4 real changes made)
(0 real changes made)
(0 real changes made)
(0 real changes made)
(0 real changes made)
(0 real changes made)
(0 real changes made)
(0 real changes made)
(0 real changes made)
(0 real changes made)
(0 real changes made)
(obs=15)

             |  rankcns ranksc~b
-------------+------------------
     rankcns |   1.0000
  rankscisub |   0.5804   1.0000

5
(obs=4,038)

             | sharecns shares~b
-------------+------------------
    sharecns |   1.0000
 sharescisub |   0.9417   1.0000

file ../output/figures/cns_scisub_newfund_inst_share_wt.pdf saved as PDF
    format
variable samp was str3 now str6
(220 real changes made)
(note: j = cns demsci)

Data                               long   ->   wide
-----------------------------------------------------------------------------
Number of obs.                      389   ->   225                  
Number of variables                    4  ->   5                    
j (2 values)                       samp   ->   (dropped)
xij variables:
                                   rank   ->   rankcns rankdemsci
                                  share   ->   sharecns sharedemsci
-----------------------------------------------------------------------------
(61 missing values generated)
(0 real changes made)
(0 real changes made)
(0 real changes made)
(0 real changes made)
(0 real changes made)
(0 real changes made)
(0 real changes made)
(0 real changes made)
(0 real changes made)
(0 real changes made)
(0 real changes made)
(0 real changes made)
(0 real changes made)
(0 real changes made)
(0 real changes made)
(0 real changes made)
(obs=16)

             |  rankcns rankde~i
-------------+------------------
     rankcns |   1.0000
  rankdemsci |   0.5892   1.0000

54
(obs=164)

             | sharecns shared~i
-------------+------------------
    sharecns |   1.0000
 sharedemsci |   0.9198   1.0000

file ../output/figures/cns_demsci_newfund_country_share_wt.pdf saved as PDF
    format
(variable city_full was str43, now str50 to accommodate using data's values)
variable samp was str3 now str6
(7,354 real changes made)
(note: j = cns demsci)

Data                               long   ->   wide
-----------------------------------------------------------------------------
Number of obs.                    9,889   ->   7,698                
Number of variables                    4  ->   5                    
j (2 values)                       samp   ->   (dropped)
xij variables:
                                   rank   ->   rankcns rankdemsci
                                  share   ->   sharecns sharedemsci
-----------------------------------------------------------------------------
(5,507 missing values generated)
(0 real changes made)
(0 real changes made)
(0 real changes made)
(0 real changes made)
(0 real changes made)
(0 real changes made)
(0 real changes made)
(0 real changes made)
(0 real changes made)
(0 real changes made)
(2 real changes made)
(0 real changes made)
(0 real changes made)
(0 real changes made)
(0 real changes made)
(0 real changes made)
(obs=12)

             |  rankcns rankde~i
-------------+------------------
     rankcns |   1.0000
  rankdemsci |   0.5550   1.0000

12
(obs=2,191)

             | sharecns shared~i
-------------+------------------
    sharecns |   1.0000
 sharedemsci |   0.6324   1.0000

file ../output/figures/cns_demsci_newfund_city_full_share_wt.pdf saved as PDF
    format
(variable inst was str224, now str292 to accommodate using data's values)
variable samp was str3 now str6
(61,151 real changes made)
(note: j = cns demsci)

Data                               long   ->   wide
-----------------------------------------------------------------------------
Number of obs.                   72,583   ->   65,919               
Number of variables                    4  ->   5                    
j (2 values)                       samp   ->   (dropped)
xij variables:
                                   rank   ->   rankcns rankdemsci
                                  share   ->   sharecns sharedemsci
-----------------------------------------------------------------------------
(59,255 missing values generated)
(0 real changes made)
(0 real changes made)
(0 real changes made)
(0 real changes made)
(0 real changes made)
(0 real changes made)
(0 real changes made)
(0 real changes made)
(0 real changes made)
(0 real changes made)
(1 real change made)
(2 real changes made)
(0 real changes made)
(0 real changes made)
(0 real changes made)
(0 real changes made)
(obs=7)

             |  rankcns rankde~i
-------------+------------------
     rankcns |   1.0000
  rankdemsci |   0.3491   1.0000

5
(obs=6,664)

             | sharecns shared~i
-------------+------------------
    sharecns |   1.0000
 sharedemsci |   0.5494   1.0000

file ../output/figures/cns_demsci_newfund_inst_share_wt.pdf saved as PDF
    format
(file ../output/tables/corr_across_samp.txt not found)

. 
end of do-file

--------------------------------------------------------------------------------
Makelog ended: 2023-03-23 00:14:21
Working directory: /export/home/dor/cxu/innovation_projs/analysis/science_geo/comp_samps/code
--------------------------------------------------------------------------------
