--------------------------------------------------------------------------------
Makelog started: 2023-12-28 20:02:56
Working directory: /export/home/dor/cxu/innovation_projs/analysis/science_geo/comp_jrnl_samps/code
--------------------------------------------------------------------------------
External links successfully created!

  ___  ____  ____  ____  ____ ®
 /__    /   ____/   /   ____/      17.0
___/   /   /___/   /   /___/       MP—Parallel Edition

 Statistics and Data Science       Copyright 1985-2021 StataCorp LLC
                                   StataCorp
                                   4905 Lakeway Drive
                                   College Station, Texas 77845 USA
                                   800-STATA-PC        https://www.stata.com
                                   979-696-4600        stata@stata.com

Stata license: Unlimited-user 4-core network, expiring 17 Nov 2024
Serial number: 501809301897
  Licensed to: Harvard Business School
               Research Computing

Notes:
      1. Stata is running in batch mode.
      2. Unicode is supported; see help unicode_advice.
      3. More than 2 billion observations are allowed; see help obs_advice.
      4. Maximum number of variables is set to 120,000; see help set_maxvar.

. do "/export/home/dor/cxu/innovation_projs/analysis/science_geo/comp_jrnl_samp
> s/code/analysis.do" 

. set more off

. clear all

. capture log close

. program drop _all

. set scheme modern

. graph set window fontface "Arial Narrow"
not available in non-GUI version

. pause on

. set seed 8975

. here, set
/export/home/dor/cxu/innovation_projs/analysis/science_geo/comp_jrnl_samps/code
> /

. 
. program main
  1.     global country_name "countries"
  2.     global us_state_name "US states"
  3.     global area_name "US cities"
  4.     global city_full_name "world cities"
  5.     global msatitle_name "MSAs"
  6.     global inst_name "institutions"
  7.     foreach samp in cns scisub demsci { 
  8.         local samp_type = cond(strpos("`samp'", "cns")>0 | strpos("`samp'"
> ,"med")>0, "main", "robust")
  9.         foreach data in newfund {
 10.         di "SAMPLE IS : `samp' `data'"
 11.             foreach var in affl_wt cite_affl_wt {
 12.                 athr_loc, data(`data') samp(`samp') wt_var(`var')
 13.             }
 14.             qui output_tables, data(`data') samp(`samp') 
 15.         }
 16.         corr_wt, samp(`samp')
 17.     }
 18.     foreach var in cite_affl_wt {
 19.          comp_samps, samp1(cns) samp2(scisub) wt_var(`var')
 20.          comp_samps, samp1(cns) samp2(demsci) wt_var(`var')
 21.     }
 22.     mat corr_across_samp = corr_scisub_wt \ corr_demsci_wt
 23.     foreach file in corr_wt corr_across_samp {
 24.         matrix_to_txt, saving("../output/tables/`file'.txt") matrix(`file'
> ) ///
>            title(<tab:`file'>) format(%20.4f) replace
 25.     }
 26. end

. 
. 
. program athr_loc
  1.     syntax, data(str) samp(str)  wt_var(str)
  2.     local suf = cond("`wt_var'" == "cite_affl_wt", "_wt", "") 
  3.     use ../external/openalex/cleaned_all_`data'_`samp', clear
  4.     foreach loc in country msa_c_world inst { 
  5.         qui gunique pmid //which_athr //if !mi(affiliation)
  6.         local articles = r(unique)
  7.         qui sum `wt_var'
  8.         local total = round(r(sum))
  9.         assert `total' == `articles'
 10.         qui sum `wt_var' if !mi(`loc') 
 11.         local denom = r(sum) 
 12.         preserve
 13.         if inlist("`loc'", "us_state", "area", "msatitle") {
 14.             qui keep if country == "United States"
 15.         }
 16.         collapse (sum) `wt_var', by(`loc')
 17.         qui hashsort -`wt_var' 
 18.         qui gen perc = `wt_var' / `total' * 100
 19.         li if mi(`loc')
 20.         qui drop if mi(`loc')
 21.         qui gen cum_perc = sum(perc) 
 22.         qui count
 23.         local rank_end = min(r(N),20) 
 24.         li `loc' perc in 1/`rank_end'
 25.         di "Total articles: `total'"
 26.         mkmat `wt_var' perc cum_perc in 1/`rank_end', mat(top_`loc'_`samp'
> `suf')
 27.         mat top_`loc'_`data'_`samp' = nullmat(top_`loc'_`data'_`samp') , (
> top_`loc'_`samp'`suf')
 28.         qui levelsof `loc' in 1/2
 29.         global top2_`loc'_`data'_`samp' "`r(levels)'"
 30.         if inlist("`loc'", "country", "inst", "city_full", "msatitle", "ms
> a_world", "msa_c_world") {
 31.             qui levelsof `loc' in 1/`rank_end'
 32.             global `loc'_`data'_`samp' "`r(levels)'"
 33.         }
 34.         qui gen rank_grp = "first" if _n == 1
 35.         qui levelsof `loc' if _n == 1
 36.         global `loc'_first "`r(levels)'"
 37.         qui levelsof `loc' if _n == 2
 38.         global `loc'_second "`r(levels)'"
 39.         gen rank = _n 
 40.         keep `loc'  rank perc
 41.         rename perc share
 42.         qui save ../temp/`loc'_rank_`data'_`samp'`suf', replace
 43.         restore
 44.     }
 45. end

. 
. program comp_samps
  1.     syntax, samp1(str) samp2(str) wt_var(str)
  2.     local suf = cond("`wt_var'" == "cite_affl_wt", "_wt", "") 
  3.      if "`samp1'" == "cns_med"  local `samp1'_name "CNS + Med"
  4.      if "`samp2'" == "cns_med"  local `samp2'_name "CNS + Med"
  5.      if "`samp1'" == "cns"  local `samp1'_name "CNS"
  6.      if "`samp2'" == "cns"  local `samp2'_name "CNS"
  7.      if "`samp1'" == "scisub"  local `samp1'_name "Scientific Sub Journals
> "
  8.      if "`samp2'" == "scisub"  local `samp2'_name "Scientific Sub Journals
> "
  9.      if "`samp1'" == "demsci"  local `samp1'_name "Democratic Science Jour
> nals"
 10.      if "`samp2'" == "demsci"  local `samp2'_name "Democratic Science Jour
> nals"
 11.     foreach cat in newfund {
 12.          if "`cat'" == "fund"  local `cat'_name "Fundamental"
 13.          if "`cat'" == "newfund"  local `cat'_name "Fundamental"
 14.          if "`cat'" == "dis"  local `cat'_name "Disease"
 15.          if "`cat'" == "thera"  local `cat'_name "Therapeutics"
 16.          if "`cat'" == "nofund"  local `cat'_name "Disease + Therapeutics"
 17.          foreach loc in country msa_c_world inst {
 18.              use ../temp/`loc'_rank_`cat'_`samp1'`suf', clear
 19.              gen samp = "`samp1'"
 20.              append using ../temp/`loc'_rank_`cat'_`samp2'`suf'
 21.              replace samp = "`samp2'" if mi(samp)
 22.              greshape wide rank share, i(`loc') j(samp)
 23.              gen onefund = _n
 24.              gen onetrans = _n 
 25.              gen zerofund = onefund-1
 26.              gen zerotrans = onetrans-1
 27.                 // inst labels
.                 cap replace inst = "Caltech" if inst == "california institute
>  technology"
 28.                 cap replace inst = "CDC" if inst == "centers disease contr
> ol and prevention"
 29.                 cap replace inst = "Columbia" if inst == "columbia Univers
> ity"
 30.                 cap replace inst = "Cornell" if inst == "cornell Universit
> y"
 31.                 cap replace inst = "Duke" if inst == "duke university"
 32.                 cap replace inst = "Harvard" if inst == "university harvar
> d"
 33.                 cap replace inst = "JHU" if inst == "johns hopkins univers
> ity"
 34.                 cap replace inst = "Rockefeller Univ." if inst == "the roc
> kefeller university"
 35.                 cap replace inst = "MIT" if inst == "massachusetts institu
> tetechnology"
 36.                 cap replace inst = "Memorial Sloan" if inst == "memorial s
> loan-kettering cancer center"
 37.                 cap replace inst = "MGH" if inst == "massachusetts general
>  hospital"
 38.                 cap replace inst = "NYU" if inst == "new york university"
 39.                 cap replace inst = "NIH" if inst == "nih"
 40.                 cap replace inst = "Stanford" if inst == "university stanf
> ord"
 41.                 cap replace inst = "UCL" if inst == "university college lo
> ndon"
 42.                 cap replace inst = "UC Berkeley" if inst == "university ca
> lifornia berkeley"
 43.                 cap replace inst = "UCLA" if inst == "university californi
> a los angeles"
 44.                 cap replace inst = "UCSD" if inst == "university californi
> a san diego"
 45.                 cap replace inst = "UCSF" if inst == "ucsf"
 46.                 cap replace inst = "UChicago" if inst == "university chica
> go"
 47.                 cap replace inst = "UMich" if inst == "university michigan
> "
 48.                 cap replace inst = "UPenn" if inst == "university pennsylv
> ania"
 49.                 cap replace inst = "Yale" if inst == "yale university"
 50.                 cap replace inst = "Wash U" if inst == "washington univers
> ity st louis"
 51.                 cap replace inst = "CAS" if inst == "chinese academyscienc
> es"
 52.                 cap replace inst = "Oxford" if inst == "university oxford"
 53.                 cap replace inst = "Cambridge" if inst == "university camb
> ridge"
 54.                 cap replace inst = "UT Dallas" if inst == "university texa
> s dallas"
 55.                 cap replace inst = "UMich" if inst == "university michigan
>  ann arbor"
 56.                 cap replace inst = "Dana Farber" if inst == "dana farber c
> ancer institute"
 57. 
.                 // cities
.                 foreach i in  msa_c_world {
 58.                     cap replace `i' = subinstr(`i', "United States", "US",
> .)
 59.                     cap replace `i' = subinstr(`i', "United Kingdom", "UK"
> ,.)
 60.                 }
 61.                 local lmt = 20
 62.                 gen lab_share = `loc'
 63.                 replace lab_share = strproper(lab_share) if "`loc'" != "ms
> atitle"
 64.                 cap replace lab_share = subinstr(lab_share, "United States
> ", "US",.)
 65.                 cap replace lab_share = subinstr(lab_share, "United Kingdo
> m", "UK",.)
 66.                 cap replace lab_share = "" if !(inlist(rank`samp1', 1, 2, 
> 3, 5, 8) | inlist(rank`samp2', 1, 2, 3))
 67.                 cap replace lab_share = `loc' if inlist(`loc', "Memorial S
> loan", "MIT", "Stanford", "Berlin, Germany", "Daejeon, South Korea", "Baltimo
> re, US", "New York, US") & "`cat'" == "thera"
 68.                 cap replace lab_share = "" if inlist(`loc', "Netherlands",
>  "Switzerland") & "`cat'" == "thera"
 69.                
.                 cap replace lab_share = `loc' if inlist(`loc', "UCSF", "JHU",
>  "UCSD", "MIT", "China","London, UK", "Houston, US", "Japan") & "`cat'" == "n
> ewfund" & "`samp2'" == "scisub"
 70.                 cap replace lab_share = "" if inlist(`loc', "Switzerland",
>  "Canada", "Germany", "Beijing, China", "France") & "`cat'" == "newfund" & "`
> samp2'" == "scisub"
 71.                 
.                 cap replace lab_share = `loc' if inlist(`loc', "Germany", "Lo
> ndon, UK", "Houston, US", "Tokyo, Japan", "UCLA") & "`cat'" == "dis"
 72.                 cap replace lab_share = "" if inlist(`loc', "Sweden", "Can
> ada", "Cambridge, UK") & "`cat'" == "dis"
 73. 
.                 cap replace lab_share = "" if inlist(`loc',"Wash U", "UCSD", 
> "Germany", "Japan", "Canada", "Cambridge, UK") & "`cat'" == "nofund" & "`samp
> 2'" == "scisub"
 74.                 cap replace lab_share = `loc' if inlist(`loc', "Columbia")
>  & "`cat'" == "nofund" & "`suf'" == "" & "`samp2'" == "scisub"
 75.                 cap replace lab_share = `loc' if inlist(`loc', "Columbia")
>  & "`cat'" == "nofund" & "`suf'" == "" & "`samp2'" == "scisub"
 76.                 cap replace lab_share = `loc' if inlist(`loc', "MGH", "Cho
> ngqing, China") & "`cat'" == "nofund" & "`suf'" == "_wt" & "`samp2'" == "scis
> ub"
 77. 
.                 cap replace lab_share = "" if inlist(`loc', "Memorial Sloan",
>  "Seoul National University", "Canada", "Japan", "Shanghai, China", "Bethesda
> -DC, US" , "Wash U" , "UCSD", "Cambridge, UK") & "`cat'" == "nofund" &  "`sam
> p2'" == "demsci" 
 78.                 cap replace lab_share = "" if inlist(`loc', "France", "Fud
> an University"") & "`cat'" == "nofund" &  "`samp2'" == "demsci" 
 79.                 cap replace lab_share = "" if inlist(`loc', "Rockefeller U
> niv.", "United Kingdom", "Canada" , "Switzerland", "Seattle, US", "Cambridge,
>  UK", "Japan", "Univeresity of Washington") & "`cat'" == "newfund" & "`samp2'
> " == "demsci"
 80.                 *cap replace lab_share = "" if inlist(`loc', "Research Tri
> angle, US", "Israel")
.                 egen clock = mlabvpos(rank`samp1' rank`samp2')
 81.                 replace clock = 3 if inlist(lab_share, "Spain", "China", "
> San Diego-La Jolla, US", "Baltimore, US", "Berlin, Germany", "New York, US") 
> & "`cat'"== "thera"
 82.                 replace clock = 12 if inlist(lab_share, "Switzerland") & "
> `cat'"== "thera"
 83.                 replace clock = 6 if inlist(lab_share, "Bay Area, US", "St
> anford") & "`cat'"== "thera"
 84.                
.                 replace clock = 12 if inlist(lab_share, "United Kingdom") & "
> `cat'"== "newfund" & "`samp2'" == "scisub"
 85.                 replace clock = 3 if inlist(lab_share, "Germany", "Houston
> , US", "New York, US", "London, UK" , "UCSF", "UCSD", "San Diego-La Jolla, US
> ") & "`cat'"== "newfund" & "`samp2'" == "scisub"
 86.                 replace clock = 3 if inlist(lab_share, "MIT", "JHU", "Japa
> n", "China", "Stanford") & "`cat'" == "newfund" & "`samp2'" == "scisub"
 87.                 replace clock = 6 if inlist(lab_share, "Boston-Cambridge, 
> US") & "`cat'" == "newfund" & "`samp2'" == "scisub" & "`suf'" == ""
 88.                 replace clock = 11 if inlist(lab_share, "Bay Area, US") & 
> "`cat'" == "newfund"  & "`suf'" == ""
 89.                 replace clock = 6 if inlist(lab_share, "University of Wash
> ington") & "`cat'" == "newfund" & "`samp2'" == "scisub"
 90.                
.                replace clock = 3 if inlist(lab_share, "China", "United Kingdo
> m", "Boston-Cambridge, US", "New York, US" , "Bay Area, US", "London, UK", "S
> eoul, South Korea", "Beijing, China") & "`samp2'" == "demsci" & "`cat'" == "n
> ofund"
 91.                replace clock = 3  if inlist(lab_share, "Boston-Cambridge, 
> US", "New York, US", "San Diego-La Jolla, US", "Tokyo, Japan", "UC Berkeley",
>  "Stanford", "Max Planck") & "`samp2'" == "demsci" & "`cat'" == "newfund"
 92.                replace clock = 3 if inlist(lab_share, "Harvard", "CAS", "C
> NRS") & "`samp2'" == "demsci" & "`cat'" == "newfund"
 93.                 replace clock = 3 if inlist(lab_share, "Tokyo, Japan","Hou
> ston, US", "China", "UCLA") & "`cat'"== "dis"
 94.                 replace clock = 6 if inlist(lab_share, "Germany") & "`cat'
> "== "dis"
 95.                 
.                 replace clock = 3 if inlist(lab_share, "Harvard", "Memorial S
> loan", "Columbia", "MGH", "China", "Bethesda-DC, US", "Bay Area, US") & "`cat
> '" == "nofund" & "`samp2'" == "scisub"
 96.                 replace clock = 9 if inlist(lab_share, "United Kingdom", "
> London, UK") & "`cat'" == "nofund" & "`samp2'" == "scisub"
 97.                 local rank_lmt = 20
 98.                 qui sum rank`samp2' if inrange(rank`samp1' , 1,`rank_lmt')
 99.                 local max = r(max) 
100.                 qui sum rank`samp1' if inrange(rank`samp2' , 1,`rank_lmt')
101.                 local max= max(`max', r(max))
102.                 corr rank`samp1' rank`samp2' if inrange(rank`samp1' , 1,`r
> ank_lmt') & inrange(rank`samp2' ,1,`rank_lmt')
103.                 local corr :  di %3.2f r(rho)
104.                 tw scatter rank`samp1' rank`samp2' if inrange(rank`samp1' 
> , 1,`rank_lmt') & inrange(rank`samp2' ,1,`rank_lmt') , ///
>                   mlabel(lab_share) mlabsize(vsmall) mlabcolor(black) mlabvp(
> clock) mcolor(gs7) || ///
>                   (function y=x ,range(0 `max') lpattern(dash) lcolor(lavende
> r)), ///
>                   xtitle("``cat'_name' Research Rank - ``samp2'_name'", size(
> vsmall)) ytitle("`cat_name' Research Rank - ``samp1'_name' ", size(vsmall)) /
> //
>                   xlabel(1(1)`rank_lmt', labsize(vsmall)) ylabel(1(1)`rank_lm
> t', labsize(vsmall)) xsc(reverse) ysc(reverse) legend(on order(- "Correlation
>  = `corr'") size(vsmall) pos(5) ring(0) region(lwidth(none)))
105.                 *graph export ../output/figures/`samp1'_`samp2'_`cat'_`loc
> '_rank`suf'.pdf, replace
.                 local skip = 5 
106.                 *if "`type'" == "inst" local lim = 5
.                 if "`loc'" == "inst" local skip = 0.5 
107.                 if "`loc'" == "city_full" local skip = 1 
108.                 qui sum share`samp1' if  !mi(share`samp1') & !mi(share`sam
> p2') //(inrange(rank`samp1' , 1,`rank_lmt') |  inrange(rank`samp2' , 1,`rank_
> lmt')) & !mi(share`samp1') & !mi(share`samp2')
109.                 local max = r(max)
110.                 qui sum share`samp2' if  !mi(share`samp1') & !mi(share`sam
> p2') //inrange(rank`samp1' , 1,`rank_lmt') |  inrange(rank`samp2' , 1,`rank_l
> mt') & !mi(share`samp1') & !mi(share`samp2')
111.                 local max = max(r(max), `max')
112.                 local max = floor(`max') +1 
113.                 di `max'
114.                 corr share`samp1' share`samp2'  if  (share`samp1'<=`max') 
> & (share`samp2'<=`max')
115.                 local corr :  di %3.2f r(rho)
116.                 if "`cat'" == "newfund" {
117.                     mat corr_`samp2'`suf' = nullmat(corr_`samp2'`suf') , r
> (rho)
118.                 }
119.                 tw scatter share`samp1' share`samp2' if (share`samp1'<=`ma
> x') & (share`samp2'<=`max'), ///  //if  (inrange(rank`samp1' , 1,`rank_lmt') 
> |  inrange(rank`samp2' , 1,`rank_lmt')) & (share`samp1'<=`max') & (share`samp
> 2'<=`max'), ///
>                   mlabel(lab_share) mlabsize(vsmall) mlabcolor(black) mlabvp(
> clock) mcolor(gs7) || ///
>                   (function y=x ,range(0 `max') lpattern(dash) lcolor(lavende
> r)), ///
>                   xtitle("``cat'_name' Research Share (%) - ``samp2'_name'", 
> size(vsmall)) ytitle("``cat'_name' Research Share (%) - ``samp1'_name'", size
> (vsmall)) ///
>                   xlabel(0(`skip')`max', labsize(vsmall)) ylabel(0(`skip')`ma
> x', labsize(vsmall)) legend(on order(- "Correlation = `corr'") size(vsmall) p
> os(5) ring(0) region(lwidth(none))) 
120.                 graph export ../output/figures/`samp1'_`samp2'_`cat'_`loc'
> _share`suf'.pdf, replace
121.         }
122.         }
123. end

.     
. program corr_wt 
  1.     syntax, samp(str) 
  2.     foreach loc in country  msa_c_world inst {
  3.         use ../temp/`loc'_rank_newfund_`samp',clear
  4.         gen cat = "unwt"
  5.         append using ../temp/`loc'_rank_newfund_`samp'_wt
  6.         replace cat = "wt" if mi(cat)
  7.         cap drop rank*
  8.         reshape wide share, i(`loc') j(cat) string
  9.         qui corr shareunwt sharewt
 10.         local corr = r(rho)
 11.         mat corr_wt_`samp' = nullmat(corr_wt_`samp') , `corr'
 12.     }
 13.     mat corr_wt = nullmat(corr_wt) \ corr_wt_`samp'
 14. end

. program output_tables
  1.     syntax, data(str) samp(str)
  2.     foreach file in {
  3.         qui matrix_to_txt, saving("../output/tables/`file'_`data'_`samp'.t
> xt") matrix(`file'_`data'_`samp') ///
>            title(<tab:`file'_`data'>) format(%20.4f) replace
  4.          }
  5.  end

. ** 
. main
SAMPLE IS : cns newfund

     +---------------------------+
     |        country       perc |
     |---------------------------|
  1. |  United States   57.04618 |
  2. | United Kingdom   13.60924 |
  3. |        Germany   3.738899 |
  4. |         Canada   2.932949 |
  5. |          Japan   2.794405 |
     |---------------------------|
  6. |         France   2.364565 |
  7. |      Australia    2.10746 |
  8. |    Switzerland   1.633215 |
  9. |          China    1.51421 |
 10. |         Sweden   1.168739 |
     |---------------------------|
 11. |    Netherlands   1.164742 |
 12. |          Italy   1.112345 |
 13. |         Israel   .9578153 |
 14. |          India   .7455595 |
 15. |        Belgium   .5395204 |
     |---------------------------|
 16. |        Denmark   .4404973 |
 17. |   South Africa   .4218473 |
 18. |       Tanzania   .4138544 |
 19. |          Spain   .3796625 |
 20. |        Austria   .3667851 |
     +---------------------------+
Total articles: 112600

      +-------------------------------+
      | msa_c_~d   affl_wt       perc |
      |-------------------------------|
  23. |              895.5   .7952931 |
      +-------------------------------+

     +------------------------------------------------+
     |                         msa_c_world       perc |
     |------------------------------------------------|
  1. |         Boston-Cambridge-Newton, US   7.249556 |
  2. |     New York-Newark-Jersey City, US   6.020426 |
  3. |                        Bay Area, US   5.421403 |
  4. | Washington-Arlington-Alexandria, US   5.400533 |
  5. |                          London, GB   4.858792 |
     |------------------------------------------------|
  6. |  Los Angeles-Long Beach-Anaheim, US   2.530195 |
  7. |              San Diego-Carlsbad, US   2.343251 |
  8. |                       Cambridge, GB   2.107016 |
  9. |        Chicago-Naperville-Elgin, US   1.797957 |
 10. |               New Haven-Milford, US   1.584813 |
     |------------------------------------------------|
 11. |  Philadelphia-Camden-Wilmington, US   1.540853 |
 12. |                           Paris, FR   1.389432 |
 13. |       Baltimore-Columbia-Towson, US   1.382327 |
 14. |          Research Triangle Park, US   1.172735 |
 15. |         Seattle-Tacoma-Bellevue, US   1.168295 |
     |------------------------------------------------|
 16. |                          Oxford, GB   1.120782 |
 17. |                         Madison, US   .9178508 |
 18. |                           Tokyo, JP   .8960924 |
 19. |                         Beijing, CN     .89254 |
 20. |                       St. Louis, US   .8334814 |
     +------------------------------------------------+
Total articles: 112600

      +---------------------------+
      | inst   affl_wt       perc |
      |---------------------------|
   1. |          11626   10.32504 |
      +---------------------------+

     +----------------------------------------------------+
     |                                    inst       perc |
     |----------------------------------------------------|
  1. |           National Institutes of Health    3.02087 |
  2. |                      Harvard University   2.963144 |
  3. |                     Stanford University   1.672735 |
  4. |   Massachusetts Institute of Technology   1.436501 |
  5. |                         Yale University   1.351243 |
     |----------------------------------------------------|
  6. | University of California, San Francisco    1.32016 |
  7. |      University of California, Berkeley   1.190053 |
  8. |                     Columbia University   1.113233 |
  9. |                      Max Planck Society   1.079041 |
 10. |                Johns Hopkins University   .9982238 |
     |----------------------------------------------------|
 11. |                 University of Cambridge   .9831261 |
 12. |     University of California, San Diego   .9498224 |
 13. |                  Rockefeller University   .9027531 |
 14. |   University of California, Los Angeles   .7690941 |
 15. |                    University of Oxford   .7611012 |
     |----------------------------------------------------|
 16. |                      Cornell University   .7513322 |
 17. |              University of Pennsylvania   .7446714 |
 18. |      California Institute of Technology   .7255772 |
 19. |                University of Washington   .7069272 |
 20. |                   University of Chicago   .6598579 |
     +----------------------------------------------------+
Total articles: 112600

     +---------------------------+
     |        country       perc |
     |---------------------------|
  1. |  United States   59.51027 |
  2. | United Kingdom   9.207408 |
  3. |        Germany   5.711084 |
  4. |          China   4.589996 |
  5. |          Japan   3.217439 |
     |---------------------------|
  6. |         France   2.513174 |
  7. |    Switzerland   2.462984 |
  8. |         Canada   2.219643 |
  9. |    Netherlands   1.448945 |
 10. |      Australia   1.274065 |
     |---------------------------|
 11. |         Sweden   1.120424 |
 12. |          Italy   .8694764 |
 13. |         Israel   .8486702 |
 14. |        Austria   .5384864 |
 15. |          Spain   .5330985 |
     |---------------------------|
 16. |    South Korea   .4900078 |
 17. |        Belgium   .4746131 |
 18. |        Denmark   .4277186 |
 19. |   South Africa   .2548274 |
 20. |      Singapore     .24025 |
     +---------------------------+
Total articles: 112600

      +--------------------------------+
      | msa_c_~d   cite_a~t       perc |
      |--------------------------------|
  77. |             205.884   .1828454 |
      +--------------------------------+

     +-------------------------------------------------+
     |                          msa_c_world       perc |
     |-------------------------------------------------|
  1. |          Boston-Cambridge-Newton, US   11.60393 |
  2. |                         Bay Area, US   7.277593 |
  3. |      New York-Newark-Jersey City, US   7.030632 |
  4. |  Washington-Arlington-Alexandria, US   3.831475 |
  5. |               San Diego-Carlsbad, US   3.469167 |
     |-------------------------------------------------|
  6. |                           London, GB   3.077051 |
  7. |                          Beijing, CN   2.966293 |
  8. |                        Cambridge, GB    2.43971 |
  9. |   Los Angeles-Long Beach-Anaheim, US   2.218516 |
 10. |          Seattle-Tacoma-Bellevue, US   1.728199 |
     |-------------------------------------------------|
 11. |                New Haven-Milford, US   1.577663 |
 12. |                            Paris, FR   1.478513 |
 13. |        Baltimore-Columbia-Towson, US   1.418822 |
 14. |   Philadelphia-Camden-Wilmington, US   1.393178 |
 15. |                           Oxford, GB   1.362353 |
     |-------------------------------------------------|
 16. |           Research Triangle Park, US    1.36149 |
 17. |         Chicago-Naperville-Elgin, US   1.248627 |
 18. | Houston-The Woodlands-Sugar Land, US   1.144678 |
 19. |                        St. Louis, US   1.085735 |
 20. |                            Tokyo, JP   1.010449 |
     +-------------------------------------------------+
Total articles: 112600

      +----------------------------+
      | inst   cite_a~t       perc |
      |----------------------------|
   1. |        8109.101   7.201688 |
      +----------------------------+

     +----------------------------------------------------+
     |                                    inst       perc |
     |----------------------------------------------------|
  1. |                      Harvard University   4.498484 |
  2. |                     Stanford University   2.608802 |
  3. |   Massachusetts Institute of Technology   2.562037 |
  4. |           National Institutes of Health   2.374339 |
  5. | University of California, San Francisco   1.724519 |
     |----------------------------------------------------|
  6. |                      Max Planck Society   1.644748 |
  7. |                         Yale University   1.414121 |
  8. |                  Rockefeller University   1.308992 |
  9. |     University of California, San Diego   1.212738 |
 10. |                     Columbia University   1.141256 |
     |----------------------------------------------------|
 11. |      University of California, Berkeley   1.101154 |
 12. |             Chinese Academy of Sciences   1.096569 |
 13. |                    Mass General Brigham    1.08316 |
 14. |                Johns Hopkins University   1.042311 |
 15. |                University of Washington   1.019723 |
     |----------------------------------------------------|
 16. |      Washington University in St. Louis   .9290612 |
 17. |                Medical Research Council   .9019446 |
 18. |              University of Pennsylvania    .896715 |
 19. |                      Cornell University   .8871084 |
 20. |      California Institute of Technology   .8649631 |
     +----------------------------------------------------+
Total articles: 112600
(149 real changes made)
(j = unwt wt)

Data                               Long   ->   Wide
-----------------------------------------------------------------------------
Number of observations              298   ->   149         
Number of variables                   3   ->   3           
j variable (2 values)               cat   ->   (dropped)
xij variables:
                                  share   ->   shareunwt sharewt
-----------------------------------------------------------------------------
(1,895 real changes made)
(j = unwt wt)

Data                               Long   ->   Wide
-----------------------------------------------------------------------------
Number of observations            3,790   ->   1,895       
Number of variables                   3   ->   3           
j variable (2 values)               cat   ->   (dropped)
xij variables:
                                  share   ->   shareunwt sharewt
-----------------------------------------------------------------------------
(5,990 real changes made)
(j = unwt wt)

Data                               Long   ->   Wide
-----------------------------------------------------------------------------
Number of observations           11,980   ->   5,990       
Number of variables                   3   ->   3           
j variable (2 values)               cat   ->   (dropped)
xij variables:
                                  share   ->   shareunwt sharewt
-----------------------------------------------------------------------------
SAMPLE IS : scisub newfund

     +---------------------------+
     |        country       perc |
     |---------------------------|
  1. |  United States   55.92336 |
  2. | United Kingdom   8.093537 |
  3. |        Germany   6.076162 |
  4. |          China   4.525788 |
  5. |          Japan   4.328343 |
     |---------------------------|
  6. |         Canada   3.196896 |
  7. |         France   3.195179 |
  8. |    Switzerland   2.019092 |
  9. |    Netherlands   1.557242 |
 10. |          Italy   1.342628 |
     |---------------------------|
 11. |      Australia   1.170936 |
 12. |         Israel   1.170936 |
 13. |         Sweden    1.10226 |
 14. |          Spain     .99066 |
 15. |    South Korea   .8138177 |
     |---------------------------|
 16. |        Belgium   .7296889 |
 17. |        Austria   .5734496 |
 18. |      Singapore   .3725706 |
 19. |        Denmark   .3605522 |
 20. |        Finland    .283291 |
     +---------------------------+
Total articles: 29122

      +-------------------------------+
      | msa_c_~d   affl_wt       perc |
      |-------------------------------|
  76. |                 62   .2128975 |
      +-------------------------------+

     +-------------------------------------------------+
     |                          msa_c_world       perc |
     |-------------------------------------------------|
  1. |          Boston-Cambridge-Newton, US   8.948562 |
  2. |                         Bay Area, US   6.682233 |
  3. |      New York-Newark-Jersey City, US   6.493373 |
  4. |  Washington-Arlington-Alexandria, US   3.202047 |
  5. |               San Diego-Carlsbad, US   2.922189 |
     |-------------------------------------------------|
  6. |   Los Angeles-Long Beach-Anaheim, US   2.690406 |
  7. |                           London, GB   2.657784 |
  8. |                          Beijing, CN   2.343589 |
  9. |        Baltimore-Columbia-Towson, US   2.084335 |
 10. |                            Paris, FR   1.964151 |
     |-------------------------------------------------|
 11. |                        Cambridge, GB   1.878305 |
 12. | Houston-The Woodlands-Sugar Land, US    1.63622 |
 13. |   Philadelphia-Camden-Wilmington, US   1.558959 |
 14. |          Seattle-Tacoma-Bellevue, US   1.550374 |
 15. |                            Tokyo, JP   1.479981 |
     |-------------------------------------------------|
 16. |           Research Triangle Park, US    1.42504 |
 17. |                New Haven-Milford, US   1.340911 |
 18. |         Chicago-Naperville-Elgin, US   1.260216 |
 19. |                          Toronto, CA   1.217293 |
 20. |                        St. Louis, US   1.095392 |
     +-------------------------------------------------+
Total articles: 29122

      +---------------------------+
      | inst   affl_wt       perc |
      |---------------------------|
   1. |         1741.5   5.980015 |
      +---------------------------+

     +----------------------------------------------------+
     |                                    inst       perc |
     |----------------------------------------------------|
  1. |                      Harvard University    3.50079 |
  2. |                     Stanford University   2.438019 |
  3. |           National Institutes of Health   2.300666 |
  4. | University of California, San Francisco   2.046563 |
  5. |                Johns Hopkins University   1.689444 |
     |----------------------------------------------------|
  6. |                      Max Planck Society   1.579562 |
  7. |   Massachusetts Institute of Technology    1.51947 |
  8. |                     Columbia University   1.488565 |
  9. |     University of California, San Diego   1.294554 |
 10. |                         Yale University   1.256782 |
     |----------------------------------------------------|
 11. |              University of Pennsylvania   1.021564 |
 12. |      University of California, Berkeley   1.000961 |
 13. |                    Mass General Brigham   .9683401 |
 14. |   University of California, Los Angeles    .909965 |
 15. |      Washington University in St. Louis   .9065312 |
     |----------------------------------------------------|
 16. |              Baylor College of Medicine   .8601744 |
 17. |               University College London   .8601744 |
 18. |                University of Washington   .8584575 |
 19. |                 University of Cambridge   .8224023 |
 20. |                     New York University   .8000824 |
     +----------------------------------------------------+
Total articles: 29122

     +---------------------------+
     |        country       perc |
     |---------------------------|
  1. |  United States   55.61792 |
  2. | United Kingdom   8.080535 |
  3. |        Germany   5.734439 |
  4. |          China   5.607384 |
  5. |          Japan    3.76923 |
     |---------------------------|
  6. |         Canada   2.843113 |
  7. |         France   2.840363 |
  8. |    Switzerland   1.843972 |
  9. |    Netherlands   1.753821 |
 10. |      Australia   1.554289 |
     |---------------------------|
 11. |          Italy   1.310573 |
 12. |         Sweden   1.264094 |
 13. |         Israel     1.1175 |
 14. |          Spain   .9960825 |
 15. |        Belgium   .7606136 |
     |---------------------------|
 16. |    South Korea   .7028198 |
 17. |        Denmark    .586598 |
 18. |        Austria   .4781242 |
 19. |      Singapore   .4627258 |
 20. |      Hong Kong   .3271651 |
     +---------------------------+
Total articles: 29122

      +-------------------------------+
      | msa_c_~d   cite_a~t      perc |
      |-------------------------------|
 113. |            37.11949   .127462 |
      +-------------------------------+

     +-------------------------------------------------+
     |                          msa_c_world       perc |
     |-------------------------------------------------|
  1. |          Boston-Cambridge-Newton, US   10.91137 |
  2. |                         Bay Area, US   7.232037 |
  3. |      New York-Newark-Jersey City, US   6.745818 |
  4. |                          Beijing, CN   2.828165 |
  5. |  Washington-Arlington-Alexandria, US    2.78718 |
     |-------------------------------------------------|
  6. |               San Diego-Carlsbad, US   2.638515 |
  7. |                           London, GB   2.578858 |
  8. |   Los Angeles-Long Beach-Anaheim, US    2.45169 |
  9. |                        Cambridge, GB    2.18585 |
 10. |        Baltimore-Columbia-Towson, US   2.095906 |
     |-------------------------------------------------|
 11. |                            Paris, FR   1.728757 |
 12. | Houston-The Woodlands-Sugar Land, US   1.694561 |
 13. |          Seattle-Tacoma-Bellevue, US   1.550892 |
 14. |   Philadelphia-Camden-Wilmington, US   1.385425 |
 15. |                New Haven-Milford, US   1.363182 |
     |-------------------------------------------------|
 16. |                        St. Louis, US   1.315296 |
 17. |                            Tokyo, JP   1.303951 |
 18. |           Research Triangle Park, US   1.245212 |
 19. |                           Oxford, GB   1.160649 |
 20. |                          Toronto, CA   1.123515 |
     +-------------------------------------------------+
Total articles: 29122

      +----------------------------+
      | inst   cite_a~t       perc |
      |----------------------------|
   1. |        1657.107   5.690226 |
      +----------------------------+

     +----------------------------------------------------+
     |                                    inst       perc |
     |----------------------------------------------------|
  1. |                      Harvard University   3.852623 |
  2. |                     Stanford University   2.563371 |
  3. |           National Institutes of Health   2.097221 |
  4. |   Massachusetts Institute of Technology   1.993871 |
  5. | University of California, San Francisco   1.854944 |
     |----------------------------------------------------|
  6. |                Johns Hopkins University   1.743397 |
  7. |                     Columbia University   1.286278 |
  8. |                    Mass General Brigham   1.270044 |
  9. |     University of California, San Diego   1.261853 |
 10. |                         Yale University   1.247033 |
     |----------------------------------------------------|
 11. |                      Max Planck Society   1.214172 |
 12. |      University of California, Berkeley   1.124974 |
 13. |                       Boston University   1.109853 |
 14. |      Washington University in St. Louis   1.023476 |
 15. |             Chinese Academy of Sciences   .9645153 |
     |----------------------------------------------------|
 16. |                     New York University   .9289455 |
 17. |              University of Pennsylvania   .8948255 |
 18. |                 University of Cambridge   .7862617 |
 19. |   University of California, Los Angeles   .7856009 |
 20. |  Memorial Sloan Kettering Cancer Center   .7831749 |
     +----------------------------------------------------+
Total articles: 29122
(87 real changes made)
(j = unwt wt)

Data                               Long   ->   Wide
-----------------------------------------------------------------------------
Number of observations              174   ->   87          
Number of variables                   3   ->   3           
j variable (2 values)               cat   ->   (dropped)
xij variables:
                                  share   ->   shareunwt sharewt
-----------------------------------------------------------------------------
(1,008 real changes made)
(j = unwt wt)

Data                               Long   ->   Wide
-----------------------------------------------------------------------------
Number of observations            2,016   ->   1,008       
Number of variables                   3   ->   3           
j variable (2 values)               cat   ->   (dropped)
xij variables:
                                  share   ->   shareunwt sharewt
-----------------------------------------------------------------------------
(2,841 real changes made)
(j = unwt wt)

Data                               Long   ->   Wide
-----------------------------------------------------------------------------
Number of observations            5,682   ->   2,841       
Number of variables                   3   ->   3           
j variable (2 values)               cat   ->   (dropped)
xij variables:
                                  share   ->   shareunwt sharewt
-----------------------------------------------------------------------------
SAMPLE IS : demsci newfund

     +---------------------------+
     |        country       perc |
     |---------------------------|
  1. |  United States   40.19664 |
  2. |          China   8.601667 |
  3. |          Japan   6.356339 |
  4. |        Germany   5.166527 |
  5. | United Kingdom   4.385285 |
     |---------------------------|
  6. |         Canada   3.715483 |
  7. |         France   3.700891 |
  8. |          Italy   2.292332 |
  9. |      Australia   2.192772 |
 10. |          Spain   2.074617 |
     |---------------------------|
 11. |    South Korea    1.97764 |
 12. |    Netherlands   1.641641 |
 13. |         Sweden   1.544276 |
 14. |         Brazil   1.437873 |
 15. |         Taiwan   1.315973 |
     |---------------------------|
 16. |          India   1.297378 |
 17. |    Switzerland   1.239915 |
 18. |         Israel   .8870001 |
 19. |        Denmark   .7594188 |
 20. |        Belgium   .7506379 |
     +---------------------------+
Total articles: 387204

      +-------------------------------+
      | msa_c_~d   affl_wt       perc |
      |-------------------------------|
  41. |               1710   .4416277 |
      +-------------------------------+

     +-------------------------------------------------+
     |                          msa_c_world       perc |
     |-------------------------------------------------|
  1. |  Washington-Arlington-Alexandria, US   3.245963 |
  2. |                          Beijing, CN   2.985377 |
  3. |      New York-Newark-Jersey City, US   2.953998 |
  4. |          Boston-Cambridge-Newton, US   2.936307 |
  5. |                         Bay Area, US   1.934897 |
     |-------------------------------------------------|
  6. |                            Paris, FR   1.864263 |
  7. |                            Tokyo, JP   1.728934 |
  8. |   Philadelphia-Camden-Wilmington, US    1.37886 |
  9. |   Los Angeles-Long Beach-Anaheim, US   1.362202 |
 10. |           Research Triangle Park, US   1.300865 |
     |-------------------------------------------------|
 11. |                           London, GB   1.210344 |
 12. |               San Diego-Carlsbad, US   1.169022 |
 13. |         Chicago-Naperville-Elgin, US   1.154559 |
 14. | Houston-The Woodlands-Sugar Land, US   1.088057 |
 15. |                            Seoul, KR   1.087024 |
     |-------------------------------------------------|
 16. |        Baltimore-Columbia-Towson, US   1.047639 |
 17. |                        St. Louis, US   .8588496 |
 18. |                          Madison, US   .8260503 |
 19. |                         Shanghai, CN   .7311391 |
 20. |                          Toronto, CA   .7228748 |
     +-------------------------------------------------+
Total articles: 387204

       +---------------------------+
       | inst   affl_wt       perc |
       |---------------------------|
    1. |          62670   16.18527 |
       +---------------------------+

     +-----------------------------------------------------------+
     |                                           inst       perc |
     |-----------------------------------------------------------|
  1. |                  National Institutes of Health   1.472221 |
  2. |                             Harvard University   .7750437 |
  3. |                    Chinese Academy of Sciences    .705313 |
  4. | French National Centre for Scientific Research   .6395853 |
  5. |                       Johns Hopkins University   .5511307 |
     |-----------------------------------------------------------|
  6. |                                         Inserm   .5388632 |
  7. |                     University of Pennsylvania   .4580273 |
  8. |             Washington University in St. Louis   .4560903 |
  9. |                University of Wisconsin–Madison   .4447268 |
 10. |                            University of Tokyo   .4337507 |
     |-----------------------------------------------------------|
 11. |        University of California, San Francisco   .3960445 |
 12. |            University of California, San Diego   .3947532 |
 13. |                                Yale University   .3854557 |
 14. |                            Stanford University   .3850683 |
 15. |                   State University of New York   .3770622 |
     |-----------------------------------------------------------|
 16. |                       University of Washington   .3756418 |
 17. |                             Cornell University   .3651822 |
 18. |               University of Michigan–Ann Arbor   .3618248 |
 19. |                             Max Planck Society   .3549808 |
 20. |              Spanish National Research Council   .3400016 |
     +-----------------------------------------------------------+
Total articles: 387204

     +---------------------------+
     |        country       perc |
     |---------------------------|
  1. |  United States   39.69163 |
  2. |          China   8.597552 |
  3. |          Japan   6.096469 |
  4. |        Germany   5.393148 |
  5. | United Kingdom   4.915129 |
     |---------------------------|
  6. |         France   3.689953 |
  7. |         Canada    3.67459 |
  8. |          Italy   2.463104 |
  9. |      Australia   2.377835 |
 10. |          Spain   2.065673 |
     |---------------------------|
 11. |    South Korea    1.85082 |
 12. |    Netherlands   1.784421 |
 13. |         Sweden    1.56046 |
 14. |    Switzerland   1.329263 |
 15. |         Brazil   1.324917 |
     |---------------------------|
 16. |          India   1.280819 |
 17. |         Taiwan   1.077014 |
 18. |        Denmark   .8265585 |
 19. |        Belgium   .8006757 |
 20. |         Israel   .8002868 |
     +---------------------------+
Total articles: 387204

      +-------------------------------+
      | msa_c_~d   cite_a~t      perc |
      |-------------------------------|
  57. |             1372.75   .354529 |
      +-------------------------------+

     +-------------------------------------------------+
     |                          msa_c_world       perc |
     |-------------------------------------------------|
  1. |          Boston-Cambridge-Newton, US   3.269243 |
  2. |  Washington-Arlington-Alexandria, US   3.027821 |
  3. |                          Beijing, CN   2.923474 |
  4. |      New York-Newark-Jersey City, US     2.7916 |
  5. |                         Bay Area, US   2.089158 |
     |-------------------------------------------------|
  6. |                            Paris, FR   1.833652 |
  7. |                            Tokyo, JP   1.684368 |
  8. |                           London, GB   1.395237 |
  9. |           Research Triangle Park, US   1.359532 |
 10. |   Los Angeles-Long Beach-Anaheim, US   1.353959 |
     |-------------------------------------------------|
 11. |               San Diego-Carlsbad, US   1.341964 |
 12. |   Philadelphia-Camden-Wilmington, US   1.289914 |
 13. | Houston-The Woodlands-Sugar Land, US   1.138696 |
 14. |        Baltimore-Columbia-Towson, US   1.095205 |
 15. |         Chicago-Naperville-Elgin, US   1.091723 |
     |-------------------------------------------------|
 16. |                        St. Louis, US   1.033316 |
 17. |                            Seoul, KR   1.015897 |
 18. |                        Ann Arbor, US   .7709238 |
 19. |                         Shanghai, CN   .7691468 |
 20. |                          Toronto, CA   .7296786 |
     +-------------------------------------------------+
Total articles: 387204

       +----------------------------+
       | inst   cite_a~t       perc |
       |----------------------------|
    1. |        51966.83   13.42105 |
       +----------------------------+

     +--------------------------------------------------------------+
     |                                              inst       perc |
     |--------------------------------------------------------------|
  1. |                     National Institutes of Health   1.511535 |
  2. |                                Harvard University   .9399802 |
  3. |                       Chinese Academy of Sciences   .6592719 |
  4. |    French National Centre for Scientific Research   .6383212 |
  5. |                          Johns Hopkins University   .6299707 |
     |--------------------------------------------------------------|
  6. |                                            Inserm    .562448 |
  7. |                               Stanford University   .5486668 |
  8. |               University of California, San Diego   .4722803 |
  9. |                        University of Pennsylvania   .4597168 |
 10. |           University of California, San Francisco   .4549802 |
     |--------------------------------------------------------------|
 11. |                Washington University in St. Louis   .4508089 |
 12. |                               University of Tokyo    .444918 |
 13. |                  University of Michigan–Ann Arbor   .4373955 |
 14. |                                Max Planck Society   .4047401 |
 15. |       University of North Carolina at Chapel Hill   .4034153 |
     |--------------------------------------------------------------|
 16. |                          University of Washington   .3926316 |
 17. |                              Mass General Brigham   .3722459 |
 18. |                                   Yale University   .3717442 |
 19. | The University of Texas MD Anderson Cancer Center   .3696995 |
 20. |                   University of Wisconsin–Madison   .3651622 |
     +--------------------------------------------------------------+
Total articles: 387204
(196 real changes made)
(j = unwt wt)

Data                               Long   ->   Wide
-----------------------------------------------------------------------------
Number of observations              392   ->   196         
Number of variables                   3   ->   3           
j variable (2 values)               cat   ->   (dropped)
xij variables:
                                  share   ->   shareunwt sharewt
-----------------------------------------------------------------------------
(3,917 real changes made)
(j = unwt wt)

Data                               Long   ->   Wide
-----------------------------------------------------------------------------
Number of observations            7,834   ->   3,917       
Number of variables                   3   ->   3           
j variable (2 values)               cat   ->   (dropped)
xij variables:
                                  share   ->   shareunwt sharewt
-----------------------------------------------------------------------------
(15,692 real changes made)
(j = unwt wt)

Data                               Long   ->   Wide
-----------------------------------------------------------------------------
Number of observations           31,384   ->   15,692      
Number of variables                   3   ->   3           
j variable (2 values)               cat   ->   (dropped)
xij variables:
                                  share   ->   shareunwt sharewt
-----------------------------------------------------------------------------
variable samp was str3 now str6
(87 real changes made)
(note: j = cns scisub)

Data                               long   ->   wide
-----------------------------------------------------------------------------
Number of obs.                      236   ->   155                  
Number of variables                    4  ->   5                    
j (2 values)                       samp   ->   (dropped)
xij variables:
                                   rank   ->   rankcns rankscisub
                                  share   ->   sharecns sharescisub
-----------------------------------------------------------------------------
(7 real changes made)
(74 missing values generated)
(0 real changes made)
(0 real changes made)
(0 real changes made)
(0 real changes made)
(0 real changes made)
(2 real changes made)
(0 real changes made)
(0 real changes made)
(0 real changes made)
(0 real changes made)
(0 real changes made)
(0 real changes made)
(0 real changes made)
(0 real changes made)
(0 real changes made)
(0 real changes made)
(obs=19)

             |  rankcns ranksc~b
-------------+------------------
     rankcns |   1.0000
  rankscisub |   0.9734   1.0000

60
(obs=81)

             | sharecns shares~b
-------------+------------------
    sharecns |   1.0000
 sharescisub |   0.9993   1.0000

file ../output/figures/cns_scisub_newfund_country_share_wt.pdf saved as PDF
    format
variable samp was str3 now str6
(1,008 real changes made)
(note: j = cns scisub)

Data                               long   ->   wide
-----------------------------------------------------------------------------
Number of obs.                    2,903   ->   2,042                
Number of variables                    4  ->   5                    
j (2 values)                       samp   ->   (dropped)
xij variables:
                                   rank   ->   rankcns rankscisub
                                  share   ->   sharecns sharescisub
-----------------------------------------------------------------------------
(2,042 real changes made)
(1,181 missing values generated)
(0 real changes made)
(0 real changes made)
(0 real changes made)
(0 real changes made)
(0 real changes made)
(0 real changes made)
(0 real changes made)
(0 real changes made)
(0 real changes made)
(0 real changes made)
(0 real changes made)
(0 real changes made)
(0 real changes made)
(0 real changes made)
(0 real changes made)
(0 real changes made)
(obs=19)

             |  rankcns ranksc~b
-------------+------------------
     rankcns |   1.0000
  rankscisub |   0.8979   1.0000

12
(obs=861)

             | sharecns shares~b
-------------+------------------
    sharecns |   1.0000
 sharescisub |   0.9914   1.0000

file ../output/figures/cns_scisub_newfund_msa_c_world_share_wt.pdf saved as
    PDF format
variable samp was str3 now str6
(2,841 real changes made)
(note: j = cns scisub)

Data                               long   ->   wide
-----------------------------------------------------------------------------
Number of obs.                    8,831   ->   6,811                
Number of variables                    4  ->   5                    
j (2 values)                       samp   ->   (dropped)
xij variables:
                                   rank   ->   rankcns rankscisub
                                  share   ->   sharecns sharescisub
-----------------------------------------------------------------------------
(3,152 real changes made)
(4,791 missing values generated)
(0 real changes made)
(0 real changes made)
(0 real changes made)
(0 real changes made)
(0 real changes made)
(0 real changes made)
(0 real changes made)
(0 real changes made)
(0 real changes made)
(0 real changes made)
(0 real changes made)
(0 real changes made)
(0 real changes made)
(0 real changes made)
(0 real changes made)
(0 real changes made)
(obs=15)

             |  rankcns ranksc~b
-------------+------------------
     rankcns |   1.0000
  rankscisub |   0.8002   1.0000

5
(obs=2,020)

             | sharecns shares~b
-------------+------------------
    sharecns |   1.0000
 sharescisub |   0.9588   1.0000

file ../output/figures/cns_scisub_newfund_inst_share_wt.pdf saved as PDF
    format
variable samp was str3 now str6
(196 real changes made)
(note: j = cns demsci)

Data                               long   ->   wide
-----------------------------------------------------------------------------
Number of obs.                      345   ->   200                  
Number of variables                    4  ->   5                    
j (2 values)                       samp   ->   (dropped)
xij variables:
                                   rank   ->   rankcns rankdemsci
                                  share   ->   sharecns sharedemsci
-----------------------------------------------------------------------------
(9 real changes made)
(55 missing values generated)
(0 real changes made)
(0 real changes made)
(0 real changes made)
(0 real changes made)
(0 real changes made)
(0 real changes made)
(0 real changes made)
(0 real changes made)
(0 real changes made)
(0 real changes made)
(0 real changes made)
(0 real changes made)
(0 real changes made)
(0 real changes made)
(0 real changes made)
(0 real changes made)
(obs=17)

             |  rankcns rankde~i
-------------+------------------
     rankcns |   1.0000
  rankdemsci |   0.8076   1.0000

60
(obs=145)

             | sharecns shared~i
-------------+------------------
    sharecns |   1.0000
 sharedemsci |   0.9797   1.0000

file ../output/figures/cns_demsci_newfund_country_share_wt.pdf saved as PDF
    format
variable samp was str3 now str6
(3,917 real changes made)
(note: j = cns demsci)

Data                               long   ->   wide
-----------------------------------------------------------------------------
Number of obs.                    5,812   ->   4,133                
Number of variables                    4  ->   5                    
j (2 values)                       samp   ->   (dropped)
xij variables:
                                   rank   ->   rankcns rankdemsci
                                  share   ->   sharecns sharedemsci
-----------------------------------------------------------------------------
(4,133 real changes made)
(2,454 missing values generated)
(0 real changes made)
(0 real changes made)
(0 real changes made)
(0 real changes made)
(0 real changes made)
(0 real changes made)
(0 real changes made)
(0 real changes made)
(0 real changes made)
(0 real changes made)
(0 real changes made)
(0 real changes made)
(0 real changes made)
(0 real changes made)
(0 real changes made)
(0 real changes made)
(obs=16)

             |  rankcns rankde~i
-------------+------------------
     rankcns |   1.0000
  rankdemsci |   0.7151   1.0000

12
(obs=1,679)

             | sharecns shared~i
-------------+------------------
    sharecns |   1.0000
 sharedemsci |   0.8380   1.0000

file ../output/figures/cns_demsci_newfund_msa_c_world_share_wt.pdf saved as
    PDF format
variable samp was str3 now str6
(15,692 real changes made)
(note: j = cns demsci)

Data                               long   ->   wide
-----------------------------------------------------------------------------
Number of obs.                   21,682   ->   17,353               
Number of variables                    4  ->   5                    
j (2 values)                       samp   ->   (dropped)
xij variables:
                                   rank   ->   rankcns rankdemsci
                                  share   ->   sharecns sharedemsci
-----------------------------------------------------------------------------
(8,583 real changes made)
(13,024 missing values generated)
(0 real changes made)
(0 real changes made)
(0 real changes made)
(0 real changes made)
(0 real changes made)
(0 real changes made)
(0 real changes made)
(0 real changes made)
(0 real changes made)
(0 real changes made)
(0 real changes made)
(0 real changes made)
(0 real changes made)
(0 real changes made)
(0 real changes made)
(0 real changes made)
(obs=13)

             |  rankcns rankde~i
-------------+------------------
     rankcns |   1.0000
  rankdemsci |   0.3140   1.0000

5
(obs=4,329)

             | sharecns shared~i
-------------+------------------
    sharecns |   1.0000
 sharedemsci |   0.7342   1.0000

file ../output/figures/cns_demsci_newfund_inst_share_wt.pdf saved as PDF
    format
(file ../output/tables/corr_wt.txt not found)
(file ../output/tables/corr_across_samp.txt not found)

. 
end of do-file

--------------------------------------------------------------------------------
Makelog ended: 2023-12-28 20:03:28
Working directory: /export/home/dor/cxu/innovation_projs/analysis/science_geo/comp_jrnl_samps/code
--------------------------------------------------------------------------------
