--------------------------------------------------------------------------------
Makelog started: 2023-11-28 23:55:38
Working directory: /export/home/dor/cxu/innovation_projs/analysis/science_geo/comp_w_clinical/code
--------------------------------------------------------------------------------
External links successfully created!

  ___  ____  ____  ____  ____ ®
 /__    /   ____/   /   ____/      17.0
___/   /   /___/   /   /___/       MP—Parallel Edition

 Statistics and Data Science       Copyright 1985-2021 StataCorp LLC
                                   StataCorp
                                   4905 Lakeway Drive
                                   College Station, Texas 77845 USA
                                   800-STATA-PC        https://www.stata.com
                                   979-696-4600        stata@stata.com

Stata license: Unlimited-user 4-core network, expiring 17 Nov 2024
Serial number: 501809301897
  Licensed to: Harvard Business School
               Research Computing

Notes:
      1. Stata is running in batch mode.
      2. Unicode is supported; see help unicode_advice.
      3. More than 2 billion observations are allowed; see help obs_advice.
      4. Maximum number of variables is set to 120,000; see help set_maxvar.

. do "/export/home/dor/cxu/innovation_projs/analysis/science_geo/comp_w_clinica
> l/code/analysis.do" 

. set more off

. clear all

. capture log close

. program drop _all

. set scheme modern

. pause on

. set seed 8975

. here, set
/export/home/dor/cxu/innovation_projs/analysis/science_geo/comp_w_clinical/code
> /

. 
. program main
  1.     global country_name "countries"
  2.     global us_state_name "US states"
  3.     global area_name "US cities"
  4.     global city_full_name "world cities"
  5.     global msatitle_name "MSAs"
  6.     global msa_world_name "metropolitan areas"
  7.     global msa_c_world_name "metropolitan areas"
  8.     global inst_name "institutions"
  9.     foreach samp in cns scisub demsci { 
 10.         foreach var in affl_wt cite_affl_wt {
 11.             qui comp_w_fund, samp(`samp')  wt_var(`var')
 12.         }
 13.     }
 14. end

. 
. program comp_w_fund
  1.     syntax, samp(str) wt_var(str)
  2.     local suf = cond("`wt_var'" == "cite_affl_wt", "_wt", "") 
  3.     foreach trans in clin {
  4.          local fund_name "Fundamental Science"
  5.          if "`trans'" == "clin"  local `trans'_name "Clinical"
  6.          foreach type in  msa_c_world inst {
  7.             qui {
  8.                 use ../external/cleaned_samps/cleaned_last5yrs_newfund_`sa
> mp', clear
  9.                 cap drop type
 10.                 gen s_type = "fund"
 11.                 append using ../external/cleaned_samps/cleaned_last5yrs_`t
> rans'_med
 12.                 cap drop type
 13.                 rename s_type type
 14.                 drop if journal_abbr == "annals"
 15.                 replace type = "trans" if mi(type)
 16.                 gcollapse (sum) `wt_var' , by(`type' type)
 17.                 qui sum `wt_var' if type == "fund"
 18.                 gen share = `wt_var'/round(r(sum))*100 if type == "fund"
 19.                 qui sum `wt_var' if type == "trans"
 20.                 replace share = `wt_var'/round(r(sum))*100 if type == "tra
> ns"
 21.                 drop if mi(`type')
 22.                 hashsort type -`wt_var'
 23.                 by type: gen rank = _n 
 24.                 qui sum rank
 25.                 local rank_lmt = r(max) 
 26.                 reshape wide `wt_var' rank share, i(`type') j(type) string
 27.                 gen onefund = _n
 28.                 gen onetrans = _n 
 29.                 gen zerofund = onefund-1
 30.                 gen zerotrans = onetrans-1
 31.                 save ../temp/`type'`suf', replace
 32.                 // inst labels
.                 cap replace inst = "Caltech" if inst == "california institute
>  tech"
 33.                 cap replace inst = "CDC" if inst == "cdc"
 34.                 cap replace inst = "Columbia" if inst == "columbia univers
> ity"
 35.                 cap replace inst = "Cornell" if inst == "cornell universit
> y"
 36.                 cap replace inst = "Duke" if inst == "duke university"
 37.                 cap replace inst = "Harvard" if inst == "Harvard Universit
> y"
 38.                 cap replace inst = "JHU" if inst == "johns hopkins univers
> ity"
 39.                 cap replace inst = "Rockefeller Univ." if inst == "univers
> ity the rockefeller"
 40.                 cap replace inst = "MIT" if inst == "Massachusetts Institu
> te of Technology"
 41.                 cap replace inst = "Memorial Sloan" if inst == "memorial s
> loan-kettering cancer center"
 42.                 cap replace inst = "MGH" if inst == "massachusetts general
>  hospital"
 43.                 cap replace inst = "NYU" if inst == "new York university"
 44.                 cap replace inst = "Stanford" if inst == "Stanford Univers
> ity"
 45.                 cap replace inst = "UCL" if inst == "university college lo
> ndon"
 46.                 cap replace inst = "Berkeley" if inst == "University of Ca
> lifornia, Berkeley"
 47.                 cap replace inst = "UCLA" if inst == "university californi
> a los angeles"
 48.                 cap replace inst = "UCSD" if inst == "university californi
> a san diego"
 49.                 cap replace inst = "UCSF" if inst == "university californi
> a san francisco"
 50.                 cap replace inst = "UChicago" if inst == "university chica
> go"
 51.                 cap replace inst = "UMich" if inst == "university michigan
> "
 52.                 cap replace inst = "UPenn" if inst == "university pennsylv
> ania"
 53.                 cap replace inst = "Yale" if inst == "university yale"
 54.                 cap replace inst = "Harvard" if inst == "university harvar
> d"
 55.                 cap replace inst = "Stanford" if inst == "university stanf
> ord"
 56.                 cap replace inst = "CAS" if inst == "Chinese Academy of Sc
> iences"
 57.                 cap replace inst = "Oxford" if inst == "University of Oxfo
> rd"
 58.                 cap replace inst = "Cambridge" if inst == "university camb
> ridge"
 59.                 cap replace inst = "UT Dallas" if inst == "university texa
> s dallas"
 60.                 cap replace inst = "UMich" if inst == "university michigan
>  ann arbor"
 61.                 cap replace inst = "Dana Farber" if inst == "dana farber c
> ancer institute"
 62.                 cap replace inst = "Max Planck" if inst == "Max Planck Soc
> iety"
 63.                 cap replace inst = "NIH" if inst == "National Institutes o
> f Health"
 64.                 cap replace inst = "DeepMind" if inst == "deepmind"
 65.                 cap replace inst = "Brigham and Women's" if inst == "Brigh
> am and Women's Hospital"
 66.                 cap replace inst = "Chinese Academy of Medical Sciences" i
> f inst == "chinese academy med science"
 67.                 cap replace inst = "Chinese CDC" if inst == "china cdc"
 68.                 cap replace inst = "Jinyintan Hospital" if inst == "jinyin
> tan hospital"
 69. 
.                 // shorter us uk cor cities msa
.                 foreach i in  msa_c_world {
 70.                     cap replace `i' = subinstr(`i', "United States", "US",
> .)
 71.                     cap replace `i'= subinstr(`i', "GB", "UK",.)
 72.                 }
 73.                 // labeling 
.                 gen lab_share = "" 
 74.                 replace lab_share = substr(lab_share, 1, strpos(lab_share,
>  ",")-1) if strpos("`loc'", "msa")>0
 75.                 replace lab_share = `type' if (inlist(rankfund, 1, 2, 3,4,
>  8, 10) | inlist(ranktrans, 1, 2, 3,4, 7) | inlist(`type', "DeepMind", "Jinyi
> ntan Hospital", "CDC", "Philadelphia-Camden-Wilmington, US", "Seattle-Tacoma-
> Bellevue, US", "Houston-The Woodlands-Sugar Land, US", "San Jose-Sunnyvale-Sa
> nta Clara, US") | inlist(`type', "San Diego-Carlsbad, US", "Oxford, UK", "Was
> hington-Arlington-Alexandria, US"))
 76.                 replace lab_share = "" if inlist(lab_share, "chinese cente
> r diseasecontrol and prevent","university washington", "San Diego-La Jolla, U
> S", "Max Planck" , "Yale", "Cambridge, UK", "Philadelphia-Camden-Wilmington, 
> US", "Cambridge, UK") | inlist(lab_share,"Seattle-Tacoma-Bellevue, US", "Hous
> ton-The Woodlands-Sugar Land, US", "Los Angeles-Long Beach-Anaheim, US") | st
> rpos(lab_share, "Karolinska")>0 | strpos(lab_share, "Atlanta")>0
 77.                 replace lab_share = strproper(lab_share) if inlist(lab_sha
> re, "pfizer", "DeepMind", "Jinyintan Hospital")
 78.                 egen clock = mlabvpos(rankfund ranktrans)
 79.                 cap replace clock = 2 if inlist(lab_share, "Oxford, UK", "
> San Jose-Sunnyvale-Santa Clara, US")
 80.                 cap replace clock = 12 if inlist(lab_share, "Seattle, US",
>  "Beijing, China")
 81.                 cap replace clock = 6 if inlist(lab_share, "London, UK")
 82.                 cap replace clock = 9 if inlist(lab_share, "New York-Newar
> k-Jersey City, US")
 83.                 cap replace clock = 3 if inlist(lab_share,"Chinese Academy
>  of Medical Sciences", "Boston-Cambridge-Newton, US", "Bethesda-DC, US", "Oxf
> ord, UK", "Brigham and Women's", "UCSF", "Berkeley") | inlist(lab_share, "Sta
> nford", "NIH", "CAS", "MIT") 
 84.                 cap replace clock = 3 if inlist(lab_share,"Pfizer", "DeepM
> ind", "Beijing, China", "New York-Newark-Jersey City", "San Diego-Carlsbad, U
> S", "San Francisco-Oakland-Hayward, US") 
 85.                 cap replace clock = 4 if inlist(lab_share,"CDC", "Jinyinta
> n Hospital", "Chinese CDC", "Bethesda-DC, US", "Washington-Arlington-Alexandr
> ia, US") 
 86.                
.                 local skip = 1 
 87.                 if "`type'" == "inst" local lim = 5
 88.                 if "`type'" == "inst" local skip = 1 
 89.                 qui sum sharefund
 90.                 local max = r(max)
 91.                 qui sum sharetrans
 92.                 local max = max(r(max), `max')
 93.                 local max = floor(`max') +1 
 94.                 qui corr sharefund sharetrans  if !mi(sharefund) & !mi(sha
> retrans)
 95.                 local corr : di %3.2f r(rho)
 96.                 local pos = 5
 97.                 if "`trans'" == "thera" local pos = 11
 98.                 tw scatter sharefund sharetrans if !mi(sharefund) & !mi(sh
> aretrans), ///
>                   mlabel(lab_share) mlabsize(vsmall) mlabcolor(black) mlabvp(
> clock) || ///
>                   (line zerofund zerotrans if zerofund <= `max', lpattern(das
> h) lcolor(lavender)), ///
>                   xtitle("Share of Worldwide ``trans'_name' Research Output (
> %)", size(small)) ytitle("Share of Worldwide `fund_name' Research Output (%)"
> , size(small)) ///
>                   xlabel(0(`skip')`max', labsize(vsmall)) ylabel(0(`skip')`ma
> x', labsize(vsmall)) legend(on order(- "Correlation = `corr'") size(vsmall) p
> os(`pos') ring(0) region(lwidth(none)))
 99.                 if "`samp'" == "cns" {
100.                     graph export ../output/figures/bt_`type'_`trans'_`samp
> '`suf'_share_scatter.pdf, replace
101.                 }
102.             }
103.         }
104.     }
105. end

. ** 
. main

. 
end of do-file

--------------------------------------------------------------------------------
Makelog ended: 2023-11-28 23:55:54
Working directory: /export/home/dor/cxu/innovation_projs/analysis/science_geo/comp_w_clinical/code
--------------------------------------------------------------------------------
