--------------------------------------------------------------------------------
Makelog started: 2022-12-23 11:20:24
Working directory: /export/home/dor/cxu/innovation_projs/derived/science_geo/append_pmids/code
--------------------------------------------------------------------------------
External links successfully created!

  ___  ____  ____  ____  ____ ©
 /__    /   ____/   /   ____/      17.0
___/   /   /___/   /   /___/       MP—Parallel Edition

 Statistics and Data Science       Copyright 1985-2021 StataCorp LLC
                                   StataCorp
                                   4905 Lakeway Drive
                                   College Station, Texas 77845 USA
                                   800-STATA-PC        https://www.stata.com
                                   979-696-4600        stata@stata.com

Stata license: Unlimited-user 4-core , expiring 17 Nov 2023
Serial number: 501709306977
  Licensed to: Harvard Business School
               Research Computing

Notes:
      1. Stata is running in batch mode.
      2. Unicode is supported; see help unicode_advice.
      3. More than 2 billion observations are allowed; see help obs_advice.
      4. Maximum number of variables is set to 120,000; see help set_maxvar.

. do "/export/home/dor/cxu/innovation_projs/derived/science_geo/append_pmids/co
> de/build.do" 

. set more off

. clear all

. capture log close

. program drop _all

. set scheme modern

. preliminaries

. version 17

. set maxvar 120000, perm
(set maxvar preference recorded)


. 
. program main   
  1.     append_cns
  2.     append_jrnls
  3. end

. 
. program append_cns
  1.     local filelist: dir "../external/samp/CNS/" files "CNS_*.csv"
  2.     foreach file in `filelist' {
  3.         import delimited using "../external/samp/CNS/`file'", clear
  4.         tostring pmid, replace
  5.         tostring query_name, replace
  6.         drop if pmid == "NA"
  7.         destring pmid, replace
  8.         save ../temp/`file', replace
  9.     }
 10.     clear
 11.     foreach file in `filelist' {
 12.         append using ../temp/`file'
 13.     }
 14.     save ../temp/CNS_appended, replace
 15. 
.     split query_name, p("_")
 16.     ren query_name1 cat 
 17.     ren query_name2 year
 18.     destring year, replace
 19.     drop query_name 
 20.     replace pmid = pmid*10000 if inlist(cat, "fundamental", "diseases", "therapeutics")
 21.     duplicates tag pmid cat, gen(dup)
 22.         bys pmid cat: egen minyr = min(year)
 23.     drop if year > minyr & dup > 0
 24.     drop dup minyr
 25.         duplicates tag pmid, gen(dup)
 26.     gen fund = cat == "fundamental"
 27.     bys pmid: egen tot_fund = max(fund)
 28.     drop if dup > 0 & tot_fund == 1 & fund != 1
 29.         gisid pmid
 30.         replace pmid = pmid/10000 if inlist(cat, "fundamental", "diseases", "therapeutics")
 31.         save "../output/CNS_pmids.dta", replace
 32. end

. 
. program append_jrnls 
  1.     local jrnls  nejm jama lancet bmj annals science nature cell
  2.     foreach jrnl in `jrnls' {
  3.         forval yr = 1988/2022 {
  4.             import delimited ../external/samp/`jrnl'`yr'.csv, clear
  5.             save ../temp/`jrnl'`yr', replace
  6.         }
  7.         clear
  8.         forval yr = 1988/2022 {
  9.             append using ../temp/`jrnl'`yr'
 10.         }
 11.         gen journal_abbr = "`jrnl'"
 12.         save ../temp/`jrnl', replace
 13.     }
 14.     clear
 15.     foreach jrnl in `jrnls' {
 16.         append using ../temp/`jrnl'
 17.     }
 18.     bys pmid: egen minyr = min(year)
 19.     drop if year > minyr
 20.     drop minyr
 21.     gisid pmid
 22.     save ../output/cns_med_all_pmids, replace
 23. end

. main
(encoding automatically selected: ISO-8859-9)
(2 vars, 1,672 obs)
pmid was long now str8
query_name already string; no replace
(0 observations deleted)
pmid: all characters numeric; replaced as long
(file ../temp/CNS_basic_1988.csv not found)
file ../temp/CNS_basic_1988.csv saved as .dta format
(encoding automatically selected: ISO-8859-9)
(2 vars, 1,711 obs)
pmid was long now str8
query_name already string; no replace
(0 observations deleted)
pmid: all characters numeric; replaced as long
(file ../temp/CNS_basic_1989.csv not found)
file ../temp/CNS_basic_1989.csv saved as .dta format
(encoding automatically selected: ISO-8859-9)
(2 vars, 1,676 obs)
pmid was long now str8
query_name already string; no replace
(0 observations deleted)
pmid: all characters numeric; replaced as long
(file ../temp/CNS_basic_1990.csv not found)
file ../temp/CNS_basic_1990.csv saved as .dta format
(encoding automatically selected: ISO-8859-9)
(2 vars, 1,553 obs)
pmid was long now str8
query_name already string; no replace
(0 observations deleted)
pmid: all characters numeric; replaced as long
(file ../temp/CNS_basic_1991.csv not found)
file ../temp/CNS_basic_1991.csv saved as .dta format
(encoding automatically selected: ISO-8859-9)
(2 vars, 1,569 obs)
pmid was long now str8
query_name already string; no replace
(0 observations deleted)
pmid: all characters numeric; replaced as long
(file ../temp/CNS_basic_1992.csv not found)
file ../temp/CNS_basic_1992.csv saved as .dta format
(encoding automatically selected: ISO-8859-9)
(2 vars, 1,682 obs)
pmid was long now str8
query_name already string; no replace
(0 observations deleted)
pmid: all characters numeric; replaced as long
(file ../temp/CNS_basic_1993.csv not found)
file ../temp/CNS_basic_1993.csv saved as .dta format
(encoding automatically selected: ISO-8859-9)
(2 vars, 1,674 obs)
pmid was long now str8
query_name already string; no replace
(0 observations deleted)
pmid: all characters numeric; replaced as long
(file ../temp/CNS_basic_1994.csv not found)
file ../temp/CNS_basic_1994.csv saved as .dta format
(encoding automatically selected: ISO-8859-9)
(2 vars, 1,733 obs)
pmid was long now str8
query_name already string; no replace
(0 observations deleted)
pmid: all characters numeric; replaced as long
(file ../temp/CNS_basic_1995.csv not found)
file ../temp/CNS_basic_1995.csv saved as .dta format
(encoding automatically selected: ISO-8859-9)
(2 vars, 1,693 obs)
pmid was long now str8
query_name already string; no replace
(0 observations deleted)
pmid: all characters numeric; replaced as long
(file ../temp/CNS_basic_1996.csv not found)
file ../temp/CNS_basic_1996.csv saved as .dta format
(encoding automatically selected: ISO-8859-9)
(2 vars, 1,668 obs)
pmid was long now str8
query_name already string; no replace
(0 observations deleted)
pmid: all characters numeric; replaced as long
(file ../temp/CNS_basic_1997.csv not found)
file ../temp/CNS_basic_1997.csv saved as .dta format
(encoding automatically selected: ISO-8859-9)
(2 vars, 1,608 obs)
pmid was long now str8
query_name already string; no replace
(0 observations deleted)
pmid: all characters numeric; replaced as long
(file ../temp/CNS_basic_1998.csv not found)
file ../temp/CNS_basic_1998.csv saved as .dta format
(encoding automatically selected: ISO-8859-9)
(2 vars, 1,607 obs)
pmid was long now str8
query_name already string; no replace
(0 observations deleted)
pmid: all characters numeric; replaced as long
(file ../temp/CNS_basic_1999.csv not found)
file ../temp/CNS_basic_1999.csv saved as .dta format
(encoding automatically selected: ISO-8859-9)
(2 vars, 1,987 obs)
pmid was long now str8
query_name already string; no replace
(0 observations deleted)
pmid: all characters numeric; replaced as long
(file ../temp/CNS_basic_2000.csv not found)
file ../temp/CNS_basic_2000.csv saved as .dta format
(encoding automatically selected: ISO-8859-9)
(2 vars, 2,066 obs)
pmid was long now str8
query_name already string; no replace
(0 observations deleted)
pmid: all characters numeric; replaced as long
(file ../temp/CNS_basic_2001.csv not found)
file ../temp/CNS_basic_2001.csv saved as .dta format
(encoding automatically selected: ISO-8859-9)
(2 vars, 2,102 obs)
pmid was long now str8
query_name already string; no replace
(0 observations deleted)
pmid: all characters numeric; replaced as long
(file ../temp/CNS_basic_2002.csv not found)
file ../temp/CNS_basic_2002.csv saved as .dta format
(encoding automatically selected: ISO-8859-9)
(2 vars, 2,007 obs)
pmid was long now str8
query_name already string; no replace
(0 observations deleted)
pmid: all characters numeric; replaced as long
(file ../temp/CNS_basic_2003.csv not found)
file ../temp/CNS_basic_2003.csv saved as .dta format
(encoding automatically selected: ISO-8859-9)
(2 vars, 2,051 obs)
pmid was long now str8
query_name already string; no replace
(0 observations deleted)
pmid: all characters numeric; replaced as long
(file ../temp/CNS_basic_2004.csv not found)
file ../temp/CNS_basic_2004.csv saved as .dta format
(encoding automatically selected: ISO-8859-9)
(2 vars, 2,081 obs)
pmid was long now str8
query_name already string; no replace
(0 observations deleted)
pmid: all characters numeric; replaced as long
(file ../temp/CNS_basic_2005.csv not found)
file ../temp/CNS_basic_2005.csv saved as .dta format
(encoding automatically selected: ISO-8859-9)
(2 vars, 1,964 obs)
pmid was long now str8
query_name already string; no replace
(0 observations deleted)
pmid: all characters numeric; replaced as long
(file ../temp/CNS_basic_2006.csv not found)
file ../temp/CNS_basic_2006.csv saved as .dta format
(encoding automatically selected: ISO-8859-9)
(2 vars, 1,930 obs)
pmid was long now str8
query_name already string; no replace
(0 observations deleted)
pmid: all characters numeric; replaced as long
(file ../temp/CNS_basic_2007.csv not found)
file ../temp/CNS_basic_2007.csv saved as .dta format
(encoding automatically selected: ISO-8859-9)
(2 vars, 1,943 obs)
pmid was long now str8
query_name already string; no replace
(0 observations deleted)
pmid: all characters numeric; replaced as long
(file ../temp/CNS_basic_2008.csv not found)
file ../temp/CNS_basic_2008.csv saved as .dta format
(encoding automatically selected: ISO-8859-9)
(2 vars, 2,044 obs)
pmid was long now str8
query_name already string; no replace
(0 observations deleted)
pmid: all characters numeric; replaced as long
(file ../temp/CNS_basic_2009.csv not found)
file ../temp/CNS_basic_2009.csv saved as .dta format
(encoding automatically selected: ISO-8859-9)
(2 vars, 1,803 obs)
pmid was long now str8
query_name already string; no replace
(0 observations deleted)
pmid: all characters numeric; replaced as long
(file ../temp/CNS_basic_2010.csv not found)
file ../temp/CNS_basic_2010.csv saved as .dta format
(encoding automatically selected: ISO-8859-9)
(2 vars, 1,888 obs)
pmid was long now str8
query_name already string; no replace
(0 observations deleted)
pmid: all characters numeric; replaced as long
(file ../temp/CNS_basic_2011.csv not found)
file ../temp/CNS_basic_2011.csv saved as .dta format
(encoding automatically selected: ISO-8859-9)
(2 vars, 1,990 obs)
pmid was long now str8
query_name already string; no replace
(0 observations deleted)
pmid: all characters numeric; replaced as long
(file ../temp/CNS_basic_2012.csv not found)
file ../temp/CNS_basic_2012.csv saved as .dta format
(encoding automatically selected: ISO-8859-9)
(2 vars, 2,074 obs)
pmid was long now str8
query_name already string; no replace
(0 observations deleted)
pmid: all characters numeric; replaced as long
(file ../temp/CNS_basic_2013.csv not found)
file ../temp/CNS_basic_2013.csv saved as .dta format
(encoding automatically selected: ISO-8859-9)
(2 vars, 2,254 obs)
pmid was long now str8
query_name already string; no replace
(0 observations deleted)
pmid: all characters numeric; replaced as long
(file ../temp/CNS_basic_2014.csv not found)
file ../temp/CNS_basic_2014.csv saved as .dta format
(encoding automatically selected: ISO-8859-9)
(2 vars, 2,157 obs)
pmid was long now str8
query_name already string; no replace
(0 observations deleted)
pmid: all characters numeric; replaced as long
(file ../temp/CNS_basic_2015.csv not found)
file ../temp/CNS_basic_2015.csv saved as .dta format
(encoding automatically selected: ISO-8859-9)
(2 vars, 2,248 obs)
pmid was long now str8
query_name already string; no replace
(0 observations deleted)
pmid: all characters numeric; replaced as long
(file ../temp/CNS_basic_2016.csv not found)
file ../temp/CNS_basic_2016.csv saved as .dta format
(encoding automatically selected: ISO-8859-9)
(2 vars, 2,113 obs)
pmid was long now str8
query_name already string; no replace
(0 observations deleted)
pmid: all characters numeric; replaced as long
(file ../temp/CNS_basic_2017.csv not found)
file ../temp/CNS_basic_2017.csv saved as .dta format
(encoding automatically selected: ISO-8859-9)
(2 vars, 2,013 obs)
pmid was long now str8
query_name already string; no replace
(0 observations deleted)
pmid: all characters numeric; replaced as long
(file ../temp/CNS_basic_2018.csv not found)
file ../temp/CNS_basic_2018.csv saved as .dta format
(encoding automatically selected: ISO-8859-9)
(2 vars, 1,909 obs)
pmid was long now str8
query_name already string; no replace
(0 observations deleted)
pmid: all characters numeric; replaced as long
(file ../temp/CNS_basic_2019.csv not found)
file ../temp/CNS_basic_2019.csv saved as .dta format
(encoding automatically selected: ISO-8859-9)
(2 vars, 1,775 obs)
pmid was long now str8
query_name already string; no replace
(0 observations deleted)
pmid: all characters numeric; replaced as long
(file ../temp/CNS_basic_2020.csv not found)
file ../temp/CNS_basic_2020.csv saved as .dta format
(encoding automatically selected: ISO-8859-9)
(2 vars, 1,657 obs)
pmid was long now str8
query_name already string; no replace
(0 observations deleted)
pmid: all characters numeric; replaced as long
(file ../temp/CNS_basic_2021.csv not found)
file ../temp/CNS_basic_2021.csv saved as .dta format
(encoding automatically selected: ISO-8859-9)
(2 vars, 1,788 obs)
pmid was long now str8
query_name already string; no replace
(0 observations deleted)
pmid: all characters numeric; replaced as long
(file ../temp/CNS_basic_2022.csv not found)
file ../temp/CNS_basic_2022.csv saved as .dta format
(encoding automatically selected: ISO-8859-1)
(2 vars, 1,122 obs)
pmid was long now str7
query_name already string; no replace
(0 observations deleted)
pmid: all characters numeric; replaced as long
(file ../temp/CNS_translational_1988.csv not found)
file ../temp/CNS_translational_1988.csv saved as .dta format
(encoding automatically selected: ISO-8859-1)
(2 vars, 1,014 obs)
pmid was long now str7
query_name already string; no replace
(0 observations deleted)
pmid: all characters numeric; replaced as long
(file ../temp/CNS_translational_1989.csv not found)
file ../temp/CNS_translational_1989.csv saved as .dta format
(encoding automatically selected: ISO-8859-1)
(2 vars, 990 obs)
pmid was long now str7
query_name already string; no replace
(0 observations deleted)
pmid: all characters numeric; replaced as long
(file ../temp/CNS_translational_1990.csv not found)
file ../temp/CNS_translational_1990.csv saved as .dta format
(encoding automatically selected: ISO-8859-1)
(2 vars, 835 obs)
pmid was long now str7
query_name already string; no replace
(0 observations deleted)
pmid: all characters numeric; replaced as long
(file ../temp/CNS_translational_1991.csv not found)
file ../temp/CNS_translational_1991.csv saved as .dta format
(encoding automatically selected: ISO-8859-1)
(2 vars, 893 obs)
pmid was long now str8
query_name already string; no replace
(0 observations deleted)
pmid: all characters numeric; replaced as long
(file ../temp/CNS_translational_1992.csv not found)
file ../temp/CNS_translational_1992.csv saved as .dta format
(encoding automatically selected: ISO-8859-1)
(2 vars, 1,011 obs)
pmid was long now str7
query_name already string; no replace
(0 observations deleted)
pmid: all characters numeric; replaced as long
(file ../temp/CNS_translational_1993.csv not found)
file ../temp/CNS_translational_1993.csv saved as .dta format
(encoding automatically selected: ISO-8859-1)
(2 vars, 989 obs)
pmid was long now str7
query_name already string; no replace
(0 observations deleted)
pmid: all characters numeric; replaced as long
(file ../temp/CNS_translational_1994.csv not found)
file ../temp/CNS_translational_1994.csv saved as .dta format
(encoding automatically selected: ISO-8859-1)
(2 vars, 959 obs)
pmid was long now str7
query_name already string; no replace
(0 observations deleted)
pmid: all characters numeric; replaced as long
(file ../temp/CNS_translational_1995.csv not found)
file ../temp/CNS_translational_1995.csv saved as .dta format
(encoding automatically selected: ISO-8859-1)
(2 vars, 977 obs)
pmid was long now str7
query_name already string; no replace
(0 observations deleted)
pmid: all characters numeric; replaced as long
(file ../temp/CNS_translational_1996.csv not found)
file ../temp/CNS_translational_1996.csv saved as .dta format
(encoding automatically selected: ISO-8859-1)
(2 vars, 972 obs)
pmid was long now str8
query_name already string; no replace
(0 observations deleted)
pmid: all characters numeric; replaced as long
(file ../temp/CNS_translational_1997.csv not found)
file ../temp/CNS_translational_1997.csv saved as .dta format
(encoding automatically selected: ISO-8859-1)
(2 vars, 964 obs)
pmid was long now str8
query_name already string; no replace
(0 observations deleted)
pmid: all characters numeric; replaced as long
(file ../temp/CNS_translational_1998.csv not found)
file ../temp/CNS_translational_1998.csv saved as .dta format
(encoding automatically selected: ISO-8859-1)
(2 vars, 991 obs)
pmid was long now str8
query_name already string; no replace
(0 observations deleted)
pmid: all characters numeric; replaced as long
(file ../temp/CNS_translational_1999.csv not found)
file ../temp/CNS_translational_1999.csv saved as .dta format
(encoding automatically selected: ISO-8859-1)
(2 vars, 975 obs)
pmid was long now str8
query_name already string; no replace
(0 observations deleted)
pmid: all characters numeric; replaced as long
(file ../temp/CNS_translational_2000.csv not found)
file ../temp/CNS_translational_2000.csv saved as .dta format
(encoding automatically selected: ISO-8859-1)
(2 vars, 983 obs)
pmid was long now str8
query_name already string; no replace
(0 observations deleted)
pmid: all characters numeric; replaced as long
(file ../temp/CNS_translational_2001.csv not found)
file ../temp/CNS_translational_2001.csv saved as .dta format
(encoding automatically selected: ISO-8859-1)
(2 vars, 1,041 obs)
pmid was long now str8
query_name already string; no replace
(0 observations deleted)
pmid: all characters numeric; replaced as long
(file ../temp/CNS_translational_2002.csv not found)
file ../temp/CNS_translational_2002.csv saved as .dta format
(encoding automatically selected: ISO-8859-1)
(2 vars, 999 obs)
pmid was long now str8
query_name already string; no replace
(0 observations deleted)
pmid: all characters numeric; replaced as long
(file ../temp/CNS_translational_2003.csv not found)
file ../temp/CNS_translational_2003.csv saved as .dta format
(encoding automatically selected: ISO-8859-1)
(2 vars, 1,064 obs)
pmid was long now str8
query_name already string; no replace
(0 observations deleted)
pmid: all characters numeric; replaced as long
(file ../temp/CNS_translational_2004.csv not found)
file ../temp/CNS_translational_2004.csv saved as .dta format
(encoding automatically selected: ISO-8859-1)
(2 vars, 989 obs)
pmid was long now str8
query_name already string; no replace
(0 observations deleted)
pmid: all characters numeric; replaced as long
(file ../temp/CNS_translational_2005.csv not found)
file ../temp/CNS_translational_2005.csv saved as .dta format
(encoding automatically selected: ISO-8859-1)
(2 vars, 941 obs)
pmid was long now str8
query_name already string; no replace
(0 observations deleted)
pmid: all characters numeric; replaced as long
(file ../temp/CNS_translational_2006.csv not found)
file ../temp/CNS_translational_2006.csv saved as .dta format
(encoding automatically selected: ISO-8859-1)
(2 vars, 893 obs)
pmid was long now str8
query_name already string; no replace
(0 observations deleted)
pmid: all characters numeric; replaced as long
(file ../temp/CNS_translational_2007.csv not found)
file ../temp/CNS_translational_2007.csv saved as .dta format
(encoding automatically selected: ISO-8859-1)
(2 vars, 939 obs)
pmid was long now str8
query_name already string; no replace
(0 observations deleted)
pmid: all characters numeric; replaced as long
(file ../temp/CNS_translational_2008.csv not found)
file ../temp/CNS_translational_2008.csv saved as .dta format
(encoding automatically selected: ISO-8859-1)
(2 vars, 912 obs)
pmid was long now str8
query_name already string; no replace
(0 observations deleted)
pmid: all characters numeric; replaced as long
(file ../temp/CNS_translational_2009.csv not found)
file ../temp/CNS_translational_2009.csv saved as .dta format
(encoding automatically selected: ISO-8859-1)
(2 vars, 1,001 obs)
pmid was long now str8
query_name already string; no replace
(0 observations deleted)
pmid: all characters numeric; replaced as long
(file ../temp/CNS_translational_2010.csv not found)
file ../temp/CNS_translational_2010.csv saved as .dta format
(encoding automatically selected: ISO-8859-1)
(2 vars, 962 obs)
pmid was long now str8
query_name already string; no replace
(0 observations deleted)
pmid: all characters numeric; replaced as long
(file ../temp/CNS_translational_2011.csv not found)
file ../temp/CNS_translational_2011.csv saved as .dta format
(encoding automatically selected: ISO-8859-1)
(2 vars, 1,077 obs)
pmid was long now str8
query_name already string; no replace
(0 observations deleted)
pmid: all characters numeric; replaced as long
(file ../temp/CNS_translational_2012.csv not found)
file ../temp/CNS_translational_2012.csv saved as .dta format
(encoding automatically selected: ISO-8859-1)
(2 vars, 1,144 obs)
pmid was long now str8
query_name already string; no replace
(0 observations deleted)
pmid: all characters numeric; replaced as long
(file ../temp/CNS_translational_2013.csv not found)
file ../temp/CNS_translational_2013.csv saved as .dta format
(encoding automatically selected: ISO-8859-1)
(2 vars, 1,297 obs)
pmid was long now str8
query_name already string; no replace
(0 observations deleted)
pmid: all characters numeric; replaced as long
(file ../temp/CNS_translational_2014.csv not found)
file ../temp/CNS_translational_2014.csv saved as .dta format
(encoding automatically selected: ISO-8859-1)
(2 vars, 1,261 obs)
pmid was long now str8
query_name already string; no replace
(0 observations deleted)
pmid: all characters numeric; replaced as long
(file ../temp/CNS_translational_2015.csv not found)
file ../temp/CNS_translational_2015.csv saved as .dta format
(encoding automatically selected: ISO-8859-1)
(2 vars, 1,227 obs)
pmid was long now str8
query_name already string; no replace
(0 observations deleted)
pmid: all characters numeric; replaced as long
(file ../temp/CNS_translational_2016.csv not found)
file ../temp/CNS_translational_2016.csv saved as .dta format
(encoding automatically selected: ISO-8859-1)
(2 vars, 1,105 obs)
pmid was long now str8
query_name already string; no replace
(0 observations deleted)
pmid: all characters numeric; replaced as long
(file ../temp/CNS_translational_2017.csv not found)
file ../temp/CNS_translational_2017.csv saved as .dta format
(encoding automatically selected: ISO-8859-1)
(2 vars, 1,000 obs)
pmid was long now str8
query_name already string; no replace
(0 observations deleted)
pmid: all characters numeric; replaced as long
(file ../temp/CNS_translational_2018.csv not found)
file ../temp/CNS_translational_2018.csv saved as .dta format
(encoding automatically selected: ISO-8859-1)
(2 vars, 933 obs)
pmid was long now str8
query_name already string; no replace
(0 observations deleted)
pmid: all characters numeric; replaced as long
(file ../temp/CNS_translational_2019.csv not found)
file ../temp/CNS_translational_2019.csv saved as .dta format
(encoding automatically selected: ISO-8859-1)
(2 vars, 1,420 obs)
pmid was long now str8
query_name already string; no replace
(0 observations deleted)
pmid: all characters numeric; replaced as long
(file ../temp/CNS_translational_2020.csv not found)
file ../temp/CNS_translational_2020.csv saved as .dta format
(encoding automatically selected: ISO-8859-1)
(2 vars, 1,287 obs)
pmid was long now str8
query_name already string; no replace
(0 observations deleted)
pmid: all characters numeric; replaced as long
(file ../temp/CNS_translational_2021.csv not found)
file ../temp/CNS_translational_2021.csv saved as .dta format
(encoding automatically selected: ISO-8859-1)
(2 vars, 1,451 obs)
pmid was long now str8
query_name already string; no replace
(0 observations deleted)
pmid: all characters numeric; replaced as long
(file ../temp/CNS_translational_2022.csv not found)
file ../temp/CNS_translational_2022.csv saved as .dta format
(encoding automatically selected: ISO-8859-1)
(2 vars, 1,661 obs)
pmid was long now str8
query_name already string; no replace
(0 observations deleted)
pmid: all characters numeric; replaced as long
(file ../temp/CNS_fundamental_1988.csv not found)
file ../temp/CNS_fundamental_1988.csv saved as .dta format
(encoding automatically selected: ISO-8859-1)
(2 vars, 1,703 obs)
pmid was long now str8
query_name already string; no replace
(0 observations deleted)
pmid: all characters numeric; replaced as long
(file ../temp/CNS_fundamental_1989.csv not found)
file ../temp/CNS_fundamental_1989.csv saved as .dta format
(encoding automatically selected: ISO-8859-1)
(2 vars, 1,670 obs)
pmid was long now str8
query_name already string; no replace
(0 observations deleted)
pmid: all characters numeric; replaced as long
(file ../temp/CNS_fundamental_1990.csv not found)
file ../temp/CNS_fundamental_1990.csv saved as .dta format
(encoding automatically selected: ISO-8859-1)
(2 vars, 1,543 obs)
pmid was long now str8
query_name already string; no replace
(0 observations deleted)
pmid: all characters numeric; replaced as long
(file ../temp/CNS_fundamental_1991.csv not found)
file ../temp/CNS_fundamental_1991.csv saved as .dta format
(encoding automatically selected: ISO-8859-1)
(2 vars, 1,563 obs)
pmid was long now str8
query_name already string; no replace
(0 observations deleted)
pmid: all characters numeric; replaced as long
(file ../temp/CNS_fundamental_1992.csv not found)
file ../temp/CNS_fundamental_1992.csv saved as .dta format
(encoding automatically selected: ISO-8859-1)
(2 vars, 1,673 obs)
pmid was long now str8
query_name already string; no replace
(0 observations deleted)
pmid: all characters numeric; replaced as long
(file ../temp/CNS_fundamental_1993.csv not found)
file ../temp/CNS_fundamental_1993.csv saved as .dta format
(encoding automatically selected: ISO-8859-1)
(2 vars, 1,659 obs)
pmid was long now str8
query_name already string; no replace
(0 observations deleted)
pmid: all characters numeric; replaced as long
(file ../temp/CNS_fundamental_1994.csv not found)
file ../temp/CNS_fundamental_1994.csv saved as .dta format
(encoding automatically selected: ISO-8859-1)
(2 vars, 1,725 obs)
pmid was long now str8
query_name already string; no replace
(0 observations deleted)
pmid: all characters numeric; replaced as long
(file ../temp/CNS_fundamental_1995.csv not found)
file ../temp/CNS_fundamental_1995.csv saved as .dta format
(encoding automatically selected: ISO-8859-1)
(2 vars, 1,675 obs)
pmid was long now str8
query_name already string; no replace
(0 observations deleted)
pmid: all characters numeric; replaced as long
(file ../temp/CNS_fundamental_1996.csv not found)
file ../temp/CNS_fundamental_1996.csv saved as .dta format
(encoding automatically selected: ISO-8859-1)
(2 vars, 1,662 obs)
pmid was long now str8
query_name already string; no replace
(0 observations deleted)
pmid: all characters numeric; replaced as long
(file ../temp/CNS_fundamental_1997.csv not found)
file ../temp/CNS_fundamental_1997.csv saved as .dta format
(encoding automatically selected: ISO-8859-1)
(2 vars, 1,604 obs)
pmid was long now str8
query_name already string; no replace
(0 observations deleted)
pmid: all characters numeric; replaced as long
(file ../temp/CNS_fundamental_1998.csv not found)
file ../temp/CNS_fundamental_1998.csv saved as .dta format
(encoding automatically selected: ISO-8859-1)
(2 vars, 1,588 obs)
pmid was long now str8
query_name already string; no replace
(0 observations deleted)
pmid: all characters numeric; replaced as long
(file ../temp/CNS_fundamental_1999.csv not found)
file ../temp/CNS_fundamental_1999.csv saved as .dta format
(encoding automatically selected: ISO-8859-1)
(2 vars, 1,973 obs)
pmid was long now str8
query_name already string; no replace
(0 observations deleted)
pmid: all characters numeric; replaced as long
(file ../temp/CNS_fundamental_2000.csv not found)
file ../temp/CNS_fundamental_2000.csv saved as .dta format
(encoding automatically selected: ISO-8859-1)
(2 vars, 2,051 obs)
pmid was long now str8
query_name already string; no replace
(0 observations deleted)
pmid: all characters numeric; replaced as long
(file ../temp/CNS_fundamental_2001.csv not found)
file ../temp/CNS_fundamental_2001.csv saved as .dta format
(encoding automatically selected: ISO-8859-1)
(2 vars, 2,087 obs)
pmid was long now str8
query_name already string; no replace
(0 observations deleted)
pmid: all characters numeric; replaced as long
(file ../temp/CNS_fundamental_2002.csv not found)
file ../temp/CNS_fundamental_2002.csv saved as .dta format
(encoding automatically selected: ISO-8859-1)
(2 vars, 1,989 obs)
pmid was long now str8
query_name already string; no replace
(0 observations deleted)
pmid: all characters numeric; replaced as long
(file ../temp/CNS_fundamental_2003.csv not found)
file ../temp/CNS_fundamental_2003.csv saved as .dta format
(encoding automatically selected: ISO-8859-1)
(2 vars, 2,027 obs)
pmid was long now str8
query_name already string; no replace
(0 observations deleted)
pmid: all characters numeric; replaced as long
(file ../temp/CNS_fundamental_2004.csv not found)
file ../temp/CNS_fundamental_2004.csv saved as .dta format
(encoding automatically selected: ISO-8859-1)
(2 vars, 2,062 obs)
pmid was long now str8
query_name already string; no replace
(0 observations deleted)
pmid: all characters numeric; replaced as long
(file ../temp/CNS_fundamental_2005.csv not found)
file ../temp/CNS_fundamental_2005.csv saved as .dta format
(encoding automatically selected: ISO-8859-1)
(2 vars, 1,955 obs)
pmid was long now str8
query_name already string; no replace
(0 observations deleted)
pmid: all characters numeric; replaced as long
(file ../temp/CNS_fundamental_2006.csv not found)
file ../temp/CNS_fundamental_2006.csv saved as .dta format
(encoding automatically selected: ISO-8859-1)
(2 vars, 1,902 obs)
pmid was long now str8
query_name already string; no replace
(0 observations deleted)
pmid: all characters numeric; replaced as long
(file ../temp/CNS_fundamental_2007.csv not found)
file ../temp/CNS_fundamental_2007.csv saved as .dta format
(encoding automatically selected: ISO-8859-1)
(2 vars, 1,915 obs)
pmid was long now str8
query_name already string; no replace
(0 observations deleted)
pmid: all characters numeric; replaced as long
(file ../temp/CNS_fundamental_2008.csv not found)
file ../temp/CNS_fundamental_2008.csv saved as .dta format
(encoding automatically selected: ISO-8859-1)
(2 vars, 2,015 obs)
pmid was long now str8
query_name already string; no replace
(0 observations deleted)
pmid: all characters numeric; replaced as long
(file ../temp/CNS_fundamental_2009.csv not found)
file ../temp/CNS_fundamental_2009.csv saved as .dta format
(encoding automatically selected: ISO-8859-1)
(2 vars, 1,782 obs)
pmid was long now str8
query_name already string; no replace
(0 observations deleted)
pmid: all characters numeric; replaced as long
(file ../temp/CNS_fundamental_2010.csv not found)
file ../temp/CNS_fundamental_2010.csv saved as .dta format
(encoding automatically selected: ISO-8859-1)
(2 vars, 1,865 obs)
pmid was long now str8
query_name already string; no replace
(0 observations deleted)
pmid: all characters numeric; replaced as long
(file ../temp/CNS_fundamental_2011.csv not found)
file ../temp/CNS_fundamental_2011.csv saved as .dta format
(encoding automatically selected: ISO-8859-1)
(2 vars, 1,957 obs)
pmid was long now str8
query_name already string; no replace
(0 observations deleted)
pmid: all characters numeric; replaced as long
(file ../temp/CNS_fundamental_2012.csv not found)
file ../temp/CNS_fundamental_2012.csv saved as .dta format
(encoding automatically selected: ISO-8859-1)
(2 vars, 2,054 obs)
pmid was long now str8
query_name already string; no replace
(0 observations deleted)
pmid: all characters numeric; replaced as long
(file ../temp/CNS_fundamental_2013.csv not found)
file ../temp/CNS_fundamental_2013.csv saved as .dta format
(encoding automatically selected: ISO-8859-1)
(2 vars, 2,233 obs)
pmid was long now str8
query_name already string; no replace
(0 observations deleted)
pmid: all characters numeric; replaced as long
(file ../temp/CNS_fundamental_2014.csv not found)
file ../temp/CNS_fundamental_2014.csv saved as .dta format
(encoding automatically selected: ISO-8859-1)
(2 vars, 2,121 obs)
pmid was long now str8
query_name already string; no replace
(0 observations deleted)
pmid: all characters numeric; replaced as long
(file ../temp/CNS_fundamental_2015.csv not found)
file ../temp/CNS_fundamental_2015.csv saved as .dta format
(encoding automatically selected: ISO-8859-1)
(2 vars, 2,217 obs)
pmid was long now str8
query_name already string; no replace
(0 observations deleted)
pmid: all characters numeric; replaced as long
(file ../temp/CNS_fundamental_2016.csv not found)
file ../temp/CNS_fundamental_2016.csv saved as .dta format
(encoding automatically selected: ISO-8859-1)
(2 vars, 2,079 obs)
pmid was long now str8
query_name already string; no replace
(0 observations deleted)
pmid: all characters numeric; replaced as long
(file ../temp/CNS_fundamental_2017.csv not found)
file ../temp/CNS_fundamental_2017.csv saved as .dta format
(encoding automatically selected: ISO-8859-1)
(2 vars, 1,979 obs)
pmid was long now str8
query_name already string; no replace
(0 observations deleted)
pmid: all characters numeric; replaced as long
(file ../temp/CNS_fundamental_2018.csv not found)
file ../temp/CNS_fundamental_2018.csv saved as .dta format
(encoding automatically selected: ISO-8859-1)
(2 vars, 1,874 obs)
pmid was long now str8
query_name already string; no replace
(0 observations deleted)
pmid: all characters numeric; replaced as long
(file ../temp/CNS_fundamental_2019.csv not found)
file ../temp/CNS_fundamental_2019.csv saved as .dta format
(encoding automatically selected: ISO-8859-1)
(2 vars, 1,737 obs)
pmid was long now str8
query_name already string; no replace
(0 observations deleted)
pmid: all characters numeric; replaced as long
(file ../temp/CNS_fundamental_2020.csv not found)
file ../temp/CNS_fundamental_2020.csv saved as .dta format
(encoding automatically selected: ISO-8859-1)
(2 vars, 1,632 obs)
pmid was long now str8
query_name already string; no replace
(0 observations deleted)
pmid: all characters numeric; replaced as long
(file ../temp/CNS_fundamental_2021.csv not found)
file ../temp/CNS_fundamental_2021.csv saved as .dta format
(encoding automatically selected: ISO-8859-1)
(2 vars, 1,762 obs)
pmid was long now str8
query_name already string; no replace
(0 observations deleted)
pmid: all characters numeric; replaced as long
(file ../temp/CNS_fundamental_2022.csv not found)
file ../temp/CNS_fundamental_2022.csv saved as .dta format
(encoding automatically selected: ISO-8859-1)
(2 vars, 2,130 obs)
pmid was long now str8
query_name already string; no replace
(0 observations deleted)
pmid: all characters numeric; replaced as long
(file ../temp/CNS_diseases_1988.csv not found)
file ../temp/CNS_diseases_1988.csv saved as .dta format
(encoding automatically selected: ISO-8859-1)
(2 vars, 1,944 obs)
pmid was long now str7
query_name already string; no replace
(0 observations deleted)
pmid: all characters numeric; replaced as long
(file ../temp/CNS_diseases_1989.csv not found)
file ../temp/CNS_diseases_1989.csv saved as .dta format
(encoding automatically selected: ISO-8859-1)
(2 vars, 1,864 obs)
pmid was long now str8
query_name already string; no replace
(0 observations deleted)
pmid: all characters numeric; replaced as long
(file ../temp/CNS_diseases_1990.csv not found)
file ../temp/CNS_diseases_1990.csv saved as .dta format
(encoding automatically selected: ISO-8859-1)
(2 vars, 1,636 obs)
pmid was long now str8
query_name already string; no replace
(0 observations deleted)
pmid: all characters numeric; replaced as long
(file ../temp/CNS_diseases_1991.csv not found)
file ../temp/CNS_diseases_1991.csv saved as .dta format
(encoding automatically selected: ISO-8859-1)
(2 vars, 1,752 obs)
pmid was long now str8
query_name already string; no replace
(0 observations deleted)
pmid: all characters numeric; replaced as long
(file ../temp/CNS_diseases_1992.csv not found)
file ../temp/CNS_diseases_1992.csv saved as .dta format
(encoding automatically selected: ISO-8859-1)
(2 vars, 1,915 obs)
pmid was long now str7
query_name already string; no replace
(0 observations deleted)
pmid: all characters numeric; replaced as long
(file ../temp/CNS_diseases_1993.csv not found)
file ../temp/CNS_diseases_1993.csv saved as .dta format
(encoding automatically selected: ISO-8859-1)
(2 vars, 1,862 obs)
pmid was long now str8
query_name already string; no replace
(0 observations deleted)
pmid: all characters numeric; replaced as long
(file ../temp/CNS_diseases_1994.csv not found)
file ../temp/CNS_diseases_1994.csv saved as .dta format
(encoding automatically selected: ISO-8859-1)
(2 vars, 1,797 obs)
pmid was long now str8
query_name already string; no replace
(0 observations deleted)
pmid: all characters numeric; replaced as long
(file ../temp/CNS_diseases_1995.csv not found)
file ../temp/CNS_diseases_1995.csv saved as .dta format
(encoding automatically selected: ISO-8859-1)
(2 vars, 1,879 obs)
pmid was long now str8
query_name already string; no replace
(0 observations deleted)
pmid: all characters numeric; replaced as long
(file ../temp/CNS_diseases_1996.csv not found)
file ../temp/CNS_diseases_1996.csv saved as .dta format
(encoding automatically selected: ISO-8859-1)
(2 vars, 1,844 obs)
pmid was long now str8
query_name already string; no replace
(0 observations deleted)
pmid: all characters numeric; replaced as long
(file ../temp/CNS_diseases_1997.csv not found)
file ../temp/CNS_diseases_1997.csv saved as .dta format
(encoding automatically selected: ISO-8859-1)
(2 vars, 1,851 obs)
pmid was long now str8
query_name already string; no replace
(0 observations deleted)
pmid: all characters numeric; replaced as long
(file ../temp/CNS_diseases_1998.csv not found)
file ../temp/CNS_diseases_1998.csv saved as .dta format
(encoding automatically selected: ISO-8859-1)
(2 vars, 1,891 obs)
pmid was long now str8
query_name already string; no replace
(0 observations deleted)
pmid: all characters numeric; replaced as long
(file ../temp/CNS_diseases_1999.csv not found)
file ../temp/CNS_diseases_1999.csv saved as .dta format
(encoding automatically selected: ISO-8859-1)
(2 vars, 1,910 obs)
pmid was long now str8
query_name already string; no replace
(0 observations deleted)
pmid: all characters numeric; replaced as long
(file ../temp/CNS_diseases_2000.csv not found)
file ../temp/CNS_diseases_2000.csv saved as .dta format
(encoding automatically selected: ISO-8859-1)
(2 vars, 2,045 obs)
pmid was long now str8
query_name already string; no replace
(0 observations deleted)
pmid: all characters numeric; replaced as long
(file ../temp/CNS_diseases_2001.csv not found)
file ../temp/CNS_diseases_2001.csv saved as .dta format
(encoding automatically selected: ISO-8859-1)
(2 vars, 2,055 obs)
pmid was long now str8
query_name already string; no replace
(0 observations deleted)
pmid: all characters numeric; replaced as long
(file ../temp/CNS_diseases_2002.csv not found)
file ../temp/CNS_diseases_2002.csv saved as .dta format
(encoding automatically selected: ISO-8859-1)
(2 vars, 2,173 obs)
pmid was long now str8
query_name already string; no replace
(0 observations deleted)
pmid: all characters numeric; replaced as long
(file ../temp/CNS_diseases_2003.csv not found)
file ../temp/CNS_diseases_2003.csv saved as .dta format
(encoding automatically selected: ISO-8859-1)
(2 vars, 2,109 obs)
pmid was long now str8
query_name already string; no replace
(0 observations deleted)
pmid: all characters numeric; replaced as long
(file ../temp/CNS_diseases_2004.csv not found)
file ../temp/CNS_diseases_2004.csv saved as .dta format
(encoding automatically selected: ISO-8859-1)
(2 vars, 1,894 obs)
pmid was long now str8
query_name already string; no replace
(0 observations deleted)
pmid: all characters numeric; replaced as long
(file ../temp/CNS_diseases_2005.csv not found)
file ../temp/CNS_diseases_2005.csv saved as .dta format
(encoding automatically selected: ISO-8859-1)
(2 vars, 1,773 obs)
pmid was long now str8
query_name already string; no replace
(0 observations deleted)
pmid: all characters numeric; replaced as long
(file ../temp/CNS_diseases_2006.csv not found)
file ../temp/CNS_diseases_2006.csv saved as .dta format
(encoding automatically selected: ISO-8859-1)
(2 vars, 1,690 obs)
pmid was long now str8
query_name already string; no replace
(0 observations deleted)
pmid: all characters numeric; replaced as long
(file ../temp/CNS_diseases_2007.csv not found)
file ../temp/CNS_diseases_2007.csv saved as .dta format
(encoding automatically selected: ISO-8859-1)
(2 vars, 1,811 obs)
pmid was long now str8
query_name already string; no replace
(0 observations deleted)
pmid: all characters numeric; replaced as long
(file ../temp/CNS_diseases_2008.csv not found)
file ../temp/CNS_diseases_2008.csv saved as .dta format
(encoding automatically selected: ISO-8859-1)
(2 vars, 1,878 obs)
pmid was long now str8
query_name already string; no replace
(0 observations deleted)
pmid: all characters numeric; replaced as long
(file ../temp/CNS_diseases_2009.csv not found)
file ../temp/CNS_diseases_2009.csv saved as .dta format
(encoding automatically selected: ISO-8859-1)
(2 vars, 1,910 obs)
pmid was long now str8
query_name already string; no replace
(0 observations deleted)
pmid: all characters numeric; replaced as long
(file ../temp/CNS_diseases_2010.csv not found)
file ../temp/CNS_diseases_2010.csv saved as .dta format
(encoding automatically selected: ISO-8859-1)
(2 vars, 2,038 obs)
pmid was long now str8
query_name already string; no replace
(0 observations deleted)
pmid: all characters numeric; replaced as long
(file ../temp/CNS_diseases_2011.csv not found)
file ../temp/CNS_diseases_2011.csv saved as .dta format
(encoding automatically selected: ISO-8859-1)
(2 vars, 2,198 obs)
pmid was long now str8
query_name already string; no replace
(0 observations deleted)
pmid: all characters numeric; replaced as long
(file ../temp/CNS_diseases_2012.csv not found)
file ../temp/CNS_diseases_2012.csv saved as .dta format
(encoding automatically selected: ISO-8859-1)
(2 vars, 2,198 obs)
pmid was long now str8
query_name already string; no replace
(0 observations deleted)
pmid: all characters numeric; replaced as long
(file ../temp/CNS_diseases_2013.csv not found)
file ../temp/CNS_diseases_2013.csv saved as .dta format
(encoding automatically selected: ISO-8859-1)
(2 vars, 2,508 obs)
pmid was long now str8
query_name already string; no replace
(0 observations deleted)
pmid: all characters numeric; replaced as long
(file ../temp/CNS_diseases_2014.csv not found)
file ../temp/CNS_diseases_2014.csv saved as .dta format
(encoding automatically selected: ISO-8859-1)
(2 vars, 2,457 obs)
pmid was long now str8
query_name already string; no replace
(0 observations deleted)
pmid: all characters numeric; replaced as long
(file ../temp/CNS_diseases_2015.csv not found)
file ../temp/CNS_diseases_2015.csv saved as .dta format
(encoding automatically selected: ISO-8859-1)
(2 vars, 2,476 obs)
pmid was long now str8
query_name already string; no replace
(0 observations deleted)
pmid: all characters numeric; replaced as long
(file ../temp/CNS_diseases_2016.csv not found)
file ../temp/CNS_diseases_2016.csv saved as .dta format
(encoding automatically selected: ISO-8859-1)
(2 vars, 2,266 obs)
pmid was long now str8
query_name already string; no replace
(0 observations deleted)
pmid: all characters numeric; replaced as long
(file ../temp/CNS_diseases_2017.csv not found)
file ../temp/CNS_diseases_2017.csv saved as .dta format
(encoding automatically selected: ISO-8859-1)
(2 vars, 2,057 obs)
pmid was long now str8
query_name already string; no replace
(0 observations deleted)
pmid: all characters numeric; replaced as long
(file ../temp/CNS_diseases_2018.csv not found)
file ../temp/CNS_diseases_2018.csv saved as .dta format
(encoding automatically selected: ISO-8859-1)
(2 vars, 2,062 obs)
pmid was long now str8
query_name already string; no replace
(0 observations deleted)
pmid: all characters numeric; replaced as long
(file ../temp/CNS_diseases_2019.csv not found)
file ../temp/CNS_diseases_2019.csv saved as .dta format
(encoding automatically selected: ISO-8859-1)
(2 vars, 2,825 obs)
pmid was long now str8
query_name already string; no replace
(0 observations deleted)
pmid: all characters numeric; replaced as long
(file ../temp/CNS_diseases_2020.csv not found)
file ../temp/CNS_diseases_2020.csv saved as .dta format
(encoding automatically selected: ISO-8859-1)
(2 vars, 2,522 obs)
pmid was long now str8
query_name already string; no replace
(0 observations deleted)
pmid: all characters numeric; replaced as long
(file ../temp/CNS_diseases_2021.csv not found)
file ../temp/CNS_diseases_2021.csv saved as .dta format
(encoding automatically selected: ISO-8859-1)
(2 vars, 2,815 obs)
pmid was long now str8
query_name already string; no replace
(0 observations deleted)
pmid: all characters numeric; replaced as long
(file ../temp/CNS_diseases_2022.csv not found)
file ../temp/CNS_diseases_2022.csv saved as .dta format
(encoding automatically selected: ISO-8859-1)
(2 vars, 85 obs)
pmid was long now str8
query_name already string; no replace
(0 observations deleted)
pmid: all characters numeric; replaced as long
(file ../temp/CNS_therapeutics_1988.csv not found)
file ../temp/CNS_therapeutics_1988.csv saved as .dta format
(encoding automatically selected: ISO-8859-1)
(2 vars, 85 obs)
pmid was long now str7
query_name already string; no replace
(0 observations deleted)
pmid: all characters numeric; replaced as long
(file ../temp/CNS_therapeutics_1989.csv not found)
file ../temp/CNS_therapeutics_1989.csv saved as .dta format
(encoding automatically selected: ISO-8859-1)
(2 vars, 98 obs)
pmid was long now str7
query_name already string; no replace
(0 observations deleted)
pmid: all characters numeric; replaced as long
(file ../temp/CNS_therapeutics_1990.csv not found)
file ../temp/CNS_therapeutics_1990.csv saved as .dta format
(encoding automatically selected: ISO-8859-1)
(2 vars, 86 obs)
pmid was long now str7
query_name already string; no replace
(0 observations deleted)
pmid: all characters numeric; replaced as long
(file ../temp/CNS_therapeutics_1991.csv not found)
file ../temp/CNS_therapeutics_1991.csv saved as .dta format
(encoding automatically selected: ISO-8859-1)
(2 vars, 76 obs)
pmid was long now str7
query_name already string; no replace
(0 observations deleted)
pmid: all characters numeric; replaced as long
(file ../temp/CNS_therapeutics_1992.csv not found)
file ../temp/CNS_therapeutics_1992.csv saved as .dta format
(encoding automatically selected: ISO-8859-1)
(2 vars, 81 obs)
pmid was long now str8
query_name already string; no replace
(0 observations deleted)
pmid: all characters numeric; replaced as long
(file ../temp/CNS_therapeutics_1993.csv not found)
file ../temp/CNS_therapeutics_1993.csv saved as .dta format
(encoding automatically selected: ISO-8859-1)
(2 vars, 84 obs)
pmid was long now str8
query_name already string; no replace
(0 observations deleted)
pmid: all characters numeric; replaced as long
(file ../temp/CNS_therapeutics_1994.csv not found)
file ../temp/CNS_therapeutics_1994.csv saved as .dta format
(encoding automatically selected: ISO-8859-1)
(2 vars, 81 obs)
pmid was long now str8
query_name already string; no replace
(0 observations deleted)
pmid: all characters numeric; replaced as long
(file ../temp/CNS_therapeutics_1995.csv not found)
file ../temp/CNS_therapeutics_1995.csv saved as .dta format
(encoding automatically selected: ISO-8859-1)
(2 vars, 97 obs)
pmid was long now str8
query_name already string; no replace
(0 observations deleted)
pmid: all characters numeric; replaced as long
(file ../temp/CNS_therapeutics_1996.csv not found)
file ../temp/CNS_therapeutics_1996.csv saved as .dta format
(encoding automatically selected: ISO-8859-1)
(2 vars, 111 obs)
pmid was long now str8
query_name already string; no replace
(0 observations deleted)
pmid: all characters numeric; replaced as long
(file ../temp/CNS_therapeutics_1997.csv not found)
file ../temp/CNS_therapeutics_1997.csv saved as .dta format
(encoding automatically selected: ISO-8859-1)
(2 vars, 100 obs)
pmid was long now str8
query_name already string; no replace
(0 observations deleted)
pmid: all characters numeric; replaced as long
(file ../temp/CNS_therapeutics_1998.csv not found)
file ../temp/CNS_therapeutics_1998.csv saved as .dta format
(encoding automatically selected: ISO-8859-1)
(2 vars, 133 obs)
pmid was long now str8
query_name already string; no replace
(0 observations deleted)
pmid: all characters numeric; replaced as long
(file ../temp/CNS_therapeutics_1999.csv not found)
file ../temp/CNS_therapeutics_1999.csv saved as .dta format
(encoding automatically selected: ISO-8859-1)
(2 vars, 139 obs)
pmid was long now str8
query_name already string; no replace
(0 observations deleted)
pmid: all characters numeric; replaced as long
(file ../temp/CNS_therapeutics_2000.csv not found)
file ../temp/CNS_therapeutics_2000.csv saved as .dta format
(encoding automatically selected: ISO-8859-1)
(2 vars, 89 obs)
pmid was long now str8
query_name already string; no replace
(0 observations deleted)
pmid: all characters numeric; replaced as long
(file ../temp/CNS_therapeutics_2001.csv not found)
file ../temp/CNS_therapeutics_2001.csv saved as .dta format
(encoding automatically selected: ISO-8859-1)
(2 vars, 104 obs)
pmid was long now str8
query_name already string; no replace
(0 observations deleted)
pmid: all characters numeric; replaced as long
(file ../temp/CNS_therapeutics_2002.csv not found)
file ../temp/CNS_therapeutics_2002.csv saved as .dta format
(encoding automatically selected: ISO-8859-1)
(2 vars, 133 obs)
pmid was long now str8
query_name already string; no replace
(0 observations deleted)
pmid: all characters numeric; replaced as long
(file ../temp/CNS_therapeutics_2003.csv not found)
file ../temp/CNS_therapeutics_2003.csv saved as .dta format
(encoding automatically selected: ISO-8859-1)
(2 vars, 121 obs)
pmid was long now str8
query_name already string; no replace
(0 observations deleted)
pmid: all characters numeric; replaced as long
(file ../temp/CNS_therapeutics_2004.csv not found)
file ../temp/CNS_therapeutics_2004.csv saved as .dta format
(encoding automatically selected: ISO-8859-1)
(2 vars, 118 obs)
pmid was long now str8
query_name already string; no replace
(0 observations deleted)
pmid: all characters numeric; replaced as long
(file ../temp/CNS_therapeutics_2005.csv not found)
file ../temp/CNS_therapeutics_2005.csv saved as .dta format
(encoding automatically selected: ISO-8859-1)
(2 vars, 74 obs)
pmid was long now str8
query_name already string; no replace
(0 observations deleted)
pmid: all characters numeric; replaced as long
(file ../temp/CNS_therapeutics_2006.csv not found)
file ../temp/CNS_therapeutics_2006.csv saved as .dta format
(encoding automatically selected: ISO-8859-1)
(2 vars, 94 obs)
pmid was long now str8
query_name already string; no replace
(0 observations deleted)
pmid: all characters numeric; replaced as long
(file ../temp/CNS_therapeutics_2007.csv not found)
file ../temp/CNS_therapeutics_2007.csv saved as .dta format
(encoding automatically selected: ISO-8859-1)
(2 vars, 94 obs)
pmid was long now str8
query_name already string; no replace
(0 observations deleted)
pmid: all characters numeric; replaced as long
(file ../temp/CNS_therapeutics_2008.csv not found)
file ../temp/CNS_therapeutics_2008.csv saved as .dta format
(encoding automatically selected: ISO-8859-1)
(2 vars, 95 obs)
pmid was long now str8
query_name already string; no replace
(0 observations deleted)
pmid: all characters numeric; replaced as long
(file ../temp/CNS_therapeutics_2009.csv not found)
file ../temp/CNS_therapeutics_2009.csv saved as .dta format
(encoding automatically selected: ISO-8859-1)
(2 vars, 95 obs)
pmid was long now str8
query_name already string; no replace
(0 observations deleted)
pmid: all characters numeric; replaced as long
(file ../temp/CNS_therapeutics_2010.csv not found)
file ../temp/CNS_therapeutics_2010.csv saved as .dta format
(encoding automatically selected: ISO-8859-1)
(2 vars, 123 obs)
pmid was long now str8
query_name already string; no replace
(0 observations deleted)
pmid: all characters numeric; replaced as long
(file ../temp/CNS_therapeutics_2011.csv not found)
file ../temp/CNS_therapeutics_2011.csv saved as .dta format
(encoding automatically selected: ISO-8859-1)
(2 vars, 153 obs)
pmid was long now str8
query_name already string; no replace
(0 observations deleted)
pmid: all characters numeric; replaced as long
(file ../temp/CNS_therapeutics_2012.csv not found)
file ../temp/CNS_therapeutics_2012.csv saved as .dta format
(encoding automatically selected: ISO-8859-1)
(2 vars, 179 obs)
pmid was long now str8
query_name already string; no replace
(0 observations deleted)
pmid: all characters numeric; replaced as long
(file ../temp/CNS_therapeutics_2013.csv not found)
file ../temp/CNS_therapeutics_2013.csv saved as .dta format
(encoding automatically selected: ISO-8859-1)
(2 vars, 129 obs)
pmid was long now str8
query_name already string; no replace
(0 observations deleted)
pmid: all characters numeric; replaced as long
(file ../temp/CNS_therapeutics_2014.csv not found)
file ../temp/CNS_therapeutics_2014.csv saved as .dta format
(encoding automatically selected: ISO-8859-1)
(2 vars, 183 obs)
pmid was long now str8
query_name already string; no replace
(0 observations deleted)
pmid: all characters numeric; replaced as long
(file ../temp/CNS_therapeutics_2015.csv not found)
file ../temp/CNS_therapeutics_2015.csv saved as .dta format
(encoding automatically selected: ISO-8859-1)
(2 vars, 182 obs)
pmid was long now str8
query_name already string; no replace
(0 observations deleted)
pmid: all characters numeric; replaced as long
(file ../temp/CNS_therapeutics_2016.csv not found)
file ../temp/CNS_therapeutics_2016.csv saved as .dta format
(encoding automatically selected: ISO-8859-1)
(2 vars, 180 obs)
pmid was long now str8
query_name already string; no replace
(0 observations deleted)
pmid: all characters numeric; replaced as long
(file ../temp/CNS_therapeutics_2017.csv not found)
file ../temp/CNS_therapeutics_2017.csv saved as .dta format
(encoding automatically selected: ISO-8859-1)
(2 vars, 132 obs)
pmid was long now str8
query_name already string; no replace
(0 observations deleted)
pmid: all characters numeric; replaced as long
(file ../temp/CNS_therapeutics_2018.csv not found)
file ../temp/CNS_therapeutics_2018.csv saved as .dta format
(encoding automatically selected: ISO-8859-1)
(2 vars, 152 obs)
pmid was long now str8
query_name already string; no replace
(0 observations deleted)
pmid: all characters numeric; replaced as long
(file ../temp/CNS_therapeutics_2019.csv not found)
file ../temp/CNS_therapeutics_2019.csv saved as .dta format
(encoding automatically selected: ISO-8859-1)
(2 vars, 120 obs)
pmid was long now str8
query_name already string; no replace
(0 observations deleted)
pmid: all characters numeric; replaced as long
(file ../temp/CNS_therapeutics_2020.csv not found)
file ../temp/CNS_therapeutics_2020.csv saved as .dta format
(encoding automatically selected: ISO-8859-1)
(2 vars, 130 obs)
pmid was long now str8
query_name already string; no replace
(0 observations deleted)
pmid: all characters numeric; replaced as long
(file ../temp/CNS_therapeutics_2021.csv not found)
file ../temp/CNS_therapeutics_2021.csv saved as .dta format
(encoding automatically selected: ISO-8859-1)
(2 vars, 161 obs)
pmid was long now str8
query_name already string; no replace
(0 observations deleted)
pmid: all characters numeric; replaced as long
(file ../temp/CNS_therapeutics_2022.csv not found)
file ../temp/CNS_therapeutics_2022.csv saved as .dta format
(variable query_name was str10, now str18 to accommodate using data's values)
(file ../temp/CNS_appended.dta not found)
file ../temp/CNS_appended.dta saved
variables created as string: 
query_name1  query_name2
year: all characters numeric; replaced as int
variable pmid was long now double
(141,126 real changes made)

Duplicates in terms of pmid cat
(3,430 observations deleted)

Duplicates in terms of pmid
(768 observations deleted)
(138,391 real changes made)
(file ../output/CNS_pmids.dta not found)
file ../output/CNS_pmids.dta saved
(encoding automatically selected: ISO-8859-9)
(2 vars, 452 obs)
(file ../temp/nejm1988.dta not found)
file ../temp/nejm1988.dta saved
(encoding automatically selected: ISO-8859-9)
(2 vars, 456 obs)
(file ../temp/nejm1989.dta not found)
file ../temp/nejm1989.dta saved
(encoding automatically selected: ISO-8859-9)
(2 vars, 493 obs)
(file ../temp/nejm1990.dta not found)
file ../temp/nejm1990.dta saved
(encoding automatically selected: ISO-8859-9)
(2 vars, 480 obs)
(file ../temp/nejm1991.dta not found)
file ../temp/nejm1991.dta saved
(encoding automatically selected: ISO-8859-9)
(2 vars, 538 obs)
(file ../temp/nejm1992.dta not found)
file ../temp/nejm1992.dta saved
(encoding automatically selected: ISO-8859-9)
(2 vars, 512 obs)
(file ../temp/nejm1993.dta not found)
file ../temp/nejm1993.dta saved
(encoding automatically selected: ISO-8859-9)
(2 vars, 500 obs)
(file ../temp/nejm1994.dta not found)
file ../temp/nejm1994.dta saved
(encoding automatically selected: ISO-8859-9)
(2 vars, 487 obs)
(file ../temp/nejm1995.dta not found)
file ../temp/nejm1995.dta saved
(encoding automatically selected: ISO-8859-9)
(2 vars, 480 obs)
(file ../temp/nejm1996.dta not found)
file ../temp/nejm1996.dta saved
(encoding automatically selected: ISO-8859-9)
(2 vars, 467 obs)
(file ../temp/nejm1997.dta not found)
file ../temp/nejm1997.dta saved
(encoding automatically selected: ISO-8859-9)
(2 vars, 471 obs)
(file ../temp/nejm1998.dta not found)
file ../temp/nejm1998.dta saved
(encoding automatically selected: ISO-8859-9)
(2 vars, 504 obs)
(file ../temp/nejm1999.dta not found)
file ../temp/nejm1999.dta saved
(encoding automatically selected: ISO-8859-9)
(2 vars, 534 obs)
(file ../temp/nejm2000.dta not found)
file ../temp/nejm2000.dta saved
(encoding automatically selected: ISO-8859-9)
(2 vars, 464 obs)
(file ../temp/nejm2001.dta not found)
file ../temp/nejm2001.dta saved
(encoding automatically selected: ISO-8859-9)
(2 vars, 531 obs)
(file ../temp/nejm2002.dta not found)
file ../temp/nejm2002.dta saved
(encoding automatically selected: ISO-8859-9)
(2 vars, 622 obs)
(file ../temp/nejm2003.dta not found)
file ../temp/nejm2003.dta saved
(encoding automatically selected: ISO-8859-9)
(2 vars, 747 obs)
(file ../temp/nejm2004.dta not found)
file ../temp/nejm2004.dta saved
(encoding automatically selected: ISO-8859-9)
(2 vars, 681 obs)
(file ../temp/nejm2005.dta not found)
file ../temp/nejm2005.dta saved
(encoding automatically selected: ISO-8859-9)
(2 vars, 640 obs)
(file ../temp/nejm2006.dta not found)
file ../temp/nejm2006.dta saved
(encoding automatically selected: ISO-8859-9)
(2 vars, 639 obs)
(file ../temp/nejm2007.dta not found)
file ../temp/nejm2007.dta saved
(encoding automatically selected: ISO-8859-9)
(2 vars, 635 obs)
(file ../temp/nejm2008.dta not found)
file ../temp/nejm2008.dta saved
(encoding automatically selected: ISO-8859-9)
(2 vars, 738 obs)
(file ../temp/nejm2009.dta not found)
file ../temp/nejm2009.dta saved
(encoding automatically selected: ISO-8859-9)
(2 vars, 732 obs)
(file ../temp/nejm2010.dta not found)
file ../temp/nejm2010.dta saved
(encoding automatically selected: ISO-8859-9)
(2 vars, 741 obs)
(file ../temp/nejm2011.dta not found)
file ../temp/nejm2011.dta saved
(encoding automatically selected: ISO-8859-9)
(2 vars, 721 obs)
(file ../temp/nejm2012.dta not found)
file ../temp/nejm2012.dta saved
(encoding automatically selected: ISO-8859-9)
(2 vars, 723 obs)
(file ../temp/nejm2013.dta not found)
file ../temp/nejm2013.dta saved
(encoding automatically selected: ISO-8859-9)
(2 vars, 727 obs)
(file ../temp/nejm2014.dta not found)
file ../temp/nejm2014.dta saved
(encoding automatically selected: ISO-8859-9)
(2 vars, 718 obs)
(file ../temp/nejm2015.dta not found)
file ../temp/nejm2015.dta saved
(encoding automatically selected: ISO-8859-9)
(2 vars, 730 obs)
(file ../temp/nejm2016.dta not found)
file ../temp/nejm2016.dta saved
(encoding automatically selected: ISO-8859-9)
(2 vars, 734 obs)
(file ../temp/nejm2017.dta not found)
file ../temp/nejm2017.dta saved
(encoding automatically selected: ISO-8859-9)
(2 vars, 758 obs)
(file ../temp/nejm2018.dta not found)
file ../temp/nejm2018.dta saved
(encoding automatically selected: ISO-8859-9)
(2 vars, 731 obs)
(file ../temp/nejm2019.dta not found)
file ../temp/nejm2019.dta saved
(encoding automatically selected: ISO-8859-9)
(2 vars, 838 obs)
(file ../temp/nejm2020.dta not found)
file ../temp/nejm2020.dta saved
(encoding automatically selected: ISO-8859-9)
(2 vars, 725 obs)
(file ../temp/nejm2021.dta not found)
file ../temp/nejm2021.dta saved
(encoding automatically selected: ISO-8859-9)
(2 vars, 680 obs)
(file ../temp/nejm2022.dta not found)
file ../temp/nejm2022.dta saved
(file ../temp/nejm.dta not found)
file ../temp/nejm.dta saved
(encoding automatically selected: ISO-8859-9)
(2 vars, 686 obs)
(file ../temp/jama1988.dta not found)
file ../temp/jama1988.dta saved
(encoding automatically selected: ISO-8859-9)
(2 vars, 733 obs)
(file ../temp/jama1989.dta not found)
file ../temp/jama1989.dta saved
(encoding automatically selected: ISO-8859-9)
(2 vars, 747 obs)
(file ../temp/jama1990.dta not found)
file ../temp/jama1990.dta saved
(encoding automatically selected: ISO-8859-9)
(2 vars, 773 obs)
(file ../temp/jama1991.dta not found)
file ../temp/jama1991.dta saved
(encoding automatically selected: ISO-8859-9)
(2 vars, 763 obs)
(file ../temp/jama1992.dta not found)
file ../temp/jama1992.dta saved
(encoding automatically selected: ISO-8859-9)
(2 vars, 733 obs)
(file ../temp/jama1993.dta not found)
file ../temp/jama1993.dta saved
(encoding automatically selected: ISO-8859-9)
(2 vars, 699 obs)
(file ../temp/jama1994.dta not found)
file ../temp/jama1994.dta saved
(encoding automatically selected: ISO-8859-9)
(2 vars, 687 obs)
(file ../temp/jama1995.dta not found)
file ../temp/jama1995.dta saved
(encoding automatically selected: ISO-8859-9)
(2 vars, 646 obs)
(file ../temp/jama1996.dta not found)
file ../temp/jama1996.dta saved
(encoding automatically selected: ISO-8859-9)
(2 vars, 669 obs)
(file ../temp/jama1997.dta not found)
file ../temp/jama1997.dta saved
(encoding automatically selected: ISO-8859-9)
(2 vars, 703 obs)
(file ../temp/jama1998.dta not found)
file ../temp/jama1998.dta saved
(encoding automatically selected: ISO-8859-9)
(2 vars, 657 obs)
(file ../temp/jama1999.dta not found)
file ../temp/jama1999.dta saved
(encoding automatically selected: ISO-8859-9)
(2 vars, 984 obs)
(file ../temp/jama2000.dta not found)
file ../temp/jama2000.dta saved
(encoding automatically selected: ISO-8859-9)
(2 vars, 704 obs)
(file ../temp/jama2001.dta not found)
file ../temp/jama2001.dta saved
(encoding automatically selected: ISO-8859-9)
(2 vars, 631 obs)
(file ../temp/jama2002.dta not found)
file ../temp/jama2002.dta saved
(encoding automatically selected: ISO-8859-9)
(2 vars, 525 obs)
(file ../temp/jama2003.dta not found)
file ../temp/jama2003.dta saved
(encoding automatically selected: ISO-8859-9)
(2 vars, 429 obs)
(file ../temp/jama2004.dta not found)
file ../temp/jama2004.dta saved
(encoding automatically selected: ISO-8859-9)
(2 vars, 459 obs)
(file ../temp/jama2005.dta not found)
file ../temp/jama2005.dta saved
(encoding automatically selected: ISO-8859-9)
(2 vars, 427 obs)
(file ../temp/jama2006.dta not found)
file ../temp/jama2006.dta saved
(encoding automatically selected: ISO-8859-9)
(2 vars, 466 obs)
(file ../temp/jama2007.dta not found)
file ../temp/jama2007.dta saved
(encoding automatically selected: ISO-8859-9)
(2 vars, 479 obs)
(file ../temp/jama2008.dta not found)
file ../temp/jama2008.dta saved
(encoding automatically selected: ISO-8859-9)
(2 vars, 522 obs)
(file ../temp/jama2009.dta not found)
file ../temp/jama2009.dta saved
(encoding automatically selected: ISO-8859-9)
(2 vars, 533 obs)
(file ../temp/jama2010.dta not found)
file ../temp/jama2010.dta saved
(encoding automatically selected: ISO-8859-9)
(2 vars, 550 obs)
(file ../temp/jama2011.dta not found)
file ../temp/jama2011.dta saved
(encoding automatically selected: ISO-8859-9)
(2 vars, 574 obs)
(file ../temp/jama2012.dta not found)
file ../temp/jama2012.dta saved
(encoding automatically selected: ISO-8859-9)
(2 vars, 656 obs)
(file ../temp/jama2013.dta not found)
file ../temp/jama2013.dta saved
(encoding automatically selected: ISO-8859-9)
(2 vars, 715 obs)
(file ../temp/jama2014.dta not found)
file ../temp/jama2014.dta saved
(encoding automatically selected: ISO-8859-9)
(2 vars, 774 obs)
(file ../temp/jama2015.dta not found)
file ../temp/jama2015.dta saved
(encoding automatically selected: ISO-8859-9)
(2 vars, 873 obs)
(file ../temp/jama2016.dta not found)
file ../temp/jama2016.dta saved
(encoding automatically selected: ISO-8859-9)
(2 vars, 1,061 obs)
(file ../temp/jama2017.dta not found)
file ../temp/jama2017.dta saved
(encoding automatically selected: ISO-8859-9)
(2 vars, 1,058 obs)
(file ../temp/jama2018.dta not found)
file ../temp/jama2018.dta saved
(encoding automatically selected: ISO-8859-9)
(2 vars, 1,116 obs)
(file ../temp/jama2019.dta not found)
file ../temp/jama2019.dta saved
(encoding automatically selected: ISO-8859-9)
(2 vars, 1,210 obs)
(file ../temp/jama2020.dta not found)
file ../temp/jama2020.dta saved
(encoding automatically selected: ISO-8859-9)
(2 vars, 1,051 obs)
(file ../temp/jama2021.dta not found)
file ../temp/jama2021.dta saved
(encoding automatically selected: ISO-8859-9)
(2 vars, 1,295 obs)
(file ../temp/jama2022.dta not found)
file ../temp/jama2022.dta saved
(file ../temp/jama.dta not found)
file ../temp/jama.dta saved
(encoding automatically selected: ISO-8859-9)
(2 vars, 698 obs)
(file ../temp/lancet1988.dta not found)
file ../temp/lancet1988.dta saved
(encoding automatically selected: ISO-8859-9)
(2 vars, 732 obs)
(file ../temp/lancet1989.dta not found)
file ../temp/lancet1989.dta saved
(encoding automatically selected: ISO-8859-9)
(2 vars, 665 obs)
(file ../temp/lancet1990.dta not found)
file ../temp/lancet1990.dta saved
(encoding automatically selected: ISO-8859-9)
(2 vars, 675 obs)
(file ../temp/lancet1991.dta not found)
file ../temp/lancet1991.dta saved
(encoding automatically selected: ISO-8859-9)
(2 vars, 604 obs)
(file ../temp/lancet1992.dta not found)
file ../temp/lancet1992.dta saved
(encoding automatically selected: ISO-8859-9)
(2 vars, 856 obs)
(file ../temp/lancet1993.dta not found)
file ../temp/lancet1993.dta saved
(encoding automatically selected: ISO-8859-9)
(2 vars, 831 obs)
(file ../temp/lancet1994.dta not found)
file ../temp/lancet1994.dta saved
(encoding automatically selected: ISO-8859-9)
(2 vars, 818 obs)
(file ../temp/lancet1995.dta not found)
file ../temp/lancet1995.dta saved
(encoding automatically selected: ISO-8859-9)
(2 vars, 889 obs)
(file ../temp/lancet1996.dta not found)
file ../temp/lancet1996.dta saved
(encoding automatically selected: ISO-8859-9)
(2 vars, 914 obs)
(file ../temp/lancet1997.dta not found)
file ../temp/lancet1997.dta saved
(encoding automatically selected: ISO-8859-9)
(2 vars, 958 obs)
(file ../temp/lancet1998.dta not found)
file ../temp/lancet1998.dta saved
(encoding automatically selected: ISO-8859-9)
(2 vars, 1,133 obs)
(file ../temp/lancet1999.dta not found)
file ../temp/lancet1999.dta saved
(encoding automatically selected: ISO-8859-9)
(2 vars, 1,004 obs)
(file ../temp/lancet2000.dta not found)
file ../temp/lancet2000.dta saved
(encoding automatically selected: ISO-8859-9)
(2 vars, 996 obs)
(file ../temp/lancet2001.dta not found)
file ../temp/lancet2001.dta saved
(encoding automatically selected: ISO-8859-9)
(2 vars, 1,016 obs)
(file ../temp/lancet2002.dta not found)
file ../temp/lancet2002.dta saved
(encoding automatically selected: ISO-8859-9)
(2 vars, 1,055 obs)
(file ../temp/lancet2003.dta not found)
file ../temp/lancet2003.dta saved
(encoding automatically selected: ISO-8859-9)
(2 vars, 1,012 obs)
(file ../temp/lancet2004.dta not found)
file ../temp/lancet2004.dta saved
(encoding automatically selected: ISO-8859-9)
(2 vars, 908 obs)
(file ../temp/lancet2005.dta not found)
file ../temp/lancet2005.dta saved
(encoding automatically selected: ISO-8859-9)
(2 vars, 783 obs)
(file ../temp/lancet2006.dta not found)
file ../temp/lancet2006.dta saved
(encoding automatically selected: ISO-8859-9)
(2 vars, 740 obs)
(file ../temp/lancet2007.dta not found)
file ../temp/lancet2007.dta saved
(encoding automatically selected: ISO-8859-9)
(2 vars, 840 obs)
(file ../temp/lancet2008.dta not found)
file ../temp/lancet2008.dta saved
(encoding automatically selected: ISO-8859-9)
(2 vars, 827 obs)
(file ../temp/lancet2009.dta not found)
file ../temp/lancet2009.dta saved
(encoding automatically selected: ISO-8859-9)
(2 vars, 746 obs)
(file ../temp/lancet2010.dta not found)
file ../temp/lancet2010.dta saved
(encoding automatically selected: ISO-8859-9)
(2 vars, 876 obs)
(file ../temp/lancet2011.dta not found)
file ../temp/lancet2011.dta saved
(encoding automatically selected: ISO-8859-9)
(2 vars, 890 obs)
(file ../temp/lancet2012.dta not found)
file ../temp/lancet2012.dta saved
(encoding automatically selected: ISO-8859-9)
(2 vars, 885 obs)
(file ../temp/lancet2013.dta not found)
file ../temp/lancet2013.dta saved
(encoding automatically selected: ISO-8859-9)
(2 vars, 967 obs)
(file ../temp/lancet2014.dta not found)
file ../temp/lancet2014.dta saved
(encoding automatically selected: ISO-8859-9)
(2 vars, 1,178 obs)
(file ../temp/lancet2015.dta not found)
file ../temp/lancet2015.dta saved
(encoding automatically selected: ISO-8859-9)
(2 vars, 1,092 obs)
(file ../temp/lancet2016.dta not found)
file ../temp/lancet2016.dta saved
(encoding automatically selected: ISO-8859-9)
(2 vars, 1,089 obs)
(file ../temp/lancet2017.dta not found)
file ../temp/lancet2017.dta saved
(encoding automatically selected: ISO-8859-9)
(2 vars, 988 obs)
(file ../temp/lancet2018.dta not found)
file ../temp/lancet2018.dta saved
(encoding automatically selected: ISO-8859-9)
(2 vars, 1,027 obs)
(file ../temp/lancet2019.dta not found)
file ../temp/lancet2019.dta saved
(encoding automatically selected: ISO-8859-9)
(2 vars, 870 obs)
(file ../temp/lancet2020.dta not found)
file ../temp/lancet2020.dta saved
(encoding automatically selected: ISO-8859-9)
(2 vars, 921 obs)
(file ../temp/lancet2021.dta not found)
file ../temp/lancet2021.dta saved
(encoding automatically selected: ISO-8859-9)
(2 vars, 806 obs)
(file ../temp/lancet2022.dta not found)
file ../temp/lancet2022.dta saved
(file ../temp/lancet.dta not found)
file ../temp/lancet.dta saved
(encoding automatically selected: ISO-8859-9)
(2 vars, 1,109 obs)
(file ../temp/bmj1988.dta not found)
file ../temp/bmj1988.dta saved
(encoding automatically selected: ISO-8859-9)
(2 vars, 956 obs)
(file ../temp/bmj1989.dta not found)
file ../temp/bmj1989.dta saved
(encoding automatically selected: ISO-8859-9)
(2 vars, 843 obs)
(file ../temp/bmj1990.dta not found)
file ../temp/bmj1990.dta saved
(encoding automatically selected: ISO-8859-9)
(2 vars, 650 obs)
(file ../temp/bmj1991.dta not found)
file ../temp/bmj1991.dta saved
(encoding automatically selected: ISO-8859-9)
(2 vars, 700 obs)
(file ../temp/bmj1992.dta not found)
file ../temp/bmj1992.dta saved
(encoding automatically selected: ISO-8859-9)
(2 vars, 686 obs)
(file ../temp/bmj1993.dta not found)
file ../temp/bmj1993.dta saved
(encoding automatically selected: ISO-8859-9)
(2 vars, 707 obs)
(file ../temp/bmj1994.dta not found)
file ../temp/bmj1994.dta saved
(encoding automatically selected: ISO-8859-9)
(2 vars, 684 obs)
(file ../temp/bmj1995.dta not found)
file ../temp/bmj1995.dta saved
(encoding automatically selected: ISO-8859-9)
(2 vars, 725 obs)
(file ../temp/bmj1996.dta not found)
file ../temp/bmj1996.dta saved
(encoding automatically selected: ISO-8859-9)
(2 vars, 692 obs)
(file ../temp/bmj1997.dta not found)
file ../temp/bmj1997.dta saved
(encoding automatically selected: ISO-8859-9)
(2 vars, 1,495 obs)
(file ../temp/bmj1998.dta not found)
file ../temp/bmj1998.dta saved
(encoding automatically selected: ISO-8859-9)
(2 vars, 1,977 obs)
(file ../temp/bmj1999.dta not found)
file ../temp/bmj1999.dta saved
(encoding automatically selected: ISO-8859-9)
(2 vars, 1,651 obs)
(file ../temp/bmj2000.dta not found)
file ../temp/bmj2000.dta saved
(encoding automatically selected: ISO-8859-9)
(2 vars, 619 obs)
(file ../temp/bmj2001.dta not found)
file ../temp/bmj2001.dta saved
(encoding automatically selected: ISO-8859-9)
(2 vars, 717 obs)
(file ../temp/bmj2002.dta not found)
file ../temp/bmj2002.dta saved
(encoding automatically selected: ISO-8859-9)
(2 vars, 801 obs)
(file ../temp/bmj2003.dta not found)
file ../temp/bmj2003.dta saved
(encoding automatically selected: ISO-8859-9)
(2 vars, 714 obs)
(file ../temp/bmj2004.dta not found)
file ../temp/bmj2004.dta saved
(encoding automatically selected: ISO-8859-9)
(2 vars, 669 obs)
(file ../temp/bmj2005.dta not found)
file ../temp/bmj2005.dta saved
(encoding automatically selected: ISO-8859-9)
(2 vars, 591 obs)
(file ../temp/bmj2006.dta not found)
file ../temp/bmj2006.dta saved
(encoding automatically selected: ISO-8859-9)
(2 vars, 606 obs)
(file ../temp/bmj2007.dta not found)
file ../temp/bmj2007.dta saved
(encoding automatically selected: ISO-8859-9)
(2 vars, 746 obs)
(file ../temp/bmj2008.dta not found)
file ../temp/bmj2008.dta saved
(encoding automatically selected: ISO-8859-9)
(2 vars, 746 obs)
(file ../temp/bmj2009.dta not found)
file ../temp/bmj2009.dta saved
(encoding automatically selected: ISO-8859-9)
(2 vars, 774 obs)
(file ../temp/bmj2010.dta not found)
file ../temp/bmj2010.dta saved
(encoding automatically selected: ISO-8859-9)
(2 vars, 880 obs)
(file ../temp/bmj2011.dta not found)
file ../temp/bmj2011.dta saved
(encoding automatically selected: ISO-8859-9)
(2 vars, 1,000 obs)
(file ../temp/bmj2012.dta not found)
file ../temp/bmj2012.dta saved
(encoding automatically selected: ISO-8859-9)
(2 vars, 957 obs)
(file ../temp/bmj2013.dta not found)
file ../temp/bmj2013.dta saved
(encoding automatically selected: ISO-8859-9)
(2 vars, 877 obs)
(file ../temp/bmj2014.dta not found)
file ../temp/bmj2014.dta saved
(encoding automatically selected: ISO-8859-9)
(2 vars, 956 obs)
(file ../temp/bmj2015.dta not found)
file ../temp/bmj2015.dta saved
(encoding automatically selected: ISO-8859-9)
(2 vars, 1,336 obs)
(file ../temp/bmj2016.dta not found)
file ../temp/bmj2016.dta saved
(encoding automatically selected: ISO-8859-9)
(2 vars, 1,203 obs)
(file ../temp/bmj2017.dta not found)
file ../temp/bmj2017.dta saved
(encoding automatically selected: ISO-8859-9)
(2 vars, 1,434 obs)
(file ../temp/bmj2018.dta not found)
file ../temp/bmj2018.dta saved
(encoding automatically selected: ISO-8859-9)
(2 vars, 2,148 obs)
(file ../temp/bmj2019.dta not found)
file ../temp/bmj2019.dta saved
(encoding automatically selected: ISO-8859-9)
(2 vars, 2,252 obs)
(file ../temp/bmj2020.dta not found)
file ../temp/bmj2020.dta saved
(encoding automatically selected: ISO-8859-9)
(2 vars, 2,129 obs)
(file ../temp/bmj2021.dta not found)
file ../temp/bmj2021.dta saved
(encoding automatically selected: ISO-8859-9)
(2 vars, 2,011 obs)
(file ../temp/bmj2022.dta not found)
file ../temp/bmj2022.dta saved
(file ../temp/bmj.dta not found)
file ../temp/bmj.dta saved
(encoding automatically selected: ISO-8859-9)
(2 vars, 315 obs)
(file ../temp/annals1988.dta not found)
file ../temp/annals1988.dta saved
(encoding automatically selected: ISO-8859-9)
(2 vars, 311 obs)
(file ../temp/annals1989.dta not found)
file ../temp/annals1989.dta saved
(encoding automatically selected: ISO-8859-9)
(2 vars, 288 obs)
(file ../temp/annals1990.dta not found)
file ../temp/annals1990.dta saved
(encoding automatically selected: ISO-8859-9)
(2 vars, 287 obs)
(file ../temp/annals1991.dta not found)
file ../temp/annals1991.dta saved
(encoding automatically selected: ISO-8859-9)
(2 vars, 309 obs)
(file ../temp/annals1992.dta not found)
file ../temp/annals1992.dta saved
(encoding automatically selected: ISO-8859-9)
(2 vars, 307 obs)
(file ../temp/annals1993.dta not found)
file ../temp/annals1993.dta saved
(encoding automatically selected: ISO-8859-9)
(2 vars, 272 obs)
(file ../temp/annals1994.dta not found)
file ../temp/annals1994.dta saved
(encoding automatically selected: ISO-8859-9)
(2 vars, 250 obs)
(file ../temp/annals1995.dta not found)
file ../temp/annals1995.dta saved
(encoding automatically selected: ISO-8859-9)
(2 vars, 268 obs)
(file ../temp/annals1996.dta not found)
file ../temp/annals1996.dta saved
(encoding automatically selected: ISO-8859-9)
(2 vars, 265 obs)
(file ../temp/annals1997.dta not found)
file ../temp/annals1997.dta saved
(encoding automatically selected: ISO-8859-9)
(2 vars, 277 obs)
(file ../temp/annals1998.dta not found)
file ../temp/annals1998.dta saved
(encoding automatically selected: ISO-8859-9)
(2 vars, 261 obs)
(file ../temp/annals1999.dta not found)
file ../temp/annals1999.dta saved
(encoding automatically selected: ISO-8859-9)
(2 vars, 290 obs)
(file ../temp/annals2000.dta not found)
file ../temp/annals2000.dta saved
(encoding automatically selected: ISO-8859-9)
(2 vars, 311 obs)
(file ../temp/annals2001.dta not found)
file ../temp/annals2001.dta saved
(encoding automatically selected: ISO-8859-9)
(2 vars, 304 obs)
(file ../temp/annals2002.dta not found)
file ../temp/annals2002.dta saved
(encoding automatically selected: ISO-8859-9)
(2 vars, 381 obs)
(file ../temp/annals2003.dta not found)
file ../temp/annals2003.dta saved
(encoding automatically selected: ISO-8859-9)
(2 vars, 363 obs)
(file ../temp/annals2004.dta not found)
file ../temp/annals2004.dta saved
(encoding automatically selected: ISO-8859-9)
(2 vars, 247 obs)
(file ../temp/annals2005.dta not found)
file ../temp/annals2005.dta saved
(encoding automatically selected: ISO-8859-9)
(2 vars, 220 obs)
(file ../temp/annals2006.dta not found)
file ../temp/annals2006.dta saved
(encoding automatically selected: ISO-8859-9)
(2 vars, 228 obs)
(file ../temp/annals2007.dta not found)
file ../temp/annals2007.dta saved
(encoding automatically selected: ISO-8859-9)
(2 vars, 218 obs)
(file ../temp/annals2008.dta not found)
file ../temp/annals2008.dta saved
(encoding automatically selected: ISO-8859-9)
(2 vars, 373 obs)
(file ../temp/annals2009.dta not found)
file ../temp/annals2009.dta saved
(encoding automatically selected: ISO-8859-9)
(2 vars, 380 obs)
(file ../temp/annals2010.dta not found)
file ../temp/annals2010.dta saved
(encoding automatically selected: ISO-8859-9)
(2 vars, 376 obs)
(file ../temp/annals2011.dta not found)
file ../temp/annals2011.dta saved
(encoding automatically selected: ISO-8859-9)
(2 vars, 378 obs)
(file ../temp/annals2012.dta not found)
file ../temp/annals2012.dta saved
(encoding automatically selected: ISO-8859-9)
(2 vars, 399 obs)
(file ../temp/annals2013.dta not found)
file ../temp/annals2013.dta saved
(encoding automatically selected: ISO-8859-9)
(2 vars, 435 obs)
(file ../temp/annals2014.dta not found)
file ../temp/annals2014.dta saved
(encoding automatically selected: ISO-8859-9)
(2 vars, 442 obs)
(file ../temp/annals2015.dta not found)
file ../temp/annals2015.dta saved
(encoding automatically selected: ISO-8859-9)
(2 vars, 622 obs)
(file ../temp/annals2016.dta not found)
file ../temp/annals2016.dta saved
(encoding automatically selected: ISO-8859-9)
(2 vars, 737 obs)
(file ../temp/annals2017.dta not found)
file ../temp/annals2017.dta saved
(encoding automatically selected: ISO-8859-9)
(2 vars, 577 obs)
(file ../temp/annals2018.dta not found)
file ../temp/annals2018.dta saved
(encoding automatically selected: ISO-8859-9)
(2 vars, 687 obs)
(file ../temp/annals2019.dta not found)
file ../temp/annals2019.dta saved
(encoding automatically selected: ISO-8859-9)
(2 vars, 743 obs)
(file ../temp/annals2020.dta not found)
file ../temp/annals2020.dta saved
(encoding automatically selected: ISO-8859-9)
(2 vars, 562 obs)
(file ../temp/annals2021.dta not found)
file ../temp/annals2021.dta saved
(encoding automatically selected: ISO-8859-9)
(2 vars, 522 obs)
(file ../temp/annals2022.dta not found)
file ../temp/annals2022.dta saved
(file ../temp/annals.dta not found)
file ../temp/annals.dta saved
(encoding automatically selected: ISO-8859-9)
(2 vars, 1,877 obs)
(file ../temp/science1988.dta not found)
file ../temp/science1988.dta saved
(encoding automatically selected: ISO-8859-9)
(2 vars, 1,874 obs)
(file ../temp/science1989.dta not found)
file ../temp/science1989.dta saved
(encoding automatically selected: ISO-8859-9)
(2 vars, 2,075 obs)
(file ../temp/science1990.dta not found)
file ../temp/science1990.dta saved
(encoding automatically selected: ISO-8859-9)
(2 vars, 2,154 obs)
(file ../temp/science1991.dta not found)
file ../temp/science1991.dta saved
(encoding automatically selected: ISO-8859-9)
(2 vars, 2,115 obs)
(file ../temp/science1992.dta not found)
file ../temp/science1992.dta saved
(encoding automatically selected: ISO-8859-9)
(2 vars, 2,317 obs)
(file ../temp/science1993.dta not found)
file ../temp/science1993.dta saved
(encoding automatically selected: ISO-8859-9)
(2 vars, 2,307 obs)
(file ../temp/science1994.dta not found)
file ../temp/science1994.dta saved
(encoding automatically selected: ISO-8859-9)
(2 vars, 1,889 obs)
(file ../temp/science1995.dta not found)
file ../temp/science1995.dta saved
(encoding automatically selected: ISO-8859-9)
(2 vars, 1,274 obs)
(file ../temp/science1996.dta not found)
file ../temp/science1996.dta saved
(encoding automatically selected: ISO-8859-9)
(2 vars, 837 obs)
(file ../temp/science1997.dta not found)
file ../temp/science1997.dta saved
(encoding automatically selected: ISO-8859-9)
(2 vars, 1,059 obs)
(file ../temp/science1998.dta not found)
file ../temp/science1998.dta saved
(encoding automatically selected: ISO-8859-9)
(2 vars, 1,084 obs)
(file ../temp/science1999.dta not found)
file ../temp/science1999.dta saved
(encoding automatically selected: ISO-8859-9)
(2 vars, 1,404 obs)
(file ../temp/science2000.dta not found)
file ../temp/science2000.dta saved
(encoding automatically selected: ISO-8859-9)
(2 vars, 1,343 obs)
(file ../temp/science2001.dta not found)
file ../temp/science2001.dta saved
(encoding automatically selected: ISO-8859-9)
(2 vars, 1,440 obs)
(file ../temp/science2002.dta not found)
file ../temp/science2002.dta saved
(encoding automatically selected: ISO-8859-9)
(2 vars, 1,336 obs)
(file ../temp/science2003.dta not found)
file ../temp/science2003.dta saved
(encoding automatically selected: ISO-8859-9)
(2 vars, 1,314 obs)
(file ../temp/science2004.dta not found)
file ../temp/science2004.dta saved
(encoding automatically selected: ISO-8859-9)
(2 vars, 1,305 obs)
(file ../temp/science2005.dta not found)
file ../temp/science2005.dta saved
(encoding automatically selected: ISO-8859-9)
(2 vars, 1,355 obs)
(file ../temp/science2006.dta not found)
file ../temp/science2006.dta saved
(encoding automatically selected: ISO-8859-9)
(2 vars, 1,355 obs)
(file ../temp/science2007.dta not found)
file ../temp/science2007.dta saved
(encoding automatically selected: ISO-8859-9)
(2 vars, 1,358 obs)
(file ../temp/science2008.dta not found)
file ../temp/science2008.dta saved
(encoding automatically selected: ISO-8859-9)
(2 vars, 1,376 obs)
(file ../temp/science2009.dta not found)
file ../temp/science2009.dta saved
(encoding automatically selected: ISO-8859-9)
(2 vars, 1,329 obs)
(file ../temp/science2010.dta not found)
file ../temp/science2010.dta saved
(encoding automatically selected: ISO-8859-9)
(2 vars, 1,371 obs)
(file ../temp/science2011.dta not found)
file ../temp/science2011.dta saved
(encoding automatically selected: ISO-8859-9)
(2 vars, 1,382 obs)
(file ../temp/science2012.dta not found)
file ../temp/science2012.dta saved
(encoding automatically selected: ISO-8859-9)
(2 vars, 1,351 obs)
(file ../temp/science2013.dta not found)
file ../temp/science2013.dta saved
(encoding automatically selected: ISO-8859-9)
(2 vars, 1,331 obs)
(file ../temp/science2014.dta not found)
file ../temp/science2014.dta saved
(encoding automatically selected: ISO-8859-9)
(2 vars, 1,350 obs)
(file ../temp/science2015.dta not found)
file ../temp/science2015.dta saved
(encoding automatically selected: ISO-8859-9)
(2 vars, 1,551 obs)
(file ../temp/science2016.dta not found)
file ../temp/science2016.dta saved
(encoding automatically selected: ISO-8859-9)
(2 vars, 1,984 obs)
(file ../temp/science2017.dta not found)
file ../temp/science2017.dta saved
(encoding automatically selected: ISO-8859-9)
(2 vars, 1,531 obs)
(file ../temp/science2018.dta not found)
file ../temp/science2018.dta saved
(encoding automatically selected: ISO-8859-9)
(2 vars, 1,444 obs)
(file ../temp/science2019.dta not found)
file ../temp/science2019.dta saved
(encoding automatically selected: ISO-8859-9)
(2 vars, 1,479 obs)
(file ../temp/science2020.dta not found)
file ../temp/science2020.dta saved
(encoding automatically selected: ISO-8859-9)
(2 vars, 1,453 obs)
(file ../temp/science2021.dta not found)
file ../temp/science2021.dta saved
(encoding automatically selected: ISO-8859-9)
(2 vars, 1,335 obs)
(file ../temp/science2022.dta not found)
file ../temp/science2022.dta saved
(file ../temp/science.dta not found)
file ../temp/science.dta saved
(encoding automatically selected: ISO-8859-9)
(2 vars, 633 obs)
(file ../temp/nature1988.dta not found)
file ../temp/nature1988.dta saved
(encoding automatically selected: ISO-8859-9)
(2 vars, 636 obs)
(file ../temp/nature1989.dta not found)
file ../temp/nature1989.dta saved
(encoding automatically selected: ISO-8859-9)
(2 vars, 701 obs)
(file ../temp/nature1990.dta not found)
file ../temp/nature1990.dta saved
(encoding automatically selected: ISO-8859-9)
(2 vars, 579 obs)
(file ../temp/nature1991.dta not found)
file ../temp/nature1991.dta saved
(encoding automatically selected: ISO-8859-9)
(2 vars, 631 obs)
(file ../temp/nature1992.dta not found)
file ../temp/nature1992.dta saved
(encoding automatically selected: ISO-8859-9)
(2 vars, 653 obs)
(file ../temp/nature1993.dta not found)
file ../temp/nature1993.dta saved
(encoding automatically selected: ISO-8859-9)
(2 vars, 609 obs)
(file ../temp/nature1994.dta not found)
file ../temp/nature1994.dta saved
(encoding automatically selected: ISO-8859-9)
(2 vars, 640 obs)
(file ../temp/nature1995.dta not found)
file ../temp/nature1995.dta saved
(encoding automatically selected: ISO-8859-9)
(2 vars, 588 obs)
(file ../temp/nature1996.dta not found)
file ../temp/nature1996.dta saved
(encoding automatically selected: ISO-8859-9)
(2 vars, 587 obs)
(file ../temp/nature1997.dta not found)
file ../temp/nature1997.dta saved
(encoding automatically selected: ISO-8859-9)
(2 vars, 551 obs)
(file ../temp/nature1998.dta not found)
file ../temp/nature1998.dta saved
(encoding automatically selected: ISO-8859-9)
(2 vars, 630 obs)
(file ../temp/nature1999.dta not found)
file ../temp/nature1999.dta saved
(encoding automatically selected: ISO-8859-9)
(2 vars, 1,693 obs)
(file ../temp/nature2000.dta not found)
file ../temp/nature2000.dta saved
(encoding automatically selected: ISO-8859-9)
(2 vars, 1,390 obs)
(file ../temp/nature2001.dta not found)
file ../temp/nature2001.dta saved
(encoding automatically selected: ISO-8859-9)
(2 vars, 1,273 obs)
(file ../temp/nature2002.dta not found)
file ../temp/nature2002.dta saved
(encoding automatically selected: ISO-8859-9)
(2 vars, 1,310 obs)
(file ../temp/nature2003.dta not found)
file ../temp/nature2003.dta saved
(encoding automatically selected: ISO-8859-9)
(2 vars, 1,269 obs)
(file ../temp/nature2004.dta not found)
file ../temp/nature2004.dta saved
(encoding automatically selected: ISO-8859-9)
(2 vars, 1,407 obs)
(file ../temp/nature2005.dta not found)
file ../temp/nature2005.dta saved
(encoding automatically selected: ISO-8859-9)
(2 vars, 1,200 obs)
(file ../temp/nature2006.dta not found)
file ../temp/nature2006.dta saved
(encoding automatically selected: ISO-8859-9)
(2 vars, 1,103 obs)
(file ../temp/nature2007.dta not found)
file ../temp/nature2007.dta saved
(encoding automatically selected: ISO-8859-9)
(2 vars, 1,124 obs)
(file ../temp/nature2008.dta not found)
file ../temp/nature2008.dta saved
(encoding automatically selected: ISO-8859-9)
(2 vars, 1,114 obs)
(file ../temp/nature2009.dta not found)
file ../temp/nature2009.dta saved
(encoding automatically selected: ISO-8859-9)
(2 vars, 1,181 obs)
(file ../temp/nature2010.dta not found)
file ../temp/nature2010.dta saved
(encoding automatically selected: ISO-8859-9)
(2 vars, 1,243 obs)
(file ../temp/nature2011.dta not found)
file ../temp/nature2011.dta saved
(encoding automatically selected: ISO-8859-9)
(2 vars, 1,288 obs)
(file ../temp/nature2012.dta not found)
file ../temp/nature2012.dta saved
(encoding automatically selected: ISO-8859-9)
(2 vars, 1,315 obs)
(file ../temp/nature2013.dta not found)
file ../temp/nature2013.dta saved
(encoding automatically selected: ISO-8859-9)
(2 vars, 1,654 obs)
(file ../temp/nature2014.dta not found)
file ../temp/nature2014.dta saved
(encoding automatically selected: ISO-8859-9)
(2 vars, 1,649 obs)
(file ../temp/nature2015.dta not found)
file ../temp/nature2015.dta saved
(encoding automatically selected: ISO-8859-9)
(2 vars, 1,955 obs)
(file ../temp/nature2016.dta not found)
file ../temp/nature2016.dta saved
(encoding automatically selected: ISO-8859-9)
(2 vars, 1,813 obs)
(file ../temp/nature2017.dta not found)
file ../temp/nature2017.dta saved
(encoding automatically selected: ISO-8859-9)
(2 vars, 1,693 obs)
(file ../temp/nature2018.dta not found)
file ../temp/nature2018.dta saved
(encoding automatically selected: ISO-8859-9)
(2 vars, 1,319 obs)
(file ../temp/nature2019.dta not found)
file ../temp/nature2019.dta saved
(encoding automatically selected: ISO-8859-9)
(2 vars, 1,334 obs)
(file ../temp/nature2020.dta not found)
file ../temp/nature2020.dta saved
(encoding automatically selected: ISO-8859-9)
(2 vars, 1,297 obs)
(file ../temp/nature2021.dta not found)
file ../temp/nature2021.dta saved
(encoding automatically selected: ISO-8859-9)
(2 vars, 1,544 obs)
(file ../temp/nature2022.dta not found)
file ../temp/nature2022.dta saved
(file ../temp/nature.dta not found)
file ../temp/nature.dta saved
(encoding automatically selected: ISO-8859-9)
(2 vars, 427 obs)
(file ../temp/cell1988.dta not found)
file ../temp/cell1988.dta saved
(encoding automatically selected: ISO-8859-9)
(2 vars, 491 obs)
(file ../temp/cell1989.dta not found)
file ../temp/cell1989.dta saved
(encoding automatically selected: ISO-8859-9)
(2 vars, 497 obs)
(file ../temp/cell1990.dta not found)
file ../temp/cell1990.dta saved
(encoding automatically selected: ISO-8859-9)
(2 vars, 478 obs)
(file ../temp/cell1991.dta not found)
file ../temp/cell1991.dta saved
(encoding automatically selected: ISO-8859-9)
(2 vars, 431 obs)
(file ../temp/cell1992.dta not found)
file ../temp/cell1992.dta saved
(encoding automatically selected: ISO-8859-9)
(2 vars, 484 obs)
(file ../temp/cell1993.dta not found)
file ../temp/cell1993.dta saved
(encoding automatically selected: ISO-8859-9)
(2 vars, 450 obs)
(file ../temp/cell1994.dta not found)
file ../temp/cell1994.dta saved
(encoding automatically selected: ISO-8859-9)
(2 vars, 476 obs)
(file ../temp/cell1995.dta not found)
file ../temp/cell1995.dta saved
(encoding automatically selected: ISO-8859-9)
(2 vars, 453 obs)
(file ../temp/cell1996.dta not found)
file ../temp/cell1996.dta saved
(encoding automatically selected: ISO-8859-9)
(2 vars, 452 obs)
(file ../temp/cell1997.dta not found)
file ../temp/cell1997.dta saved
(encoding automatically selected: ISO-8859-9)
(2 vars, 412 obs)
(file ../temp/cell1998.dta not found)
file ../temp/cell1998.dta saved
(encoding automatically selected: ISO-8859-9)
(2 vars, 343 obs)
(file ../temp/cell1999.dta not found)
file ../temp/cell1999.dta saved
(encoding automatically selected: ISO-8859-9)
(2 vars, 346 obs)
(file ../temp/cell2000.dta not found)
file ../temp/cell2000.dta saved
(encoding automatically selected: ISO-8859-9)
(2 vars, 354 obs)
(file ../temp/cell2001.dta not found)
file ../temp/cell2001.dta saved
(encoding automatically selected: ISO-8859-9)
(2 vars, 348 obs)
(file ../temp/cell2002.dta not found)
file ../temp/cell2002.dta saved
(encoding automatically selected: ISO-8859-9)
(2 vars, 346 obs)
(file ../temp/cell2003.dta not found)
file ../temp/cell2003.dta saved
(encoding automatically selected: ISO-8859-9)
(2 vars, 388 obs)
(file ../temp/cell2004.dta not found)
file ../temp/cell2004.dta saved
(encoding automatically selected: ISO-8859-9)
(2 vars, 438 obs)
(file ../temp/cell2005.dta not found)
file ../temp/cell2005.dta saved
(encoding automatically selected: ISO-8859-9)
(2 vars, 526 obs)
(file ../temp/cell2006.dta not found)
file ../temp/cell2006.dta saved
(encoding automatically selected: ISO-8859-9)
(2 vars, 535 obs)
(file ../temp/cell2007.dta not found)
file ../temp/cell2007.dta saved
(encoding automatically selected: ISO-8859-9)
(2 vars, 509 obs)
(file ../temp/cell2008.dta not found)
file ../temp/cell2008.dta saved
(encoding automatically selected: ISO-8859-9)
(2 vars, 532 obs)
(file ../temp/cell2009.dta not found)
file ../temp/cell2009.dta saved
(encoding automatically selected: ISO-8859-9)
(2 vars, 456 obs)
(file ../temp/cell2010.dta not found)
file ../temp/cell2010.dta saved
(encoding automatically selected: ISO-8859-9)
(2 vars, 466 obs)
(file ../temp/cell2011.dta not found)
file ../temp/cell2011.dta saved
(encoding automatically selected: ISO-8859-9)
(2 vars, 541 obs)
(file ../temp/cell2012.dta not found)
file ../temp/cell2012.dta saved
(encoding automatically selected: ISO-8859-9)
(2 vars, 556 obs)
(file ../temp/cell2013.dta not found)
file ../temp/cell2013.dta saved
(encoding automatically selected: ISO-8859-9)
(2 vars, 575 obs)
(file ../temp/cell2014.dta not found)
file ../temp/cell2014.dta saved
(encoding automatically selected: ISO-8859-9)
(2 vars, 606 obs)
(file ../temp/cell2015.dta not found)
file ../temp/cell2015.dta saved
(encoding automatically selected: ISO-8859-9)
(2 vars, 681 obs)
(file ../temp/cell2016.dta not found)
file ../temp/cell2016.dta saved
(encoding automatically selected: ISO-8859-9)
(2 vars, 557 obs)
(file ../temp/cell2017.dta not found)
file ../temp/cell2017.dta saved
(encoding automatically selected: ISO-8859-9)
(2 vars, 649 obs)
(file ../temp/cell2018.dta not found)
file ../temp/cell2018.dta saved
(encoding automatically selected: ISO-8859-9)
(2 vars, 566 obs)
(file ../temp/cell2019.dta not found)
file ../temp/cell2019.dta saved
(encoding automatically selected: ISO-8859-9)
(2 vars, 582 obs)
(file ../temp/cell2020.dta not found)
file ../temp/cell2020.dta saved
(encoding automatically selected: ISO-8859-9)
(2 vars, 500 obs)
(file ../temp/cell2021.dta not found)
file ../temp/cell2021.dta saved
(encoding automatically selected: ISO-8859-9)
(2 vars, 400 obs)
(file ../temp/cell2022.dta not found)
file ../temp/cell2022.dta saved
(file ../temp/cell.dta not found)
file ../temp/cell.dta saved
(variable journal_abbr was str4, now str6 to accommodate using data's values)
(variable journal_abbr was str6, now str7 to accommodate using data's values)
(2,896 observations deleted)
(file ../output/cns_med_all_pmids.dta not found)
file ../output/cns_med_all_pmids.dta saved

. 
end of do-file

--------------------------------------------------------------------------------
Makelog ended: 2022-12-23 11:20:49
Working directory: /export/home/dor/cxu/innovation_projs/derived/science_geo/append_pmids/code
--------------------------------------------------------------------------------
