--------------------------------------------------------------------------------
Makelog started: 2023-12-12 21:08:22
Working directory: /export/home/dor/cxu/innovation_projs/analysis/science_geo/comp_jrnl_samps/code
--------------------------------------------------------------------------------
External links successfully created!

  ___  ____  ____  ____  ____ ®
 /__    /   ____/   /   ____/      17.0
___/   /   /___/   /   /___/       MP—Parallel Edition

 Statistics and Data Science       Copyright 1985-2021 StataCorp LLC
                                   StataCorp
                                   4905 Lakeway Drive
                                   College Station, Texas 77845 USA
                                   800-STATA-PC        https://www.stata.com
                                   979-696-4600        stata@stata.com

Stata license: Unlimited-user 4-core network, expiring 17 Nov 2024
Serial number: 501809301897
  Licensed to: Harvard Business School
               Research Computing

Notes:
      1. Stata is running in batch mode.
      2. Unicode is supported; see help unicode_advice.
      3. More than 2 billion observations are allowed; see help obs_advice.
      4. Maximum number of variables is set to 120,000; see help set_maxvar.

. do "/export/home/dor/cxu/innovation_projs/analysis/science_geo/comp_jrnl_samp
> s/code/analysis.do" 

. set more off

. clear all

. capture log close

. program drop _all

. set scheme modern

. graph set window fontface "Arial Narrow"
not available in non-GUI version

. pause on

. set seed 8975

. here, set
/export/home/dor/cxu/innovation_projs/analysis/science_geo/comp_jrnl_samps/code
> /

. 
. program main
  1.     global country_name "countries"
  2.     global us_state_name "US states"
  3.     global area_name "US cities"
  4.     global city_full_name "world cities"
  5.     global msatitle_name "MSAs"
  6.     global inst_name "institutions"
  7.     foreach samp in cns scisub demsci { 
  8.         local samp_type = cond(strpos("`samp'", "cns")>0 | strpos("`samp'"
> ,"med")>0, "main", "robust")
  9.         foreach data in newfund {
 10.         di "SAMPLE IS : `samp' `data'"
 11.             foreach var in affl_wt cite_affl_wt {
 12.                 athr_loc, data(`data') samp(`samp') wt_var(`var')
 13.             }
 14.             qui output_tables, data(`data') samp(`samp') 
 15.         }
 16.         corr_wt, samp(`samp')
 17.     }
 18.     foreach var in cite_affl_wt {
 19.          comp_samps, samp1(cns) samp2(scisub) wt_var(`var')
 20.          comp_samps, samp1(cns) samp2(demsci) wt_var(`var')
 21.     }
 22.     mat corr_across_samp = corr_scisub_wt \ corr_demsci_wt
 23.     foreach file in corr_wt corr_across_samp {
 24.         matrix_to_txt, saving("../output/tables/`file'.txt") matrix(`file'
> ) ///
>            title(<tab:`file'>) format(%20.4f) replace
 25.     }
 26. end

. 
. 
. program athr_loc
  1.     syntax, data(str) samp(str)  wt_var(str)
  2.     local suf = cond("`wt_var'" == "cite_affl_wt", "_wt", "") 
  3.     use ../external/openalex/cleaned_all_`data'_`samp', clear
  4.     drop if journal_abbr == "PLoS One"
  5.     foreach loc in country msa_c_world inst { 
  6.         qui gunique pmid //which_athr //if !mi(affiliation)
  7.         local articles = r(unique)
  8.         qui sum `wt_var'
  9.         local total = round(r(sum))
 10.         assert `total' == `articles'
 11.         qui sum `wt_var' if !mi(`loc') 
 12.         local denom = r(sum) 
 13.         preserve
 14.         if inlist("`loc'", "us_state", "area", "msatitle") {
 15.             qui keep if country == "United States"
 16.         }
 17.         collapse (sum) `wt_var', by(`loc')
 18.         qui hashsort -`wt_var' 
 19.         qui gen perc = `wt_var' / `total' * 100
 20.         li if mi(`loc')
 21.         qui drop if mi(`loc')
 22.         qui gen cum_perc = sum(perc) 
 23.         qui count
 24.         local rank_end = min(r(N),20) 
 25.         li `loc' perc in 1/`rank_end'
 26.         di "Total articles: `total'"
 27.         mkmat `wt_var' perc cum_perc in 1/`rank_end', mat(top_`loc'_`samp'
> `suf')
 28.         mat top_`loc'_`data'_`samp' = nullmat(top_`loc'_`data'_`samp') , (
> top_`loc'_`samp'`suf')
 29.         qui levelsof `loc' in 1/2
 30.         global top2_`loc'_`data'_`samp' "`r(levels)'"
 31.         if inlist("`loc'", "country", "inst", "city_full", "msatitle", "ms
> a_world", "msa_c_world") {
 32.             qui levelsof `loc' in 1/`rank_end'
 33.             global `loc'_`data'_`samp' "`r(levels)'"
 34.         }
 35.         qui gen rank_grp = "first" if _n == 1
 36.         qui levelsof `loc' if _n == 1
 37.         global `loc'_first "`r(levels)'"
 38.         qui levelsof `loc' if _n == 2
 39.         global `loc'_second "`r(levels)'"
 40.         gen rank = _n 
 41.         keep `loc'  rank perc
 42.         rename perc share
 43.         qui save ../temp/`loc'_rank_`data'_`samp'`suf', replace
 44.         restore
 45.     }
 46. end

. 
. program comp_samps
  1.     syntax, samp1(str) samp2(str) wt_var(str)
  2.     local suf = cond("`wt_var'" == "cite_affl_wt", "_wt", "") 
  3.      if "`samp1'" == "cns_med"  local `samp1'_name "CNS + Med"
  4.      if "`samp2'" == "cns_med"  local `samp2'_name "CNS + Med"
  5.      if "`samp1'" == "cns"  local `samp1'_name "CNS"
  6.      if "`samp2'" == "cns"  local `samp2'_name "CNS"
  7.      if "`samp1'" == "scisub"  local `samp1'_name "Scientific Sub Journals
> "
  8.      if "`samp2'" == "scisub"  local `samp2'_name "Scientific Sub Journals
> "
  9.      if "`samp1'" == "demsci"  local `samp1'_name "Democratic Science Jour
> nals"
 10.      if "`samp2'" == "demsci"  local `samp2'_name "Democratic Science Jour
> nals"
 11.     foreach cat in newfund {
 12.          if "`cat'" == "fund"  local `cat'_name "Fundamental"
 13.          if "`cat'" == "newfund"  local `cat'_name "Fundamental"
 14.          if "`cat'" == "dis"  local `cat'_name "Disease"
 15.          if "`cat'" == "thera"  local `cat'_name "Therapeutics"
 16.          if "`cat'" == "nofund"  local `cat'_name "Disease + Therapeutics"
 17.          foreach loc in country msa_c_world inst {
 18.              use ../temp/`loc'_rank_`cat'_`samp1'`suf', clear
 19.              gen samp = "`samp1'"
 20.              append using ../temp/`loc'_rank_`cat'_`samp2'`suf'
 21.              replace samp = "`samp2'" if mi(samp)
 22.              greshape wide rank share, i(`loc') j(samp)
 23.              gen onefund = _n
 24.              gen onetrans = _n 
 25.              gen zerofund = onefund-1
 26.              gen zerotrans = onetrans-1
 27.                 // inst labels
.                 cap replace inst = "Caltech" if inst == "california institute
>  technology"
 28.                 cap replace inst = "CDC" if inst == "centers disease contr
> ol and prevention"
 29.                 cap replace inst = "Columbia" if inst == "columbia Univers
> ity"
 30.                 cap replace inst = "Cornell" if inst == "cornell Universit
> y"
 31.                 cap replace inst = "Duke" if inst == "duke university"
 32.                 cap replace inst = "Harvard" if inst == "university harvar
> d"
 33.                 cap replace inst = "JHU" if inst == "johns hopkins univers
> ity"
 34.                 cap replace inst = "Rockefeller Univ." if inst == "the roc
> kefeller university"
 35.                 cap replace inst = "MIT" if inst == "massachusetts institu
> tetechnology"
 36.                 cap replace inst = "Memorial Sloan" if inst == "memorial s
> loan-kettering cancer center"
 37.                 cap replace inst = "MGH" if inst == "massachusetts general
>  hospital"
 38.                 cap replace inst = "NYU" if inst == "new york university"
 39.                 cap replace inst = "NIH" if inst == "nih"
 40.                 cap replace inst = "Stanford" if inst == "university stanf
> ord"
 41.                 cap replace inst = "UCL" if inst == "university college lo
> ndon"
 42.                 cap replace inst = "UC Berkeley" if inst == "university ca
> lifornia berkeley"
 43.                 cap replace inst = "UCLA" if inst == "university californi
> a los angeles"
 44.                 cap replace inst = "UCSD" if inst == "university californi
> a san diego"
 45.                 cap replace inst = "UCSF" if inst == "ucsf"
 46.                 cap replace inst = "UChicago" if inst == "university chica
> go"
 47.                 cap replace inst = "UMich" if inst == "university michigan
> "
 48.                 cap replace inst = "UPenn" if inst == "university pennsylv
> ania"
 49.                 cap replace inst = "Yale" if inst == "yale university"
 50.                 cap replace inst = "Wash U" if inst == "washington univers
> ity st louis"
 51.                 cap replace inst = "CAS" if inst == "chinese academyscienc
> es"
 52.                 cap replace inst = "Oxford" if inst == "university oxford"
 53.                 cap replace inst = "Cambridge" if inst == "university camb
> ridge"
 54.                 cap replace inst = "UT Dallas" if inst == "university texa
> s dallas"
 55.                 cap replace inst = "UMich" if inst == "university michigan
>  ann arbor"
 56.                 cap replace inst = "Dana Farber" if inst == "dana farber c
> ancer institute"
 57. 
.                 // cities
.                 foreach i in  msa_c_world {
 58.                     cap replace `i' = subinstr(`i', "United States", "US",
> .)
 59.                     cap replace `i' = subinstr(`i', "United Kingdom", "UK"
> ,.)
 60.                 }
 61.                 local lmt = 20
 62.                 gen lab_share = `loc'
 63.                 replace lab_share = strproper(lab_share) if "`loc'" != "ms
> atitle"
 64.                 cap replace lab_share = subinstr(lab_share, "United States
> ", "US",.)
 65.                 cap replace lab_share = subinstr(lab_share, "United Kingdo
> m", "UK",.)
 66.                 cap replace lab_share = "" if !(inlist(rank`samp1', 1, 2, 
> 3, 5, 8) | inlist(rank`samp2', 1, 2, 3))
 67.                 cap replace lab_share = `loc' if inlist(`loc', "Memorial S
> loan", "MIT", "Stanford", "Berlin, Germany", "Daejeon, South Korea", "Baltimo
> re, US", "New York, US") & "`cat'" == "thera"
 68.                 cap replace lab_share = "" if inlist(`loc', "Netherlands",
>  "Switzerland") & "`cat'" == "thera"
 69.                
.                 cap replace lab_share = `loc' if inlist(`loc', "UCSF", "JHU",
>  "UCSD", "MIT", "China","London, UK", "Houston, US", "Japan") & "`cat'" == "n
> ewfund" & "`samp2'" == "scisub"
 70.                 cap replace lab_share = "" if inlist(`loc', "Switzerland",
>  "Canada", "Germany", "Beijing, China", "France") & "`cat'" == "newfund" & "`
> samp2'" == "scisub"
 71.                 
.                 cap replace lab_share = `loc' if inlist(`loc', "Germany", "Lo
> ndon, UK", "Houston, US", "Tokyo, Japan", "UCLA") & "`cat'" == "dis"
 72.                 cap replace lab_share = "" if inlist(`loc', "Sweden", "Can
> ada", "Cambridge, UK") & "`cat'" == "dis"
 73. 
.                 cap replace lab_share = "" if inlist(`loc',"Wash U", "UCSD", 
> "Germany", "Japan", "Canada", "Cambridge, UK") & "`cat'" == "nofund" & "`samp
> 2'" == "scisub"
 74.                 cap replace lab_share = `loc' if inlist(`loc', "Columbia")
>  & "`cat'" == "nofund" & "`suf'" == "" & "`samp2'" == "scisub"
 75.                 cap replace lab_share = `loc' if inlist(`loc', "Columbia")
>  & "`cat'" == "nofund" & "`suf'" == "" & "`samp2'" == "scisub"
 76.                 cap replace lab_share = `loc' if inlist(`loc', "MGH", "Cho
> ngqing, China") & "`cat'" == "nofund" & "`suf'" == "_wt" & "`samp2'" == "scis
> ub"
 77. 
.                 cap replace lab_share = "" if inlist(`loc', "Memorial Sloan",
>  "Seoul National University", "Canada", "Japan", "Shanghai, China", "Bethesda
> -DC, US" , "Wash U" , "UCSD", "Cambridge, UK") & "`cat'" == "nofund" &  "`sam
> p2'" == "demsci" 
 78.                 cap replace lab_share = "" if inlist(`loc', "France", "Fud
> an University"") & "`cat'" == "nofund" &  "`samp2'" == "demsci" 
 79.                 cap replace lab_share = "" if inlist(`loc', "Rockefeller U
> niv.", "United Kingdom", "Canada" , "Switzerland", "Seattle, US", "Cambridge,
>  UK", "Japan", "Univeresity of Washington") & "`cat'" == "newfund" & "`samp2'
> " == "demsci"
 80.                 *cap replace lab_share = "" if inlist(`loc', "Research Tri
> angle, US", "Israel")
.                 egen clock = mlabvpos(rank`samp1' rank`samp2')
 81.                 replace clock = 3 if inlist(lab_share, "Spain", "China", "
> San Diego-La Jolla, US", "Baltimore, US", "Berlin, Germany", "New York, US") 
> & "`cat'"== "thera"
 82.                 replace clock = 12 if inlist(lab_share, "Switzerland") & "
> `cat'"== "thera"
 83.                 replace clock = 6 if inlist(lab_share, "Bay Area, US", "St
> anford") & "`cat'"== "thera"
 84.                
.                 replace clock = 12 if inlist(lab_share, "United Kingdom") & "
> `cat'"== "newfund" & "`samp2'" == "scisub"
 85.                 replace clock = 3 if inlist(lab_share, "Germany", "Houston
> , US", "New York, US", "London, UK" , "UCSF", "UCSD", "San Diego-La Jolla, US
> ") & "`cat'"== "newfund" & "`samp2'" == "scisub"
 86.                 replace clock = 3 if inlist(lab_share, "MIT", "JHU", "Japa
> n", "China", "Stanford") & "`cat'" == "newfund" & "`samp2'" == "scisub"
 87.                 replace clock = 6 if inlist(lab_share, "Boston-Cambridge, 
> US") & "`cat'" == "newfund" & "`samp2'" == "scisub" & "`suf'" == ""
 88.                 replace clock = 11 if inlist(lab_share, "Bay Area, US") & 
> "`cat'" == "newfund"  & "`suf'" == ""
 89.                 replace clock = 6 if inlist(lab_share, "University of Wash
> ington") & "`cat'" == "newfund" & "`samp2'" == "scisub"
 90.                
.                replace clock = 3 if inlist(lab_share, "China", "United Kingdo
> m", "Boston-Cambridge, US", "New York, US" , "Bay Area, US", "London, UK", "S
> eoul, South Korea", "Beijing, China") & "`samp2'" == "demsci" & "`cat'" == "n
> ofund"
 91.                replace clock = 3  if inlist(lab_share, "Boston-Cambridge, 
> US", "New York, US", "San Diego-La Jolla, US", "Tokyo, Japan", "UC Berkeley",
>  "Stanford", "Max Planck") & "`samp2'" == "demsci" & "`cat'" == "newfund"
 92.                replace clock = 3 if inlist(lab_share, "Harvard", "CAS", "C
> NRS") & "`samp2'" == "demsci" & "`cat'" == "newfund"
 93.                 replace clock = 3 if inlist(lab_share, "Tokyo, Japan","Hou
> ston, US", "China", "UCLA") & "`cat'"== "dis"
 94.                 replace clock = 6 if inlist(lab_share, "Germany") & "`cat'
> "== "dis"
 95.                 
.                 replace clock = 3 if inlist(lab_share, "Harvard", "Memorial S
> loan", "Columbia", "MGH", "China", "Bethesda-DC, US", "Bay Area, US") & "`cat
> '" == "nofund" & "`samp2'" == "scisub"
 96.                 replace clock = 9 if inlist(lab_share, "United Kingdom", "
> London, UK") & "`cat'" == "nofund" & "`samp2'" == "scisub"
 97.                 local rank_lmt = 20
 98.                 qui sum rank`samp2' if inrange(rank`samp1' , 1,`rank_lmt')
 99.                 local max = r(max) 
100.                 qui sum rank`samp1' if inrange(rank`samp2' , 1,`rank_lmt')
101.                 local max= max(`max', r(max))
102.                 corr rank`samp1' rank`samp2' if inrange(rank`samp1' , 1,`r
> ank_lmt') & inrange(rank`samp2' ,1,`rank_lmt')
103.                 local corr :  di %3.2f r(rho)
104.                 tw scatter rank`samp1' rank`samp2' if inrange(rank`samp1' 
> , 1,`rank_lmt') & inrange(rank`samp2' ,1,`rank_lmt') , ///
>                   mlabel(lab_share) mlabsize(vsmall) mlabcolor(black) mlabvp(
> clock) mcolor(gs7) || ///
>                   (function y=x ,range(0 `max') lpattern(dash) lcolor(lavende
> r)), ///
>                   xtitle("``cat'_name' Research Rank - ``samp2'_name'", size(
> vsmall)) ytitle("`cat_name' Research Rank - ``samp1'_name' ", size(vsmall)) /
> //
>                   xlabel(1(1)`rank_lmt', labsize(vsmall)) ylabel(1(1)`rank_lm
> t', labsize(vsmall)) xsc(reverse) ysc(reverse) legend(on order(- "Correlation
>  = `corr'") size(vsmall) pos(5) ring(0) region(lwidth(none)))
105.                 *graph export ../output/figures/`samp1'_`samp2'_`cat'_`loc
> '_rank`suf'.pdf, replace
.                 local skip = 5 
106.                 *if "`type'" == "inst" local lim = 5
.                 if "`loc'" == "inst" local skip = 0.5 
107.                 if "`loc'" == "city_full" local skip = 1 
108.                 qui sum share`samp1' if  !mi(share`samp1') & !mi(share`sam
> p2') //(inrange(rank`samp1' , 1,`rank_lmt') |  inrange(rank`samp2' , 1,`rank_
> lmt')) & !mi(share`samp1') & !mi(share`samp2')
109.                 local max = r(max)
110.                 qui sum share`samp2' if  !mi(share`samp1') & !mi(share`sam
> p2') //inrange(rank`samp1' , 1,`rank_lmt') |  inrange(rank`samp2' , 1,`rank_l
> mt') & !mi(share`samp1') & !mi(share`samp2')
111.                 local max = max(r(max), `max')
112.                 local max = floor(`max') +1 
113.                 di `max'
114.                 corr share`samp1' share`samp2'  if  (share`samp1'<=`max') 
> & (share`samp2'<=`max')
115.                 local corr :  di %3.2f r(rho)
116.                 if "`cat'" == "newfund" {
117.                     mat corr_`samp2'`suf' = nullmat(corr_`samp2'`suf') , r
> (rho)
118.                 }
119.                 tw scatter share`samp1' share`samp2' if (share`samp1'<=`ma
> x') & (share`samp2'<=`max'), ///  //if  (inrange(rank`samp1' , 1,`rank_lmt') 
> |  inrange(rank`samp2' , 1,`rank_lmt')) & (share`samp1'<=`max') & (share`samp
> 2'<=`max'), ///
>                   mlabel(lab_share) mlabsize(vsmall) mlabcolor(black) mlabvp(
> clock) mcolor(gs7) || ///
>                   (function y=x ,range(0 `max') lpattern(dash) lcolor(lavende
> r)), ///
>                   xtitle("``cat'_name' Research Share (%) - ``samp2'_name'", 
> size(vsmall)) ytitle("``cat'_name' Research Share (%) - ``samp1'_name'", size
> (vsmall)) ///
>                   xlabel(0(`skip')`max', labsize(vsmall)) ylabel(0(`skip')`ma
> x', labsize(vsmall)) legend(on order(- "Correlation = `corr'") size(vsmall) p
> os(5) ring(0) region(lwidth(none))) 
120.                 graph export ../output/figures/`samp1'_`samp2'_`cat'_`loc'
> _share`suf'.pdf, replace
121.         }
122.         }
123. end

.     
. program corr_wt 
  1.     syntax, samp(str) 
  2.     foreach loc in country  msa_c_world inst {
  3.         use ../temp/`loc'_rank_newfund_`samp',clear
  4.         gen cat = "unwt"
  5.         append using ../temp/`loc'_rank_newfund_`samp'_wt
  6.         replace cat = "wt" if mi(cat)
  7.         cap drop rank*
  8.         reshape wide share, i(`loc') j(cat) string
  9.         qui corr shareunwt sharewt
 10.         local corr = r(rho)
 11.         mat corr_wt_`samp' = nullmat(corr_wt_`samp') , `corr'
 12.     }
 13.     mat corr_wt = nullmat(corr_wt) \ corr_wt_`samp'
 14. end

. program output_tables
  1.     syntax, data(str) samp(str)
  2.     foreach file in {
  3.         qui matrix_to_txt, saving("../output/tables/`file'_`data'_`samp'.t
> xt") matrix(`file'_`data'_`samp') ///
>            title(<tab:`file'_`data'>) format(%20.4f) replace
  4.          }
  5.  end

. ** 
. main
SAMPLE IS : cns newfund
(0 observations deleted)

     +---------------------------+
     |        country       perc |
     |---------------------------|
  1. |  United States   57.04707 |
  2. | United Kingdom    13.6008 |
  3. |        Germany   3.734014 |
  4. |         Canada   2.923624 |
  5. |          Japan   2.796625 |
     |---------------------------|
  6. |         France   2.367673 |
  7. |      Australia   2.107016 |
  8. |    Switzerland   1.631439 |
  9. |          China    1.51421 |
 10. |         Sweden   1.186057 |
     |---------------------------|
 11. |    Netherlands   1.157638 |
 12. |          Italy   1.108348 |
 13. |         Israel   .9591475 |
 14. |          India   .7522203 |
 15. |        Belgium   .5439609 |
     |---------------------------|
 16. |        Denmark     .44627 |
 17. |   South Africa   .4245116 |
 18. |       Tanzania   .4129663 |
 19. |          Spain   .3801066 |
 20. |        Austria    .365897 |
     +---------------------------+
Total articles: 112600

      +-------------------------------+
      | msa_c_~d   affl_wt       perc |
      |-------------------------------|
  23. |              873.5   .7757549 |
      +-------------------------------+

     +------------------------------------------------+
     |                         msa_c_world       perc |
     |------------------------------------------------|
  1. |         Boston-Cambridge-Newton, US   7.257105 |
  2. |     New York-Newark-Jersey City, US   6.024423 |
  3. | Washington-Arlington-Alexandria, US    5.41341 |
  4. |                        Bay Area, US   5.401865 |
  5. |                          London, GB   4.881883 |
     |------------------------------------------------|
  6. |  Los Angeles-Long Beach-Anaheim, US   2.539521 |
  7. |              San Diego-Carlsbad, US   2.339254 |
  8. |                       Cambridge, GB   2.096803 |
  9. |        Chicago-Naperville-Elgin, US   1.812167 |
 10. |               New Haven-Milford, US    1.57016 |
     |------------------------------------------------|
 11. |  Philadelphia-Camden-Wilmington, US   1.509769 |
 12. |                           Paris, FR   1.391652 |
 13. |       Baltimore-Columbia-Towson, US   1.389876 |
 14. |          Research Triangle Park, US   1.189165 |
 15. |         Seattle-Tacoma-Bellevue, US   1.164298 |
     |------------------------------------------------|
 16. |                          Oxford, GB   1.118561 |
 17. |                         Madison, US   .9142984 |
 18. |                           Tokyo, JP   .8974245 |
 19. |                         Beijing, CN   .8894316 |
 20. |                       St. Louis, US   .8334814 |
     +------------------------------------------------+
Total articles: 112600

      +---------------------------+
      | inst   affl_wt       perc |
      |---------------------------|
   1. |          11626   10.32504 |
      +---------------------------+

     +----------------------------------------------------+
     |                                    inst       perc |
     |----------------------------------------------------|
  1. |           National Institutes of Health   3.040409 |
  2. |                      Harvard University   2.951599 |
  3. |                     Stanford University   1.668739 |
  4. |   Massachusetts Institute of Technology    1.42984 |
  5. |                         Yale University   1.356128 |
     |----------------------------------------------------|
  6. | University of California, San Francisco   1.327265 |
  7. |      University of California, Berkeley   1.191829 |
  8. |                     Columbia University   1.126554 |
  9. |                      Max Planck Society   1.076821 |
 10. |                 University of Cambridge   .9915631 |
     |----------------------------------------------------|
 11. |                Johns Hopkins University    .982238 |
 12. |     University of California, San Diego   .9418295 |
 13. |                  Rockefeller University    .910302 |
 14. |   University of California, Los Angeles   .7713144 |
 15. |                    University of Oxford   .7606572 |
     |----------------------------------------------------|
 16. |              University of Pennsylvania   .7428952 |
 17. |                      Cornell University   .7424511 |
 18. |      California Institute of Technology   .7300178 |
 19. |                University of Washington   .7060391 |
 20. |                   University of Chicago   .6576377 |
     +----------------------------------------------------+
Total articles: 112600
(0 observations deleted)

     +---------------------------+
     |        country       perc |
     |---------------------------|
  1. |  United States   59.56157 |
  2. | United Kingdom   9.197562 |
  3. |        Germany   5.702845 |
  4. |          China   4.585143 |
  5. |          Japan   3.219929 |
     |---------------------------|
  6. |         France   2.512205 |
  7. |    Switzerland   2.453902 |
  8. |         Canada   2.207007 |
  9. |    Netherlands    1.44473 |
 10. |      Australia   1.270625 |
     |---------------------------|
 11. |         Sweden   1.119042 |
 12. |          Italy   .8705376 |
 13. |         Israel   .8481138 |
 14. |        Austria   .5391132 |
 15. |          Spain   .5348334 |
     |---------------------------|
 16. |    South Korea   .4913593 |
 17. |        Belgium   .4745119 |
 18. |        Denmark   .4316688 |
 19. |   South Africa   .2551128 |
 20. |      Singapore   .2413757 |
     +---------------------------+
Total articles: 112600

      +--------------------------------+
      | msa_c_~d   cite_a~t       perc |
      |--------------------------------|
  77. |            210.6149   .1870469 |
      +--------------------------------+

     +-------------------------------------------------+
     |                          msa_c_world       perc |
     |-------------------------------------------------|
  1. |          Boston-Cambridge-Newton, US   11.67826 |
  2. |                         Bay Area, US   7.263276 |
  3. |      New York-Newark-Jersey City, US   7.011624 |
  4. |  Washington-Arlington-Alexandria, US   3.841642 |
  5. |               San Diego-Carlsbad, US   3.455696 |
     |-------------------------------------------------|
  6. |                           London, GB   3.093593 |
  7. |                          Beijing, CN   2.959408 |
  8. |                        Cambridge, GB   2.426836 |
  9. |   Los Angeles-Long Beach-Anaheim, US   2.222431 |
 10. |          Seattle-Tacoma-Bellevue, US   1.727054 |
     |-------------------------------------------------|
 11. |                New Haven-Milford, US   1.571971 |
 12. |                            Paris, FR   1.487244 |
 13. |        Baltimore-Columbia-Towson, US   1.423492 |
 14. |           Research Triangle Park, US   1.376421 |
 15. |   Philadelphia-Camden-Wilmington, US   1.375062 |
     |-------------------------------------------------|
 16. |                           Oxford, GB   1.358244 |
 17. |         Chicago-Naperville-Elgin, US   1.276936 |
 18. | Houston-The Woodlands-Sugar Land, US   1.145833 |
 19. |                        St. Louis, US   1.086375 |
 20. |                            Tokyo, JP   1.013687 |
     +-------------------------------------------------+
Total articles: 112600

      +----------------------------+
      | inst   cite_a~t       perc |
      |----------------------------|
   1. |        8109.101   7.201688 |
      +----------------------------+

     +----------------------------------------------------+
     |                                    inst       perc |
     |----------------------------------------------------|
  1. |                      Harvard University    4.56633 |
  2. |                     Stanford University   2.625593 |
  3. |   Massachusetts Institute of Technology   2.538073 |
  4. |           National Institutes of Health   2.407169 |
  5. | University of California, San Francisco   1.723938 |
     |----------------------------------------------------|
  6. |                      Max Planck Society   1.601196 |
  7. |                         Yale University   1.398232 |
  8. |                  Rockefeller University   1.362982 |
  9. |     University of California, San Diego   1.224584 |
 10. |                     Columbia University   1.208539 |
     |----------------------------------------------------|
 11. |             Chinese Academy of Sciences   1.153725 |
 12. |                    Mass General Brigham   1.089321 |
 13. |      University of California, Berkeley   1.078781 |
 14. |                Johns Hopkins University    1.03237 |
 15. |                University of Washington   1.031539 |
     |----------------------------------------------------|
 16. |              University of Pennsylvania   .9073781 |
 17. |      Washington University in St. Louis   .8979415 |
 18. |                      Cornell University   .8840776 |
 19. |                Medical Research Council    .878051 |
 20. |      California Institute of Technology   .8509679 |
     +----------------------------------------------------+
Total articles: 112600
(148 real changes made)
(j = unwt wt)

Data                               Long   ->   Wide
-----------------------------------------------------------------------------
Number of observations              296   ->   148         
Number of variables                   3   ->   3           
j variable (2 values)               cat   ->   (dropped)
xij variables:
                                  share   ->   shareunwt sharewt
-----------------------------------------------------------------------------
(1,888 real changes made)
(j = unwt wt)

Data                               Long   ->   Wide
-----------------------------------------------------------------------------
Number of observations            3,776   ->   1,888       
Number of variables                   3   ->   3           
j variable (2 values)               cat   ->   (dropped)
xij variables:
                                  share   ->   shareunwt sharewt
-----------------------------------------------------------------------------
(5,999 real changes made)
(j = unwt wt)

Data                               Long   ->   Wide
-----------------------------------------------------------------------------
Number of observations           11,998   ->   5,999       
Number of variables                   3   ->   3           
j variable (2 values)               cat   ->   (dropped)
xij variables:
                                  share   ->   shareunwt sharewt
-----------------------------------------------------------------------------
SAMPLE IS : scisub newfund
(0 observations deleted)

     +---------------------------+
     |        country       perc |
     |---------------------------|
  1. |  United States   55.95083 |
  2. | United Kingdom   8.091821 |
  3. |        Germany   6.069295 |
  4. |          China   4.524071 |
  5. |          Japan   4.333494 |
     |---------------------------|
  6. |         France   3.195179 |
  7. |         Canada   3.191745 |
  8. |    Switzerland   2.024243 |
  9. |    Netherlands   1.552091 |
 10. |          Italy   1.339194 |
     |---------------------------|
 11. |      Australia    1.17437 |
 12. |         Israel   1.169219 |
 13. |         Sweden   1.097109 |
 14. |          Spain    .988943 |
 15. |    South Korea   .8103839 |
     |---------------------------|
 16. |        Belgium    .727972 |
 17. |        Austria   .5734496 |
 18. |      Singapore   .3708537 |
 19. |        Denmark   .3622691 |
 20. |        Finland   .2850079 |
     +---------------------------+
Total articles: 29122

      +-------------------------------+
      | msa_c_~d   affl_wt       perc |
      |-------------------------------|
  72. |               65.5   .2249159 |
      +-------------------------------+

     +-------------------------------------------------+
     |                          msa_c_world       perc |
     |-------------------------------------------------|
  1. |          Boston-Cambridge-Newton, US   8.994918 |
  2. |                         Bay Area, US   6.670215 |
  3. |      New York-Newark-Jersey City, US    6.50024 |
  4. |  Washington-Arlington-Alexandria, US   3.184877 |
  5. |               San Diego-Carlsbad, US   2.929057 |
     |-------------------------------------------------|
  6. |   Los Angeles-Long Beach-Anaheim, US   2.707575 |
  7. |                           London, GB   2.686972 |
  8. |                          Beijing, CN   2.347023 |
  9. |        Baltimore-Columbia-Towson, US   2.086052 |
 10. |                            Paris, FR   1.955566 |
     |-------------------------------------------------|
 11. |                        Cambridge, GB   1.862853 |
 12. | Houston-The Woodlands-Sugar Land, US   1.641371 |
 13. |          Seattle-Tacoma-Bellevue, US   1.555525 |
 14. |   Philadelphia-Camden-Wilmington, US    1.54179 |
 15. |                            Tokyo, JP   1.481698 |
     |-------------------------------------------------|
 16. |           Research Triangle Park, US    1.42504 |
 17. |                New Haven-Milford, US   1.340911 |
 18. |         Chicago-Naperville-Elgin, US   1.251631 |
 19. |                          Toronto, CA   1.215576 |
 20. |                        St. Louis, US   1.097109 |
     +-------------------------------------------------+
Total articles: 29122

      +---------------------------+
      | inst   affl_wt       perc |
      |---------------------------|
   1. |         1741.5   5.980015 |
      +---------------------------+

     +----------------------------------------------------+
     |                                    inst       perc |
     |----------------------------------------------------|
  1. |                      Harvard University   3.445848 |
  2. |                     Stanford University   2.417416 |
  3. |           National Institutes of Health   2.280063 |
  4. | University of California, San Francisco   2.058581 |
  5. |                Johns Hopkins University    1.70318 |
     |----------------------------------------------------|
  6. |                      Max Planck Society   1.581279 |
  7. |   Massachusetts Institute of Technology   1.550374 |
  8. |                     Columbia University   1.483415 |
  9. |     University of California, San Diego   1.287686 |
 10. |                         Yale University   1.267083 |
     |----------------------------------------------------|
 11. |              University of Pennsylvania   1.000961 |
 12. |      University of California, Berkeley   .9992446 |
 13. |                    Mass General Brigham   .9923769 |
 14. |      Washington University in St. Louis   .9065312 |
 15. |                University of Washington   .9013804 |
     |----------------------------------------------------|
 16. |   University of California, Los Angeles   .8979466 |
 17. |              Baylor College of Medicine   .8515899 |
 18. |               University College London   .8498729 |
 19. |                       Boston University    .848156 |
 20. |                     New York University   .8069501 |
     +----------------------------------------------------+
Total articles: 29122
(0 observations deleted)

     +---------------------------+
     |        country       perc |
     |---------------------------|
  1. |  United States   55.66099 |
  2. | United Kingdom   8.076761 |
  3. |        Germany   5.729573 |
  4. |          China   5.595797 |
  5. |          Japan   3.774421 |
     |---------------------------|
  6. |         France   2.837875 |
  7. |         Canada   2.834518 |
  8. |    Switzerland   1.851171 |
  9. |    Netherlands   1.749407 |
 10. |      Australia   1.556272 |
     |---------------------------|
 11. |          Italy   1.307725 |
 12. |         Sweden   1.257681 |
 13. |         Israel   1.115855 |
 14. |          Spain   .9911706 |
 15. |        Belgium   .7588498 |
     |---------------------------|
 16. |    South Korea   .7000592 |
 17. |        Denmark   .5897411 |
 18. |        Austria   .4781242 |
 19. |      Singapore   .4625766 |
 20. |      Hong Kong   .3268279 |
     +---------------------------+
Total articles: 29122

      +--------------------------------+
      | msa_c_~d   cite_a~t       perc |
      |--------------------------------|
 111. |            39.08632   .1342158 |
      +--------------------------------+

     +-------------------------------------------------+
     |                          msa_c_world       perc |
     |-------------------------------------------------|
  1. |          Boston-Cambridge-Newton, US   11.03338 |
  2. |                         Bay Area, US   7.224496 |
  3. |      New York-Newark-Jersey City, US   6.718304 |
  4. |                          Beijing, CN    2.82972 |
  5. |  Washington-Arlington-Alexandria, US   2.755799 |
     |-------------------------------------------------|
  6. |               San Diego-Carlsbad, US   2.645925 |
  7. |                           London, GB   2.595731 |
  8. |   Los Angeles-Long Beach-Anaheim, US   2.465948 |
  9. |                        Cambridge, GB   2.163539 |
 10. |        Baltimore-Columbia-Towson, US   2.104521 |
     |-------------------------------------------------|
 11. |                            Paris, FR   1.713775 |
 12. | Houston-The Woodlands-Sugar Land, US   1.701925 |
 13. |          Seattle-Tacoma-Bellevue, US   1.541052 |
 14. |   Philadelphia-Camden-Wilmington, US   1.368535 |
 15. |                New Haven-Milford, US    1.36574 |
     |-------------------------------------------------|
 16. |                        St. Louis, US   1.319918 |
 17. |                            Tokyo, JP   1.301857 |
 18. |           Research Triangle Park, US   1.244558 |
 19. |                           Oxford, GB   1.169841 |
 20. |                          Toronto, CA   1.122739 |
     +-------------------------------------------------+
Total articles: 29122

      +----------------------------+
      | inst   cite_a~t       perc |
      |----------------------------|
   1. |        1657.107   5.690226 |
      +----------------------------+

     +----------------------------------------------------+
     |                                    inst       perc |
     |----------------------------------------------------|
  1. |                      Harvard University   3.747726 |
  2. |                     Stanford University   2.585093 |
  3. |           National Institutes of Health     2.1259 |
  4. |   Massachusetts Institute of Technology   2.024673 |
  5. | University of California, San Francisco   1.791918 |
     |----------------------------------------------------|
  6. |                Johns Hopkins University   1.738637 |
  7. |                    Mass General Brigham   1.328043 |
  8. |                     Columbia University   1.303568 |
  9. |     University of California, San Diego   1.274568 |
 10. |                         Yale University   1.230156 |
     |----------------------------------------------------|
 11. |                      Max Planck Society   1.206948 |
 12. |                       Boston University   1.197645 |
 13. |      University of California, Berkeley   1.097864 |
 14. |      Washington University in St. Louis   1.013195 |
 15. |             Chinese Academy of Sciences   .9238039 |
     |----------------------------------------------------|
 16. |              University of Pennsylvania   .8822451 |
 17. |                     New York University   .8431224 |
 18. |  Memorial Sloan Kettering Cancer Center   .7972129 |
 19. |   University of California, Los Angeles    .770915 |
 20. |                University of Washington    .766647 |
     +----------------------------------------------------+
Total articles: 29122
(86 real changes made)
(j = unwt wt)

Data                               Long   ->   Wide
-----------------------------------------------------------------------------
Number of observations              172   ->   86          
Number of variables                   3   ->   3           
j variable (2 values)               cat   ->   (dropped)
xij variables:
                                  share   ->   shareunwt sharewt
-----------------------------------------------------------------------------
(1,001 real changes made)
(j = unwt wt)

Data                               Long   ->   Wide
-----------------------------------------------------------------------------
Number of observations            2,002   ->   1,001       
Number of variables                   3   ->   3           
j variable (2 values)               cat   ->   (dropped)
xij variables:
                                  share   ->   shareunwt sharewt
-----------------------------------------------------------------------------
(2,830 real changes made)
(j = unwt wt)

Data                               Long   ->   Wide
-----------------------------------------------------------------------------
Number of observations            5,660   ->   2,830       
Number of variables                   3   ->   3           
j variable (2 values)               cat   ->   (dropped)
xij variables:
                                  share   ->   shareunwt sharewt
-----------------------------------------------------------------------------
SAMPLE IS : demsci newfund
(0 observations deleted)

     +---------------------------+
     |        country       perc |
     |---------------------------|
  1. |  United States   40.19574 |
  2. |          China   8.598826 |
  3. |          Japan   6.360988 |
  4. |        Germany    5.16459 |
  5. | United Kingdom   4.383348 |
     |---------------------------|
  6. |         Canada   3.714838 |
  7. |         France   3.700117 |
  8. |          Italy   2.292461 |
  9. |      Australia   2.193805 |
 10. |          Spain   2.074617 |
     |---------------------------|
 11. |    South Korea   1.978027 |
 12. |    Netherlands     1.6388 |
 13. |         Sweden   1.544018 |
 14. |         Brazil   1.438518 |
 15. |         Taiwan   1.317006 |
     |---------------------------|
 16. |          India   1.296345 |
 17. |    Switzerland   1.242885 |
 18. |         Israel   .8864836 |
 19. |        Denmark   .7592897 |
 20. |        Belgium   .7503796 |
     +---------------------------+
Total articles: 387204

      +-------------------------------+
      | msa_c_~d   affl_wt       perc |
      |-------------------------------|
  41. |             1719.5   .4440812 |
      +-------------------------------+

     +-------------------------------------------------+
     |                          msa_c_world       perc |
     |-------------------------------------------------|
  1. |  Washington-Arlington-Alexandria, US   3.251903 |
  2. |                          Beijing, CN   2.982795 |
  3. |      New York-Newark-Jersey City, US   2.953869 |
  4. |          Boston-Cambridge-Newton, US    2.93295 |
  5. |                         Bay Area, US   1.932186 |
     |-------------------------------------------------|
  6. |                            Paris, FR   1.864521 |
  7. |                            Tokyo, JP   1.734874 |
  8. |   Los Angeles-Long Beach-Anaheim, US   1.361944 |
  9. |   Philadelphia-Camden-Wilmington, US   1.350451 |
 10. |           Research Triangle Park, US    1.31636 |
     |-------------------------------------------------|
 11. |                           London, GB   1.214605 |
 12. |               San Diego-Carlsbad, US   1.158821 |
 13. |         Chicago-Naperville-Elgin, US   1.155334 |
 14. |                            Seoul, KR   1.087411 |
 15. | Houston-The Woodlands-Sugar Land, US   1.086637 |
     |-------------------------------------------------|
 16. |        Baltimore-Columbia-Towson, US   1.046219 |
 17. |                        St. Louis, US   .8588496 |
 18. |                          Madison, US   .8275999 |
 19. |                         Shanghai, CN   .7326887 |
 20. |                          Toronto, CA   .7222291 |
     +-------------------------------------------------+
Total articles: 387204

       +---------------------------+
       | inst   affl_wt       perc |
       |---------------------------|
    1. |          62670   16.18527 |
       +---------------------------+

     +-----------------------------------------------------------+
     |                                           inst       perc |
     |-----------------------------------------------------------|
  1. |                  National Institutes of Health   1.474288 |
  2. |                             Harvard University   .7639384 |
  3. |                    Chinese Academy of Sciences   .7045382 |
  4. | French National Centre for Scientific Research    .637261 |
  5. |                       Johns Hopkins University   .5531968 |
     |-----------------------------------------------------------|
  6. |                                         Inserm   .5482898 |
  7. |                     University of Pennsylvania   .4613847 |
  8. |             Washington University in St. Louis   .4555738 |
  9. |                University of Wisconsin–Madison   .4460181 |
 10. |                            University of Tokyo    .429102 |
     |-----------------------------------------------------------|
 11. |        University of California, San Francisco   .3968192 |
 12. |            University of California, San Diego   .3920414 |
 13. |                                Yale University   .3864888 |
 14. |                            Stanford University    .382744 |
 15. |                   State University of New York   .3771914 |
     |-----------------------------------------------------------|
 16. |                       University of Washington   .3755127 |
 17. |                             Cornell University   .3713804 |
 18. |               University of Michigan–Ann Arbor   .3647948 |
 19. |                             Max Planck Society   .3569178 |
 20. |              Spanish National Research Council   .3467165 |
     +-----------------------------------------------------------+
Total articles: 387204
(0 observations deleted)

     +---------------------------+
     |        country       perc |
     |---------------------------|
  1. |  United States   39.68993 |
  2. |          China    8.59289 |
  3. |          Japan   6.099002 |
  4. |        Germany   5.392988 |
  5. | United Kingdom   4.913861 |
     |---------------------------|
  6. |         France   3.690185 |
  7. |         Canada   3.674651 |
  8. |          Italy   2.463404 |
  9. |      Australia   2.379419 |
 10. |          Spain   2.065542 |
     |---------------------------|
 11. |    South Korea    1.85093 |
 12. |    Netherlands   1.782894 |
 13. |         Sweden   1.559423 |
 14. |    Switzerland   1.332156 |
 15. |         Brazil   1.325199 |
     |---------------------------|
 16. |          India   1.280603 |
 17. |         Taiwan   1.078034 |
 18. |        Denmark   .8262716 |
 19. |        Belgium   .8009689 |
 20. |         Israel   .7980534 |
     +---------------------------+
Total articles: 387204

      +--------------------------------+
      | msa_c_~d   cite_a~t       perc |
      |--------------------------------|
  57. |            1390.948   .3592286 |
      +--------------------------------+

     +-------------------------------------------------+
     |                          msa_c_world       perc |
     |-------------------------------------------------|
  1. |          Boston-Cambridge-Newton, US     3.2613 |
  2. |  Washington-Arlington-Alexandria, US    3.03493 |
  3. |                          Beijing, CN   2.921229 |
  4. |      New York-Newark-Jersey City, US   2.798925 |
  5. |                         Bay Area, US   2.083538 |
     |-------------------------------------------------|
  6. |                            Paris, FR   1.838329 |
  7. |                            Tokyo, JP   1.689743 |
  8. |                           London, GB   1.398427 |
  9. |           Research Triangle Park, US   1.377775 |
 10. |   Los Angeles-Long Beach-Anaheim, US   1.351049 |
     |-------------------------------------------------|
 11. |               San Diego-Carlsbad, US    1.33206 |
 12. |   Philadelphia-Camden-Wilmington, US   1.272557 |
 13. | Houston-The Woodlands-Sugar Land, US   1.136762 |
 14. |        Baltimore-Columbia-Towson, US   1.095171 |
 15. |         Chicago-Naperville-Elgin, US   1.088933 |
     |-------------------------------------------------|
 16. |                        St. Louis, US   1.033427 |
 17. |                            Seoul, KR   1.015855 |
 18. |                        Ann Arbor, US   .7718509 |
 19. |                         Shanghai, CN   .7707418 |
 20. |                          Toronto, CA   .7293046 |
     +-------------------------------------------------+
Total articles: 387204

       +----------------------------+
       | inst   cite_a~t       perc |
       |----------------------------|
    1. |        51966.83   13.42105 |
       +----------------------------+

     +--------------------------------------------------------------+
     |                                              inst       perc |
     |--------------------------------------------------------------|
  1. |                     National Institutes of Health   1.514716 |
  2. |                                Harvard University    .909239 |
  3. |                       Chinese Academy of Sciences   .6568003 |
  4. |    French National Centre for Scientific Research   .6448028 |
  5. |                          Johns Hopkins University   .6350629 |
     |--------------------------------------------------------------|
  6. |                                            Inserm   .5700873 |
  7. |                               Stanford University   .5465349 |
  8. |               University of California, San Diego    .468692 |
  9. |                        University of Pennsylvania    .463729 |
 10. |           University of California, San Francisco   .4594128 |
     |--------------------------------------------------------------|
 11. |                Washington University in St. Louis   .4506215 |
 12. |                  University of Michigan–Ann Arbor   .4449157 |
 13. |                               University of Tokyo   .4436139 |
 14. |                                Max Planck Society   .4074023 |
 15. |       University of North Carolina at Chapel Hill   .4020608 |
     |--------------------------------------------------------------|
 16. |                          University of Washington   .3965307 |
 17. |                                   Yale University   .3738335 |
 18. |                              Mass General Brigham   .3714797 |
 19. |                                Cornell University   .3687114 |
 20. | The University of Texas MD Anderson Cancer Center   .3653109 |
     +--------------------------------------------------------------+
Total articles: 387204
(196 real changes made)
(j = unwt wt)

Data                               Long   ->   Wide
-----------------------------------------------------------------------------
Number of observations              392   ->   196         
Number of variables                   3   ->   3           
j variable (2 values)               cat   ->   (dropped)
xij variables:
                                  share   ->   shareunwt sharewt
-----------------------------------------------------------------------------
(3,908 real changes made)
(j = unwt wt)

Data                               Long   ->   Wide
-----------------------------------------------------------------------------
Number of observations            7,816   ->   3,908       
Number of variables                   3   ->   3           
j variable (2 values)               cat   ->   (dropped)
xij variables:
                                  share   ->   shareunwt sharewt
-----------------------------------------------------------------------------
(15,646 real changes made)
(j = unwt wt)

Data                               Long   ->   Wide
-----------------------------------------------------------------------------
Number of observations           31,292   ->   15,646      
Number of variables                   3   ->   3           
j variable (2 values)               cat   ->   (dropped)
xij variables:
                                  share   ->   shareunwt sharewt
-----------------------------------------------------------------------------
variable samp was str3 now str6
(86 real changes made)
(note: j = cns scisub)

Data                               long   ->   wide
-----------------------------------------------------------------------------
Number of obs.                      234   ->   154                  
Number of variables                    4  ->   5                    
j (2 values)                       samp   ->   (dropped)
xij variables:
                                   rank   ->   rankcns rankscisub
                                  share   ->   sharecns sharescisub
-----------------------------------------------------------------------------
(7 real changes made)
(74 missing values generated)
(0 real changes made)
(0 real changes made)
(0 real changes made)
(0 real changes made)
(0 real changes made)
(2 real changes made)
(0 real changes made)
(0 real changes made)
(0 real changes made)
(0 real changes made)
(0 real changes made)
(0 real changes made)
(0 real changes made)
(0 real changes made)
(0 real changes made)
(0 real changes made)
(obs=19)

             |  rankcns ranksc~b
-------------+------------------
     rankcns |   1.0000
  rankscisub |   0.9769   1.0000

60
(obs=80)

             | sharecns shares~b
-------------+------------------
    sharecns |   1.0000
 sharescisub |   0.9993   1.0000

file ../output/figures/cns_scisub_newfund_country_share_wt.pdf saved as PDF
    format
variable samp was str3 now str6
(1,001 real changes made)
(note: j = cns scisub)

Data                               long   ->   wide
-----------------------------------------------------------------------------
Number of obs.                    2,889   ->   2,035                
Number of variables                    4  ->   5                    
j (2 values)                       samp   ->   (dropped)
xij variables:
                                   rank   ->   rankcns rankscisub
                                  share   ->   sharecns sharescisub
-----------------------------------------------------------------------------
(2,035 real changes made)
(1,181 missing values generated)
(0 real changes made)
(0 real changes made)
(0 real changes made)
(0 real changes made)
(0 real changes made)
(0 real changes made)
(0 real changes made)
(0 real changes made)
(0 real changes made)
(0 real changes made)
(0 real changes made)
(0 real changes made)
(0 real changes made)
(0 real changes made)
(0 real changes made)
(0 real changes made)
(obs=19)

             |  rankcns ranksc~b
-------------+------------------
     rankcns |   1.0000
  rankscisub |   0.8928   1.0000

12
(obs=854)

             | sharecns shares~b
-------------+------------------
    sharecns |   1.0000
 sharescisub |   0.9914   1.0000

file ../output/figures/cns_scisub_newfund_msa_c_world_share_wt.pdf saved as
    PDF format
variable samp was str3 now str6
(2,830 real changes made)
(note: j = cns scisub)

Data                               long   ->   wide
-----------------------------------------------------------------------------
Number of obs.                    8,829   ->   6,803                
Number of variables                    4  ->   5                    
j (2 values)                       samp   ->   (dropped)
xij variables:
                                   rank   ->   rankcns rankscisub
                                  share   ->   sharecns sharescisub
-----------------------------------------------------------------------------
(3,155 real changes made)
(4,777 missing values generated)
(0 real changes made)
(0 real changes made)
(0 real changes made)
(0 real changes made)
(0 real changes made)
(0 real changes made)
(0 real changes made)
(0 real changes made)
(0 real changes made)
(0 real changes made)
(0 real changes made)
(0 real changes made)
(0 real changes made)
(0 real changes made)
(0 real changes made)
(0 real changes made)
(obs=16)

             |  rankcns ranksc~b
-------------+------------------
     rankcns |   1.0000
  rankscisub |   0.7939   1.0000

5
(obs=2,026)

             | sharecns shares~b
-------------+------------------
    sharecns |   1.0000
 sharescisub |   0.9571   1.0000

file ../output/figures/cns_scisub_newfund_inst_share_wt.pdf saved as PDF
    format
variable samp was str3 now str6
(196 real changes made)
(note: j = cns demsci)

Data                               long   ->   wide
-----------------------------------------------------------------------------
Number of obs.                      344   ->   200                  
Number of variables                    4  ->   5                    
j (2 values)                       samp   ->   (dropped)
xij variables:
                                   rank   ->   rankcns rankdemsci
                                  share   ->   sharecns sharedemsci
-----------------------------------------------------------------------------
(9 real changes made)
(56 missing values generated)
(0 real changes made)
(0 real changes made)
(0 real changes made)
(0 real changes made)
(0 real changes made)
(0 real changes made)
(0 real changes made)
(0 real changes made)
(0 real changes made)
(0 real changes made)
(0 real changes made)
(0 real changes made)
(0 real changes made)
(0 real changes made)
(0 real changes made)
(0 real changes made)
(obs=17)

             |  rankcns rankde~i
-------------+------------------
     rankcns |   1.0000
  rankdemsci |   0.8076   1.0000

60
(obs=144)

             | sharecns shared~i
-------------+------------------
    sharecns |   1.0000
 sharedemsci |   0.9797   1.0000

file ../output/figures/cns_demsci_newfund_country_share_wt.pdf saved as PDF
    format
variable samp was str3 now str6
(3,908 real changes made)
(note: j = cns demsci)

Data                               long   ->   wide
-----------------------------------------------------------------------------
Number of obs.                    5,796   ->   4,124                
Number of variables                    4  ->   5                    
j (2 values)                       samp   ->   (dropped)
xij variables:
                                   rank   ->   rankcns rankdemsci
                                  share   ->   sharecns sharedemsci
-----------------------------------------------------------------------------
(4,124 real changes made)
(2,452 missing values generated)
(0 real changes made)
(0 real changes made)
(0 real changes made)
(0 real changes made)
(0 real changes made)
(0 real changes made)
(0 real changes made)
(0 real changes made)
(0 real changes made)
(0 real changes made)
(0 real changes made)
(0 real changes made)
(0 real changes made)
(0 real changes made)
(0 real changes made)
(0 real changes made)
(obs=16)

             |  rankcns rankde~i
-------------+------------------
     rankcns |   1.0000
  rankdemsci |   0.7264   1.0000

12
(obs=1,672)

             | sharecns shared~i
-------------+------------------
    sharecns |   1.0000
 sharedemsci |   0.8371   1.0000

file ../output/figures/cns_demsci_newfund_msa_c_world_share_wt.pdf saved as
    PDF format
variable samp was str3 now str6
(15,646 real changes made)
(note: j = cns demsci)

Data                               long   ->   wide
-----------------------------------------------------------------------------
Number of obs.                   21,645   ->   17,288               
Number of variables                    4  ->   5                    
j (2 values)                       samp   ->   (dropped)
xij variables:
                                   rank   ->   rankcns rankdemsci
                                  share   ->   sharecns sharedemsci
-----------------------------------------------------------------------------
(8,567 real changes made)
(12,931 missing values generated)
(0 real changes made)
(0 real changes made)
(0 real changes made)
(0 real changes made)
(0 real changes made)
(0 real changes made)
(0 real changes made)
(0 real changes made)
(0 real changes made)
(0 real changes made)
(0 real changes made)
(0 real changes made)
(0 real changes made)
(0 real changes made)
(0 real changes made)
(0 real changes made)
(obs=14)

             |  rankcns rankde~i
-------------+------------------
     rankcns |   1.0000
  rankdemsci |   0.4576   1.0000

5
(obs=4,357)

             | sharecns shared~i
-------------+------------------
    sharecns |   1.0000
 sharedemsci |   0.7337   1.0000

file ../output/figures/cns_demsci_newfund_inst_share_wt.pdf saved as PDF
    format
(file ../output/tables/corr_wt.txt not found)
(file ../output/tables/corr_across_samp.txt not found)

. 
end of do-file

--------------------------------------------------------------------------------
Makelog ended: 2023-12-12 21:09:59
Working directory: /export/home/dor/cxu/innovation_projs/analysis/science_geo/comp_jrnl_samps/code
--------------------------------------------------------------------------------
